[0.064s] DEBUG:colcon:Command line arguments: ['/usr/bin/colcon', 'build', '--symlink-install']
[0.065s] DEBUG:colcon:Parsed command line arguments: Namespace(log_base=None, log_level=None, verb_name='build', build_base='build', install_base='install', merge_install=False, symlink_install=True, test_result_base=None, continue_on_error=False, executor='parallel', parallel_workers=8, event_handlers=None, ignore_user_meta=False, metas=['./colcon.meta'], base_paths=['.'], packages_ignore=None, packages_ignore_regex=None, paths=None, packages_up_to=None, packages_up_to_regex=None, packages_above=None, packages_above_and_dependencies=None, packages_above_depth=None, packages_select_by_dep=None, packages_skip_by_dep=None, packages_skip_up_to=None, packages_select_build_failed=False, packages_skip_build_finished=False, packages_select_test_failures=False, packages_skip_test_passed=False, packages_select=None, packages_skip=None, packages_select_regex=None, packages_skip_regex=None, packages_start=None, packages_end=None, allow_overriding=[], cmake_args=None, cmake_target=None, cmake_target_skip_unavailable=False, cmake_clean_cache=False, cmake_clean_first=False, cmake_force_configure=False, ament_cmake_args=None, catkin_cmake_args=None, catkin_skip_building_tests=False, verb_parser=<colcon_defaults.argument_parser.defaults.DefaultArgumentsDecorator object at 0x7abbd5822560>, verb_extension=<colcon_core.verb.build.BuildVerb object at 0x7abbd5822020>, main=<bound method BuildVerb.main of <colcon_core.verb.build.BuildVerb object at 0x7abbd5822020>>)
[0.155s] Level 1:colcon.colcon_core.package_discovery:discover_packages(colcon_meta) check parameters
[0.156s] Level 1:colcon.colcon_core.package_discovery:discover_packages(recursive) check parameters
[0.156s] Level 1:colcon.colcon_core.package_discovery:discover_packages(ignore) check parameters
[0.156s] Level 1:colcon.colcon_core.package_discovery:discover_packages(path) check parameters
[0.156s] Level 1:colcon.colcon_core.package_discovery:discover_packages(colcon_meta) discover
[0.156s] Level 1:colcon.colcon_core.package_discovery:discover_packages(recursive) discover
[0.156s] INFO:colcon.colcon_core.package_discovery:Crawling recursively for packages in '/home/wdr/ros_ws'
[0.156s] Level 1:colcon.colcon_core.package_identification:_identify(.) by extensions ['ignore', 'ignore_ament_install']
[0.156s] Level 1:colcon.colcon_core.package_identification:_identify(.) by extension 'ignore'
[0.156s] Level 1:colcon.colcon_core.package_identification:_identify(.) by extension 'ignore_ament_install'
[0.156s] Level 1:colcon.colcon_core.package_identification:_identify(.) by extensions ['colcon_pkg']
[0.156s] Level 1:colcon.colcon_core.package_identification:_identify(.) by extension 'colcon_pkg'
[0.156s] Level 1:colcon.colcon_core.package_identification:_identify(.) by extensions ['colcon_meta']
[0.156s] Level 1:colcon.colcon_core.package_identification:_identify(.) by extension 'colcon_meta'
[0.156s] Level 1:colcon.colcon_core.package_identification:_identify(.) by extensions ['ros']
[0.156s] Level 1:colcon.colcon_core.package_identification:_identify(.) by extension 'ros'
[0.163s] Level 1:colcon.colcon_core.package_identification:_identify(.) by extensions ['cmake', 'python']
[0.163s] Level 1:colcon.colcon_core.package_identification:_identify(.) by extension 'cmake'
[0.163s] Level 1:colcon.colcon_core.package_identification:_identify(.) by extension 'python'
[0.163s] Level 1:colcon.colcon_core.package_identification:_identify(.) by extensions ['python_setup_py']
[0.163s] Level 1:colcon.colcon_core.package_identification:_identify(.) by extension 'python_setup_py'
[0.163s] Level 1:colcon.colcon_core.package_identification:_identify(build) by extensions ['ignore', 'ignore_ament_install']
[0.163s] Level 1:colcon.colcon_core.package_identification:_identify(build) by extension 'ignore'
[0.164s] Level 1:colcon.colcon_core.package_identification:_identify(build) ignored
[0.164s] Level 1:colcon.colcon_core.package_identification:_identify(install) by extensions ['ignore', 'ignore_ament_install']
[0.164s] Level 1:colcon.colcon_core.package_identification:_identify(install) by extension 'ignore'
[0.164s] Level 1:colcon.colcon_core.package_identification:_identify(install) ignored
[0.164s] Level 1:colcon.colcon_core.package_identification:_identify(log) by extensions ['ignore', 'ignore_ament_install']
[0.164s] Level 1:colcon.colcon_core.package_identification:_identify(log) by extension 'ignore'
[0.164s] Level 1:colcon.colcon_core.package_identification:_identify(log) ignored
[0.164s] Level 1:colcon.colcon_core.package_identification:_identify(src) by extensions ['ignore', 'ignore_ament_install']
[0.164s] Level 1:colcon.colcon_core.package_identification:_identify(src) by extension 'ignore'
[0.164s] Level 1:colcon.colcon_core.package_identification:_identify(src) by extension 'ignore_ament_install'
[0.164s] Level 1:colcon.colcon_core.package_identification:_identify(src) by extensions ['colcon_pkg']
[0.164s] Level 1:colcon.colcon_core.package_identification:_identify(src) by extension 'colcon_pkg'
[0.164s] Level 1:colcon.colcon_core.package_identification:_identify(src) by extensions ['colcon_meta']
[0.164s] Level 1:colcon.colcon_core.package_identification:_identify(src) by extension 'colcon_meta'
[0.164s] Level 1:colcon.colcon_core.package_identification:_identify(src) by extensions ['ros']
[0.164s] Level 1:colcon.colcon_core.package_identification:_identify(src) by extension 'ros'
[0.164s] Level 1:colcon.colcon_core.package_identification:_identify(src) by extensions ['cmake', 'python']
[0.164s] Level 1:colcon.colcon_core.package_identification:_identify(src) by extension 'cmake'
[0.164s] Level 1:colcon.colcon_core.package_identification:_identify(src) by extension 'python'
[0.164s] Level 1:colcon.colcon_core.package_identification:_identify(src) by extensions ['python_setup_py']
[0.164s] Level 1:colcon.colcon_core.package_identification:_identify(src) by extension 'python_setup_py'
[0.164s] Level 1:colcon.colcon_core.package_identification:_identify(src/rm_auto_aim) by extensions ['ignore', 'ignore_ament_install']
[0.164s] Level 1:colcon.colcon_core.package_identification:_identify(src/rm_auto_aim) by extension 'ignore'
[0.164s] Level 1:colcon.colcon_core.package_identification:_identify(src/rm_auto_aim) by extension 'ignore_ament_install'
[0.164s] Level 1:colcon.colcon_core.package_identification:_identify(src/rm_auto_aim) by extensions ['colcon_pkg']
[0.164s] Level 1:colcon.colcon_core.package_identification:_identify(src/rm_auto_aim) by extension 'colcon_pkg'
[0.164s] Level 1:colcon.colcon_core.package_identification:_identify(src/rm_auto_aim) by extensions ['colcon_meta']
[0.164s] Level 1:colcon.colcon_core.package_identification:_identify(src/rm_auto_aim) by extension 'colcon_meta'
[0.164s] Level 1:colcon.colcon_core.package_identification:_identify(src/rm_auto_aim) by extensions ['ros']
[0.164s] Level 1:colcon.colcon_core.package_identification:_identify(src/rm_auto_aim) by extension 'ros'
[0.165s] Level 1:colcon.colcon_core.package_identification:_identify(src/rm_auto_aim) by extensions ['cmake', 'python']
[0.165s] Level 1:colcon.colcon_core.package_identification:_identify(src/rm_auto_aim) by extension 'cmake'
[0.165s] Level 1:colcon.colcon_core.package_identification:_identify(src/rm_auto_aim) by extension 'python'
[0.165s] Level 1:colcon.colcon_core.package_identification:_identify(src/rm_auto_aim) by extensions ['python_setup_py']
[0.165s] Level 1:colcon.colcon_core.package_identification:_identify(src/rm_auto_aim) by extension 'python_setup_py'
[0.165s] Level 1:colcon.colcon_core.package_identification:_identify(src/rm_auto_aim/armor_detector) by extensions ['ignore', 'ignore_ament_install']
[0.165s] Level 1:colcon.colcon_core.package_identification:_identify(src/rm_auto_aim/armor_detector) by extension 'ignore'
[0.165s] Level 1:colcon.colcon_core.package_identification:_identify(src/rm_auto_aim/armor_detector) by extension 'ignore_ament_install'
[0.165s] Level 1:colcon.colcon_core.package_identification:_identify(src/rm_auto_aim/armor_detector) by extensions ['colcon_pkg']
[0.165s] Level 1:colcon.colcon_core.package_identification:_identify(src/rm_auto_aim/armor_detector) by extension 'colcon_pkg'
[0.165s] Level 1:colcon.colcon_core.package_identification:_identify(src/rm_auto_aim/armor_detector) by extensions ['colcon_meta']
[0.165s] Level 1:colcon.colcon_core.package_identification:_identify(src/rm_auto_aim/armor_detector) by extension 'colcon_meta'
[0.165s] Level 1:colcon.colcon_core.package_identification:_identify(src/rm_auto_aim/armor_detector) by extensions ['ros']
[0.165s] Level 1:colcon.colcon_core.package_identification:_identify(src/rm_auto_aim/armor_detector) by extension 'ros'
[0.167s] DEBUG:colcon.colcon_core.package_identification:Package 'src/rm_auto_aim/armor_detector' with type 'ros.ament_cmake' and name 'armor_detector'
[0.167s] Level 1:colcon.colcon_core.package_identification:_identify(src/rm_auto_aim/armor_tracker) by extensions ['ignore', 'ignore_ament_install']
[0.167s] Level 1:colcon.colcon_core.package_identification:_identify(src/rm_auto_aim/armor_tracker) by extension 'ignore'
[0.167s] Level 1:colcon.colcon_core.package_identification:_identify(src/rm_auto_aim/armor_tracker) by extension 'ignore_ament_install'
[0.167s] Level 1:colcon.colcon_core.package_identification:_identify(src/rm_auto_aim/armor_tracker) by extensions ['colcon_pkg']
[0.167s] Level 1:colcon.colcon_core.package_identification:_identify(src/rm_auto_aim/armor_tracker) by extension 'colcon_pkg'
[0.167s] Level 1:colcon.colcon_core.package_identification:_identify(src/rm_auto_aim/armor_tracker) by extensions ['colcon_meta']
[0.167s] Level 1:colcon.colcon_core.package_identification:_identify(src/rm_auto_aim/armor_tracker) by extension 'colcon_meta'
[0.167s] Level 1:colcon.colcon_core.package_identification:_identify(src/rm_auto_aim/armor_tracker) by extensions ['ros']
[0.167s] Level 1:colcon.colcon_core.package_identification:_identify(src/rm_auto_aim/armor_tracker) by extension 'ros'
[0.168s] DEBUG:colcon.colcon_core.package_identification:Package 'src/rm_auto_aim/armor_tracker' with type 'ros.ament_cmake' and name 'armor_tracker'
[0.168s] Level 1:colcon.colcon_core.package_identification:_identify(src/rm_auto_aim/auto_aim_interfaces) by extensions ['ignore', 'ignore_ament_install']
[0.168s] Level 1:colcon.colcon_core.package_identification:_identify(src/rm_auto_aim/auto_aim_interfaces) by extension 'ignore'
[0.168s] Level 1:colcon.colcon_core.package_identification:_identify(src/rm_auto_aim/auto_aim_interfaces) by extension 'ignore_ament_install'
[0.168s] Level 1:colcon.colcon_core.package_identification:_identify(src/rm_auto_aim/auto_aim_interfaces) by extensions ['colcon_pkg']
[0.168s] Level 1:colcon.colcon_core.package_identification:_identify(src/rm_auto_aim/auto_aim_interfaces) by extension 'colcon_pkg'
[0.168s] Level 1:colcon.colcon_core.package_identification:_identify(src/rm_auto_aim/auto_aim_interfaces) by extensions ['colcon_meta']
[0.168s] Level 1:colcon.colcon_core.package_identification:_identify(src/rm_auto_aim/auto_aim_interfaces) by extension 'colcon_meta'
[0.168s] Level 1:colcon.colcon_core.package_identification:_identify(src/rm_auto_aim/auto_aim_interfaces) by extensions ['ros']
[0.168s] Level 1:colcon.colcon_core.package_identification:_identify(src/rm_auto_aim/auto_aim_interfaces) by extension 'ros'
[0.169s] DEBUG:colcon.colcon_core.package_identification:Package 'src/rm_auto_aim/auto_aim_interfaces' with type 'ros.ament_cmake' and name 'auto_aim_interfaces'
[0.169s] Level 1:colcon.colcon_core.package_identification:_identify(src/rm_auto_aim/docs) by extensions ['ignore', 'ignore_ament_install']
[0.169s] Level 1:colcon.colcon_core.package_identification:_identify(src/rm_auto_aim/docs) by extension 'ignore'
[0.169s] Level 1:colcon.colcon_core.package_identification:_identify(src/rm_auto_aim/docs) by extension 'ignore_ament_install'
[0.169s] Level 1:colcon.colcon_core.package_identification:_identify(src/rm_auto_aim/docs) by extensions ['colcon_pkg']
[0.169s] Level 1:colcon.colcon_core.package_identification:_identify(src/rm_auto_aim/docs) by extension 'colcon_pkg'
[0.169s] Level 1:colcon.colcon_core.package_identification:_identify(src/rm_auto_aim/docs) by extensions ['colcon_meta']
[0.169s] Level 1:colcon.colcon_core.package_identification:_identify(src/rm_auto_aim/docs) by extension 'colcon_meta'
[0.169s] Level 1:colcon.colcon_core.package_identification:_identify(src/rm_auto_aim/docs) by extensions ['ros']
[0.169s] Level 1:colcon.colcon_core.package_identification:_identify(src/rm_auto_aim/docs) by extension 'ros'
[0.169s] Level 1:colcon.colcon_core.package_identification:_identify(src/rm_auto_aim/docs) by extensions ['cmake', 'python']
[0.169s] Level 1:colcon.colcon_core.package_identification:_identify(src/rm_auto_aim/docs) by extension 'cmake'
[0.169s] Level 1:colcon.colcon_core.package_identification:_identify(src/rm_auto_aim/docs) by extension 'python'
[0.169s] Level 1:colcon.colcon_core.package_identification:_identify(src/rm_auto_aim/docs) by extensions ['python_setup_py']
[0.169s] Level 1:colcon.colcon_core.package_identification:_identify(src/rm_auto_aim/docs) by extension 'python_setup_py'
[0.169s] Level 1:colcon.colcon_core.package_identification:_identify(src/rm_gimbal_description) by extensions ['ignore', 'ignore_ament_install']
[0.169s] Level 1:colcon.colcon_core.package_identification:_identify(src/rm_gimbal_description) by extension 'ignore'
[0.169s] Level 1:colcon.colcon_core.package_identification:_identify(src/rm_gimbal_description) by extension 'ignore_ament_install'
[0.169s] Level 1:colcon.colcon_core.package_identification:_identify(src/rm_gimbal_description) by extensions ['colcon_pkg']
[0.169s] Level 1:colcon.colcon_core.package_identification:_identify(src/rm_gimbal_description) by extension 'colcon_pkg'
[0.169s] Level 1:colcon.colcon_core.package_identification:_identify(src/rm_gimbal_description) by extensions ['colcon_meta']
[0.169s] Level 1:colcon.colcon_core.package_identification:_identify(src/rm_gimbal_description) by extension 'colcon_meta'
[0.169s] Level 1:colcon.colcon_core.package_identification:_identify(src/rm_gimbal_description) by extensions ['ros']
[0.169s] Level 1:colcon.colcon_core.package_identification:_identify(src/rm_gimbal_description) by extension 'ros'
[0.170s] DEBUG:colcon.colcon_core.package_identification:Package 'src/rm_gimbal_description' with type 'ros.ament_cmake' and name 'rm_gimbal_description'
[0.170s] Level 1:colcon.colcon_core.package_identification:_identify(src/rm_serial_driver) by extensions ['ignore', 'ignore_ament_install']
[0.170s] Level 1:colcon.colcon_core.package_identification:_identify(src/rm_serial_driver) by extension 'ignore'
[0.170s] Level 1:colcon.colcon_core.package_identification:_identify(src/rm_serial_driver) by extension 'ignore_ament_install'
[0.170s] Level 1:colcon.colcon_core.package_identification:_identify(src/rm_serial_driver) by extensions ['colcon_pkg']
[0.170s] Level 1:colcon.colcon_core.package_identification:_identify(src/rm_serial_driver) by extension 'colcon_pkg'
[0.170s] Level 1:colcon.colcon_core.package_identification:_identify(src/rm_serial_driver) by extensions ['colcon_meta']
[0.170s] Level 1:colcon.colcon_core.package_identification:_identify(src/rm_serial_driver) by extension 'colcon_meta'
[0.170s] Level 1:colcon.colcon_core.package_identification:_identify(src/rm_serial_driver) by extensions ['ros']
[0.170s] Level 1:colcon.colcon_core.package_identification:_identify(src/rm_serial_driver) by extension 'ros'
[0.171s] DEBUG:colcon.colcon_core.package_identification:Package 'src/rm_serial_driver' with type 'ros.ament_cmake' and name 'rm_serial_driver'
[0.171s] Level 1:colcon.colcon_core.package_identification:_identify(src/rm_vision) by extensions ['ignore', 'ignore_ament_install']
[0.171s] Level 1:colcon.colcon_core.package_identification:_identify(src/rm_vision) by extension 'ignore'
[0.171s] Level 1:colcon.colcon_core.package_identification:_identify(src/rm_vision) by extension 'ignore_ament_install'
[0.171s] Level 1:colcon.colcon_core.package_identification:_identify(src/rm_vision) by extensions ['colcon_pkg']
[0.171s] Level 1:colcon.colcon_core.package_identification:_identify(src/rm_vision) by extension 'colcon_pkg'
[0.171s] Level 1:colcon.colcon_core.package_identification:_identify(src/rm_vision) by extensions ['colcon_meta']
[0.171s] Level 1:colcon.colcon_core.package_identification:_identify(src/rm_vision) by extension 'colcon_meta'
[0.171s] Level 1:colcon.colcon_core.package_identification:_identify(src/rm_vision) by extensions ['ros']
[0.171s] Level 1:colcon.colcon_core.package_identification:_identify(src/rm_vision) by extension 'ros'
[0.171s] Level 1:colcon.colcon_core.package_identification:_identify(src/rm_vision) by extensions ['cmake', 'python']
[0.171s] Level 1:colcon.colcon_core.package_identification:_identify(src/rm_vision) by extension 'cmake'
[0.171s] Level 1:colcon.colcon_core.package_identification:_identify(src/rm_vision) by extension 'python'
[0.171s] Level 1:colcon.colcon_core.package_identification:_identify(src/rm_vision) by extensions ['python_setup_py']
[0.171s] Level 1:colcon.colcon_core.package_identification:_identify(src/rm_vision) by extension 'python_setup_py'
[0.171s] Level 1:colcon.colcon_core.package_identification:_identify(src/rm_vision/docs) by extensions ['ignore', 'ignore_ament_install']
[0.171s] Level 1:colcon.colcon_core.package_identification:_identify(src/rm_vision/docs) by extension 'ignore'
[0.171s] Level 1:colcon.colcon_core.package_identification:_identify(src/rm_vision/docs) by extension 'ignore_ament_install'
[0.171s] Level 1:colcon.colcon_core.package_identification:_identify(src/rm_vision/docs) by extensions ['colcon_pkg']
[0.171s] Level 1:colcon.colcon_core.package_identification:_identify(src/rm_vision/docs) by extension 'colcon_pkg'
[0.171s] Level 1:colcon.colcon_core.package_identification:_identify(src/rm_vision/docs) by extensions ['colcon_meta']
[0.171s] Level 1:colcon.colcon_core.package_identification:_identify(src/rm_vision/docs) by extension 'colcon_meta'
[0.171s] Level 1:colcon.colcon_core.package_identification:_identify(src/rm_vision/docs) by extensions ['ros']
[0.171s] Level 1:colcon.colcon_core.package_identification:_identify(src/rm_vision/docs) by extension 'ros'
[0.172s] Level 1:colcon.colcon_core.package_identification:_identify(src/rm_vision/docs) by extensions ['cmake', 'python']
[0.172s] Level 1:colcon.colcon_core.package_identification:_identify(src/rm_vision/docs) by extension 'cmake'
[0.172s] Level 1:colcon.colcon_core.package_identification:_identify(src/rm_vision/docs) by extension 'python'
[0.172s] Level 1:colcon.colcon_core.package_identification:_identify(src/rm_vision/docs) by extensions ['python_setup_py']
[0.172s] Level 1:colcon.colcon_core.package_identification:_identify(src/rm_vision/docs) by extension 'python_setup_py'
[0.172s] Level 1:colcon.colcon_core.package_identification:_identify(src/rm_vision/rm_vision_bringup) by extensions ['ignore', 'ignore_ament_install']
[0.172s] Level 1:colcon.colcon_core.package_identification:_identify(src/rm_vision/rm_vision_bringup) by extension 'ignore'
[0.172s] Level 1:colcon.colcon_core.package_identification:_identify(src/rm_vision/rm_vision_bringup) by extension 'ignore_ament_install'
[0.172s] Level 1:colcon.colcon_core.package_identification:_identify(src/rm_vision/rm_vision_bringup) by extensions ['colcon_pkg']
[0.172s] Level 1:colcon.colcon_core.package_identification:_identify(src/rm_vision/rm_vision_bringup) by extension 'colcon_pkg'
[0.172s] Level 1:colcon.colcon_core.package_identification:_identify(src/rm_vision/rm_vision_bringup) by extensions ['colcon_meta']
[0.172s] Level 1:colcon.colcon_core.package_identification:_identify(src/rm_vision/rm_vision_bringup) by extension 'colcon_meta'
[0.172s] Level 1:colcon.colcon_core.package_identification:_identify(src/rm_vision/rm_vision_bringup) by extensions ['ros']
[0.172s] Level 1:colcon.colcon_core.package_identification:_identify(src/rm_vision/rm_vision_bringup) by extension 'ros'
[0.172s] DEBUG:colcon.colcon_core.package_identification:Package 'src/rm_vision/rm_vision_bringup' with type 'ros.ament_cmake' and name 'rm_vision_bringup'
[0.172s] Level 1:colcon.colcon_core.package_identification:_identify(src/ros2_hik_camera) by extensions ['ignore', 'ignore_ament_install']
[0.172s] Level 1:colcon.colcon_core.package_identification:_identify(src/ros2_hik_camera) by extension 'ignore'
[0.172s] Level 1:colcon.colcon_core.package_identification:_identify(src/ros2_hik_camera) by extension 'ignore_ament_install'
[0.172s] Level 1:colcon.colcon_core.package_identification:_identify(src/ros2_hik_camera) by extensions ['colcon_pkg']
[0.172s] Level 1:colcon.colcon_core.package_identification:_identify(src/ros2_hik_camera) by extension 'colcon_pkg'
[0.172s] Level 1:colcon.colcon_core.package_identification:_identify(src/ros2_hik_camera) by extensions ['colcon_meta']
[0.172s] Level 1:colcon.colcon_core.package_identification:_identify(src/ros2_hik_camera) by extension 'colcon_meta'
[0.173s] Level 1:colcon.colcon_core.package_identification:_identify(src/ros2_hik_camera) by extensions ['ros']
[0.173s] Level 1:colcon.colcon_core.package_identification:_identify(src/ros2_hik_camera) by extension 'ros'
[0.173s] DEBUG:colcon.colcon_core.package_identification:Package 'src/ros2_hik_camera' with type 'ros.ament_cmake' and name 'hik_camera'
[0.173s] Level 1:colcon.colcon_core.package_discovery:discover_packages(recursive) using defaults
[0.173s] Level 1:colcon.colcon_core.package_discovery:discover_packages(ignore) discover
[0.173s] Level 1:colcon.colcon_core.package_discovery:discover_packages(ignore) using defaults
[0.173s] Level 1:colcon.colcon_core.package_discovery:discover_packages(path) discover
[0.173s] Level 1:colcon.colcon_core.package_discovery:discover_packages(path) using defaults
[0.186s] Level 1:colcon.colcon_core.package_discovery:discover_packages(prefix_path) check parameters
[0.186s] Level 1:colcon.colcon_core.package_discovery:discover_packages(prefix_path) discover
[0.188s] DEBUG:colcon.colcon_installed_package_information.package_discovery:Found 288 installed packages in /opt/ros/humble
[0.195s] Level 1:colcon.colcon_core.package_discovery:discover_packages(prefix_path) using defaults
[0.218s] Level 5:colcon.colcon_core.verb:set package 'auto_aim_interfaces' build argument 'cmake_args' from command line to 'None'
[0.218s] Level 5:colcon.colcon_core.verb:set package 'auto_aim_interfaces' build argument 'cmake_target' from command line to 'None'
[0.218s] Level 5:colcon.colcon_core.verb:set package 'auto_aim_interfaces' build argument 'cmake_target_skip_unavailable' from command line to 'False'
[0.218s] Level 5:colcon.colcon_core.verb:set package 'auto_aim_interfaces' build argument 'cmake_clean_cache' from command line to 'False'
[0.218s] Level 5:colcon.colcon_core.verb:set package 'auto_aim_interfaces' build argument 'cmake_clean_first' from command line to 'False'
[0.218s] Level 5:colcon.colcon_core.verb:set package 'auto_aim_interfaces' build argument 'cmake_force_configure' from command line to 'False'
[0.218s] Level 5:colcon.colcon_core.verb:set package 'auto_aim_interfaces' build argument 'ament_cmake_args' from command line to 'None'
[0.218s] Level 5:colcon.colcon_core.verb:set package 'auto_aim_interfaces' build argument 'catkin_cmake_args' from command line to 'None'
[0.218s] Level 5:colcon.colcon_core.verb:set package 'auto_aim_interfaces' build argument 'catkin_skip_building_tests' from command line to 'False'
[0.218s] DEBUG:colcon.colcon_core.verb:Building package 'auto_aim_interfaces' with the following arguments: {'ament_cmake_args': None, 'build_base': '/home/wdr/ros_ws/build/auto_aim_interfaces', 'catkin_cmake_args': None, 'catkin_skip_building_tests': False, 'cmake_args': None, 'cmake_clean_cache': False, 'cmake_clean_first': False, 'cmake_force_configure': False, 'cmake_target': None, 'cmake_target_skip_unavailable': False, 'install_base': '/home/wdr/ros_ws/install/auto_aim_interfaces', 'merge_install': False, 'path': '/home/wdr/ros_ws/src/rm_auto_aim/auto_aim_interfaces', 'symlink_install': True, 'test_result_base': None}
[0.218s] Level 5:colcon.colcon_core.verb:set package 'hik_camera' build argument 'cmake_args' from command line to 'None'
[0.218s] Level 5:colcon.colcon_core.verb:set package 'hik_camera' build argument 'cmake_target' from command line to 'None'
[0.218s] Level 5:colcon.colcon_core.verb:set package 'hik_camera' build argument 'cmake_target_skip_unavailable' from command line to 'False'
[0.218s] Level 5:colcon.colcon_core.verb:set package 'hik_camera' build argument 'cmake_clean_cache' from command line to 'False'
[0.218s] Level 5:colcon.colcon_core.verb:set package 'hik_camera' build argument 'cmake_clean_first' from command line to 'False'
[0.218s] Level 5:colcon.colcon_core.verb:set package 'hik_camera' build argument 'cmake_force_configure' from command line to 'False'
[0.218s] Level 5:colcon.colcon_core.verb:set package 'hik_camera' build argument 'ament_cmake_args' from command line to 'None'
[0.218s] Level 5:colcon.colcon_core.verb:set package 'hik_camera' build argument 'catkin_cmake_args' from command line to 'None'
[0.218s] Level 5:colcon.colcon_core.verb:set package 'hik_camera' build argument 'catkin_skip_building_tests' from command line to 'False'
[0.218s] DEBUG:colcon.colcon_core.verb:Building package 'hik_camera' with the following arguments: {'ament_cmake_args': None, 'build_base': '/home/wdr/ros_ws/build/hik_camera', 'catkin_cmake_args': None, 'catkin_skip_building_tests': False, 'cmake_args': None, 'cmake_clean_cache': False, 'cmake_clean_first': False, 'cmake_force_configure': False, 'cmake_target': None, 'cmake_target_skip_unavailable': False, 'install_base': '/home/wdr/ros_ws/install/hik_camera', 'merge_install': False, 'path': '/home/wdr/ros_ws/src/ros2_hik_camera', 'symlink_install': True, 'test_result_base': None}
[0.218s] Level 5:colcon.colcon_core.verb:set package 'rm_gimbal_description' build argument 'cmake_args' from command line to 'None'
[0.218s] Level 5:colcon.colcon_core.verb:set package 'rm_gimbal_description' build argument 'cmake_target' from command line to 'None'
[0.218s] Level 5:colcon.colcon_core.verb:set package 'rm_gimbal_description' build argument 'cmake_target_skip_unavailable' from command line to 'False'
[0.218s] Level 5:colcon.colcon_core.verb:set package 'rm_gimbal_description' build argument 'cmake_clean_cache' from command line to 'False'
[0.218s] Level 5:colcon.colcon_core.verb:set package 'rm_gimbal_description' build argument 'cmake_clean_first' from command line to 'False'
[0.218s] Level 5:colcon.colcon_core.verb:set package 'rm_gimbal_description' build argument 'cmake_force_configure' from command line to 'False'
[0.218s] Level 5:colcon.colcon_core.verb:set package 'rm_gimbal_description' build argument 'ament_cmake_args' from command line to 'None'
[0.218s] Level 5:colcon.colcon_core.verb:set package 'rm_gimbal_description' build argument 'catkin_cmake_args' from command line to 'None'
[0.218s] Level 5:colcon.colcon_core.verb:set package 'rm_gimbal_description' build argument 'catkin_skip_building_tests' from command line to 'False'
[0.219s] DEBUG:colcon.colcon_core.verb:Building package 'rm_gimbal_description' with the following arguments: {'ament_cmake_args': None, 'build_base': '/home/wdr/ros_ws/build/rm_gimbal_description', 'catkin_cmake_args': None, 'catkin_skip_building_tests': False, 'cmake_args': None, 'cmake_clean_cache': False, 'cmake_clean_first': False, 'cmake_force_configure': False, 'cmake_target': None, 'cmake_target_skip_unavailable': False, 'install_base': '/home/wdr/ros_ws/install/rm_gimbal_description', 'merge_install': False, 'path': '/home/wdr/ros_ws/src/rm_gimbal_description', 'symlink_install': True, 'test_result_base': None}
[0.219s] Level 5:colcon.colcon_core.verb:set package 'armor_detector' build argument 'cmake_args' from command line to 'None'
[0.219s] Level 5:colcon.colcon_core.verb:set package 'armor_detector' build argument 'cmake_target' from command line to 'None'
[0.219s] Level 5:colcon.colcon_core.verb:set package 'armor_detector' build argument 'cmake_target_skip_unavailable' from command line to 'False'
[0.219s] Level 5:colcon.colcon_core.verb:set package 'armor_detector' build argument 'cmake_clean_cache' from command line to 'False'
[0.219s] Level 5:colcon.colcon_core.verb:set package 'armor_detector' build argument 'cmake_clean_first' from command line to 'False'
[0.219s] Level 5:colcon.colcon_core.verb:set package 'armor_detector' build argument 'cmake_force_configure' from command line to 'False'
[0.219s] Level 5:colcon.colcon_core.verb:set package 'armor_detector' build argument 'ament_cmake_args' from command line to 'None'
[0.219s] Level 5:colcon.colcon_core.verb:set package 'armor_detector' build argument 'catkin_cmake_args' from command line to 'None'
[0.219s] Level 5:colcon.colcon_core.verb:set package 'armor_detector' build argument 'catkin_skip_building_tests' from command line to 'False'
[0.219s] DEBUG:colcon.colcon_core.verb:Building package 'armor_detector' with the following arguments: {'ament_cmake_args': None, 'build_base': '/home/wdr/ros_ws/build/armor_detector', 'catkin_cmake_args': None, 'catkin_skip_building_tests': False, 'cmake_args': None, 'cmake_clean_cache': False, 'cmake_clean_first': False, 'cmake_force_configure': False, 'cmake_target': None, 'cmake_target_skip_unavailable': False, 'install_base': '/home/wdr/ros_ws/install/armor_detector', 'merge_install': False, 'path': '/home/wdr/ros_ws/src/rm_auto_aim/armor_detector', 'symlink_install': True, 'test_result_base': None}
[0.219s] Level 5:colcon.colcon_core.verb:set package 'armor_tracker' build argument 'cmake_args' from command line to 'None'
[0.219s] Level 5:colcon.colcon_core.verb:set package 'armor_tracker' build argument 'cmake_target' from command line to 'None'
[0.219s] Level 5:colcon.colcon_core.verb:set package 'armor_tracker' build argument 'cmake_target_skip_unavailable' from command line to 'False'
[0.219s] Level 5:colcon.colcon_core.verb:set package 'armor_tracker' build argument 'cmake_clean_cache' from command line to 'False'
[0.219s] Level 5:colcon.colcon_core.verb:set package 'armor_tracker' build argument 'cmake_clean_first' from command line to 'False'
[0.219s] Level 5:colcon.colcon_core.verb:set package 'armor_tracker' build argument 'cmake_force_configure' from command line to 'False'
[0.219s] Level 5:colcon.colcon_core.verb:set package 'armor_tracker' build argument 'ament_cmake_args' from command line to 'None'
[0.219s] Level 5:colcon.colcon_core.verb:set package 'armor_tracker' build argument 'catkin_cmake_args' from command line to 'None'
[0.219s] Level 5:colcon.colcon_core.verb:set package 'armor_tracker' build argument 'catkin_skip_building_tests' from command line to 'False'
[0.219s] DEBUG:colcon.colcon_core.verb:Building package 'armor_tracker' with the following arguments: {'ament_cmake_args': None, 'build_base': '/home/wdr/ros_ws/build/armor_tracker', 'catkin_cmake_args': None, 'catkin_skip_building_tests': False, 'cmake_args': None, 'cmake_clean_cache': False, 'cmake_clean_first': False, 'cmake_force_configure': False, 'cmake_target': None, 'cmake_target_skip_unavailable': False, 'install_base': '/home/wdr/ros_ws/install/armor_tracker', 'merge_install': False, 'path': '/home/wdr/ros_ws/src/rm_auto_aim/armor_tracker', 'symlink_install': True, 'test_result_base': None}
[0.219s] Level 5:colcon.colcon_core.verb:set package 'rm_serial_driver' build argument 'cmake_args' from command line to 'None'
[0.219s] Level 5:colcon.colcon_core.verb:set package 'rm_serial_driver' build argument 'cmake_target' from command line to 'None'
[0.219s] Level 5:colcon.colcon_core.verb:set package 'rm_serial_driver' build argument 'cmake_target_skip_unavailable' from command line to 'False'
[0.219s] Level 5:colcon.colcon_core.verb:set package 'rm_serial_driver' build argument 'cmake_clean_cache' from command line to 'False'
[0.219s] Level 5:colcon.colcon_core.verb:set package 'rm_serial_driver' build argument 'cmake_clean_first' from command line to 'False'
[0.219s] Level 5:colcon.colcon_core.verb:set package 'rm_serial_driver' build argument 'cmake_force_configure' from command line to 'False'
[0.219s] Level 5:colcon.colcon_core.verb:set package 'rm_serial_driver' build argument 'ament_cmake_args' from command line to 'None'
[0.219s] Level 5:colcon.colcon_core.verb:set package 'rm_serial_driver' build argument 'catkin_cmake_args' from command line to 'None'
[0.219s] Level 5:colcon.colcon_core.verb:set package 'rm_serial_driver' build argument 'catkin_skip_building_tests' from command line to 'False'
[0.220s] DEBUG:colcon.colcon_core.verb:Building package 'rm_serial_driver' with the following arguments: {'ament_cmake_args': None, 'build_base': '/home/wdr/ros_ws/build/rm_serial_driver', 'catkin_cmake_args': None, 'catkin_skip_building_tests': False, 'cmake_args': None, 'cmake_clean_cache': False, 'cmake_clean_first': False, 'cmake_force_configure': False, 'cmake_target': None, 'cmake_target_skip_unavailable': False, 'install_base': '/home/wdr/ros_ws/install/rm_serial_driver', 'merge_install': False, 'path': '/home/wdr/ros_ws/src/rm_serial_driver', 'symlink_install': True, 'test_result_base': None}
[0.220s] Level 5:colcon.colcon_core.verb:set package 'rm_vision_bringup' build argument 'cmake_args' from command line to 'None'
[0.220s] Level 5:colcon.colcon_core.verb:set package 'rm_vision_bringup' build argument 'cmake_target' from command line to 'None'
[0.220s] Level 5:colcon.colcon_core.verb:set package 'rm_vision_bringup' build argument 'cmake_target_skip_unavailable' from command line to 'False'
[0.220s] Level 5:colcon.colcon_core.verb:set package 'rm_vision_bringup' build argument 'cmake_clean_cache' from command line to 'False'
[0.220s] Level 5:colcon.colcon_core.verb:set package 'rm_vision_bringup' build argument 'cmake_clean_first' from command line to 'False'
[0.220s] Level 5:colcon.colcon_core.verb:set package 'rm_vision_bringup' build argument 'cmake_force_configure' from command line to 'False'
[0.220s] Level 5:colcon.colcon_core.verb:set package 'rm_vision_bringup' build argument 'ament_cmake_args' from command line to 'None'
[0.220s] Level 5:colcon.colcon_core.verb:set package 'rm_vision_bringup' build argument 'catkin_cmake_args' from command line to 'None'
[0.220s] Level 5:colcon.colcon_core.verb:set package 'rm_vision_bringup' build argument 'catkin_skip_building_tests' from command line to 'False'
[0.220s] DEBUG:colcon.colcon_core.verb:Building package 'rm_vision_bringup' with the following arguments: {'ament_cmake_args': None, 'build_base': '/home/wdr/ros_ws/build/rm_vision_bringup', 'catkin_cmake_args': None, 'catkin_skip_building_tests': False, 'cmake_args': None, 'cmake_clean_cache': False, 'cmake_clean_first': False, 'cmake_force_configure': False, 'cmake_target': None, 'cmake_target_skip_unavailable': False, 'install_base': '/home/wdr/ros_ws/install/rm_vision_bringup', 'merge_install': False, 'path': '/home/wdr/ros_ws/src/rm_vision/rm_vision_bringup', 'symlink_install': True, 'test_result_base': None}
[0.220s] INFO:colcon.colcon_core.executor:Executing jobs using 'parallel' executor
[0.221s] DEBUG:colcon.colcon_parallel_executor.executor.parallel:run_until_complete
[0.221s] INFO:colcon.colcon_ros.task.ament_cmake.build:Building ROS package in '/home/wdr/ros_ws/src/rm_auto_aim/auto_aim_interfaces' with build type 'ament_cmake'
[0.221s] INFO:colcon.colcon_cmake.task.cmake.build:Building CMake package in '/home/wdr/ros_ws/src/rm_auto_aim/auto_aim_interfaces'
[0.222s] INFO:colcon.colcon_core.plugin_system:Skipping extension 'colcon_core.shell.bat': Not used on non-Windows systems
[0.222s] INFO:colcon.colcon_core.shell:Skip shell extension 'powershell' for command environment: Not usable outside of PowerShell
[0.222s] DEBUG:colcon.colcon_core.shell:Skip shell extension 'dsv' for command environment
[0.224s] INFO:colcon.colcon_ros.task.ament_cmake.build:Building ROS package in '/home/wdr/ros_ws/src/ros2_hik_camera' with build type 'ament_cmake'
[0.224s] INFO:colcon.colcon_cmake.task.cmake.build:Building CMake package in '/home/wdr/ros_ws/src/ros2_hik_camera'
[0.224s] INFO:colcon.colcon_core.shell:Skip shell extension 'powershell' for command environment: Not usable outside of PowerShell
[0.224s] DEBUG:colcon.colcon_core.shell:Skip shell extension 'dsv' for command environment
[0.226s] INFO:colcon.colcon_ros.task.ament_cmake.build:Building ROS package in '/home/wdr/ros_ws/src/rm_gimbal_description' with build type 'ament_cmake'
[0.226s] INFO:colcon.colcon_cmake.task.cmake.build:Building CMake package in '/home/wdr/ros_ws/src/rm_gimbal_description'
[0.226s] INFO:colcon.colcon_core.shell:Skip shell extension 'powershell' for command environment: Not usable outside of PowerShell
[0.226s] DEBUG:colcon.colcon_core.shell:Skip shell extension 'dsv' for command environment
[0.232s] DEBUG:colcon.colcon_core.event_handler.log_command:Invoking command in '/home/wdr/ros_ws/build/auto_aim_interfaces': CMAKE_PREFIX_PATH=/opt/ros/humble /usr/bin/cmake --build /home/wdr/ros_ws/build/auto_aim_interfaces -- -j8 -l8
[0.235s] DEBUG:colcon.colcon_core.event_handler.log_command:Invoking command in '/home/wdr/ros_ws/build/hik_camera': CMAKE_PREFIX_PATH=/opt/ros/humble /usr/bin/cmake --build /home/wdr/ros_ws/build/hik_camera -- -j8 -l8
[0.239s] DEBUG:colcon.colcon_core.event_handler.log_command:Invoking command in '/home/wdr/ros_ws/build/rm_gimbal_description': CMAKE_PREFIX_PATH=/opt/ros/humble /usr/bin/cmake --build /home/wdr/ros_ws/build/rm_gimbal_description -- -j8 -l8
[0.277s] DEBUG:colcon.colcon_core.event_handler.log_command:Invoked command in '/home/wdr/ros_ws/build/rm_gimbal_description' returned '0': CMAKE_PREFIX_PATH=/opt/ros/humble /usr/bin/cmake --build /home/wdr/ros_ws/build/rm_gimbal_description -- -j8 -l8
[0.284s] DEBUG:colcon.colcon_core.event_handler.log_command:Invoking command in '/home/wdr/ros_ws/build/rm_gimbal_description': CMAKE_PREFIX_PATH=/opt/ros/humble /usr/bin/cmake --install /home/wdr/ros_ws/build/rm_gimbal_description
[0.304s] DEBUG:colcon.colcon_core.event_handler.log_command:Invoked command in '/home/wdr/ros_ws/build/hik_camera' returned '0': CMAKE_PREFIX_PATH=/opt/ros/humble /usr/bin/cmake --build /home/wdr/ros_ws/build/hik_camera -- -j8 -l8
[0.307s] DEBUG:colcon.colcon_core.event_handler.log_command:Invoking command in '/home/wdr/ros_ws/build/hik_camera': CMAKE_PREFIX_PATH=/opt/ros/humble /usr/bin/cmake --install /home/wdr/ros_ws/build/hik_camera
[0.307s] Level 1:colcon.colcon_core.environment:create_environment_scripts_only(rm_gimbal_description)
[0.308s] DEBUG:colcon.colcon_core.event_handler.log_command:Invoked command in '/home/wdr/ros_ws/build/rm_gimbal_description' returned '0': CMAKE_PREFIX_PATH=/opt/ros/humble /usr/bin/cmake --install /home/wdr/ros_ws/build/rm_gimbal_description
[0.310s] Level 1:colcon.colcon_core.environment:checking '/home/wdr/ros_ws/install/rm_gimbal_description' for CMake module files
[0.311s] Level 1:colcon.colcon_core.environment:checking '/home/wdr/ros_ws/install/rm_gimbal_description' for CMake config files
[0.311s] Level 1:colcon.colcon_core.shell:create_environment_hook('rm_gimbal_description', 'cmake_prefix_path')
[0.312s] INFO:colcon.colcon_core.shell:Creating environment hook '/home/wdr/ros_ws/install/rm_gimbal_description/share/rm_gimbal_description/hook/cmake_prefix_path.ps1'
[0.313s] INFO:colcon.colcon_core.shell:Creating environment descriptor '/home/wdr/ros_ws/install/rm_gimbal_description/share/rm_gimbal_description/hook/cmake_prefix_path.dsv'
[0.315s] INFO:colcon.colcon_core.shell:Creating environment hook '/home/wdr/ros_ws/install/rm_gimbal_description/share/rm_gimbal_description/hook/cmake_prefix_path.sh'
[0.316s] Level 1:colcon.colcon_core.environment:checking '/home/wdr/ros_ws/install/rm_gimbal_description/bin'
[0.317s] Level 1:colcon.colcon_core.environment:checking '/home/wdr/ros_ws/install/rm_gimbal_description/lib/pkgconfig/rm_gimbal_description.pc'
[0.317s] Level 1:colcon.colcon_core.environment:checking '/home/wdr/ros_ws/install/rm_gimbal_description/lib/python3.10/site-packages'
[0.317s] Level 1:colcon.colcon_core.environment:checking '/home/wdr/ros_ws/install/rm_gimbal_description/bin'
[0.317s] INFO:colcon.colcon_core.shell:Creating package script '/home/wdr/ros_ws/install/rm_gimbal_description/share/rm_gimbal_description/package.ps1'
[0.319s] INFO:colcon.colcon_core.shell:Creating package descriptor '/home/wdr/ros_ws/install/rm_gimbal_description/share/rm_gimbal_description/package.dsv'
[0.321s] INFO:colcon.colcon_core.shell:Creating package script '/home/wdr/ros_ws/install/rm_gimbal_description/share/rm_gimbal_description/package.sh'
[0.322s] INFO:colcon.colcon_core.shell:Creating package script '/home/wdr/ros_ws/install/rm_gimbal_description/share/rm_gimbal_description/package.bash'
[0.323s] INFO:colcon.colcon_core.shell:Creating package script '/home/wdr/ros_ws/install/rm_gimbal_description/share/rm_gimbal_description/package.zsh'
[0.324s] Level 1:colcon.colcon_core.environment:create_file_with_runtime_dependencies(/home/wdr/ros_ws/install/rm_gimbal_description/share/colcon-core/packages/rm_gimbal_description)
[0.325s] Level 1:colcon.colcon_core.environment:create_environment_scripts_only(rm_gimbal_description)
[0.325s] Level 1:colcon.colcon_core.environment:checking '/home/wdr/ros_ws/install/rm_gimbal_description' for CMake module files
[0.326s] Level 1:colcon.colcon_core.environment:checking '/home/wdr/ros_ws/install/rm_gimbal_description' for CMake config files
[0.326s] Level 1:colcon.colcon_core.shell:create_environment_hook('rm_gimbal_description', 'cmake_prefix_path')
[0.326s] INFO:colcon.colcon_core.shell:Creating environment hook '/home/wdr/ros_ws/install/rm_gimbal_description/share/rm_gimbal_description/hook/cmake_prefix_path.ps1'
[0.327s] INFO:colcon.colcon_core.shell:Creating environment descriptor '/home/wdr/ros_ws/install/rm_gimbal_description/share/rm_gimbal_description/hook/cmake_prefix_path.dsv'
[0.327s] INFO:colcon.colcon_core.shell:Creating environment hook '/home/wdr/ros_ws/install/rm_gimbal_description/share/rm_gimbal_description/hook/cmake_prefix_path.sh'
[0.328s] Level 1:colcon.colcon_core.environment:checking '/home/wdr/ros_ws/install/rm_gimbal_description/bin'
[0.328s] Level 1:colcon.colcon_core.environment:checking '/home/wdr/ros_ws/install/rm_gimbal_description/lib/pkgconfig/rm_gimbal_description.pc'
[0.328s] Level 1:colcon.colcon_core.environment:checking '/home/wdr/ros_ws/install/rm_gimbal_description/lib/python3.10/site-packages'
[0.328s] Level 1:colcon.colcon_core.environment:checking '/home/wdr/ros_ws/install/rm_gimbal_description/bin'
[0.328s] INFO:colcon.colcon_core.shell:Creating package script '/home/wdr/ros_ws/install/rm_gimbal_description/share/rm_gimbal_description/package.ps1'
[0.329s] INFO:colcon.colcon_core.shell:Creating package descriptor '/home/wdr/ros_ws/install/rm_gimbal_description/share/rm_gimbal_description/package.dsv'
[0.329s] INFO:colcon.colcon_core.shell:Creating package script '/home/wdr/ros_ws/install/rm_gimbal_description/share/rm_gimbal_description/package.sh'
[0.330s] INFO:colcon.colcon_core.shell:Creating package script '/home/wdr/ros_ws/install/rm_gimbal_description/share/rm_gimbal_description/package.bash'
[0.330s] INFO:colcon.colcon_core.shell:Creating package script '/home/wdr/ros_ws/install/rm_gimbal_description/share/rm_gimbal_description/package.zsh'
[0.331s] Level 1:colcon.colcon_core.environment:create_file_with_runtime_dependencies(/home/wdr/ros_ws/install/rm_gimbal_description/share/colcon-core/packages/rm_gimbal_description)
[0.332s] Level 1:colcon.colcon_core.environment:create_environment_scripts_only(hik_camera)
[0.332s] Level 1:colcon.colcon_core.environment:checking '/home/wdr/ros_ws/install/hik_camera' for CMake module files
[0.333s] DEBUG:colcon.colcon_core.event_handler.log_command:Invoked command in '/home/wdr/ros_ws/build/hik_camera' returned '0': CMAKE_PREFIX_PATH=/opt/ros/humble /usr/bin/cmake --install /home/wdr/ros_ws/build/hik_camera
[0.334s] Level 1:colcon.colcon_core.environment:checking '/home/wdr/ros_ws/install/hik_camera' for CMake config files
[0.334s] Level 1:colcon.colcon_core.shell:create_environment_hook('hik_camera', 'cmake_prefix_path')
[0.334s] INFO:colcon.colcon_core.shell:Creating environment hook '/home/wdr/ros_ws/install/hik_camera/share/hik_camera/hook/cmake_prefix_path.ps1'
[0.335s] INFO:colcon.colcon_core.shell:Creating environment descriptor '/home/wdr/ros_ws/install/hik_camera/share/hik_camera/hook/cmake_prefix_path.dsv'
[0.335s] INFO:colcon.colcon_core.shell:Creating environment hook '/home/wdr/ros_ws/install/hik_camera/share/hik_camera/hook/cmake_prefix_path.sh'
[0.336s] Level 1:colcon.colcon_core.environment:checking '/home/wdr/ros_ws/install/hik_camera/lib'
[0.336s] Level 1:colcon.colcon_core.shell:create_environment_hook('hik_camera', 'ld_library_path_lib')
[0.336s] INFO:colcon.colcon_core.shell:Creating environment hook '/home/wdr/ros_ws/install/hik_camera/share/hik_camera/hook/ld_library_path_lib.ps1'
[0.337s] INFO:colcon.colcon_core.shell:Creating environment descriptor '/home/wdr/ros_ws/install/hik_camera/share/hik_camera/hook/ld_library_path_lib.dsv'
[0.337s] INFO:colcon.colcon_core.shell:Creating environment hook '/home/wdr/ros_ws/install/hik_camera/share/hik_camera/hook/ld_library_path_lib.sh'
[0.338s] Level 1:colcon.colcon_core.environment:checking '/home/wdr/ros_ws/install/hik_camera/bin'
[0.338s] Level 1:colcon.colcon_core.environment:checking '/home/wdr/ros_ws/install/hik_camera/lib/pkgconfig/hik_camera.pc'
[0.338s] Level 1:colcon.colcon_core.environment:checking '/home/wdr/ros_ws/install/hik_camera/lib/python3.10/site-packages'
[0.338s] Level 1:colcon.colcon_core.environment:checking '/home/wdr/ros_ws/install/hik_camera/bin'
[0.339s] INFO:colcon.colcon_core.shell:Creating package script '/home/wdr/ros_ws/install/hik_camera/share/hik_camera/package.ps1'
[0.339s] INFO:colcon.colcon_core.shell:Creating package descriptor '/home/wdr/ros_ws/install/hik_camera/share/hik_camera/package.dsv'
[0.340s] INFO:colcon.colcon_core.shell:Creating package script '/home/wdr/ros_ws/install/hik_camera/share/hik_camera/package.sh'
[0.341s] INFO:colcon.colcon_core.shell:Creating package script '/home/wdr/ros_ws/install/hik_camera/share/hik_camera/package.bash'
[0.341s] INFO:colcon.colcon_core.shell:Creating package script '/home/wdr/ros_ws/install/hik_camera/share/hik_camera/package.zsh'
[0.342s] Level 1:colcon.colcon_core.environment:create_file_with_runtime_dependencies(/home/wdr/ros_ws/install/hik_camera/share/colcon-core/packages/hik_camera)
[0.343s] Level 1:colcon.colcon_core.environment:create_environment_scripts_only(hik_camera)
[0.343s] Level 1:colcon.colcon_core.environment:checking '/home/wdr/ros_ws/install/hik_camera' for CMake module files
[0.344s] Level 1:colcon.colcon_core.environment:checking '/home/wdr/ros_ws/install/hik_camera' for CMake config files
[0.344s] Level 1:colcon.colcon_core.shell:create_environment_hook('hik_camera', 'cmake_prefix_path')
[0.344s] INFO:colcon.colcon_core.shell:Creating environment hook '/home/wdr/ros_ws/install/hik_camera/share/hik_camera/hook/cmake_prefix_path.ps1'
[0.345s] INFO:colcon.colcon_core.shell:Creating environment descriptor '/home/wdr/ros_ws/install/hik_camera/share/hik_camera/hook/cmake_prefix_path.dsv'
[0.345s] INFO:colcon.colcon_core.shell:Creating environment hook '/home/wdr/ros_ws/install/hik_camera/share/hik_camera/hook/cmake_prefix_path.sh'
[0.346s] Level 1:colcon.colcon_core.environment:checking '/home/wdr/ros_ws/install/hik_camera/lib'
[0.346s] Level 1:colcon.colcon_core.shell:create_environment_hook('hik_camera', 'ld_library_path_lib')
[0.347s] INFO:colcon.colcon_core.shell:Creating environment hook '/home/wdr/ros_ws/install/hik_camera/share/hik_camera/hook/ld_library_path_lib.ps1'
[0.347s] INFO:colcon.colcon_core.shell:Creating environment descriptor '/home/wdr/ros_ws/install/hik_camera/share/hik_camera/hook/ld_library_path_lib.dsv'
[0.347s] INFO:colcon.colcon_core.shell:Creating environment hook '/home/wdr/ros_ws/install/hik_camera/share/hik_camera/hook/ld_library_path_lib.sh'
[0.348s] Level 1:colcon.colcon_core.environment:checking '/home/wdr/ros_ws/install/hik_camera/bin'
[0.348s] Level 1:colcon.colcon_core.environment:checking '/home/wdr/ros_ws/install/hik_camera/lib/pkgconfig/hik_camera.pc'
[0.348s] Level 1:colcon.colcon_core.environment:checking '/home/wdr/ros_ws/install/hik_camera/lib/python3.10/site-packages'
[0.348s] Level 1:colcon.colcon_core.environment:checking '/home/wdr/ros_ws/install/hik_camera/bin'
[0.349s] INFO:colcon.colcon_core.shell:Creating package script '/home/wdr/ros_ws/install/hik_camera/share/hik_camera/package.ps1'
[0.349s] INFO:colcon.colcon_core.shell:Creating package descriptor '/home/wdr/ros_ws/install/hik_camera/share/hik_camera/package.dsv'
[0.350s] INFO:colcon.colcon_core.shell:Creating package script '/home/wdr/ros_ws/install/hik_camera/share/hik_camera/package.sh'
[0.350s] INFO:colcon.colcon_core.shell:Creating package script '/home/wdr/ros_ws/install/hik_camera/share/hik_camera/package.bash'
[0.350s] INFO:colcon.colcon_core.shell:Creating package script '/home/wdr/ros_ws/install/hik_camera/share/hik_camera/package.zsh'
[0.351s] Level 1:colcon.colcon_core.environment:create_file_with_runtime_dependencies(/home/wdr/ros_ws/install/hik_camera/share/colcon-core/packages/hik_camera)
[0.505s] DEBUG:colcon.colcon_core.event_handler.log_command:Invoked command in '/home/wdr/ros_ws/build/auto_aim_interfaces' returned '0': CMAKE_PREFIX_PATH=/opt/ros/humble /usr/bin/cmake --build /home/wdr/ros_ws/build/auto_aim_interfaces -- -j8 -l8
[0.506s] DEBUG:colcon.colcon_core.event_handler.log_command:Invoking command in '/home/wdr/ros_ws/build/auto_aim_interfaces': CMAKE_PREFIX_PATH=/opt/ros/humble /usr/bin/cmake --install /home/wdr/ros_ws/build/auto_aim_interfaces
[0.572s] Level 1:colcon.colcon_core.environment:create_environment_scripts_only(auto_aim_interfaces)
[0.573s] Level 1:colcon.colcon_core.environment:checking '/home/wdr/ros_ws/install/auto_aim_interfaces' for CMake module files
[0.573s] DEBUG:colcon.colcon_core.event_handler.log_command:Invoked command in '/home/wdr/ros_ws/build/auto_aim_interfaces' returned '0': CMAKE_PREFIX_PATH=/opt/ros/humble /usr/bin/cmake --install /home/wdr/ros_ws/build/auto_aim_interfaces
[0.573s] Level 1:colcon.colcon_core.environment:checking '/home/wdr/ros_ws/install/auto_aim_interfaces' for CMake config files
[0.573s] Level 1:colcon.colcon_core.shell:create_environment_hook('auto_aim_interfaces', 'cmake_prefix_path')
[0.574s] INFO:colcon.colcon_core.shell:Creating environment hook '/home/wdr/ros_ws/install/auto_aim_interfaces/share/auto_aim_interfaces/hook/cmake_prefix_path.ps1'
[0.574s] INFO:colcon.colcon_core.shell:Creating environment descriptor '/home/wdr/ros_ws/install/auto_aim_interfaces/share/auto_aim_interfaces/hook/cmake_prefix_path.dsv'
[0.574s] INFO:colcon.colcon_core.shell:Creating environment hook '/home/wdr/ros_ws/install/auto_aim_interfaces/share/auto_aim_interfaces/hook/cmake_prefix_path.sh'
[0.575s] Level 1:colcon.colcon_core.environment:checking '/home/wdr/ros_ws/install/auto_aim_interfaces/lib'
[0.575s] Level 1:colcon.colcon_core.shell:create_environment_hook('auto_aim_interfaces', 'ld_library_path_lib')
[0.575s] INFO:colcon.colcon_core.shell:Creating environment hook '/home/wdr/ros_ws/install/auto_aim_interfaces/share/auto_aim_interfaces/hook/ld_library_path_lib.ps1'
[0.575s] INFO:colcon.colcon_core.shell:Creating environment descriptor '/home/wdr/ros_ws/install/auto_aim_interfaces/share/auto_aim_interfaces/hook/ld_library_path_lib.dsv'
[0.575s] INFO:colcon.colcon_core.shell:Creating environment hook '/home/wdr/ros_ws/install/auto_aim_interfaces/share/auto_aim_interfaces/hook/ld_library_path_lib.sh'
[0.575s] Level 1:colcon.colcon_core.environment:checking '/home/wdr/ros_ws/install/auto_aim_interfaces/bin'
[0.575s] Level 1:colcon.colcon_core.environment:checking '/home/wdr/ros_ws/install/auto_aim_interfaces/lib/pkgconfig/auto_aim_interfaces.pc'
[0.576s] Level 1:colcon.colcon_core.environment:checking '/home/wdr/ros_ws/install/auto_aim_interfaces/lib/python3.10/site-packages'
[0.576s] Level 1:colcon.colcon_core.environment:checking '/home/wdr/ros_ws/install/auto_aim_interfaces/bin'
[0.576s] INFO:colcon.colcon_core.shell:Creating package script '/home/wdr/ros_ws/install/auto_aim_interfaces/share/auto_aim_interfaces/package.ps1'
[0.576s] INFO:colcon.colcon_core.shell:Creating package descriptor '/home/wdr/ros_ws/install/auto_aim_interfaces/share/auto_aim_interfaces/package.dsv'
[0.576s] INFO:colcon.colcon_core.shell:Creating package script '/home/wdr/ros_ws/install/auto_aim_interfaces/share/auto_aim_interfaces/package.sh'
[0.577s] INFO:colcon.colcon_core.shell:Creating package script '/home/wdr/ros_ws/install/auto_aim_interfaces/share/auto_aim_interfaces/package.bash'
[0.577s] INFO:colcon.colcon_core.shell:Creating package script '/home/wdr/ros_ws/install/auto_aim_interfaces/share/auto_aim_interfaces/package.zsh'
[0.577s] Level 1:colcon.colcon_core.environment:create_file_with_runtime_dependencies(/home/wdr/ros_ws/install/auto_aim_interfaces/share/colcon-core/packages/auto_aim_interfaces)
[0.577s] Level 1:colcon.colcon_core.environment:create_environment_scripts_only(auto_aim_interfaces)
[0.578s] Level 1:colcon.colcon_core.environment:checking '/home/wdr/ros_ws/install/auto_aim_interfaces' for CMake module files
[0.578s] Level 1:colcon.colcon_core.environment:checking '/home/wdr/ros_ws/install/auto_aim_interfaces' for CMake config files
[0.578s] Level 1:colcon.colcon_core.shell:create_environment_hook('auto_aim_interfaces', 'cmake_prefix_path')
[0.578s] INFO:colcon.colcon_core.shell:Creating environment hook '/home/wdr/ros_ws/install/auto_aim_interfaces/share/auto_aim_interfaces/hook/cmake_prefix_path.ps1'
[0.578s] INFO:colcon.colcon_core.shell:Creating environment descriptor '/home/wdr/ros_ws/install/auto_aim_interfaces/share/auto_aim_interfaces/hook/cmake_prefix_path.dsv'
[0.579s] INFO:colcon.colcon_core.shell:Creating environment hook '/home/wdr/ros_ws/install/auto_aim_interfaces/share/auto_aim_interfaces/hook/cmake_prefix_path.sh'
[0.579s] Level 1:colcon.colcon_core.environment:checking '/home/wdr/ros_ws/install/auto_aim_interfaces/lib'
[0.579s] Level 1:colcon.colcon_core.shell:create_environment_hook('auto_aim_interfaces', 'ld_library_path_lib')
[0.579s] INFO:colcon.colcon_core.shell:Creating environment hook '/home/wdr/ros_ws/install/auto_aim_interfaces/share/auto_aim_interfaces/hook/ld_library_path_lib.ps1'
[0.579s] INFO:colcon.colcon_core.shell:Creating environment descriptor '/home/wdr/ros_ws/install/auto_aim_interfaces/share/auto_aim_interfaces/hook/ld_library_path_lib.dsv'
[0.580s] INFO:colcon.colcon_core.shell:Creating environment hook '/home/wdr/ros_ws/install/auto_aim_interfaces/share/auto_aim_interfaces/hook/ld_library_path_lib.sh'
[0.580s] Level 1:colcon.colcon_core.environment:checking '/home/wdr/ros_ws/install/auto_aim_interfaces/bin'
[0.580s] Level 1:colcon.colcon_core.environment:checking '/home/wdr/ros_ws/install/auto_aim_interfaces/lib/pkgconfig/auto_aim_interfaces.pc'
[0.580s] Level 1:colcon.colcon_core.environment:checking '/home/wdr/ros_ws/install/auto_aim_interfaces/lib/python3.10/site-packages'
[0.580s] Level 1:colcon.colcon_core.environment:checking '/home/wdr/ros_ws/install/auto_aim_interfaces/bin'
[0.580s] INFO:colcon.colcon_core.shell:Creating package script '/home/wdr/ros_ws/install/auto_aim_interfaces/share/auto_aim_interfaces/package.ps1'
[0.581s] INFO:colcon.colcon_core.shell:Creating package descriptor '/home/wdr/ros_ws/install/auto_aim_interfaces/share/auto_aim_interfaces/package.dsv'
[0.581s] INFO:colcon.colcon_core.shell:Creating package script '/home/wdr/ros_ws/install/auto_aim_interfaces/share/auto_aim_interfaces/package.sh'
[0.581s] INFO:colcon.colcon_core.shell:Creating package script '/home/wdr/ros_ws/install/auto_aim_interfaces/share/auto_aim_interfaces/package.bash'
[0.581s] INFO:colcon.colcon_core.shell:Creating package script '/home/wdr/ros_ws/install/auto_aim_interfaces/share/auto_aim_interfaces/package.zsh'
[0.582s] Level 1:colcon.colcon_core.environment:create_file_with_runtime_dependencies(/home/wdr/ros_ws/install/auto_aim_interfaces/share/colcon-core/packages/auto_aim_interfaces)
[0.582s] INFO:colcon.colcon_ros.task.ament_cmake.build:Building ROS package in '/home/wdr/ros_ws/src/rm_serial_driver' with build type 'ament_cmake'
[0.582s] INFO:colcon.colcon_cmake.task.cmake.build:Building CMake package in '/home/wdr/ros_ws/src/rm_serial_driver'
[0.582s] INFO:colcon.colcon_core.shell:Skip shell extension 'powershell' for command environment: Not usable outside of PowerShell
[0.582s] DEBUG:colcon.colcon_core.shell:Skip shell extension 'dsv' for command environment
[0.584s] INFO:colcon.colcon_ros.task.ament_cmake.build:Building ROS package in '/home/wdr/ros_ws/src/rm_auto_aim/armor_detector' with build type 'ament_cmake'
[0.584s] INFO:colcon.colcon_cmake.task.cmake.build:Building CMake package in '/home/wdr/ros_ws/src/rm_auto_aim/armor_detector'
[0.584s] INFO:colcon.colcon_core.shell:Skip shell extension 'powershell' for command environment: Not usable outside of PowerShell
[0.584s] DEBUG:colcon.colcon_core.shell:Skip shell extension 'dsv' for command environment
[0.586s] INFO:colcon.colcon_ros.task.ament_cmake.build:Building ROS package in '/home/wdr/ros_ws/src/rm_auto_aim/armor_tracker' with build type 'ament_cmake'
[0.586s] INFO:colcon.colcon_cmake.task.cmake.build:Building CMake package in '/home/wdr/ros_ws/src/rm_auto_aim/armor_tracker'
[0.586s] INFO:colcon.colcon_core.shell:Skip shell extension 'powershell' for command environment: Not usable outside of PowerShell
[0.586s] DEBUG:colcon.colcon_core.shell:Skip shell extension 'dsv' for command environment
[0.591s] DEBUG:colcon.colcon_core.event_handler.log_command:Invoking command in '/home/wdr/ros_ws/build/rm_serial_driver': AMENT_PREFIX_PATH=/home/wdr/ros_ws/install/auto_aim_interfaces:${AMENT_PREFIX_PATH} CMAKE_PREFIX_PATH=/home/wdr/ros_ws/install/auto_aim_interfaces:/opt/ros/humble LD_LIBRARY_PATH=/home/wdr/ros_ws/install/auto_aim_interfaces/lib:/opt/MVS/lib/64:/opt/MVS/lib/32:/opt/MVS/lib/64:/opt/MVS/lib/32:/opt/ros/humble/opt/rviz_ogre_vendor/lib:/opt/ros/humble/lib/x86_64-linux-gnu:/opt/ros/humble/lib:/opt/MVS/lib/64:/opt/MVS/lib/32:/opt/MVS/lib/64:/opt/MVS/lib/32:/opt/MVS/lib/64:/opt/MVS/lib/32:/opt/MVS/lib/64:/opt/MVS/lib/32 PYTHONPATH=/home/wdr/ros_ws/install/auto_aim_interfaces/local/lib/python3.10/dist-packages:${PYTHONPATH} /usr/bin/cmake --build /home/wdr/ros_ws/build/rm_serial_driver -- -j8 -l8
[0.594s] DEBUG:colcon.colcon_core.event_handler.log_command:Invoking command in '/home/wdr/ros_ws/build/armor_detector': AMENT_PREFIX_PATH=/home/wdr/ros_ws/install/auto_aim_interfaces:${AMENT_PREFIX_PATH} CMAKE_PREFIX_PATH=/home/wdr/ros_ws/install/auto_aim_interfaces:/opt/ros/humble LD_LIBRARY_PATH=/home/wdr/ros_ws/install/auto_aim_interfaces/lib:/opt/MVS/lib/64:/opt/MVS/lib/32:/opt/MVS/lib/64:/opt/MVS/lib/32:/opt/ros/humble/opt/rviz_ogre_vendor/lib:/opt/ros/humble/lib/x86_64-linux-gnu:/opt/ros/humble/lib:/opt/MVS/lib/64:/opt/MVS/lib/32:/opt/MVS/lib/64:/opt/MVS/lib/32:/opt/MVS/lib/64:/opt/MVS/lib/32:/opt/MVS/lib/64:/opt/MVS/lib/32 PYTHONPATH=/home/wdr/ros_ws/install/auto_aim_interfaces/local/lib/python3.10/dist-packages:${PYTHONPATH} /usr/bin/cmake --build /home/wdr/ros_ws/build/armor_detector -- -j8 -l8
[0.596s] DEBUG:colcon.colcon_core.event_handler.log_command:Invoking command in '/home/wdr/ros_ws/build/armor_tracker': AMENT_PREFIX_PATH=/home/wdr/ros_ws/install/auto_aim_interfaces:${AMENT_PREFIX_PATH} CMAKE_PREFIX_PATH=/home/wdr/ros_ws/install/auto_aim_interfaces:/opt/ros/humble LD_LIBRARY_PATH=/home/wdr/ros_ws/install/auto_aim_interfaces/lib:/opt/MVS/lib/64:/opt/MVS/lib/32:/opt/MVS/lib/64:/opt/MVS/lib/32:/opt/ros/humble/opt/rviz_ogre_vendor/lib:/opt/ros/humble/lib/x86_64-linux-gnu:/opt/ros/humble/lib:/opt/MVS/lib/64:/opt/MVS/lib/32:/opt/MVS/lib/64:/opt/MVS/lib/32:/opt/MVS/lib/64:/opt/MVS/lib/32:/opt/MVS/lib/64:/opt/MVS/lib/32 PYTHONPATH=/home/wdr/ros_ws/install/auto_aim_interfaces/local/lib/python3.10/dist-packages:${PYTHONPATH} /usr/bin/cmake --build /home/wdr/ros_ws/build/armor_tracker -- -j8 -l8
[0.666s] DEBUG:colcon.colcon_core.event_handler.log_command:Invoked command in '/home/wdr/ros_ws/build/rm_serial_driver' returned '0': AMENT_PREFIX_PATH=/home/wdr/ros_ws/install/auto_aim_interfaces:${AMENT_PREFIX_PATH} CMAKE_PREFIX_PATH=/home/wdr/ros_ws/install/auto_aim_interfaces:/opt/ros/humble LD_LIBRARY_PATH=/home/wdr/ros_ws/install/auto_aim_interfaces/lib:/opt/MVS/lib/64:/opt/MVS/lib/32:/opt/MVS/lib/64:/opt/MVS/lib/32:/opt/ros/humble/opt/rviz_ogre_vendor/lib:/opt/ros/humble/lib/x86_64-linux-gnu:/opt/ros/humble/lib:/opt/MVS/lib/64:/opt/MVS/lib/32:/opt/MVS/lib/64:/opt/MVS/lib/32:/opt/MVS/lib/64:/opt/MVS/lib/32:/opt/MVS/lib/64:/opt/MVS/lib/32 PYTHONPATH=/home/wdr/ros_ws/install/auto_aim_interfaces/local/lib/python3.10/dist-packages:${PYTHONPATH} /usr/bin/cmake --build /home/wdr/ros_ws/build/rm_serial_driver -- -j8 -l8
[0.669s] DEBUG:colcon.colcon_core.event_handler.log_command:Invoking command in '/home/wdr/ros_ws/build/rm_serial_driver': AMENT_PREFIX_PATH=/home/wdr/ros_ws/install/auto_aim_interfaces:${AMENT_PREFIX_PATH} CMAKE_PREFIX_PATH=/home/wdr/ros_ws/install/auto_aim_interfaces:/opt/ros/humble LD_LIBRARY_PATH=/home/wdr/ros_ws/install/auto_aim_interfaces/lib:/opt/MVS/lib/64:/opt/MVS/lib/32:/opt/MVS/lib/64:/opt/MVS/lib/32:/opt/ros/humble/opt/rviz_ogre_vendor/lib:/opt/ros/humble/lib/x86_64-linux-gnu:/opt/ros/humble/lib:/opt/MVS/lib/64:/opt/MVS/lib/32:/opt/MVS/lib/64:/opt/MVS/lib/32:/opt/MVS/lib/64:/opt/MVS/lib/32:/opt/MVS/lib/64:/opt/MVS/lib/32 PYTHONPATH=/home/wdr/ros_ws/install/auto_aim_interfaces/local/lib/python3.10/dist-packages:${PYTHONPATH} /usr/bin/cmake --install /home/wdr/ros_ws/build/rm_serial_driver
[0.674s] DEBUG:colcon.colcon_core.event_handler.log_command:Invoked command in '/home/wdr/ros_ws/build/armor_tracker' returned '0': AMENT_PREFIX_PATH=/home/wdr/ros_ws/install/auto_aim_interfaces:${AMENT_PREFIX_PATH} CMAKE_PREFIX_PATH=/home/wdr/ros_ws/install/auto_aim_interfaces:/opt/ros/humble LD_LIBRARY_PATH=/home/wdr/ros_ws/install/auto_aim_interfaces/lib:/opt/MVS/lib/64:/opt/MVS/lib/32:/opt/MVS/lib/64:/opt/MVS/lib/32:/opt/ros/humble/opt/rviz_ogre_vendor/lib:/opt/ros/humble/lib/x86_64-linux-gnu:/opt/ros/humble/lib:/opt/MVS/lib/64:/opt/MVS/lib/32:/opt/MVS/lib/64:/opt/MVS/lib/32:/opt/MVS/lib/64:/opt/MVS/lib/32:/opt/MVS/lib/64:/opt/MVS/lib/32 PYTHONPATH=/home/wdr/ros_ws/install/auto_aim_interfaces/local/lib/python3.10/dist-packages:${PYTHONPATH} /usr/bin/cmake --build /home/wdr/ros_ws/build/armor_tracker -- -j8 -l8
[0.676s] DEBUG:colcon.colcon_core.event_handler.log_command:Invoking command in '/home/wdr/ros_ws/build/armor_tracker': AMENT_PREFIX_PATH=/home/wdr/ros_ws/install/auto_aim_interfaces:${AMENT_PREFIX_PATH} CMAKE_PREFIX_PATH=/home/wdr/ros_ws/install/auto_aim_interfaces:/opt/ros/humble LD_LIBRARY_PATH=/home/wdr/ros_ws/install/auto_aim_interfaces/lib:/opt/MVS/lib/64:/opt/MVS/lib/32:/opt/MVS/lib/64:/opt/MVS/lib/32:/opt/ros/humble/opt/rviz_ogre_vendor/lib:/opt/ros/humble/lib/x86_64-linux-gnu:/opt/ros/humble/lib:/opt/MVS/lib/64:/opt/MVS/lib/32:/opt/MVS/lib/64:/opt/MVS/lib/32:/opt/MVS/lib/64:/opt/MVS/lib/32:/opt/MVS/lib/64:/opt/MVS/lib/32 PYTHONPATH=/home/wdr/ros_ws/install/auto_aim_interfaces/local/lib/python3.10/dist-packages:${PYTHONPATH} /usr/bin/cmake --install /home/wdr/ros_ws/build/armor_tracker
[0.691s] Level 1:colcon.colcon_core.environment:create_environment_scripts_only(rm_serial_driver)
[0.692s] Level 1:colcon.colcon_core.environment:checking '/home/wdr/ros_ws/install/rm_serial_driver' for CMake module files
[0.692s] DEBUG:colcon.colcon_core.event_handler.log_command:Invoked command in '/home/wdr/ros_ws/build/rm_serial_driver' returned '0': AMENT_PREFIX_PATH=/home/wdr/ros_ws/install/auto_aim_interfaces:${AMENT_PREFIX_PATH} CMAKE_PREFIX_PATH=/home/wdr/ros_ws/install/auto_aim_interfaces:/opt/ros/humble LD_LIBRARY_PATH=/home/wdr/ros_ws/install/auto_aim_interfaces/lib:/opt/MVS/lib/64:/opt/MVS/lib/32:/opt/MVS/lib/64:/opt/MVS/lib/32:/opt/ros/humble/opt/rviz_ogre_vendor/lib:/opt/ros/humble/lib/x86_64-linux-gnu:/opt/ros/humble/lib:/opt/MVS/lib/64:/opt/MVS/lib/32:/opt/MVS/lib/64:/opt/MVS/lib/32:/opt/MVS/lib/64:/opt/MVS/lib/32:/opt/MVS/lib/64:/opt/MVS/lib/32 PYTHONPATH=/home/wdr/ros_ws/install/auto_aim_interfaces/local/lib/python3.10/dist-packages:${PYTHONPATH} /usr/bin/cmake --install /home/wdr/ros_ws/build/rm_serial_driver
[0.693s] Level 1:colcon.colcon_core.environment:checking '/home/wdr/ros_ws/install/rm_serial_driver' for CMake config files
[0.694s] Level 1:colcon.colcon_core.shell:create_environment_hook('rm_serial_driver', 'cmake_prefix_path')
[0.694s] INFO:colcon.colcon_core.shell:Creating environment hook '/home/wdr/ros_ws/install/rm_serial_driver/share/rm_serial_driver/hook/cmake_prefix_path.ps1'
[0.695s] INFO:colcon.colcon_core.shell:Creating environment descriptor '/home/wdr/ros_ws/install/rm_serial_driver/share/rm_serial_driver/hook/cmake_prefix_path.dsv'
[0.695s] INFO:colcon.colcon_core.shell:Creating environment hook '/home/wdr/ros_ws/install/rm_serial_driver/share/rm_serial_driver/hook/cmake_prefix_path.sh'
[0.696s] Level 1:colcon.colcon_core.environment:checking '/home/wdr/ros_ws/install/rm_serial_driver/lib'
[0.696s] Level 1:colcon.colcon_core.shell:create_environment_hook('rm_serial_driver', 'ld_library_path_lib')
[0.697s] INFO:colcon.colcon_core.shell:Creating environment hook '/home/wdr/ros_ws/install/rm_serial_driver/share/rm_serial_driver/hook/ld_library_path_lib.ps1'
[0.697s] INFO:colcon.colcon_core.shell:Creating environment descriptor '/home/wdr/ros_ws/install/rm_serial_driver/share/rm_serial_driver/hook/ld_library_path_lib.dsv'
[0.697s] INFO:colcon.colcon_core.shell:Creating environment hook '/home/wdr/ros_ws/install/rm_serial_driver/share/rm_serial_driver/hook/ld_library_path_lib.sh'
[0.698s] Level 1:colcon.colcon_core.environment:checking '/home/wdr/ros_ws/install/rm_serial_driver/bin'
[0.698s] Level 1:colcon.colcon_core.environment:checking '/home/wdr/ros_ws/install/rm_serial_driver/lib/pkgconfig/rm_serial_driver.pc'
[0.698s] Level 1:colcon.colcon_core.environment:checking '/home/wdr/ros_ws/install/rm_serial_driver/lib/python3.10/site-packages'
[0.698s] Level 1:colcon.colcon_core.environment:checking '/home/wdr/ros_ws/install/rm_serial_driver/bin'
[0.699s] INFO:colcon.colcon_core.shell:Creating package script '/home/wdr/ros_ws/install/rm_serial_driver/share/rm_serial_driver/package.ps1'
[0.700s] INFO:colcon.colcon_core.shell:Creating package descriptor '/home/wdr/ros_ws/install/rm_serial_driver/share/rm_serial_driver/package.dsv'
[0.700s] INFO:colcon.colcon_core.shell:Creating package script '/home/wdr/ros_ws/install/rm_serial_driver/share/rm_serial_driver/package.sh'
[0.700s] INFO:colcon.colcon_core.shell:Creating package script '/home/wdr/ros_ws/install/rm_serial_driver/share/rm_serial_driver/package.bash'
[0.701s] INFO:colcon.colcon_core.shell:Creating package script '/home/wdr/ros_ws/install/rm_serial_driver/share/rm_serial_driver/package.zsh'
[0.701s] Level 1:colcon.colcon_core.environment:create_file_with_runtime_dependencies(/home/wdr/ros_ws/install/rm_serial_driver/share/colcon-core/packages/rm_serial_driver)
[0.702s] Level 1:colcon.colcon_core.environment:create_environment_scripts_only(rm_serial_driver)
[0.702s] Level 1:colcon.colcon_core.environment:checking '/home/wdr/ros_ws/install/rm_serial_driver' for CMake module files
[0.703s] Level 1:colcon.colcon_core.environment:checking '/home/wdr/ros_ws/install/rm_serial_driver' for CMake config files
[0.703s] Level 1:colcon.colcon_core.shell:create_environment_hook('rm_serial_driver', 'cmake_prefix_path')
[0.704s] INFO:colcon.colcon_core.shell:Creating environment hook '/home/wdr/ros_ws/install/rm_serial_driver/share/rm_serial_driver/hook/cmake_prefix_path.ps1'
[0.704s] INFO:colcon.colcon_core.shell:Creating environment descriptor '/home/wdr/ros_ws/install/rm_serial_driver/share/rm_serial_driver/hook/cmake_prefix_path.dsv'
[0.705s] INFO:colcon.colcon_core.shell:Creating environment hook '/home/wdr/ros_ws/install/rm_serial_driver/share/rm_serial_driver/hook/cmake_prefix_path.sh'
[0.705s] Level 1:colcon.colcon_core.environment:checking '/home/wdr/ros_ws/install/rm_serial_driver/lib'
[0.705s] Level 1:colcon.colcon_core.shell:create_environment_hook('rm_serial_driver', 'ld_library_path_lib')
[0.705s] INFO:colcon.colcon_core.shell:Creating environment hook '/home/wdr/ros_ws/install/rm_serial_driver/share/rm_serial_driver/hook/ld_library_path_lib.ps1'
[0.706s] INFO:colcon.colcon_core.shell:Creating environment descriptor '/home/wdr/ros_ws/install/rm_serial_driver/share/rm_serial_driver/hook/ld_library_path_lib.dsv'
[0.706s] INFO:colcon.colcon_core.shell:Creating environment hook '/home/wdr/ros_ws/install/rm_serial_driver/share/rm_serial_driver/hook/ld_library_path_lib.sh'
[0.706s] Level 1:colcon.colcon_core.environment:checking '/home/wdr/ros_ws/install/rm_serial_driver/bin'
[0.706s] Level 1:colcon.colcon_core.environment:checking '/home/wdr/ros_ws/install/rm_serial_driver/lib/pkgconfig/rm_serial_driver.pc'
[0.706s] Level 1:colcon.colcon_core.environment:checking '/home/wdr/ros_ws/install/rm_serial_driver/lib/python3.10/site-packages'
[0.707s] Level 1:colcon.colcon_core.environment:checking '/home/wdr/ros_ws/install/rm_serial_driver/bin'
[0.707s] INFO:colcon.colcon_core.shell:Creating package script '/home/wdr/ros_ws/install/rm_serial_driver/share/rm_serial_driver/package.ps1'
[0.708s] INFO:colcon.colcon_core.shell:Creating package descriptor '/home/wdr/ros_ws/install/rm_serial_driver/share/rm_serial_driver/package.dsv'
[0.708s] INFO:colcon.colcon_core.shell:Creating package script '/home/wdr/ros_ws/install/rm_serial_driver/share/rm_serial_driver/package.sh'
[0.708s] INFO:colcon.colcon_core.shell:Creating package script '/home/wdr/ros_ws/install/rm_serial_driver/share/rm_serial_driver/package.bash'
[0.709s] INFO:colcon.colcon_core.shell:Creating package script '/home/wdr/ros_ws/install/rm_serial_driver/share/rm_serial_driver/package.zsh'
[0.709s] Level 1:colcon.colcon_core.environment:create_file_with_runtime_dependencies(/home/wdr/ros_ws/install/rm_serial_driver/share/colcon-core/packages/rm_serial_driver)
[0.709s] INFO:colcon.colcon_ros.task.ament_cmake.build:Building ROS package in '/home/wdr/ros_ws/src/rm_vision/rm_vision_bringup' with build type 'ament_cmake'
[0.710s] INFO:colcon.colcon_cmake.task.cmake.build:Building CMake package in '/home/wdr/ros_ws/src/rm_vision/rm_vision_bringup'
[0.710s] INFO:colcon.colcon_core.shell:Skip shell extension 'powershell' for command environment: Not usable outside of PowerShell
[0.710s] DEBUG:colcon.colcon_core.shell:Skip shell extension 'dsv' for command environment
[0.712s] Level 1:colcon.colcon_core.environment:create_environment_scripts_only(armor_tracker)
[0.713s] Level 1:colcon.colcon_core.environment:checking '/home/wdr/ros_ws/install/armor_tracker' for CMake module files
[0.713s] DEBUG:colcon.colcon_core.event_handler.log_command:Invoked command in '/home/wdr/ros_ws/build/armor_tracker' returned '0': AMENT_PREFIX_PATH=/home/wdr/ros_ws/install/auto_aim_interfaces:${AMENT_PREFIX_PATH} CMAKE_PREFIX_PATH=/home/wdr/ros_ws/install/auto_aim_interfaces:/opt/ros/humble LD_LIBRARY_PATH=/home/wdr/ros_ws/install/auto_aim_interfaces/lib:/opt/MVS/lib/64:/opt/MVS/lib/32:/opt/MVS/lib/64:/opt/MVS/lib/32:/opt/ros/humble/opt/rviz_ogre_vendor/lib:/opt/ros/humble/lib/x86_64-linux-gnu:/opt/ros/humble/lib:/opt/MVS/lib/64:/opt/MVS/lib/32:/opt/MVS/lib/64:/opt/MVS/lib/32:/opt/MVS/lib/64:/opt/MVS/lib/32:/opt/MVS/lib/64:/opt/MVS/lib/32 PYTHONPATH=/home/wdr/ros_ws/install/auto_aim_interfaces/local/lib/python3.10/dist-packages:${PYTHONPATH} /usr/bin/cmake --install /home/wdr/ros_ws/build/armor_tracker
[0.713s] Level 1:colcon.colcon_core.environment:checking '/home/wdr/ros_ws/install/armor_tracker' for CMake config files
[0.714s] Level 1:colcon.colcon_core.shell:create_environment_hook('armor_tracker', 'cmake_prefix_path')
[0.714s] INFO:colcon.colcon_core.shell:Creating environment hook '/home/wdr/ros_ws/install/armor_tracker/share/armor_tracker/hook/cmake_prefix_path.ps1'
[0.714s] INFO:colcon.colcon_core.shell:Creating environment descriptor '/home/wdr/ros_ws/install/armor_tracker/share/armor_tracker/hook/cmake_prefix_path.dsv'
[0.715s] INFO:colcon.colcon_core.shell:Creating environment hook '/home/wdr/ros_ws/install/armor_tracker/share/armor_tracker/hook/cmake_prefix_path.sh'
[0.715s] Level 1:colcon.colcon_core.environment:checking '/home/wdr/ros_ws/install/armor_tracker/lib'
[0.715s] Level 1:colcon.colcon_core.shell:create_environment_hook('armor_tracker', 'ld_library_path_lib')
[0.716s] INFO:colcon.colcon_core.shell:Creating environment hook '/home/wdr/ros_ws/install/armor_tracker/share/armor_tracker/hook/ld_library_path_lib.ps1'
[0.716s] INFO:colcon.colcon_core.shell:Creating environment descriptor '/home/wdr/ros_ws/install/armor_tracker/share/armor_tracker/hook/ld_library_path_lib.dsv'
[0.717s] INFO:colcon.colcon_core.shell:Creating environment hook '/home/wdr/ros_ws/install/armor_tracker/share/armor_tracker/hook/ld_library_path_lib.sh'
[0.717s] Level 1:colcon.colcon_core.environment:checking '/home/wdr/ros_ws/install/armor_tracker/bin'
[0.717s] Level 1:colcon.colcon_core.environment:checking '/home/wdr/ros_ws/install/armor_tracker/lib/pkgconfig/armor_tracker.pc'
[0.717s] Level 1:colcon.colcon_core.environment:checking '/home/wdr/ros_ws/install/armor_tracker/lib/python3.10/site-packages'
[0.717s] Level 1:colcon.colcon_core.environment:checking '/home/wdr/ros_ws/install/armor_tracker/bin'
[0.718s] INFO:colcon.colcon_core.shell:Creating package script '/home/wdr/ros_ws/install/armor_tracker/share/armor_tracker/package.ps1'
[0.719s] INFO:colcon.colcon_core.shell:Creating package descriptor '/home/wdr/ros_ws/install/armor_tracker/share/armor_tracker/package.dsv'
[0.720s] INFO:colcon.colcon_core.shell:Creating package script '/home/wdr/ros_ws/install/armor_tracker/share/armor_tracker/package.sh'
[0.720s] INFO:colcon.colcon_core.shell:Creating package script '/home/wdr/ros_ws/install/armor_tracker/share/armor_tracker/package.bash'
[0.721s] INFO:colcon.colcon_core.shell:Creating package script '/home/wdr/ros_ws/install/armor_tracker/share/armor_tracker/package.zsh'
[0.722s] Level 1:colcon.colcon_core.environment:create_file_with_runtime_dependencies(/home/wdr/ros_ws/install/armor_tracker/share/colcon-core/packages/armor_tracker)
[0.722s] Level 1:colcon.colcon_core.environment:create_environment_scripts_only(armor_tracker)
[0.723s] Level 1:colcon.colcon_core.environment:checking '/home/wdr/ros_ws/install/armor_tracker' for CMake module files
[0.723s] Level 1:colcon.colcon_core.environment:checking '/home/wdr/ros_ws/install/armor_tracker' for CMake config files
[0.723s] Level 1:colcon.colcon_core.shell:create_environment_hook('armor_tracker', 'cmake_prefix_path')
[0.723s] INFO:colcon.colcon_core.shell:Creating environment hook '/home/wdr/ros_ws/install/armor_tracker/share/armor_tracker/hook/cmake_prefix_path.ps1'
[0.724s] INFO:colcon.colcon_core.shell:Creating environment descriptor '/home/wdr/ros_ws/install/armor_tracker/share/armor_tracker/hook/cmake_prefix_path.dsv'
[0.724s] INFO:colcon.colcon_core.shell:Creating environment hook '/home/wdr/ros_ws/install/armor_tracker/share/armor_tracker/hook/cmake_prefix_path.sh'
[0.725s] Level 1:colcon.colcon_core.environment:checking '/home/wdr/ros_ws/install/armor_tracker/lib'
[0.725s] Level 1:colcon.colcon_core.shell:create_environment_hook('armor_tracker', 'ld_library_path_lib')
[0.725s] INFO:colcon.colcon_core.shell:Creating environment hook '/home/wdr/ros_ws/install/armor_tracker/share/armor_tracker/hook/ld_library_path_lib.ps1'
[0.725s] INFO:colcon.colcon_core.shell:Creating environment descriptor '/home/wdr/ros_ws/install/armor_tracker/share/armor_tracker/hook/ld_library_path_lib.dsv'
[0.725s] INFO:colcon.colcon_core.shell:Creating environment hook '/home/wdr/ros_ws/install/armor_tracker/share/armor_tracker/hook/ld_library_path_lib.sh'
[0.726s] Level 1:colcon.colcon_core.environment:checking '/home/wdr/ros_ws/install/armor_tracker/bin'
[0.726s] Level 1:colcon.colcon_core.environment:checking '/home/wdr/ros_ws/install/armor_tracker/lib/pkgconfig/armor_tracker.pc'
[0.726s] Level 1:colcon.colcon_core.environment:checking '/home/wdr/ros_ws/install/armor_tracker/lib/python3.10/site-packages'
[0.726s] Level 1:colcon.colcon_core.environment:checking '/home/wdr/ros_ws/install/armor_tracker/bin'
[0.726s] INFO:colcon.colcon_core.shell:Creating package script '/home/wdr/ros_ws/install/armor_tracker/share/armor_tracker/package.ps1'
[0.727s] INFO:colcon.colcon_core.shell:Creating package descriptor '/home/wdr/ros_ws/install/armor_tracker/share/armor_tracker/package.dsv'
[0.727s] INFO:colcon.colcon_core.shell:Creating package script '/home/wdr/ros_ws/install/armor_tracker/share/armor_tracker/package.sh'
[0.727s] INFO:colcon.colcon_core.shell:Creating package script '/home/wdr/ros_ws/install/armor_tracker/share/armor_tracker/package.bash'
[0.728s] INFO:colcon.colcon_core.shell:Creating package script '/home/wdr/ros_ws/install/armor_tracker/share/armor_tracker/package.zsh'
[0.728s] Level 1:colcon.colcon_core.environment:create_file_with_runtime_dependencies(/home/wdr/ros_ws/install/armor_tracker/share/colcon-core/packages/armor_tracker)
[0.730s] DEBUG:colcon.colcon_core.event_handler.log_command:Invoked command in '/home/wdr/ros_ws/build/armor_detector' returned '0': AMENT_PREFIX_PATH=/home/wdr/ros_ws/install/auto_aim_interfaces:${AMENT_PREFIX_PATH} CMAKE_PREFIX_PATH=/home/wdr/ros_ws/install/auto_aim_interfaces:/opt/ros/humble LD_LIBRARY_PATH=/home/wdr/ros_ws/install/auto_aim_interfaces/lib:/opt/MVS/lib/64:/opt/MVS/lib/32:/opt/MVS/lib/64:/opt/MVS/lib/32:/opt/ros/humble/opt/rviz_ogre_vendor/lib:/opt/ros/humble/lib/x86_64-linux-gnu:/opt/ros/humble/lib:/opt/MVS/lib/64:/opt/MVS/lib/32:/opt/MVS/lib/64:/opt/MVS/lib/32:/opt/MVS/lib/64:/opt/MVS/lib/32:/opt/MVS/lib/64:/opt/MVS/lib/32 PYTHONPATH=/home/wdr/ros_ws/install/auto_aim_interfaces/local/lib/python3.10/dist-packages:${PYTHONPATH} /usr/bin/cmake --build /home/wdr/ros_ws/build/armor_detector -- -j8 -l8
[0.731s] DEBUG:colcon.colcon_core.event_handler.log_command:Invoking command in '/home/wdr/ros_ws/build/armor_detector': AMENT_PREFIX_PATH=/home/wdr/ros_ws/install/auto_aim_interfaces:${AMENT_PREFIX_PATH} CMAKE_PREFIX_PATH=/home/wdr/ros_ws/install/auto_aim_interfaces:/opt/ros/humble LD_LIBRARY_PATH=/home/wdr/ros_ws/install/auto_aim_interfaces/lib:/opt/MVS/lib/64:/opt/MVS/lib/32:/opt/MVS/lib/64:/opt/MVS/lib/32:/opt/ros/humble/opt/rviz_ogre_vendor/lib:/opt/ros/humble/lib/x86_64-linux-gnu:/opt/ros/humble/lib:/opt/MVS/lib/64:/opt/MVS/lib/32:/opt/MVS/lib/64:/opt/MVS/lib/32:/opt/MVS/lib/64:/opt/MVS/lib/32:/opt/MVS/lib/64:/opt/MVS/lib/32 PYTHONPATH=/home/wdr/ros_ws/install/auto_aim_interfaces/local/lib/python3.10/dist-packages:${PYTHONPATH} /usr/bin/cmake --install /home/wdr/ros_ws/build/armor_detector
[0.733s] DEBUG:colcon.colcon_core.event_handler.log_command:Invoking command in '/home/wdr/ros_ws/build/rm_vision_bringup': AMENT_PREFIX_PATH=/home/wdr/ros_ws/install/rm_serial_driver:/home/wdr/ros_ws/install/auto_aim_interfaces:${AMENT_PREFIX_PATH} CMAKE_PREFIX_PATH=/home/wdr/ros_ws/install/rm_serial_driver:/home/wdr/ros_ws/install/auto_aim_interfaces:/opt/ros/humble LD_LIBRARY_PATH=/home/wdr/ros_ws/install/rm_serial_driver/lib:/home/wdr/ros_ws/install/auto_aim_interfaces/lib:/opt/MVS/lib/64:/opt/MVS/lib/32:/opt/MVS/lib/64:/opt/MVS/lib/32:/opt/ros/humble/opt/rviz_ogre_vendor/lib:/opt/ros/humble/lib/x86_64-linux-gnu:/opt/ros/humble/lib:/opt/MVS/lib/64:/opt/MVS/lib/32:/opt/MVS/lib/64:/opt/MVS/lib/32:/opt/MVS/lib/64:/opt/MVS/lib/32:/opt/MVS/lib/64:/opt/MVS/lib/32 PYTHONPATH=/home/wdr/ros_ws/install/auto_aim_interfaces/local/lib/python3.10/dist-packages:${PYTHONPATH} /usr/bin/cmake --build /home/wdr/ros_ws/build/rm_vision_bringup -- -j8 -l8
[0.753s] Level 1:colcon.colcon_core.environment:create_environment_scripts_only(armor_detector)
[0.753s] Level 1:colcon.colcon_core.environment:checking '/home/wdr/ros_ws/install/armor_detector' for CMake module files
[0.753s] DEBUG:colcon.colcon_core.event_handler.log_command:Invoked command in '/home/wdr/ros_ws/build/armor_detector' returned '0': AMENT_PREFIX_PATH=/home/wdr/ros_ws/install/auto_aim_interfaces:${AMENT_PREFIX_PATH} CMAKE_PREFIX_PATH=/home/wdr/ros_ws/install/auto_aim_interfaces:/opt/ros/humble LD_LIBRARY_PATH=/home/wdr/ros_ws/install/auto_aim_interfaces/lib:/opt/MVS/lib/64:/opt/MVS/lib/32:/opt/MVS/lib/64:/opt/MVS/lib/32:/opt/ros/humble/opt/rviz_ogre_vendor/lib:/opt/ros/humble/lib/x86_64-linux-gnu:/opt/ros/humble/lib:/opt/MVS/lib/64:/opt/MVS/lib/32:/opt/MVS/lib/64:/opt/MVS/lib/32:/opt/MVS/lib/64:/opt/MVS/lib/32:/opt/MVS/lib/64:/opt/MVS/lib/32 PYTHONPATH=/home/wdr/ros_ws/install/auto_aim_interfaces/local/lib/python3.10/dist-packages:${PYTHONPATH} /usr/bin/cmake --install /home/wdr/ros_ws/build/armor_detector
[0.754s] Level 1:colcon.colcon_core.environment:checking '/home/wdr/ros_ws/install/armor_detector' for CMake config files
[0.754s] Level 1:colcon.colcon_core.shell:create_environment_hook('armor_detector', 'cmake_prefix_path')
[0.754s] INFO:colcon.colcon_core.shell:Creating environment hook '/home/wdr/ros_ws/install/armor_detector/share/armor_detector/hook/cmake_prefix_path.ps1'
[0.755s] INFO:colcon.colcon_core.shell:Creating environment descriptor '/home/wdr/ros_ws/install/armor_detector/share/armor_detector/hook/cmake_prefix_path.dsv'
[0.755s] INFO:colcon.colcon_core.shell:Creating environment hook '/home/wdr/ros_ws/install/armor_detector/share/armor_detector/hook/cmake_prefix_path.sh'
[0.755s] Level 1:colcon.colcon_core.environment:checking '/home/wdr/ros_ws/install/armor_detector/lib'
[0.755s] Level 1:colcon.colcon_core.shell:create_environment_hook('armor_detector', 'ld_library_path_lib')
[0.755s] INFO:colcon.colcon_core.shell:Creating environment hook '/home/wdr/ros_ws/install/armor_detector/share/armor_detector/hook/ld_library_path_lib.ps1'
[0.756s] INFO:colcon.colcon_core.shell:Creating environment descriptor '/home/wdr/ros_ws/install/armor_detector/share/armor_detector/hook/ld_library_path_lib.dsv'
[0.756s] INFO:colcon.colcon_core.shell:Creating environment hook '/home/wdr/ros_ws/install/armor_detector/share/armor_detector/hook/ld_library_path_lib.sh'
[0.756s] Level 1:colcon.colcon_core.environment:checking '/home/wdr/ros_ws/install/armor_detector/bin'
[0.756s] Level 1:colcon.colcon_core.environment:checking '/home/wdr/ros_ws/install/armor_detector/lib/pkgconfig/armor_detector.pc'
[0.756s] Level 1:colcon.colcon_core.environment:checking '/home/wdr/ros_ws/install/armor_detector/lib/python3.10/site-packages'
[0.757s] Level 1:colcon.colcon_core.environment:checking '/home/wdr/ros_ws/install/armor_detector/bin'
[0.757s] INFO:colcon.colcon_core.shell:Creating package script '/home/wdr/ros_ws/install/armor_detector/share/armor_detector/package.ps1'
[0.757s] INFO:colcon.colcon_core.shell:Creating package descriptor '/home/wdr/ros_ws/install/armor_detector/share/armor_detector/package.dsv'
[0.757s] INFO:colcon.colcon_core.shell:Creating package script '/home/wdr/ros_ws/install/armor_detector/share/armor_detector/package.sh'
[0.758s] INFO:colcon.colcon_core.shell:Creating package script '/home/wdr/ros_ws/install/armor_detector/share/armor_detector/package.bash'
[0.758s] INFO:colcon.colcon_core.shell:Creating package script '/home/wdr/ros_ws/install/armor_detector/share/armor_detector/package.zsh'
[0.758s] Level 1:colcon.colcon_core.environment:create_file_with_runtime_dependencies(/home/wdr/ros_ws/install/armor_detector/share/colcon-core/packages/armor_detector)
[0.759s] Level 1:colcon.colcon_core.environment:create_environment_scripts_only(armor_detector)
[0.759s] Level 1:colcon.colcon_core.environment:checking '/home/wdr/ros_ws/install/armor_detector' for CMake module files
[0.760s] Level 1:colcon.colcon_core.environment:checking '/home/wdr/ros_ws/install/armor_detector' for CMake config files
[0.760s] Level 1:colcon.colcon_core.shell:create_environment_hook('armor_detector', 'cmake_prefix_path')
[0.760s] INFO:colcon.colcon_core.shell:Creating environment hook '/home/wdr/ros_ws/install/armor_detector/share/armor_detector/hook/cmake_prefix_path.ps1'
[0.760s] INFO:colcon.colcon_core.shell:Creating environment descriptor '/home/wdr/ros_ws/install/armor_detector/share/armor_detector/hook/cmake_prefix_path.dsv'
[0.761s] INFO:colcon.colcon_core.shell:Creating environment hook '/home/wdr/ros_ws/install/armor_detector/share/armor_detector/hook/cmake_prefix_path.sh'
[0.761s] Level 1:colcon.colcon_core.environment:checking '/home/wdr/ros_ws/install/armor_detector/lib'
[0.761s] Level 1:colcon.colcon_core.shell:create_environment_hook('armor_detector', 'ld_library_path_lib')
[0.761s] INFO:colcon.colcon_core.shell:Creating environment hook '/home/wdr/ros_ws/install/armor_detector/share/armor_detector/hook/ld_library_path_lib.ps1'
[0.762s] INFO:colcon.colcon_core.shell:Creating environment descriptor '/home/wdr/ros_ws/install/armor_detector/share/armor_detector/hook/ld_library_path_lib.dsv'
[0.762s] INFO:colcon.colcon_core.shell:Creating environment hook '/home/wdr/ros_ws/install/armor_detector/share/armor_detector/hook/ld_library_path_lib.sh'
[0.762s] Level 1:colcon.colcon_core.environment:checking '/home/wdr/ros_ws/install/armor_detector/bin'
[0.762s] Level 1:colcon.colcon_core.environment:checking '/home/wdr/ros_ws/install/armor_detector/lib/pkgconfig/armor_detector.pc'
[0.762s] Level 1:colcon.colcon_core.environment:checking '/home/wdr/ros_ws/install/armor_detector/lib/python3.10/site-packages'
[0.762s] Level 1:colcon.colcon_core.environment:checking '/home/wdr/ros_ws/install/armor_detector/bin'
[0.763s] INFO:colcon.colcon_core.shell:Creating package script '/home/wdr/ros_ws/install/armor_detector/share/armor_detector/package.ps1'
[0.763s] INFO:colcon.colcon_core.shell:Creating package descriptor '/home/wdr/ros_ws/install/armor_detector/share/armor_detector/package.dsv'
[0.763s] INFO:colcon.colcon_core.shell:Creating package script '/home/wdr/ros_ws/install/armor_detector/share/armor_detector/package.sh'
[0.763s] INFO:colcon.colcon_core.shell:Creating package script '/home/wdr/ros_ws/install/armor_detector/share/armor_detector/package.bash'
[0.764s] INFO:colcon.colcon_core.shell:Creating package script '/home/wdr/ros_ws/install/armor_detector/share/armor_detector/package.zsh'
[0.764s] Level 1:colcon.colcon_core.environment:create_file_with_runtime_dependencies(/home/wdr/ros_ws/install/armor_detector/share/colcon-core/packages/armor_detector)
[0.769s] DEBUG:colcon.colcon_core.event_handler.log_command:Invoked command in '/home/wdr/ros_ws/build/rm_vision_bringup' returned '0': AMENT_PREFIX_PATH=/home/wdr/ros_ws/install/rm_serial_driver:/home/wdr/ros_ws/install/auto_aim_interfaces:${AMENT_PREFIX_PATH} CMAKE_PREFIX_PATH=/home/wdr/ros_ws/install/rm_serial_driver:/home/wdr/ros_ws/install/auto_aim_interfaces:/opt/ros/humble LD_LIBRARY_PATH=/home/wdr/ros_ws/install/rm_serial_driver/lib:/home/wdr/ros_ws/install/auto_aim_interfaces/lib:/opt/MVS/lib/64:/opt/MVS/lib/32:/opt/MVS/lib/64:/opt/MVS/lib/32:/opt/ros/humble/opt/rviz_ogre_vendor/lib:/opt/ros/humble/lib/x86_64-linux-gnu:/opt/ros/humble/lib:/opt/MVS/lib/64:/opt/MVS/lib/32:/opt/MVS/lib/64:/opt/MVS/lib/32:/opt/MVS/lib/64:/opt/MVS/lib/32:/opt/MVS/lib/64:/opt/MVS/lib/32 PYTHONPATH=/home/wdr/ros_ws/install/auto_aim_interfaces/local/lib/python3.10/dist-packages:${PYTHONPATH} /usr/bin/cmake --build /home/wdr/ros_ws/build/rm_vision_bringup -- -j8 -l8
[0.772s] DEBUG:colcon.colcon_core.event_handler.log_command:Invoking command in '/home/wdr/ros_ws/build/rm_vision_bringup': AMENT_PREFIX_PATH=/home/wdr/ros_ws/install/rm_serial_driver:/home/wdr/ros_ws/install/auto_aim_interfaces:${AMENT_PREFIX_PATH} CMAKE_PREFIX_PATH=/home/wdr/ros_ws/install/rm_serial_driver:/home/wdr/ros_ws/install/auto_aim_interfaces:/opt/ros/humble LD_LIBRARY_PATH=/home/wdr/ros_ws/install/rm_serial_driver/lib:/home/wdr/ros_ws/install/auto_aim_interfaces/lib:/opt/MVS/lib/64:/opt/MVS/lib/32:/opt/MVS/lib/64:/opt/MVS/lib/32:/opt/ros/humble/opt/rviz_ogre_vendor/lib:/opt/ros/humble/lib/x86_64-linux-gnu:/opt/ros/humble/lib:/opt/MVS/lib/64:/opt/MVS/lib/32:/opt/MVS/lib/64:/opt/MVS/lib/32:/opt/MVS/lib/64:/opt/MVS/lib/32:/opt/MVS/lib/64:/opt/MVS/lib/32 PYTHONPATH=/home/wdr/ros_ws/install/auto_aim_interfaces/local/lib/python3.10/dist-packages:${PYTHONPATH} /usr/bin/cmake --install /home/wdr/ros_ws/build/rm_vision_bringup
[0.796s] Level 1:colcon.colcon_core.environment:create_environment_scripts_only(rm_vision_bringup)
[0.797s] Level 1:colcon.colcon_core.environment:checking '/home/wdr/ros_ws/install/rm_vision_bringup' for CMake module files
[0.798s] Level 1:colcon.colcon_core.environment:checking '/home/wdr/ros_ws/install/rm_vision_bringup' for CMake config files
[0.799s] Level 1:colcon.colcon_core.shell:create_environment_hook('rm_vision_bringup', 'cmake_prefix_path')
[0.797s] DEBUG:colcon.colcon_core.event_handler.log_command:Invoked command in '/home/wdr/ros_ws/build/rm_vision_bringup' returned '0': AMENT_PREFIX_PATH=/home/wdr/ros_ws/install/rm_serial_driver:/home/wdr/ros_ws/install/auto_aim_interfaces:${AMENT_PREFIX_PATH} CMAKE_PREFIX_PATH=/home/wdr/ros_ws/install/rm_serial_driver:/home/wdr/ros_ws/install/auto_aim_interfaces:/opt/ros/humble LD_LIBRARY_PATH=/home/wdr/ros_ws/install/rm_serial_driver/lib:/home/wdr/ros_ws/install/auto_aim_interfaces/lib:/opt/MVS/lib/64:/opt/MVS/lib/32:/opt/MVS/lib/64:/opt/MVS/lib/32:/opt/ros/humble/opt/rviz_ogre_vendor/lib:/opt/ros/humble/lib/x86_64-linux-gnu:/opt/ros/humble/lib:/opt/MVS/lib/64:/opt/MVS/lib/32:/opt/MVS/lib/64:/opt/MVS/lib/32:/opt/MVS/lib/64:/opt/MVS/lib/32:/opt/MVS/lib/64:/opt/MVS/lib/32 PYTHONPATH=/home/wdr/ros_ws/install/auto_aim_interfaces/local/lib/python3.10/dist-packages:${PYTHONPATH} /usr/bin/cmake --install /home/wdr/ros_ws/build/rm_vision_bringup
[0.799s] INFO:colcon.colcon_core.shell:Creating environment hook '/home/wdr/ros_ws/install/rm_vision_bringup/share/rm_vision_bringup/hook/cmake_prefix_path.ps1'
[0.800s] INFO:colcon.colcon_core.shell:Creating environment descriptor '/home/wdr/ros_ws/install/rm_vision_bringup/share/rm_vision_bringup/hook/cmake_prefix_path.dsv'
[0.801s] INFO:colcon.colcon_core.shell:Creating environment hook '/home/wdr/ros_ws/install/rm_vision_bringup/share/rm_vision_bringup/hook/cmake_prefix_path.sh'
[0.801s] Level 1:colcon.colcon_core.environment:checking '/home/wdr/ros_ws/install/rm_vision_bringup/bin'
[0.802s] Level 1:colcon.colcon_core.environment:checking '/home/wdr/ros_ws/install/rm_vision_bringup/lib/pkgconfig/rm_vision_bringup.pc'
[0.802s] Level 1:colcon.colcon_core.environment:checking '/home/wdr/ros_ws/install/rm_vision_bringup/lib/python3.10/site-packages'
[0.802s] Level 1:colcon.colcon_core.environment:checking '/home/wdr/ros_ws/install/rm_vision_bringup/bin'
[0.803s] INFO:colcon.colcon_core.shell:Creating package script '/home/wdr/ros_ws/install/rm_vision_bringup/share/rm_vision_bringup/package.ps1'
[0.803s] INFO:colcon.colcon_core.shell:Creating package descriptor '/home/wdr/ros_ws/install/rm_vision_bringup/share/rm_vision_bringup/package.dsv'
[0.804s] INFO:colcon.colcon_core.shell:Creating package script '/home/wdr/ros_ws/install/rm_vision_bringup/share/rm_vision_bringup/package.sh'
[0.805s] INFO:colcon.colcon_core.shell:Creating package script '/home/wdr/ros_ws/install/rm_vision_bringup/share/rm_vision_bringup/package.bash'
[0.805s] INFO:colcon.colcon_core.shell:Creating package script '/home/wdr/ros_ws/install/rm_vision_bringup/share/rm_vision_bringup/package.zsh'
[0.806s] Level 1:colcon.colcon_core.environment:create_file_with_runtime_dependencies(/home/wdr/ros_ws/install/rm_vision_bringup/share/colcon-core/packages/rm_vision_bringup)
[0.806s] Level 1:colcon.colcon_core.environment:create_environment_scripts_only(rm_vision_bringup)
[0.807s] Level 1:colcon.colcon_core.environment:checking '/home/wdr/ros_ws/install/rm_vision_bringup' for CMake module files
[0.807s] Level 1:colcon.colcon_core.environment:checking '/home/wdr/ros_ws/install/rm_vision_bringup' for CMake config files
[0.807s] Level 1:colcon.colcon_core.shell:create_environment_hook('rm_vision_bringup', 'cmake_prefix_path')
[0.808s] INFO:colcon.colcon_core.shell:Creating environment hook '/home/wdr/ros_ws/install/rm_vision_bringup/share/rm_vision_bringup/hook/cmake_prefix_path.ps1'
[0.808s] INFO:colcon.colcon_core.shell:Creating environment descriptor '/home/wdr/ros_ws/install/rm_vision_bringup/share/rm_vision_bringup/hook/cmake_prefix_path.dsv'
[0.809s] INFO:colcon.colcon_core.shell:Creating environment hook '/home/wdr/ros_ws/install/rm_vision_bringup/share/rm_vision_bringup/hook/cmake_prefix_path.sh'
[0.809s] Level 1:colcon.colcon_core.environment:checking '/home/wdr/ros_ws/install/rm_vision_bringup/bin'
[0.809s] Level 1:colcon.colcon_core.environment:checking '/home/wdr/ros_ws/install/rm_vision_bringup/lib/pkgconfig/rm_vision_bringup.pc'
[0.809s] Level 1:colcon.colcon_core.environment:checking '/home/wdr/ros_ws/install/rm_vision_bringup/lib/python3.10/site-packages'
[0.810s] Level 1:colcon.colcon_core.environment:checking '/home/wdr/ros_ws/install/rm_vision_bringup/bin'
[0.810s] INFO:colcon.colcon_core.shell:Creating package script '/home/wdr/ros_ws/install/rm_vision_bringup/share/rm_vision_bringup/package.ps1'
[0.810s] INFO:colcon.colcon_core.shell:Creating package descriptor '/home/wdr/ros_ws/install/rm_vision_bringup/share/rm_vision_bringup/package.dsv'
[0.811s] INFO:colcon.colcon_core.shell:Creating package script '/home/wdr/ros_ws/install/rm_vision_bringup/share/rm_vision_bringup/package.sh'
[0.811s] INFO:colcon.colcon_core.shell:Creating package script '/home/wdr/ros_ws/install/rm_vision_bringup/share/rm_vision_bringup/package.bash'
[0.812s] INFO:colcon.colcon_core.shell:Creating package script '/home/wdr/ros_ws/install/rm_vision_bringup/share/rm_vision_bringup/package.zsh'
[0.812s] Level 1:colcon.colcon_core.environment:create_file_with_runtime_dependencies(/home/wdr/ros_ws/install/rm_vision_bringup/share/colcon-core/packages/rm_vision_bringup)
[0.813s] DEBUG:colcon.colcon_parallel_executor.executor.parallel:closing loop
[0.813s] DEBUG:colcon.colcon_parallel_executor.executor.parallel:loop closed
[0.813s] DEBUG:colcon.colcon_parallel_executor.executor.parallel:run_until_complete finished with '0'
[0.814s] DEBUG:colcon.colcon_core.event_reactor:joining thread
[0.820s] INFO:colcon.colcon_core.plugin_system:Skipping extension 'colcon_notification.desktop_notification.terminal_notifier': Not used on non-Darwin systems
[0.820s] INFO:colcon.colcon_core.plugin_system:Skipping extension 'colcon_notification.desktop_notification.win32': Not used on non-Windows systems
[0.820s] INFO:colcon.colcon_notification.desktop_notification:Sending desktop notification using 'notify2'
[0.837s] DEBUG:colcon.colcon_core.event_reactor:joined thread
[0.838s] INFO:colcon.colcon_core.shell:Creating prefix script '/home/wdr/ros_ws/install/local_setup.ps1'
[0.839s] INFO:colcon.colcon_core.shell:Creating prefix util module '/home/wdr/ros_ws/install/_local_setup_util_ps1.py'
[0.840s] INFO:colcon.colcon_core.shell:Creating prefix chain script '/home/wdr/ros_ws/install/setup.ps1'
[0.840s] INFO:colcon.colcon_core.shell:Creating prefix script '/home/wdr/ros_ws/install/local_setup.sh'
[0.841s] INFO:colcon.colcon_core.shell:Creating prefix util module '/home/wdr/ros_ws/install/_local_setup_util_sh.py'
[0.841s] INFO:colcon.colcon_core.shell:Creating prefix chain script '/home/wdr/ros_ws/install/setup.sh'
[0.842s] INFO:colcon.colcon_core.shell:Creating prefix script '/home/wdr/ros_ws/install/local_setup.bash'
[0.842s] INFO:colcon.colcon_core.shell:Creating prefix chain script '/home/wdr/ros_ws/install/setup.bash'
[0.843s] INFO:colcon.colcon_core.shell:Creating prefix script '/home/wdr/ros_ws/install/local_setup.zsh'
[0.843s] INFO:colcon.colcon_core.shell:Creating prefix chain script '/home/wdr/ros_ws/install/setup.zsh'
