[0.120s] DEBUG:colcon:Command line arguments: ['/usr/bin/colcon', 'build', '--symlink-install']
[0.120s] DEBUG:colcon:Parsed command line arguments: Namespace(log_base=None, log_level=None, verb_name='build', build_base='build', install_base='install', merge_install=False, symlink_install=True, test_result_base=None, continue_on_error=False, executor='parallel', parallel_workers=8, event_handlers=None, ignore_user_meta=False, metas=['./colcon.meta'], base_paths=['.'], packages_ignore=None, packages_ignore_regex=None, paths=None, packages_up_to=None, packages_up_to_regex=None, packages_above=None, packages_above_and_dependencies=None, packages_above_depth=None, packages_select_by_dep=None, packages_skip_by_dep=None, packages_skip_up_to=None, packages_select_build_failed=False, packages_skip_build_finished=False, packages_select_test_failures=False, packages_skip_test_passed=False, packages_select=None, packages_skip=None, packages_select_regex=None, packages_skip_regex=None, packages_start=None, packages_end=None, allow_overriding=[], cmake_args=None, cmake_target=None, cmake_target_skip_unavailable=False, cmake_clean_cache=False, cmake_clean_first=False, cmake_force_configure=False, ament_cmake_args=None, catkin_cmake_args=None, catkin_skip_building_tests=False, verb_parser=<colcon_defaults.argument_parser.defaults.DefaultArgumentsDecorator object at 0x7ba1de822560>, verb_extension=<colcon_core.verb.build.BuildVerb object at 0x7ba1de822020>, main=<bound method BuildVerb.main of <colcon_core.verb.build.BuildVerb object at 0x7ba1de822020>>)
[0.292s] Level 1:colcon.colcon_core.package_discovery:discover_packages(colcon_meta) check parameters
[0.292s] Level 1:colcon.colcon_core.package_discovery:discover_packages(recursive) check parameters
[0.292s] Level 1:colcon.colcon_core.package_discovery:discover_packages(ignore) check parameters
[0.292s] Level 1:colcon.colcon_core.package_discovery:discover_packages(path) check parameters
[0.292s] Level 1:colcon.colcon_core.package_discovery:discover_packages(colcon_meta) discover
[0.293s] Level 1:colcon.colcon_core.package_discovery:discover_packages(recursive) discover
[0.293s] INFO:colcon.colcon_core.package_discovery:Crawling recursively for packages in '/home/wdr/ros_ws'
[0.293s] Level 1:colcon.colcon_core.package_identification:_identify(.) by extensions ['ignore', 'ignore_ament_install']
[0.293s] Level 1:colcon.colcon_core.package_identification:_identify(.) by extension 'ignore'
[0.293s] Level 1:colcon.colcon_core.package_identification:_identify(.) by extension 'ignore_ament_install'
[0.293s] Level 1:colcon.colcon_core.package_identification:_identify(.) by extensions ['colcon_pkg']
[0.293s] Level 1:colcon.colcon_core.package_identification:_identify(.) by extension 'colcon_pkg'
[0.293s] Level 1:colcon.colcon_core.package_identification:_identify(.) by extensions ['colcon_meta']
[0.293s] Level 1:colcon.colcon_core.package_identification:_identify(.) by extension 'colcon_meta'
[0.293s] Level 1:colcon.colcon_core.package_identification:_identify(.) by extensions ['ros']
[0.293s] Level 1:colcon.colcon_core.package_identification:_identify(.) by extension 'ros'
[0.306s] Level 1:colcon.colcon_core.package_identification:_identify(.) by extensions ['cmake', 'python']
[0.306s] Level 1:colcon.colcon_core.package_identification:_identify(.) by extension 'cmake'
[0.306s] Level 1:colcon.colcon_core.package_identification:_identify(.) by extension 'python'
[0.307s] Level 1:colcon.colcon_core.package_identification:_identify(.) by extensions ['python_setup_py']
[0.307s] Level 1:colcon.colcon_core.package_identification:_identify(.) by extension 'python_setup_py'
[0.307s] Level 1:colcon.colcon_core.package_identification:_identify(build) by extensions ['ignore', 'ignore_ament_install']
[0.307s] Level 1:colcon.colcon_core.package_identification:_identify(build) by extension 'ignore'
[0.307s] Level 1:colcon.colcon_core.package_identification:_identify(build) ignored
[0.307s] Level 1:colcon.colcon_core.package_identification:_identify(install) by extensions ['ignore', 'ignore_ament_install']
[0.307s] Level 1:colcon.colcon_core.package_identification:_identify(install) by extension 'ignore'
[0.307s] Level 1:colcon.colcon_core.package_identification:_identify(install) ignored
[0.307s] Level 1:colcon.colcon_core.package_identification:_identify(log) by extensions ['ignore', 'ignore_ament_install']
[0.307s] Level 1:colcon.colcon_core.package_identification:_identify(log) by extension 'ignore'
[0.307s] Level 1:colcon.colcon_core.package_identification:_identify(log) ignored
[0.307s] Level 1:colcon.colcon_core.package_identification:_identify(src) by extensions ['ignore', 'ignore_ament_install']
[0.307s] Level 1:colcon.colcon_core.package_identification:_identify(src) by extension 'ignore'
[0.307s] Level 1:colcon.colcon_core.package_identification:_identify(src) by extension 'ignore_ament_install'
[0.308s] Level 1:colcon.colcon_core.package_identification:_identify(src) by extensions ['colcon_pkg']
[0.308s] Level 1:colcon.colcon_core.package_identification:_identify(src) by extension 'colcon_pkg'
[0.308s] Level 1:colcon.colcon_core.package_identification:_identify(src) by extensions ['colcon_meta']
[0.308s] Level 1:colcon.colcon_core.package_identification:_identify(src) by extension 'colcon_meta'
[0.308s] Level 1:colcon.colcon_core.package_identification:_identify(src) by extensions ['ros']
[0.308s] Level 1:colcon.colcon_core.package_identification:_identify(src) by extension 'ros'
[0.308s] Level 1:colcon.colcon_core.package_identification:_identify(src) by extensions ['cmake', 'python']
[0.308s] Level 1:colcon.colcon_core.package_identification:_identify(src) by extension 'cmake'
[0.308s] Level 1:colcon.colcon_core.package_identification:_identify(src) by extension 'python'
[0.308s] Level 1:colcon.colcon_core.package_identification:_identify(src) by extensions ['python_setup_py']
[0.308s] Level 1:colcon.colcon_core.package_identification:_identify(src) by extension 'python_setup_py'
[0.308s] Level 1:colcon.colcon_core.package_identification:_identify(src/rm_auto_aim) by extensions ['ignore', 'ignore_ament_install']
[0.308s] Level 1:colcon.colcon_core.package_identification:_identify(src/rm_auto_aim) by extension 'ignore'
[0.308s] Level 1:colcon.colcon_core.package_identification:_identify(src/rm_auto_aim) by extension 'ignore_ament_install'
[0.308s] Level 1:colcon.colcon_core.package_identification:_identify(src/rm_auto_aim) by extensions ['colcon_pkg']
[0.308s] Level 1:colcon.colcon_core.package_identification:_identify(src/rm_auto_aim) by extension 'colcon_pkg'
[0.308s] Level 1:colcon.colcon_core.package_identification:_identify(src/rm_auto_aim) by extensions ['colcon_meta']
[0.308s] Level 1:colcon.colcon_core.package_identification:_identify(src/rm_auto_aim) by extension 'colcon_meta'
[0.308s] Level 1:colcon.colcon_core.package_identification:_identify(src/rm_auto_aim) by extensions ['ros']
[0.308s] Level 1:colcon.colcon_core.package_identification:_identify(src/rm_auto_aim) by extension 'ros'
[0.308s] Level 1:colcon.colcon_core.package_identification:_identify(src/rm_auto_aim) by extensions ['cmake', 'python']
[0.308s] Level 1:colcon.colcon_core.package_identification:_identify(src/rm_auto_aim) by extension 'cmake'
[0.308s] Level 1:colcon.colcon_core.package_identification:_identify(src/rm_auto_aim) by extension 'python'
[0.308s] Level 1:colcon.colcon_core.package_identification:_identify(src/rm_auto_aim) by extensions ['python_setup_py']
[0.309s] Level 1:colcon.colcon_core.package_identification:_identify(src/rm_auto_aim) by extension 'python_setup_py'
[0.309s] Level 1:colcon.colcon_core.package_identification:_identify(src/rm_auto_aim/armor_detector) by extensions ['ignore', 'ignore_ament_install']
[0.309s] Level 1:colcon.colcon_core.package_identification:_identify(src/rm_auto_aim/armor_detector) by extension 'ignore'
[0.309s] Level 1:colcon.colcon_core.package_identification:_identify(src/rm_auto_aim/armor_detector) by extension 'ignore_ament_install'
[0.309s] Level 1:colcon.colcon_core.package_identification:_identify(src/rm_auto_aim/armor_detector) by extensions ['colcon_pkg']
[0.309s] Level 1:colcon.colcon_core.package_identification:_identify(src/rm_auto_aim/armor_detector) by extension 'colcon_pkg'
[0.309s] Level 1:colcon.colcon_core.package_identification:_identify(src/rm_auto_aim/armor_detector) by extensions ['colcon_meta']
[0.309s] Level 1:colcon.colcon_core.package_identification:_identify(src/rm_auto_aim/armor_detector) by extension 'colcon_meta'
[0.309s] Level 1:colcon.colcon_core.package_identification:_identify(src/rm_auto_aim/armor_detector) by extensions ['ros']
[0.309s] Level 1:colcon.colcon_core.package_identification:_identify(src/rm_auto_aim/armor_detector) by extension 'ros'
[0.312s] DEBUG:colcon.colcon_core.package_identification:Package 'src/rm_auto_aim/armor_detector' with type 'ros.ament_cmake' and name 'armor_detector'
[0.312s] Level 1:colcon.colcon_core.package_identification:_identify(src/rm_auto_aim/armor_tracker) by extensions ['ignore', 'ignore_ament_install']
[0.312s] Level 1:colcon.colcon_core.package_identification:_identify(src/rm_auto_aim/armor_tracker) by extension 'ignore'
[0.312s] Level 1:colcon.colcon_core.package_identification:_identify(src/rm_auto_aim/armor_tracker) by extension 'ignore_ament_install'
[0.312s] Level 1:colcon.colcon_core.package_identification:_identify(src/rm_auto_aim/armor_tracker) by extensions ['colcon_pkg']
[0.312s] Level 1:colcon.colcon_core.package_identification:_identify(src/rm_auto_aim/armor_tracker) by extension 'colcon_pkg'
[0.312s] Level 1:colcon.colcon_core.package_identification:_identify(src/rm_auto_aim/armor_tracker) by extensions ['colcon_meta']
[0.312s] Level 1:colcon.colcon_core.package_identification:_identify(src/rm_auto_aim/armor_tracker) by extension 'colcon_meta'
[0.312s] Level 1:colcon.colcon_core.package_identification:_identify(src/rm_auto_aim/armor_tracker) by extensions ['ros']
[0.312s] Level 1:colcon.colcon_core.package_identification:_identify(src/rm_auto_aim/armor_tracker) by extension 'ros'
[0.313s] DEBUG:colcon.colcon_core.package_identification:Package 'src/rm_auto_aim/armor_tracker' with type 'ros.ament_cmake' and name 'armor_tracker'
[0.313s] Level 1:colcon.colcon_core.package_identification:_identify(src/rm_auto_aim/auto_aim_interfaces) by extensions ['ignore', 'ignore_ament_install']
[0.313s] Level 1:colcon.colcon_core.package_identification:_identify(src/rm_auto_aim/auto_aim_interfaces) by extension 'ignore'
[0.313s] Level 1:colcon.colcon_core.package_identification:_identify(src/rm_auto_aim/auto_aim_interfaces) by extension 'ignore_ament_install'
[0.313s] Level 1:colcon.colcon_core.package_identification:_identify(src/rm_auto_aim/auto_aim_interfaces) by extensions ['colcon_pkg']
[0.313s] Level 1:colcon.colcon_core.package_identification:_identify(src/rm_auto_aim/auto_aim_interfaces) by extension 'colcon_pkg'
[0.313s] Level 1:colcon.colcon_core.package_identification:_identify(src/rm_auto_aim/auto_aim_interfaces) by extensions ['colcon_meta']
[0.314s] Level 1:colcon.colcon_core.package_identification:_identify(src/rm_auto_aim/auto_aim_interfaces) by extension 'colcon_meta'
[0.314s] Level 1:colcon.colcon_core.package_identification:_identify(src/rm_auto_aim/auto_aim_interfaces) by extensions ['ros']
[0.314s] Level 1:colcon.colcon_core.package_identification:_identify(src/rm_auto_aim/auto_aim_interfaces) by extension 'ros'
[0.314s] DEBUG:colcon.colcon_core.package_identification:Package 'src/rm_auto_aim/auto_aim_interfaces' with type 'ros.ament_cmake' and name 'auto_aim_interfaces'
[0.314s] Level 1:colcon.colcon_core.package_identification:_identify(src/rm_auto_aim/docs) by extensions ['ignore', 'ignore_ament_install']
[0.314s] Level 1:colcon.colcon_core.package_identification:_identify(src/rm_auto_aim/docs) by extension 'ignore'
[0.314s] Level 1:colcon.colcon_core.package_identification:_identify(src/rm_auto_aim/docs) by extension 'ignore_ament_install'
[0.314s] Level 1:colcon.colcon_core.package_identification:_identify(src/rm_auto_aim/docs) by extensions ['colcon_pkg']
[0.314s] Level 1:colcon.colcon_core.package_identification:_identify(src/rm_auto_aim/docs) by extension 'colcon_pkg'
[0.314s] Level 1:colcon.colcon_core.package_identification:_identify(src/rm_auto_aim/docs) by extensions ['colcon_meta']
[0.314s] Level 1:colcon.colcon_core.package_identification:_identify(src/rm_auto_aim/docs) by extension 'colcon_meta'
[0.314s] Level 1:colcon.colcon_core.package_identification:_identify(src/rm_auto_aim/docs) by extensions ['ros']
[0.314s] Level 1:colcon.colcon_core.package_identification:_identify(src/rm_auto_aim/docs) by extension 'ros'
[0.314s] Level 1:colcon.colcon_core.package_identification:_identify(src/rm_auto_aim/docs) by extensions ['cmake', 'python']
[0.314s] Level 1:colcon.colcon_core.package_identification:_identify(src/rm_auto_aim/docs) by extension 'cmake'
[0.314s] Level 1:colcon.colcon_core.package_identification:_identify(src/rm_auto_aim/docs) by extension 'python'
[0.314s] Level 1:colcon.colcon_core.package_identification:_identify(src/rm_auto_aim/docs) by extensions ['python_setup_py']
[0.314s] Level 1:colcon.colcon_core.package_identification:_identify(src/rm_auto_aim/docs) by extension 'python_setup_py'
[0.314s] Level 1:colcon.colcon_core.package_identification:_identify(src/rm_gimbal_description) by extensions ['ignore', 'ignore_ament_install']
[0.315s] Level 1:colcon.colcon_core.package_identification:_identify(src/rm_gimbal_description) by extension 'ignore'
[0.315s] Level 1:colcon.colcon_core.package_identification:_identify(src/rm_gimbal_description) by extension 'ignore_ament_install'
[0.315s] Level 1:colcon.colcon_core.package_identification:_identify(src/rm_gimbal_description) by extensions ['colcon_pkg']
[0.315s] Level 1:colcon.colcon_core.package_identification:_identify(src/rm_gimbal_description) by extension 'colcon_pkg'
[0.315s] Level 1:colcon.colcon_core.package_identification:_identify(src/rm_gimbal_description) by extensions ['colcon_meta']
[0.315s] Level 1:colcon.colcon_core.package_identification:_identify(src/rm_gimbal_description) by extension 'colcon_meta'
[0.315s] Level 1:colcon.colcon_core.package_identification:_identify(src/rm_gimbal_description) by extensions ['ros']
[0.315s] Level 1:colcon.colcon_core.package_identification:_identify(src/rm_gimbal_description) by extension 'ros'
[0.315s] DEBUG:colcon.colcon_core.package_identification:Package 'src/rm_gimbal_description' with type 'ros.ament_cmake' and name 'rm_gimbal_description'
[0.315s] Level 1:colcon.colcon_core.package_identification:_identify(src/rm_serial_driver) by extensions ['ignore', 'ignore_ament_install']
[0.315s] Level 1:colcon.colcon_core.package_identification:_identify(src/rm_serial_driver) by extension 'ignore'
[0.315s] Level 1:colcon.colcon_core.package_identification:_identify(src/rm_serial_driver) by extension 'ignore_ament_install'
[0.315s] Level 1:colcon.colcon_core.package_identification:_identify(src/rm_serial_driver) by extensions ['colcon_pkg']
[0.315s] Level 1:colcon.colcon_core.package_identification:_identify(src/rm_serial_driver) by extension 'colcon_pkg'
[0.316s] Level 1:colcon.colcon_core.package_identification:_identify(src/rm_serial_driver) by extensions ['colcon_meta']
[0.316s] Level 1:colcon.colcon_core.package_identification:_identify(src/rm_serial_driver) by extension 'colcon_meta'
[0.316s] Level 1:colcon.colcon_core.package_identification:_identify(src/rm_serial_driver) by extensions ['ros']
[0.316s] Level 1:colcon.colcon_core.package_identification:_identify(src/rm_serial_driver) by extension 'ros'
[0.316s] DEBUG:colcon.colcon_core.package_identification:Package 'src/rm_serial_driver' with type 'ros.ament_cmake' and name 'rm_serial_driver'
[0.316s] Level 1:colcon.colcon_core.package_identification:_identify(src/rm_vision) by extensions ['ignore', 'ignore_ament_install']
[0.317s] Level 1:colcon.colcon_core.package_identification:_identify(src/rm_vision) by extension 'ignore'
[0.317s] Level 1:colcon.colcon_core.package_identification:_identify(src/rm_vision) by extension 'ignore_ament_install'
[0.317s] Level 1:colcon.colcon_core.package_identification:_identify(src/rm_vision) by extensions ['colcon_pkg']
[0.317s] Level 1:colcon.colcon_core.package_identification:_identify(src/rm_vision) by extension 'colcon_pkg'
[0.317s] Level 1:colcon.colcon_core.package_identification:_identify(src/rm_vision) by extensions ['colcon_meta']
[0.317s] Level 1:colcon.colcon_core.package_identification:_identify(src/rm_vision) by extension 'colcon_meta'
[0.317s] Level 1:colcon.colcon_core.package_identification:_identify(src/rm_vision) by extensions ['ros']
[0.317s] Level 1:colcon.colcon_core.package_identification:_identify(src/rm_vision) by extension 'ros'
[0.317s] Level 1:colcon.colcon_core.package_identification:_identify(src/rm_vision) by extensions ['cmake', 'python']
[0.317s] Level 1:colcon.colcon_core.package_identification:_identify(src/rm_vision) by extension 'cmake'
[0.317s] Level 1:colcon.colcon_core.package_identification:_identify(src/rm_vision) by extension 'python'
[0.317s] Level 1:colcon.colcon_core.package_identification:_identify(src/rm_vision) by extensions ['python_setup_py']
[0.317s] Level 1:colcon.colcon_core.package_identification:_identify(src/rm_vision) by extension 'python_setup_py'
[0.317s] Level 1:colcon.colcon_core.package_identification:_identify(src/rm_vision/docs) by extensions ['ignore', 'ignore_ament_install']
[0.317s] Level 1:colcon.colcon_core.package_identification:_identify(src/rm_vision/docs) by extension 'ignore'
[0.317s] Level 1:colcon.colcon_core.package_identification:_identify(src/rm_vision/docs) by extension 'ignore_ament_install'
[0.317s] Level 1:colcon.colcon_core.package_identification:_identify(src/rm_vision/docs) by extensions ['colcon_pkg']
[0.317s] Level 1:colcon.colcon_core.package_identification:_identify(src/rm_vision/docs) by extension 'colcon_pkg'
[0.317s] Level 1:colcon.colcon_core.package_identification:_identify(src/rm_vision/docs) by extensions ['colcon_meta']
[0.317s] Level 1:colcon.colcon_core.package_identification:_identify(src/rm_vision/docs) by extension 'colcon_meta'
[0.317s] Level 1:colcon.colcon_core.package_identification:_identify(src/rm_vision/docs) by extensions ['ros']
[0.317s] Level 1:colcon.colcon_core.package_identification:_identify(src/rm_vision/docs) by extension 'ros'
[0.317s] Level 1:colcon.colcon_core.package_identification:_identify(src/rm_vision/docs) by extensions ['cmake', 'python']
[0.317s] Level 1:colcon.colcon_core.package_identification:_identify(src/rm_vision/docs) by extension 'cmake'
[0.317s] Level 1:colcon.colcon_core.package_identification:_identify(src/rm_vision/docs) by extension 'python'
[0.317s] Level 1:colcon.colcon_core.package_identification:_identify(src/rm_vision/docs) by extensions ['python_setup_py']
[0.317s] Level 1:colcon.colcon_core.package_identification:_identify(src/rm_vision/docs) by extension 'python_setup_py'
[0.317s] Level 1:colcon.colcon_core.package_identification:_identify(src/rm_vision/rm_vision_bringup) by extensions ['ignore', 'ignore_ament_install']
[0.317s] Level 1:colcon.colcon_core.package_identification:_identify(src/rm_vision/rm_vision_bringup) by extension 'ignore'
[0.317s] Level 1:colcon.colcon_core.package_identification:_identify(src/rm_vision/rm_vision_bringup) by extension 'ignore_ament_install'
[0.317s] Level 1:colcon.colcon_core.package_identification:_identify(src/rm_vision/rm_vision_bringup) by extensions ['colcon_pkg']
[0.318s] Level 1:colcon.colcon_core.package_identification:_identify(src/rm_vision/rm_vision_bringup) by extension 'colcon_pkg'
[0.318s] Level 1:colcon.colcon_core.package_identification:_identify(src/rm_vision/rm_vision_bringup) by extensions ['colcon_meta']
[0.318s] Level 1:colcon.colcon_core.package_identification:_identify(src/rm_vision/rm_vision_bringup) by extension 'colcon_meta'
[0.318s] Level 1:colcon.colcon_core.package_identification:_identify(src/rm_vision/rm_vision_bringup) by extensions ['ros']
[0.318s] Level 1:colcon.colcon_core.package_identification:_identify(src/rm_vision/rm_vision_bringup) by extension 'ros'
[0.318s] DEBUG:colcon.colcon_core.package_identification:Package 'src/rm_vision/rm_vision_bringup' with type 'ros.ament_cmake' and name 'rm_vision_bringup'
[0.318s] Level 1:colcon.colcon_core.package_identification:_identify(src/ros2_hik_camera) by extensions ['ignore', 'ignore_ament_install']
[0.318s] Level 1:colcon.colcon_core.package_identification:_identify(src/ros2_hik_camera) by extension 'ignore'
[0.318s] Level 1:colcon.colcon_core.package_identification:_identify(src/ros2_hik_camera) by extension 'ignore_ament_install'
[0.318s] Level 1:colcon.colcon_core.package_identification:_identify(src/ros2_hik_camera) by extensions ['colcon_pkg']
[0.318s] Level 1:colcon.colcon_core.package_identification:_identify(src/ros2_hik_camera) by extension 'colcon_pkg'
[0.318s] Level 1:colcon.colcon_core.package_identification:_identify(src/ros2_hik_camera) by extensions ['colcon_meta']
[0.318s] Level 1:colcon.colcon_core.package_identification:_identify(src/ros2_hik_camera) by extension 'colcon_meta'
[0.318s] Level 1:colcon.colcon_core.package_identification:_identify(src/ros2_hik_camera) by extensions ['ros']
[0.318s] Level 1:colcon.colcon_core.package_identification:_identify(src/ros2_hik_camera) by extension 'ros'
[0.319s] DEBUG:colcon.colcon_core.package_identification:Package 'src/ros2_hik_camera' with type 'ros.ament_cmake' and name 'hik_camera'
[0.319s] Level 1:colcon.colcon_core.package_discovery:discover_packages(recursive) using defaults
[0.319s] Level 1:colcon.colcon_core.package_discovery:discover_packages(ignore) discover
[0.319s] Level 1:colcon.colcon_core.package_discovery:discover_packages(ignore) using defaults
[0.319s] Level 1:colcon.colcon_core.package_discovery:discover_packages(path) discover
[0.319s] Level 1:colcon.colcon_core.package_discovery:discover_packages(path) using defaults
[0.346s] Level 1:colcon.colcon_core.package_discovery:discover_packages(prefix_path) check parameters
[0.346s] Level 1:colcon.colcon_core.package_discovery:discover_packages(prefix_path) discover
[0.349s] DEBUG:colcon.colcon_installed_package_information.package_discovery:Found 288 installed packages in /opt/ros/humble
[0.362s] Level 1:colcon.colcon_core.package_discovery:discover_packages(prefix_path) using defaults
[0.393s] Level 5:colcon.colcon_core.verb:set package 'auto_aim_interfaces' build argument 'cmake_args' from command line to 'None'
[0.393s] Level 5:colcon.colcon_core.verb:set package 'auto_aim_interfaces' build argument 'cmake_target' from command line to 'None'
[0.393s] Level 5:colcon.colcon_core.verb:set package 'auto_aim_interfaces' build argument 'cmake_target_skip_unavailable' from command line to 'False'
[0.393s] Level 5:colcon.colcon_core.verb:set package 'auto_aim_interfaces' build argument 'cmake_clean_cache' from command line to 'False'
[0.393s] Level 5:colcon.colcon_core.verb:set package 'auto_aim_interfaces' build argument 'cmake_clean_first' from command line to 'False'
[0.393s] Level 5:colcon.colcon_core.verb:set package 'auto_aim_interfaces' build argument 'cmake_force_configure' from command line to 'False'
[0.393s] Level 5:colcon.colcon_core.verb:set package 'auto_aim_interfaces' build argument 'ament_cmake_args' from command line to 'None'
[0.393s] Level 5:colcon.colcon_core.verb:set package 'auto_aim_interfaces' build argument 'catkin_cmake_args' from command line to 'None'
[0.393s] Level 5:colcon.colcon_core.verb:set package 'auto_aim_interfaces' build argument 'catkin_skip_building_tests' from command line to 'False'
[0.393s] DEBUG:colcon.colcon_core.verb:Building package 'auto_aim_interfaces' with the following arguments: {'ament_cmake_args': None, 'build_base': '/home/wdr/ros_ws/build/auto_aim_interfaces', 'catkin_cmake_args': None, 'catkin_skip_building_tests': False, 'cmake_args': None, 'cmake_clean_cache': False, 'cmake_clean_first': False, 'cmake_force_configure': False, 'cmake_target': None, 'cmake_target_skip_unavailable': False, 'install_base': '/home/wdr/ros_ws/install/auto_aim_interfaces', 'merge_install': False, 'path': '/home/wdr/ros_ws/src/rm_auto_aim/auto_aim_interfaces', 'symlink_install': True, 'test_result_base': None}
[0.394s] Level 5:colcon.colcon_core.verb:set package 'hik_camera' build argument 'cmake_args' from command line to 'None'
[0.394s] Level 5:colcon.colcon_core.verb:set package 'hik_camera' build argument 'cmake_target' from command line to 'None'
[0.394s] Level 5:colcon.colcon_core.verb:set package 'hik_camera' build argument 'cmake_target_skip_unavailable' from command line to 'False'
[0.394s] Level 5:colcon.colcon_core.verb:set package 'hik_camera' build argument 'cmake_clean_cache' from command line to 'False'
[0.394s] Level 5:colcon.colcon_core.verb:set package 'hik_camera' build argument 'cmake_clean_first' from command line to 'False'
[0.394s] Level 5:colcon.colcon_core.verb:set package 'hik_camera' build argument 'cmake_force_configure' from command line to 'False'
[0.394s] Level 5:colcon.colcon_core.verb:set package 'hik_camera' build argument 'ament_cmake_args' from command line to 'None'
[0.394s] Level 5:colcon.colcon_core.verb:set package 'hik_camera' build argument 'catkin_cmake_args' from command line to 'None'
[0.394s] Level 5:colcon.colcon_core.verb:set package 'hik_camera' build argument 'catkin_skip_building_tests' from command line to 'False'
[0.394s] DEBUG:colcon.colcon_core.verb:Building package 'hik_camera' with the following arguments: {'ament_cmake_args': None, 'build_base': '/home/wdr/ros_ws/build/hik_camera', 'catkin_cmake_args': None, 'catkin_skip_building_tests': False, 'cmake_args': None, 'cmake_clean_cache': False, 'cmake_clean_first': False, 'cmake_force_configure': False, 'cmake_target': None, 'cmake_target_skip_unavailable': False, 'install_base': '/home/wdr/ros_ws/install/hik_camera', 'merge_install': False, 'path': '/home/wdr/ros_ws/src/ros2_hik_camera', 'symlink_install': True, 'test_result_base': None}
[0.394s] Level 5:colcon.colcon_core.verb:set package 'rm_gimbal_description' build argument 'cmake_args' from command line to 'None'
[0.394s] Level 5:colcon.colcon_core.verb:set package 'rm_gimbal_description' build argument 'cmake_target' from command line to 'None'
[0.394s] Level 5:colcon.colcon_core.verb:set package 'rm_gimbal_description' build argument 'cmake_target_skip_unavailable' from command line to 'False'
[0.394s] Level 5:colcon.colcon_core.verb:set package 'rm_gimbal_description' build argument 'cmake_clean_cache' from command line to 'False'
[0.394s] Level 5:colcon.colcon_core.verb:set package 'rm_gimbal_description' build argument 'cmake_clean_first' from command line to 'False'
[0.394s] Level 5:colcon.colcon_core.verb:set package 'rm_gimbal_description' build argument 'cmake_force_configure' from command line to 'False'
[0.394s] Level 5:colcon.colcon_core.verb:set package 'rm_gimbal_description' build argument 'ament_cmake_args' from command line to 'None'
[0.394s] Level 5:colcon.colcon_core.verb:set package 'rm_gimbal_description' build argument 'catkin_cmake_args' from command line to 'None'
[0.394s] Level 5:colcon.colcon_core.verb:set package 'rm_gimbal_description' build argument 'catkin_skip_building_tests' from command line to 'False'
[0.394s] DEBUG:colcon.colcon_core.verb:Building package 'rm_gimbal_description' with the following arguments: {'ament_cmake_args': None, 'build_base': '/home/wdr/ros_ws/build/rm_gimbal_description', 'catkin_cmake_args': None, 'catkin_skip_building_tests': False, 'cmake_args': None, 'cmake_clean_cache': False, 'cmake_clean_first': False, 'cmake_force_configure': False, 'cmake_target': None, 'cmake_target_skip_unavailable': False, 'install_base': '/home/wdr/ros_ws/install/rm_gimbal_description', 'merge_install': False, 'path': '/home/wdr/ros_ws/src/rm_gimbal_description', 'symlink_install': True, 'test_result_base': None}
[0.395s] Level 5:colcon.colcon_core.verb:set package 'armor_detector' build argument 'cmake_args' from command line to 'None'
[0.395s] Level 5:colcon.colcon_core.verb:set package 'armor_detector' build argument 'cmake_target' from command line to 'None'
[0.395s] Level 5:colcon.colcon_core.verb:set package 'armor_detector' build argument 'cmake_target_skip_unavailable' from command line to 'False'
[0.395s] Level 5:colcon.colcon_core.verb:set package 'armor_detector' build argument 'cmake_clean_cache' from command line to 'False'
[0.395s] Level 5:colcon.colcon_core.verb:set package 'armor_detector' build argument 'cmake_clean_first' from command line to 'False'
[0.395s] Level 5:colcon.colcon_core.verb:set package 'armor_detector' build argument 'cmake_force_configure' from command line to 'False'
[0.395s] Level 5:colcon.colcon_core.verb:set package 'armor_detector' build argument 'ament_cmake_args' from command line to 'None'
[0.395s] Level 5:colcon.colcon_core.verb:set package 'armor_detector' build argument 'catkin_cmake_args' from command line to 'None'
[0.395s] Level 5:colcon.colcon_core.verb:set package 'armor_detector' build argument 'catkin_skip_building_tests' from command line to 'False'
[0.395s] DEBUG:colcon.colcon_core.verb:Building package 'armor_detector' with the following arguments: {'ament_cmake_args': None, 'build_base': '/home/wdr/ros_ws/build/armor_detector', 'catkin_cmake_args': None, 'catkin_skip_building_tests': False, 'cmake_args': None, 'cmake_clean_cache': False, 'cmake_clean_first': False, 'cmake_force_configure': False, 'cmake_target': None, 'cmake_target_skip_unavailable': False, 'install_base': '/home/wdr/ros_ws/install/armor_detector', 'merge_install': False, 'path': '/home/wdr/ros_ws/src/rm_auto_aim/armor_detector', 'symlink_install': True, 'test_result_base': None}
[0.395s] Level 5:colcon.colcon_core.verb:set package 'armor_tracker' build argument 'cmake_args' from command line to 'None'
[0.395s] Level 5:colcon.colcon_core.verb:set package 'armor_tracker' build argument 'cmake_target' from command line to 'None'
[0.395s] Level 5:colcon.colcon_core.verb:set package 'armor_tracker' build argument 'cmake_target_skip_unavailable' from command line to 'False'
[0.395s] Level 5:colcon.colcon_core.verb:set package 'armor_tracker' build argument 'cmake_clean_cache' from command line to 'False'
[0.395s] Level 5:colcon.colcon_core.verb:set package 'armor_tracker' build argument 'cmake_clean_first' from command line to 'False'
[0.395s] Level 5:colcon.colcon_core.verb:set package 'armor_tracker' build argument 'cmake_force_configure' from command line to 'False'
[0.395s] Level 5:colcon.colcon_core.verb:set package 'armor_tracker' build argument 'ament_cmake_args' from command line to 'None'
[0.395s] Level 5:colcon.colcon_core.verb:set package 'armor_tracker' build argument 'catkin_cmake_args' from command line to 'None'
[0.395s] Level 5:colcon.colcon_core.verb:set package 'armor_tracker' build argument 'catkin_skip_building_tests' from command line to 'False'
[0.395s] DEBUG:colcon.colcon_core.verb:Building package 'armor_tracker' with the following arguments: {'ament_cmake_args': None, 'build_base': '/home/wdr/ros_ws/build/armor_tracker', 'catkin_cmake_args': None, 'catkin_skip_building_tests': False, 'cmake_args': None, 'cmake_clean_cache': False, 'cmake_clean_first': False, 'cmake_force_configure': False, 'cmake_target': None, 'cmake_target_skip_unavailable': False, 'install_base': '/home/wdr/ros_ws/install/armor_tracker', 'merge_install': False, 'path': '/home/wdr/ros_ws/src/rm_auto_aim/armor_tracker', 'symlink_install': True, 'test_result_base': None}
[0.395s] Level 5:colcon.colcon_core.verb:set package 'rm_serial_driver' build argument 'cmake_args' from command line to 'None'
[0.395s] Level 5:colcon.colcon_core.verb:set package 'rm_serial_driver' build argument 'cmake_target' from command line to 'None'
[0.395s] Level 5:colcon.colcon_core.verb:set package 'rm_serial_driver' build argument 'cmake_target_skip_unavailable' from command line to 'False'
[0.395s] Level 5:colcon.colcon_core.verb:set package 'rm_serial_driver' build argument 'cmake_clean_cache' from command line to 'False'
[0.395s] Level 5:colcon.colcon_core.verb:set package 'rm_serial_driver' build argument 'cmake_clean_first' from command line to 'False'
[0.395s] Level 5:colcon.colcon_core.verb:set package 'rm_serial_driver' build argument 'cmake_force_configure' from command line to 'False'
[0.395s] Level 5:colcon.colcon_core.verb:set package 'rm_serial_driver' build argument 'ament_cmake_args' from command line to 'None'
[0.395s] Level 5:colcon.colcon_core.verb:set package 'rm_serial_driver' build argument 'catkin_cmake_args' from command line to 'None'
[0.395s] Level 5:colcon.colcon_core.verb:set package 'rm_serial_driver' build argument 'catkin_skip_building_tests' from command line to 'False'
[0.395s] DEBUG:colcon.colcon_core.verb:Building package 'rm_serial_driver' with the following arguments: {'ament_cmake_args': None, 'build_base': '/home/wdr/ros_ws/build/rm_serial_driver', 'catkin_cmake_args': None, 'catkin_skip_building_tests': False, 'cmake_args': None, 'cmake_clean_cache': False, 'cmake_clean_first': False, 'cmake_force_configure': False, 'cmake_target': None, 'cmake_target_skip_unavailable': False, 'install_base': '/home/wdr/ros_ws/install/rm_serial_driver', 'merge_install': False, 'path': '/home/wdr/ros_ws/src/rm_serial_driver', 'symlink_install': True, 'test_result_base': None}
[0.396s] Level 5:colcon.colcon_core.verb:set package 'rm_vision_bringup' build argument 'cmake_args' from command line to 'None'
[0.396s] Level 5:colcon.colcon_core.verb:set package 'rm_vision_bringup' build argument 'cmake_target' from command line to 'None'
[0.396s] Level 5:colcon.colcon_core.verb:set package 'rm_vision_bringup' build argument 'cmake_target_skip_unavailable' from command line to 'False'
[0.396s] Level 5:colcon.colcon_core.verb:set package 'rm_vision_bringup' build argument 'cmake_clean_cache' from command line to 'False'
[0.396s] Level 5:colcon.colcon_core.verb:set package 'rm_vision_bringup' build argument 'cmake_clean_first' from command line to 'False'
[0.396s] Level 5:colcon.colcon_core.verb:set package 'rm_vision_bringup' build argument 'cmake_force_configure' from command line to 'False'
[0.396s] Level 5:colcon.colcon_core.verb:set package 'rm_vision_bringup' build argument 'ament_cmake_args' from command line to 'None'
[0.396s] Level 5:colcon.colcon_core.verb:set package 'rm_vision_bringup' build argument 'catkin_cmake_args' from command line to 'None'
[0.396s] Level 5:colcon.colcon_core.verb:set package 'rm_vision_bringup' build argument 'catkin_skip_building_tests' from command line to 'False'
[0.396s] DEBUG:colcon.colcon_core.verb:Building package 'rm_vision_bringup' with the following arguments: {'ament_cmake_args': None, 'build_base': '/home/wdr/ros_ws/build/rm_vision_bringup', 'catkin_cmake_args': None, 'catkin_skip_building_tests': False, 'cmake_args': None, 'cmake_clean_cache': False, 'cmake_clean_first': False, 'cmake_force_configure': False, 'cmake_target': None, 'cmake_target_skip_unavailable': False, 'install_base': '/home/wdr/ros_ws/install/rm_vision_bringup', 'merge_install': False, 'path': '/home/wdr/ros_ws/src/rm_vision/rm_vision_bringup', 'symlink_install': True, 'test_result_base': None}
[0.396s] INFO:colcon.colcon_core.executor:Executing jobs using 'parallel' executor
[0.397s] DEBUG:colcon.colcon_parallel_executor.executor.parallel:run_until_complete
[0.397s] INFO:colcon.colcon_ros.task.ament_cmake.build:Building ROS package in '/home/wdr/ros_ws/src/rm_auto_aim/auto_aim_interfaces' with build type 'ament_cmake'
[0.397s] INFO:colcon.colcon_cmake.task.cmake.build:Building CMake package in '/home/wdr/ros_ws/src/rm_auto_aim/auto_aim_interfaces'
[0.401s] INFO:colcon.colcon_core.plugin_system:Skipping extension 'colcon_core.shell.bat': Not used on non-Windows systems
[0.401s] INFO:colcon.colcon_core.shell:Skip shell extension 'powershell' for command environment: Not usable outside of PowerShell
[0.401s] DEBUG:colcon.colcon_core.shell:Skip shell extension 'dsv' for command environment
[0.404s] INFO:colcon.colcon_ros.task.ament_cmake.build:Building ROS package in '/home/wdr/ros_ws/src/ros2_hik_camera' with build type 'ament_cmake'
[0.404s] INFO:colcon.colcon_cmake.task.cmake.build:Building CMake package in '/home/wdr/ros_ws/src/ros2_hik_camera'
[0.404s] INFO:colcon.colcon_core.shell:Skip shell extension 'powershell' for command environment: Not usable outside of PowerShell
[0.405s] DEBUG:colcon.colcon_core.shell:Skip shell extension 'dsv' for command environment
[0.409s] INFO:colcon.colcon_ros.task.ament_cmake.build:Building ROS package in '/home/wdr/ros_ws/src/rm_gimbal_description' with build type 'ament_cmake'
[0.409s] INFO:colcon.colcon_cmake.task.cmake.build:Building CMake package in '/home/wdr/ros_ws/src/rm_gimbal_description'
[0.410s] INFO:colcon.colcon_core.shell:Skip shell extension 'powershell' for command environment: Not usable outside of PowerShell
[0.410s] DEBUG:colcon.colcon_core.shell:Skip shell extension 'dsv' for command environment
[0.422s] DEBUG:colcon.colcon_core.event_handler.log_command:Invoking command in '/home/wdr/ros_ws/build/auto_aim_interfaces': CMAKE_PREFIX_PATH=/opt/ros/humble /usr/bin/cmake --build /home/wdr/ros_ws/build/auto_aim_interfaces -- -j8 -l8
[0.428s] DEBUG:colcon.colcon_core.event_handler.log_command:Invoking command in '/home/wdr/ros_ws/build/hik_camera': CMAKE_PREFIX_PATH=/opt/ros/humble /usr/bin/cmake --build /home/wdr/ros_ws/build/hik_camera -- -j8 -l8
[0.435s] DEBUG:colcon.colcon_core.event_handler.log_command:Invoking command in '/home/wdr/ros_ws/build/rm_gimbal_description': CMAKE_PREFIX_PATH=/opt/ros/humble /usr/bin/cmake --build /home/wdr/ros_ws/build/rm_gimbal_description -- -j8 -l8
[0.496s] DEBUG:colcon.colcon_core.event_handler.log_command:Invoked command in '/home/wdr/ros_ws/build/rm_gimbal_description' returned '0': CMAKE_PREFIX_PATH=/opt/ros/humble /usr/bin/cmake --build /home/wdr/ros_ws/build/rm_gimbal_description -- -j8 -l8
[0.506s] DEBUG:colcon.colcon_core.event_handler.log_command:Invoking command in '/home/wdr/ros_ws/build/rm_gimbal_description': CMAKE_PREFIX_PATH=/opt/ros/humble /usr/bin/cmake --install /home/wdr/ros_ws/build/rm_gimbal_description
[0.546s] Level 1:colcon.colcon_core.environment:create_environment_scripts_only(rm_gimbal_description)
[0.548s] DEBUG:colcon.colcon_core.event_handler.log_command:Invoked command in '/home/wdr/ros_ws/build/rm_gimbal_description' returned '0': CMAKE_PREFIX_PATH=/opt/ros/humble /usr/bin/cmake --install /home/wdr/ros_ws/build/rm_gimbal_description
[0.561s] Level 1:colcon.colcon_core.environment:checking '/home/wdr/ros_ws/install/rm_gimbal_description' for CMake module files
[0.562s] Level 1:colcon.colcon_core.environment:checking '/home/wdr/ros_ws/install/rm_gimbal_description' for CMake config files
[0.563s] Level 1:colcon.colcon_core.shell:create_environment_hook('rm_gimbal_description', 'cmake_prefix_path')
[0.563s] INFO:colcon.colcon_core.shell:Creating environment hook '/home/wdr/ros_ws/install/rm_gimbal_description/share/rm_gimbal_description/hook/cmake_prefix_path.ps1'
[0.567s] INFO:colcon.colcon_core.shell:Creating environment descriptor '/home/wdr/ros_ws/install/rm_gimbal_description/share/rm_gimbal_description/hook/cmake_prefix_path.dsv'
[0.569s] INFO:colcon.colcon_core.shell:Creating environment hook '/home/wdr/ros_ws/install/rm_gimbal_description/share/rm_gimbal_description/hook/cmake_prefix_path.sh'
[0.571s] Level 1:colcon.colcon_core.environment:checking '/home/wdr/ros_ws/install/rm_gimbal_description/bin'
[0.571s] Level 1:colcon.colcon_core.environment:checking '/home/wdr/ros_ws/install/rm_gimbal_description/lib/pkgconfig/rm_gimbal_description.pc'
[0.571s] Level 1:colcon.colcon_core.environment:checking '/home/wdr/ros_ws/install/rm_gimbal_description/lib/python3.10/site-packages'
[0.571s] Level 1:colcon.colcon_core.environment:checking '/home/wdr/ros_ws/install/rm_gimbal_description/bin'
[0.572s] INFO:colcon.colcon_core.shell:Creating package script '/home/wdr/ros_ws/install/rm_gimbal_description/share/rm_gimbal_description/package.ps1'
[0.573s] INFO:colcon.colcon_core.shell:Creating package descriptor '/home/wdr/ros_ws/install/rm_gimbal_description/share/rm_gimbal_description/package.dsv'
[0.574s] INFO:colcon.colcon_core.shell:Creating package script '/home/wdr/ros_ws/install/rm_gimbal_description/share/rm_gimbal_description/package.sh'
[0.575s] INFO:colcon.colcon_core.shell:Creating package script '/home/wdr/ros_ws/install/rm_gimbal_description/share/rm_gimbal_description/package.bash'
[0.577s] INFO:colcon.colcon_core.shell:Creating package script '/home/wdr/ros_ws/install/rm_gimbal_description/share/rm_gimbal_description/package.zsh'
[0.579s] Level 1:colcon.colcon_core.environment:create_file_with_runtime_dependencies(/home/wdr/ros_ws/install/rm_gimbal_description/share/colcon-core/packages/rm_gimbal_description)
[0.580s] Level 1:colcon.colcon_core.environment:create_environment_scripts_only(rm_gimbal_description)
[0.580s] Level 1:colcon.colcon_core.environment:checking '/home/wdr/ros_ws/install/rm_gimbal_description' for CMake module files
[0.580s] Level 1:colcon.colcon_core.environment:checking '/home/wdr/ros_ws/install/rm_gimbal_description' for CMake config files
[0.581s] Level 1:colcon.colcon_core.shell:create_environment_hook('rm_gimbal_description', 'cmake_prefix_path')
[0.581s] INFO:colcon.colcon_core.shell:Creating environment hook '/home/wdr/ros_ws/install/rm_gimbal_description/share/rm_gimbal_description/hook/cmake_prefix_path.ps1'
[0.582s] INFO:colcon.colcon_core.shell:Creating environment descriptor '/home/wdr/ros_ws/install/rm_gimbal_description/share/rm_gimbal_description/hook/cmake_prefix_path.dsv'
[0.582s] INFO:colcon.colcon_core.shell:Creating environment hook '/home/wdr/ros_ws/install/rm_gimbal_description/share/rm_gimbal_description/hook/cmake_prefix_path.sh'
[0.582s] Level 1:colcon.colcon_core.environment:checking '/home/wdr/ros_ws/install/rm_gimbal_description/bin'
[0.583s] Level 1:colcon.colcon_core.environment:checking '/home/wdr/ros_ws/install/rm_gimbal_description/lib/pkgconfig/rm_gimbal_description.pc'
[0.583s] Level 1:colcon.colcon_core.environment:checking '/home/wdr/ros_ws/install/rm_gimbal_description/lib/python3.10/site-packages'
[0.583s] Level 1:colcon.colcon_core.environment:checking '/home/wdr/ros_ws/install/rm_gimbal_description/bin'
[0.583s] INFO:colcon.colcon_core.shell:Creating package script '/home/wdr/ros_ws/install/rm_gimbal_description/share/rm_gimbal_description/package.ps1'
[0.584s] INFO:colcon.colcon_core.shell:Creating package descriptor '/home/wdr/ros_ws/install/rm_gimbal_description/share/rm_gimbal_description/package.dsv'
[0.584s] INFO:colcon.colcon_core.shell:Creating package script '/home/wdr/ros_ws/install/rm_gimbal_description/share/rm_gimbal_description/package.sh'
[0.585s] INFO:colcon.colcon_core.shell:Creating package script '/home/wdr/ros_ws/install/rm_gimbal_description/share/rm_gimbal_description/package.bash'
[0.585s] INFO:colcon.colcon_core.shell:Creating package script '/home/wdr/ros_ws/install/rm_gimbal_description/share/rm_gimbal_description/package.zsh'
[0.586s] Level 1:colcon.colcon_core.environment:create_file_with_runtime_dependencies(/home/wdr/ros_ws/install/rm_gimbal_description/share/colcon-core/packages/rm_gimbal_description)
[0.588s] DEBUG:colcon.colcon_core.event_handler.log_command:Invoked command in '/home/wdr/ros_ws/build/hik_camera' returned '0': CMAKE_PREFIX_PATH=/opt/ros/humble /usr/bin/cmake --build /home/wdr/ros_ws/build/hik_camera -- -j8 -l8
[0.590s] DEBUG:colcon.colcon_core.event_handler.log_command:Invoking command in '/home/wdr/ros_ws/build/hik_camera': CMAKE_PREFIX_PATH=/opt/ros/humble /usr/bin/cmake --install /home/wdr/ros_ws/build/hik_camera
[0.627s] Level 1:colcon.colcon_core.environment:create_environment_scripts_only(hik_camera)
[0.628s] Level 1:colcon.colcon_core.environment:checking '/home/wdr/ros_ws/install/hik_camera' for CMake module files
[0.629s] Level 1:colcon.colcon_core.environment:checking '/home/wdr/ros_ws/install/hik_camera' for CMake config files
[0.628s] DEBUG:colcon.colcon_core.event_handler.log_command:Invoked command in '/home/wdr/ros_ws/build/hik_camera' returned '0': CMAKE_PREFIX_PATH=/opt/ros/humble /usr/bin/cmake --install /home/wdr/ros_ws/build/hik_camera
[0.630s] Level 1:colcon.colcon_core.shell:create_environment_hook('hik_camera', 'cmake_prefix_path')
[0.631s] INFO:colcon.colcon_core.shell:Creating environment hook '/home/wdr/ros_ws/install/hik_camera/share/hik_camera/hook/cmake_prefix_path.ps1'
[0.632s] INFO:colcon.colcon_core.shell:Creating environment descriptor '/home/wdr/ros_ws/install/hik_camera/share/hik_camera/hook/cmake_prefix_path.dsv'
[0.633s] INFO:colcon.colcon_core.shell:Creating environment hook '/home/wdr/ros_ws/install/hik_camera/share/hik_camera/hook/cmake_prefix_path.sh'
[0.635s] Level 1:colcon.colcon_core.environment:checking '/home/wdr/ros_ws/install/hik_camera/lib'
[0.636s] Level 1:colcon.colcon_core.shell:create_environment_hook('hik_camera', 'ld_library_path_lib')
[0.636s] INFO:colcon.colcon_core.shell:Creating environment hook '/home/wdr/ros_ws/install/hik_camera/share/hik_camera/hook/ld_library_path_lib.ps1'
[0.636s] INFO:colcon.colcon_core.shell:Creating environment descriptor '/home/wdr/ros_ws/install/hik_camera/share/hik_camera/hook/ld_library_path_lib.dsv'
[0.637s] INFO:colcon.colcon_core.shell:Creating environment hook '/home/wdr/ros_ws/install/hik_camera/share/hik_camera/hook/ld_library_path_lib.sh'
[0.637s] Level 1:colcon.colcon_core.environment:checking '/home/wdr/ros_ws/install/hik_camera/bin'
[0.637s] Level 1:colcon.colcon_core.environment:checking '/home/wdr/ros_ws/install/hik_camera/lib/pkgconfig/hik_camera.pc'
[0.638s] Level 1:colcon.colcon_core.environment:checking '/home/wdr/ros_ws/install/hik_camera/lib/python3.10/site-packages'
[0.638s] Level 1:colcon.colcon_core.environment:checking '/home/wdr/ros_ws/install/hik_camera/bin'
[0.638s] INFO:colcon.colcon_core.shell:Creating package script '/home/wdr/ros_ws/install/hik_camera/share/hik_camera/package.ps1'
[0.639s] INFO:colcon.colcon_core.shell:Creating package descriptor '/home/wdr/ros_ws/install/hik_camera/share/hik_camera/package.dsv'
[0.640s] INFO:colcon.colcon_core.shell:Creating package script '/home/wdr/ros_ws/install/hik_camera/share/hik_camera/package.sh'
[0.640s] INFO:colcon.colcon_core.shell:Creating package script '/home/wdr/ros_ws/install/hik_camera/share/hik_camera/package.bash'
[0.641s] INFO:colcon.colcon_core.shell:Creating package script '/home/wdr/ros_ws/install/hik_camera/share/hik_camera/package.zsh'
[0.641s] Level 1:colcon.colcon_core.environment:create_file_with_runtime_dependencies(/home/wdr/ros_ws/install/hik_camera/share/colcon-core/packages/hik_camera)
[0.642s] Level 1:colcon.colcon_core.environment:create_environment_scripts_only(hik_camera)
[0.642s] Level 1:colcon.colcon_core.environment:checking '/home/wdr/ros_ws/install/hik_camera' for CMake module files
[0.643s] Level 1:colcon.colcon_core.environment:checking '/home/wdr/ros_ws/install/hik_camera' for CMake config files
[0.643s] Level 1:colcon.colcon_core.shell:create_environment_hook('hik_camera', 'cmake_prefix_path')
[0.644s] INFO:colcon.colcon_core.shell:Creating environment hook '/home/wdr/ros_ws/install/hik_camera/share/hik_camera/hook/cmake_prefix_path.ps1'
[0.644s] INFO:colcon.colcon_core.shell:Creating environment descriptor '/home/wdr/ros_ws/install/hik_camera/share/hik_camera/hook/cmake_prefix_path.dsv'
[0.645s] INFO:colcon.colcon_core.shell:Creating environment hook '/home/wdr/ros_ws/install/hik_camera/share/hik_camera/hook/cmake_prefix_path.sh'
[0.647s] Level 1:colcon.colcon_core.environment:checking '/home/wdr/ros_ws/install/hik_camera/lib'
[0.647s] Level 1:colcon.colcon_core.shell:create_environment_hook('hik_camera', 'ld_library_path_lib')
[0.647s] INFO:colcon.colcon_core.shell:Creating environment hook '/home/wdr/ros_ws/install/hik_camera/share/hik_camera/hook/ld_library_path_lib.ps1'
[0.647s] INFO:colcon.colcon_core.shell:Creating environment descriptor '/home/wdr/ros_ws/install/hik_camera/share/hik_camera/hook/ld_library_path_lib.dsv'
[0.648s] INFO:colcon.colcon_core.shell:Creating environment hook '/home/wdr/ros_ws/install/hik_camera/share/hik_camera/hook/ld_library_path_lib.sh'
[0.648s] Level 1:colcon.colcon_core.environment:checking '/home/wdr/ros_ws/install/hik_camera/bin'
[0.648s] Level 1:colcon.colcon_core.environment:checking '/home/wdr/ros_ws/install/hik_camera/lib/pkgconfig/hik_camera.pc'
[0.649s] Level 1:colcon.colcon_core.environment:checking '/home/wdr/ros_ws/install/hik_camera/lib/python3.10/site-packages'
[0.649s] Level 1:colcon.colcon_core.environment:checking '/home/wdr/ros_ws/install/hik_camera/bin'
[0.650s] INFO:colcon.colcon_core.shell:Creating package script '/home/wdr/ros_ws/install/hik_camera/share/hik_camera/package.ps1'
[0.652s] INFO:colcon.colcon_core.shell:Creating package descriptor '/home/wdr/ros_ws/install/hik_camera/share/hik_camera/package.dsv'
[0.653s] INFO:colcon.colcon_core.shell:Creating package script '/home/wdr/ros_ws/install/hik_camera/share/hik_camera/package.sh'
[0.653s] INFO:colcon.colcon_core.shell:Creating package script '/home/wdr/ros_ws/install/hik_camera/share/hik_camera/package.bash'
[0.654s] INFO:colcon.colcon_core.shell:Creating package script '/home/wdr/ros_ws/install/hik_camera/share/hik_camera/package.zsh'
[0.654s] Level 1:colcon.colcon_core.environment:create_file_with_runtime_dependencies(/home/wdr/ros_ws/install/hik_camera/share/colcon-core/packages/hik_camera)
[0.891s] DEBUG:colcon.colcon_core.event_handler.log_command:Invoked command in '/home/wdr/ros_ws/build/auto_aim_interfaces' returned '0': CMAKE_PREFIX_PATH=/opt/ros/humble /usr/bin/cmake --build /home/wdr/ros_ws/build/auto_aim_interfaces -- -j8 -l8
[0.893s] DEBUG:colcon.colcon_core.event_handler.log_command:Invoking command in '/home/wdr/ros_ws/build/auto_aim_interfaces': CMAKE_PREFIX_PATH=/opt/ros/humble /usr/bin/cmake --install /home/wdr/ros_ws/build/auto_aim_interfaces
[0.988s] Level 1:colcon.colcon_core.environment:create_environment_scripts_only(auto_aim_interfaces)
[0.989s] Level 1:colcon.colcon_core.environment:checking '/home/wdr/ros_ws/install/auto_aim_interfaces' for CMake module files
[0.989s] DEBUG:colcon.colcon_core.event_handler.log_command:Invoked command in '/home/wdr/ros_ws/build/auto_aim_interfaces' returned '0': CMAKE_PREFIX_PATH=/opt/ros/humble /usr/bin/cmake --install /home/wdr/ros_ws/build/auto_aim_interfaces
[0.989s] Level 1:colcon.colcon_core.environment:checking '/home/wdr/ros_ws/install/auto_aim_interfaces' for CMake config files
[0.989s] Level 1:colcon.colcon_core.shell:create_environment_hook('auto_aim_interfaces', 'cmake_prefix_path')
[0.990s] INFO:colcon.colcon_core.shell:Creating environment hook '/home/wdr/ros_ws/install/auto_aim_interfaces/share/auto_aim_interfaces/hook/cmake_prefix_path.ps1'
[0.990s] INFO:colcon.colcon_core.shell:Creating environment descriptor '/home/wdr/ros_ws/install/auto_aim_interfaces/share/auto_aim_interfaces/hook/cmake_prefix_path.dsv'
[0.990s] INFO:colcon.colcon_core.shell:Creating environment hook '/home/wdr/ros_ws/install/auto_aim_interfaces/share/auto_aim_interfaces/hook/cmake_prefix_path.sh'
[0.991s] Level 1:colcon.colcon_core.environment:checking '/home/wdr/ros_ws/install/auto_aim_interfaces/lib'
[0.991s] Level 1:colcon.colcon_core.shell:create_environment_hook('auto_aim_interfaces', 'ld_library_path_lib')
[0.991s] INFO:colcon.colcon_core.shell:Creating environment hook '/home/wdr/ros_ws/install/auto_aim_interfaces/share/auto_aim_interfaces/hook/ld_library_path_lib.ps1'
[0.991s] INFO:colcon.colcon_core.shell:Creating environment descriptor '/home/wdr/ros_ws/install/auto_aim_interfaces/share/auto_aim_interfaces/hook/ld_library_path_lib.dsv'
[0.991s] INFO:colcon.colcon_core.shell:Creating environment hook '/home/wdr/ros_ws/install/auto_aim_interfaces/share/auto_aim_interfaces/hook/ld_library_path_lib.sh'
[0.992s] Level 1:colcon.colcon_core.environment:checking '/home/wdr/ros_ws/install/auto_aim_interfaces/bin'
[0.992s] Level 1:colcon.colcon_core.environment:checking '/home/wdr/ros_ws/install/auto_aim_interfaces/lib/pkgconfig/auto_aim_interfaces.pc'
[0.992s] Level 1:colcon.colcon_core.environment:checking '/home/wdr/ros_ws/install/auto_aim_interfaces/lib/python3.10/site-packages'
[0.992s] Level 1:colcon.colcon_core.environment:checking '/home/wdr/ros_ws/install/auto_aim_interfaces/bin'
[0.992s] INFO:colcon.colcon_core.shell:Creating package script '/home/wdr/ros_ws/install/auto_aim_interfaces/share/auto_aim_interfaces/package.ps1'
[0.992s] INFO:colcon.colcon_core.shell:Creating package descriptor '/home/wdr/ros_ws/install/auto_aim_interfaces/share/auto_aim_interfaces/package.dsv'
[0.993s] INFO:colcon.colcon_core.shell:Creating package script '/home/wdr/ros_ws/install/auto_aim_interfaces/share/auto_aim_interfaces/package.sh'
[0.993s] INFO:colcon.colcon_core.shell:Creating package script '/home/wdr/ros_ws/install/auto_aim_interfaces/share/auto_aim_interfaces/package.bash'
[0.993s] INFO:colcon.colcon_core.shell:Creating package script '/home/wdr/ros_ws/install/auto_aim_interfaces/share/auto_aim_interfaces/package.zsh'
[0.993s] Level 1:colcon.colcon_core.environment:create_file_with_runtime_dependencies(/home/wdr/ros_ws/install/auto_aim_interfaces/share/colcon-core/packages/auto_aim_interfaces)
[0.994s] Level 1:colcon.colcon_core.environment:create_environment_scripts_only(auto_aim_interfaces)
[0.994s] Level 1:colcon.colcon_core.environment:checking '/home/wdr/ros_ws/install/auto_aim_interfaces' for CMake module files
[0.994s] Level 1:colcon.colcon_core.environment:checking '/home/wdr/ros_ws/install/auto_aim_interfaces' for CMake config files
[0.995s] Level 1:colcon.colcon_core.shell:create_environment_hook('auto_aim_interfaces', 'cmake_prefix_path')
[0.995s] INFO:colcon.colcon_core.shell:Creating environment hook '/home/wdr/ros_ws/install/auto_aim_interfaces/share/auto_aim_interfaces/hook/cmake_prefix_path.ps1'
[0.995s] INFO:colcon.colcon_core.shell:Creating environment descriptor '/home/wdr/ros_ws/install/auto_aim_interfaces/share/auto_aim_interfaces/hook/cmake_prefix_path.dsv'
[0.996s] INFO:colcon.colcon_core.shell:Creating environment hook '/home/wdr/ros_ws/install/auto_aim_interfaces/share/auto_aim_interfaces/hook/cmake_prefix_path.sh'
[0.996s] Level 1:colcon.colcon_core.environment:checking '/home/wdr/ros_ws/install/auto_aim_interfaces/lib'
[0.996s] Level 1:colcon.colcon_core.shell:create_environment_hook('auto_aim_interfaces', 'ld_library_path_lib')
[0.996s] INFO:colcon.colcon_core.shell:Creating environment hook '/home/wdr/ros_ws/install/auto_aim_interfaces/share/auto_aim_interfaces/hook/ld_library_path_lib.ps1'
[0.997s] INFO:colcon.colcon_core.shell:Creating environment descriptor '/home/wdr/ros_ws/install/auto_aim_interfaces/share/auto_aim_interfaces/hook/ld_library_path_lib.dsv'
[0.997s] INFO:colcon.colcon_core.shell:Creating environment hook '/home/wdr/ros_ws/install/auto_aim_interfaces/share/auto_aim_interfaces/hook/ld_library_path_lib.sh'
[0.997s] Level 1:colcon.colcon_core.environment:checking '/home/wdr/ros_ws/install/auto_aim_interfaces/bin'
[0.997s] Level 1:colcon.colcon_core.environment:checking '/home/wdr/ros_ws/install/auto_aim_interfaces/lib/pkgconfig/auto_aim_interfaces.pc'
[0.998s] Level 1:colcon.colcon_core.environment:checking '/home/wdr/ros_ws/install/auto_aim_interfaces/lib/python3.10/site-packages'
[0.998s] Level 1:colcon.colcon_core.environment:checking '/home/wdr/ros_ws/install/auto_aim_interfaces/bin'
[0.998s] INFO:colcon.colcon_core.shell:Creating package script '/home/wdr/ros_ws/install/auto_aim_interfaces/share/auto_aim_interfaces/package.ps1'
[0.999s] INFO:colcon.colcon_core.shell:Creating package descriptor '/home/wdr/ros_ws/install/auto_aim_interfaces/share/auto_aim_interfaces/package.dsv'
[0.999s] INFO:colcon.colcon_core.shell:Creating package script '/home/wdr/ros_ws/install/auto_aim_interfaces/share/auto_aim_interfaces/package.sh'
[0.999s] INFO:colcon.colcon_core.shell:Creating package script '/home/wdr/ros_ws/install/auto_aim_interfaces/share/auto_aim_interfaces/package.bash'
[1.000s] INFO:colcon.colcon_core.shell:Creating package script '/home/wdr/ros_ws/install/auto_aim_interfaces/share/auto_aim_interfaces/package.zsh'
[1.000s] Level 1:colcon.colcon_core.environment:create_file_with_runtime_dependencies(/home/wdr/ros_ws/install/auto_aim_interfaces/share/colcon-core/packages/auto_aim_interfaces)
[1.000s] INFO:colcon.colcon_ros.task.ament_cmake.build:Building ROS package in '/home/wdr/ros_ws/src/rm_serial_driver' with build type 'ament_cmake'
[1.000s] INFO:colcon.colcon_cmake.task.cmake.build:Building CMake package in '/home/wdr/ros_ws/src/rm_serial_driver'
[1.000s] INFO:colcon.colcon_core.shell:Skip shell extension 'powershell' for command environment: Not usable outside of PowerShell
[1.000s] DEBUG:colcon.colcon_core.shell:Skip shell extension 'dsv' for command environment
[1.003s] INFO:colcon.colcon_ros.task.ament_cmake.build:Building ROS package in '/home/wdr/ros_ws/src/rm_auto_aim/armor_detector' with build type 'ament_cmake'
[1.003s] INFO:colcon.colcon_cmake.task.cmake.build:Building CMake package in '/home/wdr/ros_ws/src/rm_auto_aim/armor_detector'
[1.003s] INFO:colcon.colcon_core.shell:Skip shell extension 'powershell' for command environment: Not usable outside of PowerShell
[1.003s] DEBUG:colcon.colcon_core.shell:Skip shell extension 'dsv' for command environment
[1.005s] INFO:colcon.colcon_ros.task.ament_cmake.build:Building ROS package in '/home/wdr/ros_ws/src/rm_auto_aim/armor_tracker' with build type 'ament_cmake'
[1.005s] INFO:colcon.colcon_cmake.task.cmake.build:Building CMake package in '/home/wdr/ros_ws/src/rm_auto_aim/armor_tracker'
[1.005s] INFO:colcon.colcon_core.shell:Skip shell extension 'powershell' for command environment: Not usable outside of PowerShell
[1.005s] DEBUG:colcon.colcon_core.shell:Skip shell extension 'dsv' for command environment
[1.012s] DEBUG:colcon.colcon_core.event_handler.log_command:Invoking command in '/home/wdr/ros_ws/build/rm_serial_driver': AMENT_PREFIX_PATH=/home/wdr/ros_ws/install/auto_aim_interfaces:${AMENT_PREFIX_PATH} CMAKE_PREFIX_PATH=/home/wdr/ros_ws/install/auto_aim_interfaces:/opt/ros/humble LD_LIBRARY_PATH=/home/wdr/ros_ws/install/auto_aim_interfaces/lib:/opt/MVS/lib/64:/opt/MVS/lib/32:/opt/MVS/lib/64:/opt/MVS/lib/32:/opt/ros/humble/opt/rviz_ogre_vendor/lib:/opt/ros/humble/lib/x86_64-linux-gnu:/opt/ros/humble/lib:/opt/MVS/lib/64:/opt/MVS/lib/32:/opt/MVS/lib/64:/opt/MVS/lib/32:/opt/MVS/lib/64:/opt/MVS/lib/32:/opt/MVS/lib/64:/opt/MVS/lib/32 PYTHONPATH=/home/wdr/ros_ws/install/auto_aim_interfaces/local/lib/python3.10/dist-packages:${PYTHONPATH} /usr/bin/cmake --build /home/wdr/ros_ws/build/rm_serial_driver -- -j8 -l8
[1.016s] DEBUG:colcon.colcon_core.event_handler.log_command:Invoking command in '/home/wdr/ros_ws/build/armor_detector': AMENT_PREFIX_PATH=/home/wdr/ros_ws/install/auto_aim_interfaces:${AMENT_PREFIX_PATH} CMAKE_PREFIX_PATH=/home/wdr/ros_ws/install/auto_aim_interfaces:/opt/ros/humble LD_LIBRARY_PATH=/home/wdr/ros_ws/install/auto_aim_interfaces/lib:/opt/MVS/lib/64:/opt/MVS/lib/32:/opt/MVS/lib/64:/opt/MVS/lib/32:/opt/ros/humble/opt/rviz_ogre_vendor/lib:/opt/ros/humble/lib/x86_64-linux-gnu:/opt/ros/humble/lib:/opt/MVS/lib/64:/opt/MVS/lib/32:/opt/MVS/lib/64:/opt/MVS/lib/32:/opt/MVS/lib/64:/opt/MVS/lib/32:/opt/MVS/lib/64:/opt/MVS/lib/32 PYTHONPATH=/home/wdr/ros_ws/install/auto_aim_interfaces/local/lib/python3.10/dist-packages:${PYTHONPATH} /usr/bin/cmake --build /home/wdr/ros_ws/build/armor_detector -- -j8 -l8
[1.023s] DEBUG:colcon.colcon_core.event_handler.log_command:Invoking command in '/home/wdr/ros_ws/build/armor_tracker': AMENT_PREFIX_PATH=/home/wdr/ros_ws/install/auto_aim_interfaces:${AMENT_PREFIX_PATH} CMAKE_PREFIX_PATH=/home/wdr/ros_ws/install/auto_aim_interfaces:/opt/ros/humble LD_LIBRARY_PATH=/home/wdr/ros_ws/install/auto_aim_interfaces/lib:/opt/MVS/lib/64:/opt/MVS/lib/32:/opt/MVS/lib/64:/opt/MVS/lib/32:/opt/ros/humble/opt/rviz_ogre_vendor/lib:/opt/ros/humble/lib/x86_64-linux-gnu:/opt/ros/humble/lib:/opt/MVS/lib/64:/opt/MVS/lib/32:/opt/MVS/lib/64:/opt/MVS/lib/32:/opt/MVS/lib/64:/opt/MVS/lib/32:/opt/MVS/lib/64:/opt/MVS/lib/32 PYTHONPATH=/home/wdr/ros_ws/install/auto_aim_interfaces/local/lib/python3.10/dist-packages:${PYTHONPATH} /usr/bin/cmake --build /home/wdr/ros_ws/build/armor_tracker -- -j8 -l8
[1.144s] DEBUG:colcon.colcon_core.event_handler.log_command:Invoked command in '/home/wdr/ros_ws/build/rm_serial_driver' returned '0': AMENT_PREFIX_PATH=/home/wdr/ros_ws/install/auto_aim_interfaces:${AMENT_PREFIX_PATH} CMAKE_PREFIX_PATH=/home/wdr/ros_ws/install/auto_aim_interfaces:/opt/ros/humble LD_LIBRARY_PATH=/home/wdr/ros_ws/install/auto_aim_interfaces/lib:/opt/MVS/lib/64:/opt/MVS/lib/32:/opt/MVS/lib/64:/opt/MVS/lib/32:/opt/ros/humble/opt/rviz_ogre_vendor/lib:/opt/ros/humble/lib/x86_64-linux-gnu:/opt/ros/humble/lib:/opt/MVS/lib/64:/opt/MVS/lib/32:/opt/MVS/lib/64:/opt/MVS/lib/32:/opt/MVS/lib/64:/opt/MVS/lib/32:/opt/MVS/lib/64:/opt/MVS/lib/32 PYTHONPATH=/home/wdr/ros_ws/install/auto_aim_interfaces/local/lib/python3.10/dist-packages:${PYTHONPATH} /usr/bin/cmake --build /home/wdr/ros_ws/build/rm_serial_driver -- -j8 -l8
[1.146s] DEBUG:colcon.colcon_core.event_handler.log_command:Invoking command in '/home/wdr/ros_ws/build/rm_serial_driver': AMENT_PREFIX_PATH=/home/wdr/ros_ws/install/auto_aim_interfaces:${AMENT_PREFIX_PATH} CMAKE_PREFIX_PATH=/home/wdr/ros_ws/install/auto_aim_interfaces:/opt/ros/humble LD_LIBRARY_PATH=/home/wdr/ros_ws/install/auto_aim_interfaces/lib:/opt/MVS/lib/64:/opt/MVS/lib/32:/opt/MVS/lib/64:/opt/MVS/lib/32:/opt/ros/humble/opt/rviz_ogre_vendor/lib:/opt/ros/humble/lib/x86_64-linux-gnu:/opt/ros/humble/lib:/opt/MVS/lib/64:/opt/MVS/lib/32:/opt/MVS/lib/64:/opt/MVS/lib/32:/opt/MVS/lib/64:/opt/MVS/lib/32:/opt/MVS/lib/64:/opt/MVS/lib/32 PYTHONPATH=/home/wdr/ros_ws/install/auto_aim_interfaces/local/lib/python3.10/dist-packages:${PYTHONPATH} /usr/bin/cmake --install /home/wdr/ros_ws/build/rm_serial_driver
[1.149s] DEBUG:colcon.colcon_core.event_handler.log_command:Invoked command in '/home/wdr/ros_ws/build/armor_tracker' returned '0': AMENT_PREFIX_PATH=/home/wdr/ros_ws/install/auto_aim_interfaces:${AMENT_PREFIX_PATH} CMAKE_PREFIX_PATH=/home/wdr/ros_ws/install/auto_aim_interfaces:/opt/ros/humble LD_LIBRARY_PATH=/home/wdr/ros_ws/install/auto_aim_interfaces/lib:/opt/MVS/lib/64:/opt/MVS/lib/32:/opt/MVS/lib/64:/opt/MVS/lib/32:/opt/ros/humble/opt/rviz_ogre_vendor/lib:/opt/ros/humble/lib/x86_64-linux-gnu:/opt/ros/humble/lib:/opt/MVS/lib/64:/opt/MVS/lib/32:/opt/MVS/lib/64:/opt/MVS/lib/32:/opt/MVS/lib/64:/opt/MVS/lib/32:/opt/MVS/lib/64:/opt/MVS/lib/32 PYTHONPATH=/home/wdr/ros_ws/install/auto_aim_interfaces/local/lib/python3.10/dist-packages:${PYTHONPATH} /usr/bin/cmake --build /home/wdr/ros_ws/build/armor_tracker -- -j8 -l8
[1.150s] DEBUG:colcon.colcon_core.event_handler.log_command:Invoking command in '/home/wdr/ros_ws/build/armor_tracker': AMENT_PREFIX_PATH=/home/wdr/ros_ws/install/auto_aim_interfaces:${AMENT_PREFIX_PATH} CMAKE_PREFIX_PATH=/home/wdr/ros_ws/install/auto_aim_interfaces:/opt/ros/humble LD_LIBRARY_PATH=/home/wdr/ros_ws/install/auto_aim_interfaces/lib:/opt/MVS/lib/64:/opt/MVS/lib/32:/opt/MVS/lib/64:/opt/MVS/lib/32:/opt/ros/humble/opt/rviz_ogre_vendor/lib:/opt/ros/humble/lib/x86_64-linux-gnu:/opt/ros/humble/lib:/opt/MVS/lib/64:/opt/MVS/lib/32:/opt/MVS/lib/64:/opt/MVS/lib/32:/opt/MVS/lib/64:/opt/MVS/lib/32:/opt/MVS/lib/64:/opt/MVS/lib/32 PYTHONPATH=/home/wdr/ros_ws/install/auto_aim_interfaces/local/lib/python3.10/dist-packages:${PYTHONPATH} /usr/bin/cmake --install /home/wdr/ros_ws/build/armor_tracker
[1.175s] Level 1:colcon.colcon_core.environment:create_environment_scripts_only(rm_serial_driver)
[1.175s] Level 1:colcon.colcon_core.environment:checking '/home/wdr/ros_ws/install/rm_serial_driver' for CMake module files
[1.175s] DEBUG:colcon.colcon_core.event_handler.log_command:Invoked command in '/home/wdr/ros_ws/build/rm_serial_driver' returned '0': AMENT_PREFIX_PATH=/home/wdr/ros_ws/install/auto_aim_interfaces:${AMENT_PREFIX_PATH} CMAKE_PREFIX_PATH=/home/wdr/ros_ws/install/auto_aim_interfaces:/opt/ros/humble LD_LIBRARY_PATH=/home/wdr/ros_ws/install/auto_aim_interfaces/lib:/opt/MVS/lib/64:/opt/MVS/lib/32:/opt/MVS/lib/64:/opt/MVS/lib/32:/opt/ros/humble/opt/rviz_ogre_vendor/lib:/opt/ros/humble/lib/x86_64-linux-gnu:/opt/ros/humble/lib:/opt/MVS/lib/64:/opt/MVS/lib/32:/opt/MVS/lib/64:/opt/MVS/lib/32:/opt/MVS/lib/64:/opt/MVS/lib/32:/opt/MVS/lib/64:/opt/MVS/lib/32 PYTHONPATH=/home/wdr/ros_ws/install/auto_aim_interfaces/local/lib/python3.10/dist-packages:${PYTHONPATH} /usr/bin/cmake --install /home/wdr/ros_ws/build/rm_serial_driver
[1.176s] Level 1:colcon.colcon_core.environment:checking '/home/wdr/ros_ws/install/rm_serial_driver' for CMake config files
[1.177s] Level 1:colcon.colcon_core.shell:create_environment_hook('rm_serial_driver', 'cmake_prefix_path')
[1.177s] INFO:colcon.colcon_core.shell:Creating environment hook '/home/wdr/ros_ws/install/rm_serial_driver/share/rm_serial_driver/hook/cmake_prefix_path.ps1'
[1.177s] INFO:colcon.colcon_core.shell:Creating environment descriptor '/home/wdr/ros_ws/install/rm_serial_driver/share/rm_serial_driver/hook/cmake_prefix_path.dsv'
[1.178s] INFO:colcon.colcon_core.shell:Creating environment hook '/home/wdr/ros_ws/install/rm_serial_driver/share/rm_serial_driver/hook/cmake_prefix_path.sh'
[1.178s] Level 1:colcon.colcon_core.environment:checking '/home/wdr/ros_ws/install/rm_serial_driver/lib'
[1.178s] Level 1:colcon.colcon_core.shell:create_environment_hook('rm_serial_driver', 'ld_library_path_lib')
[1.178s] INFO:colcon.colcon_core.shell:Creating environment hook '/home/wdr/ros_ws/install/rm_serial_driver/share/rm_serial_driver/hook/ld_library_path_lib.ps1'
[1.179s] INFO:colcon.colcon_core.shell:Creating environment descriptor '/home/wdr/ros_ws/install/rm_serial_driver/share/rm_serial_driver/hook/ld_library_path_lib.dsv'
[1.179s] INFO:colcon.colcon_core.shell:Creating environment hook '/home/wdr/ros_ws/install/rm_serial_driver/share/rm_serial_driver/hook/ld_library_path_lib.sh'
[1.179s] Level 1:colcon.colcon_core.environment:checking '/home/wdr/ros_ws/install/rm_serial_driver/bin'
[1.179s] Level 1:colcon.colcon_core.environment:checking '/home/wdr/ros_ws/install/rm_serial_driver/lib/pkgconfig/rm_serial_driver.pc'
[1.180s] Level 1:colcon.colcon_core.environment:checking '/home/wdr/ros_ws/install/rm_serial_driver/lib/python3.10/site-packages'
[1.180s] Level 1:colcon.colcon_core.environment:checking '/home/wdr/ros_ws/install/rm_serial_driver/bin'
[1.180s] INFO:colcon.colcon_core.shell:Creating package script '/home/wdr/ros_ws/install/rm_serial_driver/share/rm_serial_driver/package.ps1'
[1.181s] INFO:colcon.colcon_core.shell:Creating package descriptor '/home/wdr/ros_ws/install/rm_serial_driver/share/rm_serial_driver/package.dsv'
[1.181s] INFO:colcon.colcon_core.shell:Creating package script '/home/wdr/ros_ws/install/rm_serial_driver/share/rm_serial_driver/package.sh'
[1.181s] INFO:colcon.colcon_core.shell:Creating package script '/home/wdr/ros_ws/install/rm_serial_driver/share/rm_serial_driver/package.bash'
[1.182s] INFO:colcon.colcon_core.shell:Creating package script '/home/wdr/ros_ws/install/rm_serial_driver/share/rm_serial_driver/package.zsh'
[1.182s] Level 1:colcon.colcon_core.environment:create_file_with_runtime_dependencies(/home/wdr/ros_ws/install/rm_serial_driver/share/colcon-core/packages/rm_serial_driver)
[1.182s] Level 1:colcon.colcon_core.environment:create_environment_scripts_only(rm_serial_driver)
[1.183s] Level 1:colcon.colcon_core.environment:checking '/home/wdr/ros_ws/install/rm_serial_driver' for CMake module files
[1.183s] Level 1:colcon.colcon_core.environment:checking '/home/wdr/ros_ws/install/rm_serial_driver' for CMake config files
[1.183s] Level 1:colcon.colcon_core.shell:create_environment_hook('rm_serial_driver', 'cmake_prefix_path')
[1.184s] INFO:colcon.colcon_core.shell:Creating environment hook '/home/wdr/ros_ws/install/rm_serial_driver/share/rm_serial_driver/hook/cmake_prefix_path.ps1'
[1.185s] INFO:colcon.colcon_core.shell:Creating environment descriptor '/home/wdr/ros_ws/install/rm_serial_driver/share/rm_serial_driver/hook/cmake_prefix_path.dsv'
[1.185s] INFO:colcon.colcon_core.shell:Creating environment hook '/home/wdr/ros_ws/install/rm_serial_driver/share/rm_serial_driver/hook/cmake_prefix_path.sh'
[1.186s] Level 1:colcon.colcon_core.environment:checking '/home/wdr/ros_ws/install/rm_serial_driver/lib'
[1.186s] Level 1:colcon.colcon_core.shell:create_environment_hook('rm_serial_driver', 'ld_library_path_lib')
[1.187s] INFO:colcon.colcon_core.shell:Creating environment hook '/home/wdr/ros_ws/install/rm_serial_driver/share/rm_serial_driver/hook/ld_library_path_lib.ps1'
[1.187s] INFO:colcon.colcon_core.shell:Creating environment descriptor '/home/wdr/ros_ws/install/rm_serial_driver/share/rm_serial_driver/hook/ld_library_path_lib.dsv'
[1.188s] INFO:colcon.colcon_core.shell:Creating environment hook '/home/wdr/ros_ws/install/rm_serial_driver/share/rm_serial_driver/hook/ld_library_path_lib.sh'
[1.188s] Level 1:colcon.colcon_core.environment:checking '/home/wdr/ros_ws/install/rm_serial_driver/bin'
[1.188s] Level 1:colcon.colcon_core.environment:checking '/home/wdr/ros_ws/install/rm_serial_driver/lib/pkgconfig/rm_serial_driver.pc'
[1.189s] Level 1:colcon.colcon_core.environment:checking '/home/wdr/ros_ws/install/rm_serial_driver/lib/python3.10/site-packages'
[1.189s] Level 1:colcon.colcon_core.environment:checking '/home/wdr/ros_ws/install/rm_serial_driver/bin'
[1.189s] INFO:colcon.colcon_core.shell:Creating package script '/home/wdr/ros_ws/install/rm_serial_driver/share/rm_serial_driver/package.ps1'
[1.190s] INFO:colcon.colcon_core.shell:Creating package descriptor '/home/wdr/ros_ws/install/rm_serial_driver/share/rm_serial_driver/package.dsv'
[1.190s] INFO:colcon.colcon_core.shell:Creating package script '/home/wdr/ros_ws/install/rm_serial_driver/share/rm_serial_driver/package.sh'
[1.191s] INFO:colcon.colcon_core.shell:Creating package script '/home/wdr/ros_ws/install/rm_serial_driver/share/rm_serial_driver/package.bash'
[1.191s] INFO:colcon.colcon_core.shell:Creating package script '/home/wdr/ros_ws/install/rm_serial_driver/share/rm_serial_driver/package.zsh'
[1.191s] Level 1:colcon.colcon_core.environment:create_file_with_runtime_dependencies(/home/wdr/ros_ws/install/rm_serial_driver/share/colcon-core/packages/rm_serial_driver)
[1.192s] INFO:colcon.colcon_ros.task.ament_cmake.build:Building ROS package in '/home/wdr/ros_ws/src/rm_vision/rm_vision_bringup' with build type 'ament_cmake'
[1.192s] INFO:colcon.colcon_cmake.task.cmake.build:Building CMake package in '/home/wdr/ros_ws/src/rm_vision/rm_vision_bringup'
[1.193s] INFO:colcon.colcon_core.shell:Skip shell extension 'powershell' for command environment: Not usable outside of PowerShell
[1.193s] DEBUG:colcon.colcon_core.shell:Skip shell extension 'dsv' for command environment
[1.196s] Level 1:colcon.colcon_core.environment:create_environment_scripts_only(armor_tracker)
[1.197s] Level 1:colcon.colcon_core.environment:checking '/home/wdr/ros_ws/install/armor_tracker' for CMake module files
[1.197s] DEBUG:colcon.colcon_core.event_handler.log_command:Invoked command in '/home/wdr/ros_ws/build/armor_tracker' returned '0': AMENT_PREFIX_PATH=/home/wdr/ros_ws/install/auto_aim_interfaces:${AMENT_PREFIX_PATH} CMAKE_PREFIX_PATH=/home/wdr/ros_ws/install/auto_aim_interfaces:/opt/ros/humble LD_LIBRARY_PATH=/home/wdr/ros_ws/install/auto_aim_interfaces/lib:/opt/MVS/lib/64:/opt/MVS/lib/32:/opt/MVS/lib/64:/opt/MVS/lib/32:/opt/ros/humble/opt/rviz_ogre_vendor/lib:/opt/ros/humble/lib/x86_64-linux-gnu:/opt/ros/humble/lib:/opt/MVS/lib/64:/opt/MVS/lib/32:/opt/MVS/lib/64:/opt/MVS/lib/32:/opt/MVS/lib/64:/opt/MVS/lib/32:/opt/MVS/lib/64:/opt/MVS/lib/32 PYTHONPATH=/home/wdr/ros_ws/install/auto_aim_interfaces/local/lib/python3.10/dist-packages:${PYTHONPATH} /usr/bin/cmake --install /home/wdr/ros_ws/build/armor_tracker
[1.198s] Level 1:colcon.colcon_core.environment:checking '/home/wdr/ros_ws/install/armor_tracker' for CMake config files
[1.198s] Level 1:colcon.colcon_core.shell:create_environment_hook('armor_tracker', 'cmake_prefix_path')
[1.198s] INFO:colcon.colcon_core.shell:Creating environment hook '/home/wdr/ros_ws/install/armor_tracker/share/armor_tracker/hook/cmake_prefix_path.ps1'
[1.199s] INFO:colcon.colcon_core.shell:Creating environment descriptor '/home/wdr/ros_ws/install/armor_tracker/share/armor_tracker/hook/cmake_prefix_path.dsv'
[1.200s] INFO:colcon.colcon_core.shell:Creating environment hook '/home/wdr/ros_ws/install/armor_tracker/share/armor_tracker/hook/cmake_prefix_path.sh'
[1.202s] Level 1:colcon.colcon_core.environment:checking '/home/wdr/ros_ws/install/armor_tracker/lib'
[1.202s] Level 1:colcon.colcon_core.shell:create_environment_hook('armor_tracker', 'ld_library_path_lib')
[1.202s] INFO:colcon.colcon_core.shell:Creating environment hook '/home/wdr/ros_ws/install/armor_tracker/share/armor_tracker/hook/ld_library_path_lib.ps1'
[1.203s] INFO:colcon.colcon_core.shell:Creating environment descriptor '/home/wdr/ros_ws/install/armor_tracker/share/armor_tracker/hook/ld_library_path_lib.dsv'
[1.203s] INFO:colcon.colcon_core.shell:Creating environment hook '/home/wdr/ros_ws/install/armor_tracker/share/armor_tracker/hook/ld_library_path_lib.sh'
[1.203s] Level 1:colcon.colcon_core.environment:checking '/home/wdr/ros_ws/install/armor_tracker/bin'
[1.203s] Level 1:colcon.colcon_core.environment:checking '/home/wdr/ros_ws/install/armor_tracker/lib/pkgconfig/armor_tracker.pc'
[1.203s] Level 1:colcon.colcon_core.environment:checking '/home/wdr/ros_ws/install/armor_tracker/lib/python3.10/site-packages'
[1.204s] Level 1:colcon.colcon_core.environment:checking '/home/wdr/ros_ws/install/armor_tracker/bin'
[1.204s] INFO:colcon.colcon_core.shell:Creating package script '/home/wdr/ros_ws/install/armor_tracker/share/armor_tracker/package.ps1'
[1.205s] INFO:colcon.colcon_core.shell:Creating package descriptor '/home/wdr/ros_ws/install/armor_tracker/share/armor_tracker/package.dsv'
[1.205s] INFO:colcon.colcon_core.shell:Creating package script '/home/wdr/ros_ws/install/armor_tracker/share/armor_tracker/package.sh'
[1.206s] INFO:colcon.colcon_core.shell:Creating package script '/home/wdr/ros_ws/install/armor_tracker/share/armor_tracker/package.bash'
[1.206s] INFO:colcon.colcon_core.shell:Creating package script '/home/wdr/ros_ws/install/armor_tracker/share/armor_tracker/package.zsh'
[1.206s] Level 1:colcon.colcon_core.environment:create_file_with_runtime_dependencies(/home/wdr/ros_ws/install/armor_tracker/share/colcon-core/packages/armor_tracker)
[1.207s] Level 1:colcon.colcon_core.environment:create_environment_scripts_only(armor_tracker)
[1.207s] Level 1:colcon.colcon_core.environment:checking '/home/wdr/ros_ws/install/armor_tracker' for CMake module files
[1.208s] Level 1:colcon.colcon_core.environment:checking '/home/wdr/ros_ws/install/armor_tracker' for CMake config files
[1.208s] Level 1:colcon.colcon_core.shell:create_environment_hook('armor_tracker', 'cmake_prefix_path')
[1.208s] INFO:colcon.colcon_core.shell:Creating environment hook '/home/wdr/ros_ws/install/armor_tracker/share/armor_tracker/hook/cmake_prefix_path.ps1'
[1.209s] INFO:colcon.colcon_core.shell:Creating environment descriptor '/home/wdr/ros_ws/install/armor_tracker/share/armor_tracker/hook/cmake_prefix_path.dsv'
[1.209s] INFO:colcon.colcon_core.shell:Creating environment hook '/home/wdr/ros_ws/install/armor_tracker/share/armor_tracker/hook/cmake_prefix_path.sh'
[1.209s] Level 1:colcon.colcon_core.environment:checking '/home/wdr/ros_ws/install/armor_tracker/lib'
[1.210s] Level 1:colcon.colcon_core.shell:create_environment_hook('armor_tracker', 'ld_library_path_lib')
[1.210s] INFO:colcon.colcon_core.shell:Creating environment hook '/home/wdr/ros_ws/install/armor_tracker/share/armor_tracker/hook/ld_library_path_lib.ps1'
[1.210s] INFO:colcon.colcon_core.shell:Creating environment descriptor '/home/wdr/ros_ws/install/armor_tracker/share/armor_tracker/hook/ld_library_path_lib.dsv'
[1.210s] INFO:colcon.colcon_core.shell:Creating environment hook '/home/wdr/ros_ws/install/armor_tracker/share/armor_tracker/hook/ld_library_path_lib.sh'
[1.211s] Level 1:colcon.colcon_core.environment:checking '/home/wdr/ros_ws/install/armor_tracker/bin'
[1.211s] Level 1:colcon.colcon_core.environment:checking '/home/wdr/ros_ws/install/armor_tracker/lib/pkgconfig/armor_tracker.pc'
[1.211s] Level 1:colcon.colcon_core.environment:checking '/home/wdr/ros_ws/install/armor_tracker/lib/python3.10/site-packages'
[1.211s] Level 1:colcon.colcon_core.environment:checking '/home/wdr/ros_ws/install/armor_tracker/bin'
[1.212s] INFO:colcon.colcon_core.shell:Creating package script '/home/wdr/ros_ws/install/armor_tracker/share/armor_tracker/package.ps1'
[1.213s] INFO:colcon.colcon_core.shell:Creating package descriptor '/home/wdr/ros_ws/install/armor_tracker/share/armor_tracker/package.dsv'
[1.214s] INFO:colcon.colcon_core.shell:Creating package script '/home/wdr/ros_ws/install/armor_tracker/share/armor_tracker/package.sh'
[1.215s] INFO:colcon.colcon_core.shell:Creating package script '/home/wdr/ros_ws/install/armor_tracker/share/armor_tracker/package.bash'
[1.216s] INFO:colcon.colcon_core.shell:Creating package script '/home/wdr/ros_ws/install/armor_tracker/share/armor_tracker/package.zsh'
[1.216s] Level 1:colcon.colcon_core.environment:create_file_with_runtime_dependencies(/home/wdr/ros_ws/install/armor_tracker/share/colcon-core/packages/armor_tracker)
[1.227s] DEBUG:colcon.colcon_core.event_handler.log_command:Invoking command in '/home/wdr/ros_ws/build/rm_vision_bringup': AMENT_PREFIX_PATH=/home/wdr/ros_ws/install/rm_serial_driver:/home/wdr/ros_ws/install/auto_aim_interfaces:${AMENT_PREFIX_PATH} CMAKE_PREFIX_PATH=/home/wdr/ros_ws/install/rm_serial_driver:/home/wdr/ros_ws/install/auto_aim_interfaces:/opt/ros/humble LD_LIBRARY_PATH=/home/wdr/ros_ws/install/rm_serial_driver/lib:/home/wdr/ros_ws/install/auto_aim_interfaces/lib:/opt/MVS/lib/64:/opt/MVS/lib/32:/opt/MVS/lib/64:/opt/MVS/lib/32:/opt/ros/humble/opt/rviz_ogre_vendor/lib:/opt/ros/humble/lib/x86_64-linux-gnu:/opt/ros/humble/lib:/opt/MVS/lib/64:/opt/MVS/lib/32:/opt/MVS/lib/64:/opt/MVS/lib/32:/opt/MVS/lib/64:/opt/MVS/lib/32:/opt/MVS/lib/64:/opt/MVS/lib/32 PYTHONPATH=/home/wdr/ros_ws/install/auto_aim_interfaces/local/lib/python3.10/dist-packages:${PYTHONPATH} /usr/bin/cmake --build /home/wdr/ros_ws/build/rm_vision_bringup -- -j8 -l8
[1.295s] DEBUG:colcon.colcon_core.event_handler.log_command:Invoked command in '/home/wdr/ros_ws/build/rm_vision_bringup' returned '0': AMENT_PREFIX_PATH=/home/wdr/ros_ws/install/rm_serial_driver:/home/wdr/ros_ws/install/auto_aim_interfaces:${AMENT_PREFIX_PATH} CMAKE_PREFIX_PATH=/home/wdr/ros_ws/install/rm_serial_driver:/home/wdr/ros_ws/install/auto_aim_interfaces:/opt/ros/humble LD_LIBRARY_PATH=/home/wdr/ros_ws/install/rm_serial_driver/lib:/home/wdr/ros_ws/install/auto_aim_interfaces/lib:/opt/MVS/lib/64:/opt/MVS/lib/32:/opt/MVS/lib/64:/opt/MVS/lib/32:/opt/ros/humble/opt/rviz_ogre_vendor/lib:/opt/ros/humble/lib/x86_64-linux-gnu:/opt/ros/humble/lib:/opt/MVS/lib/64:/opt/MVS/lib/32:/opt/MVS/lib/64:/opt/MVS/lib/32:/opt/MVS/lib/64:/opt/MVS/lib/32:/opt/MVS/lib/64:/opt/MVS/lib/32 PYTHONPATH=/home/wdr/ros_ws/install/auto_aim_interfaces/local/lib/python3.10/dist-packages:${PYTHONPATH} /usr/bin/cmake --build /home/wdr/ros_ws/build/rm_vision_bringup -- -j8 -l8
[1.302s] DEBUG:colcon.colcon_core.event_handler.log_command:Invoking command in '/home/wdr/ros_ws/build/rm_vision_bringup': AMENT_PREFIX_PATH=/home/wdr/ros_ws/install/rm_serial_driver:/home/wdr/ros_ws/install/auto_aim_interfaces:${AMENT_PREFIX_PATH} CMAKE_PREFIX_PATH=/home/wdr/ros_ws/install/rm_serial_driver:/home/wdr/ros_ws/install/auto_aim_interfaces:/opt/ros/humble LD_LIBRARY_PATH=/home/wdr/ros_ws/install/rm_serial_driver/lib:/home/wdr/ros_ws/install/auto_aim_interfaces/lib:/opt/MVS/lib/64:/opt/MVS/lib/32:/opt/MVS/lib/64:/opt/MVS/lib/32:/opt/ros/humble/opt/rviz_ogre_vendor/lib:/opt/ros/humble/lib/x86_64-linux-gnu:/opt/ros/humble/lib:/opt/MVS/lib/64:/opt/MVS/lib/32:/opt/MVS/lib/64:/opt/MVS/lib/32:/opt/MVS/lib/64:/opt/MVS/lib/32:/opt/MVS/lib/64:/opt/MVS/lib/32 PYTHONPATH=/home/wdr/ros_ws/install/auto_aim_interfaces/local/lib/python3.10/dist-packages:${PYTHONPATH} /usr/bin/cmake --install /home/wdr/ros_ws/build/rm_vision_bringup
[1.339s] Level 1:colcon.colcon_core.environment:create_environment_scripts_only(rm_vision_bringup)
[1.339s] Level 1:colcon.colcon_core.environment:checking '/home/wdr/ros_ws/install/rm_vision_bringup' for CMake module files
[1.340s] DEBUG:colcon.colcon_core.event_handler.log_command:Invoked command in '/home/wdr/ros_ws/build/rm_vision_bringup' returned '0': AMENT_PREFIX_PATH=/home/wdr/ros_ws/install/rm_serial_driver:/home/wdr/ros_ws/install/auto_aim_interfaces:${AMENT_PREFIX_PATH} CMAKE_PREFIX_PATH=/home/wdr/ros_ws/install/rm_serial_driver:/home/wdr/ros_ws/install/auto_aim_interfaces:/opt/ros/humble LD_LIBRARY_PATH=/home/wdr/ros_ws/install/rm_serial_driver/lib:/home/wdr/ros_ws/install/auto_aim_interfaces/lib:/opt/MVS/lib/64:/opt/MVS/lib/32:/opt/MVS/lib/64:/opt/MVS/lib/32:/opt/ros/humble/opt/rviz_ogre_vendor/lib:/opt/ros/humble/lib/x86_64-linux-gnu:/opt/ros/humble/lib:/opt/MVS/lib/64:/opt/MVS/lib/32:/opt/MVS/lib/64:/opt/MVS/lib/32:/opt/MVS/lib/64:/opt/MVS/lib/32:/opt/MVS/lib/64:/opt/MVS/lib/32 PYTHONPATH=/home/wdr/ros_ws/install/auto_aim_interfaces/local/lib/python3.10/dist-packages:${PYTHONPATH} /usr/bin/cmake --install /home/wdr/ros_ws/build/rm_vision_bringup
[1.341s] Level 1:colcon.colcon_core.environment:checking '/home/wdr/ros_ws/install/rm_vision_bringup' for CMake config files
[1.341s] Level 1:colcon.colcon_core.shell:create_environment_hook('rm_vision_bringup', 'cmake_prefix_path')
[1.341s] INFO:colcon.colcon_core.shell:Creating environment hook '/home/wdr/ros_ws/install/rm_vision_bringup/share/rm_vision_bringup/hook/cmake_prefix_path.ps1'
[1.342s] INFO:colcon.colcon_core.shell:Creating environment descriptor '/home/wdr/ros_ws/install/rm_vision_bringup/share/rm_vision_bringup/hook/cmake_prefix_path.dsv'
[1.343s] INFO:colcon.colcon_core.shell:Creating environment hook '/home/wdr/ros_ws/install/rm_vision_bringup/share/rm_vision_bringup/hook/cmake_prefix_path.sh'
[1.343s] Level 1:colcon.colcon_core.environment:checking '/home/wdr/ros_ws/install/rm_vision_bringup/bin'
[1.343s] Level 1:colcon.colcon_core.environment:checking '/home/wdr/ros_ws/install/rm_vision_bringup/lib/pkgconfig/rm_vision_bringup.pc'
[1.343s] Level 1:colcon.colcon_core.environment:checking '/home/wdr/ros_ws/install/rm_vision_bringup/lib/python3.10/site-packages'
[1.344s] Level 1:colcon.colcon_core.environment:checking '/home/wdr/ros_ws/install/rm_vision_bringup/bin'
[1.344s] INFO:colcon.colcon_core.shell:Creating package script '/home/wdr/ros_ws/install/rm_vision_bringup/share/rm_vision_bringup/package.ps1'
[1.346s] INFO:colcon.colcon_core.shell:Creating package descriptor '/home/wdr/ros_ws/install/rm_vision_bringup/share/rm_vision_bringup/package.dsv'
[1.346s] INFO:colcon.colcon_core.shell:Creating package script '/home/wdr/ros_ws/install/rm_vision_bringup/share/rm_vision_bringup/package.sh'
[1.347s] INFO:colcon.colcon_core.shell:Creating package script '/home/wdr/ros_ws/install/rm_vision_bringup/share/rm_vision_bringup/package.bash'
[1.348s] INFO:colcon.colcon_core.shell:Creating package script '/home/wdr/ros_ws/install/rm_vision_bringup/share/rm_vision_bringup/package.zsh'
[1.350s] Level 1:colcon.colcon_core.environment:create_file_with_runtime_dependencies(/home/wdr/ros_ws/install/rm_vision_bringup/share/colcon-core/packages/rm_vision_bringup)
[1.351s] Level 1:colcon.colcon_core.environment:create_environment_scripts_only(rm_vision_bringup)
[1.352s] Level 1:colcon.colcon_core.environment:checking '/home/wdr/ros_ws/install/rm_vision_bringup' for CMake module files
[1.352s] Level 1:colcon.colcon_core.environment:checking '/home/wdr/ros_ws/install/rm_vision_bringup' for CMake config files
[1.353s] Level 1:colcon.colcon_core.shell:create_environment_hook('rm_vision_bringup', 'cmake_prefix_path')
[1.353s] INFO:colcon.colcon_core.shell:Creating environment hook '/home/wdr/ros_ws/install/rm_vision_bringup/share/rm_vision_bringup/hook/cmake_prefix_path.ps1'
[1.354s] INFO:colcon.colcon_core.shell:Creating environment descriptor '/home/wdr/ros_ws/install/rm_vision_bringup/share/rm_vision_bringup/hook/cmake_prefix_path.dsv'
[1.355s] INFO:colcon.colcon_core.shell:Creating environment hook '/home/wdr/ros_ws/install/rm_vision_bringup/share/rm_vision_bringup/hook/cmake_prefix_path.sh'
[1.356s] Level 1:colcon.colcon_core.environment:checking '/home/wdr/ros_ws/install/rm_vision_bringup/bin'
[1.356s] Level 1:colcon.colcon_core.environment:checking '/home/wdr/ros_ws/install/rm_vision_bringup/lib/pkgconfig/rm_vision_bringup.pc'
[1.357s] Level 1:colcon.colcon_core.environment:checking '/home/wdr/ros_ws/install/rm_vision_bringup/lib/python3.10/site-packages'
[1.358s] Level 1:colcon.colcon_core.environment:checking '/home/wdr/ros_ws/install/rm_vision_bringup/bin'
[1.359s] INFO:colcon.colcon_core.shell:Creating package script '/home/wdr/ros_ws/install/rm_vision_bringup/share/rm_vision_bringup/package.ps1'
[1.367s] INFO:colcon.colcon_core.shell:Creating package descriptor '/home/wdr/ros_ws/install/rm_vision_bringup/share/rm_vision_bringup/package.dsv'
[1.368s] INFO:colcon.colcon_core.shell:Creating package script '/home/wdr/ros_ws/install/rm_vision_bringup/share/rm_vision_bringup/package.sh'
[1.369s] INFO:colcon.colcon_core.shell:Creating package script '/home/wdr/ros_ws/install/rm_vision_bringup/share/rm_vision_bringup/package.bash'
[1.371s] INFO:colcon.colcon_core.shell:Creating package script '/home/wdr/ros_ws/install/rm_vision_bringup/share/rm_vision_bringup/package.zsh'
[1.372s] Level 1:colcon.colcon_core.environment:create_file_with_runtime_dependencies(/home/wdr/ros_ws/install/rm_vision_bringup/share/colcon-core/packages/rm_vision_bringup)
[22.262s] DEBUG:colcon.colcon_core.event_handler.log_command:Invoked command in '/home/wdr/ros_ws/build/armor_detector' returned '0': AMENT_PREFIX_PATH=/home/wdr/ros_ws/install/auto_aim_interfaces:${AMENT_PREFIX_PATH} CMAKE_PREFIX_PATH=/home/wdr/ros_ws/install/auto_aim_interfaces:/opt/ros/humble LD_LIBRARY_PATH=/home/wdr/ros_ws/install/auto_aim_interfaces/lib:/opt/MVS/lib/64:/opt/MVS/lib/32:/opt/MVS/lib/64:/opt/MVS/lib/32:/opt/ros/humble/opt/rviz_ogre_vendor/lib:/opt/ros/humble/lib/x86_64-linux-gnu:/opt/ros/humble/lib:/opt/MVS/lib/64:/opt/MVS/lib/32:/opt/MVS/lib/64:/opt/MVS/lib/32:/opt/MVS/lib/64:/opt/MVS/lib/32:/opt/MVS/lib/64:/opt/MVS/lib/32 PYTHONPATH=/home/wdr/ros_ws/install/auto_aim_interfaces/local/lib/python3.10/dist-packages:${PYTHONPATH} /usr/bin/cmake --build /home/wdr/ros_ws/build/armor_detector -- -j8 -l8
[22.263s] DEBUG:colcon.colcon_core.event_handler.log_command:Invoking command in '/home/wdr/ros_ws/build/armor_detector': AMENT_PREFIX_PATH=/home/wdr/ros_ws/install/auto_aim_interfaces:${AMENT_PREFIX_PATH} CMAKE_PREFIX_PATH=/home/wdr/ros_ws/install/auto_aim_interfaces:/opt/ros/humble LD_LIBRARY_PATH=/home/wdr/ros_ws/install/auto_aim_interfaces/lib:/opt/MVS/lib/64:/opt/MVS/lib/32:/opt/MVS/lib/64:/opt/MVS/lib/32:/opt/ros/humble/opt/rviz_ogre_vendor/lib:/opt/ros/humble/lib/x86_64-linux-gnu:/opt/ros/humble/lib:/opt/MVS/lib/64:/opt/MVS/lib/32:/opt/MVS/lib/64:/opt/MVS/lib/32:/opt/MVS/lib/64:/opt/MVS/lib/32:/opt/MVS/lib/64:/opt/MVS/lib/32 PYTHONPATH=/home/wdr/ros_ws/install/auto_aim_interfaces/local/lib/python3.10/dist-packages:${PYTHONPATH} /usr/bin/cmake --install /home/wdr/ros_ws/build/armor_detector
[22.280s] Level 1:colcon.colcon_core.environment:create_environment_scripts_only(armor_detector)
[22.280s] Level 1:colcon.colcon_core.environment:checking '/home/wdr/ros_ws/install/armor_detector' for CMake module files
[22.280s] DEBUG:colcon.colcon_core.event_handler.log_command:Invoked command in '/home/wdr/ros_ws/build/armor_detector' returned '0': AMENT_PREFIX_PATH=/home/wdr/ros_ws/install/auto_aim_interfaces:${AMENT_PREFIX_PATH} CMAKE_PREFIX_PATH=/home/wdr/ros_ws/install/auto_aim_interfaces:/opt/ros/humble LD_LIBRARY_PATH=/home/wdr/ros_ws/install/auto_aim_interfaces/lib:/opt/MVS/lib/64:/opt/MVS/lib/32:/opt/MVS/lib/64:/opt/MVS/lib/32:/opt/ros/humble/opt/rviz_ogre_vendor/lib:/opt/ros/humble/lib/x86_64-linux-gnu:/opt/ros/humble/lib:/opt/MVS/lib/64:/opt/MVS/lib/32:/opt/MVS/lib/64:/opt/MVS/lib/32:/opt/MVS/lib/64:/opt/MVS/lib/32:/opt/MVS/lib/64:/opt/MVS/lib/32 PYTHONPATH=/home/wdr/ros_ws/install/auto_aim_interfaces/local/lib/python3.10/dist-packages:${PYTHONPATH} /usr/bin/cmake --install /home/wdr/ros_ws/build/armor_detector
[22.280s] Level 1:colcon.colcon_core.environment:checking '/home/wdr/ros_ws/install/armor_detector' for CMake config files
[22.281s] Level 1:colcon.colcon_core.shell:create_environment_hook('armor_detector', 'cmake_prefix_path')
[22.281s] INFO:colcon.colcon_core.shell:Creating environment hook '/home/wdr/ros_ws/install/armor_detector/share/armor_detector/hook/cmake_prefix_path.ps1'
[22.281s] INFO:colcon.colcon_core.shell:Creating environment descriptor '/home/wdr/ros_ws/install/armor_detector/share/armor_detector/hook/cmake_prefix_path.dsv'
[22.281s] INFO:colcon.colcon_core.shell:Creating environment hook '/home/wdr/ros_ws/install/armor_detector/share/armor_detector/hook/cmake_prefix_path.sh'
[22.282s] Level 1:colcon.colcon_core.environment:checking '/home/wdr/ros_ws/install/armor_detector/lib'
[22.282s] Level 1:colcon.colcon_core.shell:create_environment_hook('armor_detector', 'ld_library_path_lib')
[22.282s] INFO:colcon.colcon_core.shell:Creating environment hook '/home/wdr/ros_ws/install/armor_detector/share/armor_detector/hook/ld_library_path_lib.ps1'
[22.282s] INFO:colcon.colcon_core.shell:Creating environment descriptor '/home/wdr/ros_ws/install/armor_detector/share/armor_detector/hook/ld_library_path_lib.dsv'
[22.282s] INFO:colcon.colcon_core.shell:Creating environment hook '/home/wdr/ros_ws/install/armor_detector/share/armor_detector/hook/ld_library_path_lib.sh'
[22.282s] Level 1:colcon.colcon_core.environment:checking '/home/wdr/ros_ws/install/armor_detector/bin'
[22.283s] Level 1:colcon.colcon_core.environment:checking '/home/wdr/ros_ws/install/armor_detector/lib/pkgconfig/armor_detector.pc'
[22.283s] Level 1:colcon.colcon_core.environment:checking '/home/wdr/ros_ws/install/armor_detector/lib/python3.10/site-packages'
[22.283s] Level 1:colcon.colcon_core.environment:checking '/home/wdr/ros_ws/install/armor_detector/bin'
[22.283s] INFO:colcon.colcon_core.shell:Creating package script '/home/wdr/ros_ws/install/armor_detector/share/armor_detector/package.ps1'
[22.283s] INFO:colcon.colcon_core.shell:Creating package descriptor '/home/wdr/ros_ws/install/armor_detector/share/armor_detector/package.dsv'
[22.284s] INFO:colcon.colcon_core.shell:Creating package script '/home/wdr/ros_ws/install/armor_detector/share/armor_detector/package.sh'
[22.284s] INFO:colcon.colcon_core.shell:Creating package script '/home/wdr/ros_ws/install/armor_detector/share/armor_detector/package.bash'
[22.284s] INFO:colcon.colcon_core.shell:Creating package script '/home/wdr/ros_ws/install/armor_detector/share/armor_detector/package.zsh'
[22.284s] Level 1:colcon.colcon_core.environment:create_file_with_runtime_dependencies(/home/wdr/ros_ws/install/armor_detector/share/colcon-core/packages/armor_detector)
[22.285s] Level 1:colcon.colcon_core.environment:create_environment_scripts_only(armor_detector)
[22.285s] Level 1:colcon.colcon_core.environment:checking '/home/wdr/ros_ws/install/armor_detector' for CMake module files
[22.285s] Level 1:colcon.colcon_core.environment:checking '/home/wdr/ros_ws/install/armor_detector' for CMake config files
[22.285s] Level 1:colcon.colcon_core.shell:create_environment_hook('armor_detector', 'cmake_prefix_path')
[22.285s] INFO:colcon.colcon_core.shell:Creating environment hook '/home/wdr/ros_ws/install/armor_detector/share/armor_detector/hook/cmake_prefix_path.ps1'
[22.285s] INFO:colcon.colcon_core.shell:Creating environment descriptor '/home/wdr/ros_ws/install/armor_detector/share/armor_detector/hook/cmake_prefix_path.dsv'
[22.286s] INFO:colcon.colcon_core.shell:Creating environment hook '/home/wdr/ros_ws/install/armor_detector/share/armor_detector/hook/cmake_prefix_path.sh'
[22.286s] Level 1:colcon.colcon_core.environment:checking '/home/wdr/ros_ws/install/armor_detector/lib'
[22.286s] Level 1:colcon.colcon_core.shell:create_environment_hook('armor_detector', 'ld_library_path_lib')
[22.286s] INFO:colcon.colcon_core.shell:Creating environment hook '/home/wdr/ros_ws/install/armor_detector/share/armor_detector/hook/ld_library_path_lib.ps1'
[22.287s] INFO:colcon.colcon_core.shell:Creating environment descriptor '/home/wdr/ros_ws/install/armor_detector/share/armor_detector/hook/ld_library_path_lib.dsv'
[22.287s] INFO:colcon.colcon_core.shell:Creating environment hook '/home/wdr/ros_ws/install/armor_detector/share/armor_detector/hook/ld_library_path_lib.sh'
[22.287s] Level 1:colcon.colcon_core.environment:checking '/home/wdr/ros_ws/install/armor_detector/bin'
[22.287s] Level 1:colcon.colcon_core.environment:checking '/home/wdr/ros_ws/install/armor_detector/lib/pkgconfig/armor_detector.pc'
[22.287s] Level 1:colcon.colcon_core.environment:checking '/home/wdr/ros_ws/install/armor_detector/lib/python3.10/site-packages'
[22.287s] Level 1:colcon.colcon_core.environment:checking '/home/wdr/ros_ws/install/armor_detector/bin'
[22.287s] INFO:colcon.colcon_core.shell:Creating package script '/home/wdr/ros_ws/install/armor_detector/share/armor_detector/package.ps1'
[22.288s] INFO:colcon.colcon_core.shell:Creating package descriptor '/home/wdr/ros_ws/install/armor_detector/share/armor_detector/package.dsv'
[22.288s] INFO:colcon.colcon_core.shell:Creating package script '/home/wdr/ros_ws/install/armor_detector/share/armor_detector/package.sh'
[22.289s] INFO:colcon.colcon_core.shell:Creating package script '/home/wdr/ros_ws/install/armor_detector/share/armor_detector/package.bash'
[22.289s] INFO:colcon.colcon_core.shell:Creating package script '/home/wdr/ros_ws/install/armor_detector/share/armor_detector/package.zsh'
[22.289s] Level 1:colcon.colcon_core.environment:create_file_with_runtime_dependencies(/home/wdr/ros_ws/install/armor_detector/share/colcon-core/packages/armor_detector)
[22.289s] DEBUG:colcon.colcon_parallel_executor.executor.parallel:closing loop
[22.290s] DEBUG:colcon.colcon_parallel_executor.executor.parallel:loop closed
[22.290s] DEBUG:colcon.colcon_parallel_executor.executor.parallel:run_until_complete finished with '0'
[22.290s] DEBUG:colcon.colcon_core.event_reactor:joining thread
[22.294s] INFO:colcon.colcon_core.plugin_system:Skipping extension 'colcon_notification.desktop_notification.terminal_notifier': Not used on non-Darwin systems
[22.294s] INFO:colcon.colcon_core.plugin_system:Skipping extension 'colcon_notification.desktop_notification.win32': Not used on non-Windows systems
[22.294s] INFO:colcon.colcon_notification.desktop_notification:Sending desktop notification using 'notify2'
[22.304s] DEBUG:colcon.colcon_core.event_reactor:joined thread
[22.305s] INFO:colcon.colcon_core.shell:Creating prefix script '/home/wdr/ros_ws/install/local_setup.ps1'
[22.306s] INFO:colcon.colcon_core.shell:Creating prefix util module '/home/wdr/ros_ws/install/_local_setup_util_ps1.py'
[22.307s] INFO:colcon.colcon_core.shell:Creating prefix chain script '/home/wdr/ros_ws/install/setup.ps1'
[22.308s] INFO:colcon.colcon_core.shell:Creating prefix script '/home/wdr/ros_ws/install/local_setup.sh'
[22.309s] INFO:colcon.colcon_core.shell:Creating prefix util module '/home/wdr/ros_ws/install/_local_setup_util_sh.py'
[22.310s] INFO:colcon.colcon_core.shell:Creating prefix chain script '/home/wdr/ros_ws/install/setup.sh'
[22.311s] INFO:colcon.colcon_core.shell:Creating prefix script '/home/wdr/ros_ws/install/local_setup.bash'
[22.311s] INFO:colcon.colcon_core.shell:Creating prefix chain script '/home/wdr/ros_ws/install/setup.bash'
[22.312s] INFO:colcon.colcon_core.shell:Creating prefix script '/home/wdr/ros_ws/install/local_setup.zsh'
[22.313s] INFO:colcon.colcon_core.shell:Creating prefix chain script '/home/wdr/ros_ws/install/setup.zsh'
