[0.008s] Invoking command in '/home/wdr/ros_ws/build/hik_camera': CMAKE_PREFIX_PATH=/opt/ros/humble /usr/bin/cmake /home/wdr/ros_ws/src/ros2_hik_camera -DAMENT_CMAKE_SYMLINK_INSTALL=1 -DCMAKE_INSTALL_PREFIX=/home/wdr/ros_ws/install/hik_camera
[0.082s] -- The C compiler identification is GNU 11.4.0
[0.130s] -- The CXX compiler identification is GNU 11.4.0
[0.138s] -- Detecting C compiler ABI info
[0.186s] -- Detecting C compiler ABI info - done
[0.191s] -- Check for working C compiler: /usr/bin/cc - skipped
[0.192s] -- Detecting C compile features
[0.192s] -- Detecting C compile features - done
[0.195s] -- Detecting CXX compiler ABI info
[0.257s] -- Detecting CXX compiler ABI info - done
[0.262s] -- Check for working CXX compiler: /usr/bin/c++ - skipped
[0.262s] -- Detecting CXX compile features
[0.263s] -- Detecting CXX compile features - done
[0.264s] -- Found ament_cmake_auto: 1.3.11 (/opt/ros/humble/share/ament_cmake_auto/cmake)
[0.374s] -- Found Python3: /usr/bin/python3 (found version "3.10.12") found components: Interpreter 
[0.429s] -- Override CMake install command with custom implementation using symlinks instead of copying resources
[0.531s] -- Found rosidl_generator_c: 3.1.6 (/opt/ros/humble/share/rosidl_generator_c/cmake)
[0.536s] -- Found rosidl_adapter: 3.1.6 (/opt/ros/humble/share/rosidl_adapter/cmake)
[0.540s] -- Found rosidl_generator_cpp: 3.1.6 (/opt/ros/humble/share/rosidl_generator_cpp/cmake)
[0.548s] -- Using all available rosidl_typesupport_c: rosidl_typesupport_fastrtps_c;rosidl_typesupport_introspection_c
[0.558s] -- Using all available rosidl_typesupport_cpp: rosidl_typesupport_fastrtps_cpp;rosidl_typesupport_introspection_cpp
[0.592s] -- Found rmw_implementation_cmake: 6.1.2 (/opt/ros/humble/share/rmw_implementation_cmake/cmake)
[0.595s] -- Found rmw_fastrtps_cpp: 6.2.7 (/opt/ros/humble/share/rmw_fastrtps_cpp/cmake)
[0.663s] -- Found OpenSSL: /usr/lib/x86_64-linux-gnu/libcrypto.so (found version "3.0.2")  
[0.680s] -- Found FastRTPS: /opt/ros/humble/include  
[0.707s] -- Using RMW implementation 'rmw_fastrtps_cpp' as default
[0.715s] -- Looking for pthread.h
[0.770s] -- Looking for pthread.h - found
[0.770s] -- Performing Test CMAKE_HAVE_LIBC_PTHREAD
[0.829s] -- Performing Test CMAKE_HAVE_LIBC_PTHREAD - Success
[0.830s] -- Found Threads: TRUE  
[0.949s] -- Found ament_lint_auto: 0.12.11 (/opt/ros/humble/share/ament_lint_auto/cmake)
[0.964s] -- Added test 'cppcheck' to perform static code analysis on C / C++ code
[0.964s] -- Configured cppcheck include dirs: /home/wdr/ros_ws/src/ros2_hik_camera/hikSDK/include
[0.964s] -- Configured cppcheck exclude dirs and/or files: 
[0.964s] -- Added test 'flake8' to check Python code syntax and style conventions
[0.965s] -- Added test 'lint_cmake' to check CMake code style
[0.965s] -- Added test 'pep257' to check Python code against some of the docstring style conventions in PEP 257
[0.966s] -- Added test 'xmllint' to check XML markup files
[0.968s] -- Configuring done
[0.977s] -- Generating done
[0.980s] -- Build files have been written to: /home/wdr/ros_ws/build/hik_camera
[0.986s] Invoked command in '/home/wdr/ros_ws/build/hik_camera' returned '0': CMAKE_PREFIX_PATH=/opt/ros/humble /usr/bin/cmake /home/wdr/ros_ws/src/ros2_hik_camera -DAMENT_CMAKE_SYMLINK_INSTALL=1 -DCMAKE_INSTALL_PREFIX=/home/wdr/ros_ws/install/hik_camera
[0.987s] Invoking command in '/home/wdr/ros_ws/build/hik_camera': CMAKE_PREFIX_PATH=/opt/ros/humble /usr/bin/cmake --build /home/wdr/ros_ws/build/hik_camera -- -j8 -l8
[1.030s] [ 25%] [32mBuilding CXX object CMakeFiles/hik_camera_node.dir/rclcpp_components/node_main_hik_camera_node.cpp.o[0m
[1.030s] [ 50%] [32mBuilding CXX object CMakeFiles/hik_camera.dir/src/hik_camera_node.cpp.o[0m
[5.785s] [ 75%] [32m[1mLinking CXX executable hik_camera_node[0m
[5.888s] [ 75%] Built target hik_camera_node
[5.977s] [100%] [32m[1mLinking CXX shared library libhik_camera.so[0m
[6.090s] [100%] Built target hik_camera
[6.099s] Invoked command in '/home/wdr/ros_ws/build/hik_camera' returned '0': CMAKE_PREFIX_PATH=/opt/ros/humble /usr/bin/cmake --build /home/wdr/ros_ws/build/hik_camera -- -j8 -l8
[6.100s] Invoking command in '/home/wdr/ros_ws/build/hik_camera': CMAKE_PREFIX_PATH=/opt/ros/humble /usr/bin/cmake --install /home/wdr/ros_ws/build/hik_camera
[6.105s] -- Install configuration: ""
[6.105s] -- Execute custom install script
[6.106s] -- Symlinking: /home/wdr/ros_ws/install/hik_camera/lib/libFormatConversion.so
[6.112s] -- Symlinking: /home/wdr/ros_ws/install/hik_camera/lib/libMVRender.so
[6.118s] -- Symlinking: /home/wdr/ros_ws/install/hik_camera/lib/libMediaProcess.so
[6.124s] -- Symlinking: /home/wdr/ros_ws/install/hik_camera/lib/libMvCameraControl.so
[6.130s] -- Symlinking: /home/wdr/ros_ws/install/hik_camera/lib/libMvUsb3vTL.so
[6.136s] -- Symlinking: /home/wdr/ros_ws/install/hik_camera/lib/hik_camera/hik_camera_node
[6.142s] -- Symlinking: /home/wdr/ros_ws/install/hik_camera/share/hik_camera/environment/library_path.sh
[6.149s] -- Symlinking: /home/wdr/ros_ws/install/hik_camera/share/hik_camera/environment/library_path.dsv
[6.157s] -- Symlinking: /home/wdr/ros_ws/install/hik_camera/lib/libhik_camera.so
[6.167s] -- Symlinking: /home/wdr/ros_ws/install/hik_camera/share/hik_camera/config/camera_info.yaml
[6.173s] -- Symlinking: /home/wdr/ros_ws/install/hik_camera/share/hik_camera/config/camera_params.yaml
[6.180s] -- Symlinking: /home/wdr/ros_ws/install/hik_camera/share/hik_camera/launch/hik_camera.launch.py
[6.187s] -- Symlinking: /home/wdr/ros_ws/install/hik_camera/share/ament_index/resource_index/package_run_dependencies/hik_camera
[6.193s] -- Symlinking: /home/wdr/ros_ws/install/hik_camera/share/ament_index/resource_index/parent_prefix_path/hik_camera
[6.200s] -- Symlinking: /home/wdr/ros_ws/install/hik_camera/share/hik_camera/environment/ament_prefix_path.sh
[6.206s] -- Symlinking: /home/wdr/ros_ws/install/hik_camera/share/hik_camera/environment/ament_prefix_path.dsv
[6.212s] -- Symlinking: /home/wdr/ros_ws/install/hik_camera/share/hik_camera/environment/path.sh
[6.219s] -- Symlinking: /home/wdr/ros_ws/install/hik_camera/share/hik_camera/environment/path.dsv
[6.225s] -- Symlinking: /home/wdr/ros_ws/install/hik_camera/share/hik_camera/local_setup.bash
[6.230s] -- Symlinking: /home/wdr/ros_ws/install/hik_camera/share/hik_camera/local_setup.sh
[6.237s] -- Symlinking: /home/wdr/ros_ws/install/hik_camera/share/hik_camera/local_setup.zsh
[6.243s] -- Symlinking: /home/wdr/ros_ws/install/hik_camera/share/hik_camera/local_setup.dsv
[6.249s] -- Symlinking: /home/wdr/ros_ws/install/hik_camera/share/hik_camera/package.dsv
[6.257s] -- Symlinking: /home/wdr/ros_ws/install/hik_camera/share/ament_index/resource_index/packages/hik_camera
[6.267s] -- Symlinking: /home/wdr/ros_ws/install/hik_camera/share/ament_index/resource_index/rclcpp_components/hik_camera
[6.274s] -- Symlinking: /home/wdr/ros_ws/install/hik_camera/share/hik_camera/cmake/ament_cmake_export_dependencies-extras.cmake
[6.280s] -- Symlinking: /home/wdr/ros_ws/install/hik_camera/share/hik_camera/cmake/ament_cmake_export_libraries-extras.cmake
[6.287s] -- Symlinking: /home/wdr/ros_ws/install/hik_camera/share/hik_camera/cmake/hik_cameraConfig.cmake
[6.294s] -- Symlinking: /home/wdr/ros_ws/install/hik_camera/share/hik_camera/cmake/hik_cameraConfig-version.cmake
[6.300s] -- Symlinking: /home/wdr/ros_ws/install/hik_camera/share/hik_camera/package.xml
[6.308s] Invoked command in '/home/wdr/ros_ws/build/hik_camera' returned '0': CMAKE_PREFIX_PATH=/opt/ros/humble /usr/bin/cmake --install /home/wdr/ros_ws/build/hik_camera
