[0.061s] DEBUG:colcon:Command line arguments: ['/usr/bin/colcon', 'build', '--symlink-install']
[0.061s] DEBUG:colcon:Parsed command line arguments: Namespace(log_base=None, log_level=None, verb_name='build', build_base='build', install_base='install', merge_install=False, symlink_install=True, test_result_base=None, continue_on_error=False, executor='parallel', parallel_workers=8, event_handlers=None, ignore_user_meta=False, metas=['./colcon.meta'], base_paths=['.'], packages_ignore=None, packages_ignore_regex=None, paths=None, packages_up_to=None, packages_up_to_regex=None, packages_above=None, packages_above_and_dependencies=None, packages_above_depth=None, packages_select_by_dep=None, packages_skip_by_dep=None, packages_skip_up_to=None, packages_select_build_failed=False, packages_skip_build_finished=False, packages_select_test_failures=False, packages_skip_test_passed=False, packages_select=None, packages_skip=None, packages_select_regex=None, packages_skip_regex=None, packages_start=None, packages_end=None, allow_overriding=[], cmake_args=None, cmake_target=None, cmake_target_skip_unavailable=False, cmake_clean_cache=False, cmake_clean_first=False, cmake_force_configure=False, ament_cmake_args=None, catkin_cmake_args=None, catkin_skip_building_tests=False, verb_parser=<colcon_defaults.argument_parser.defaults.DefaultArgumentsDecorator object at 0x710044936560>, verb_extension=<colcon_core.verb.build.BuildVerb object at 0x710044936020>, main=<bound method BuildVerb.main of <colcon_core.verb.build.BuildVerb object at 0x710044936020>>)
[0.152s] Level 1:colcon.colcon_core.package_discovery:discover_packages(colcon_meta) check parameters
[0.152s] Level 1:colcon.colcon_core.package_discovery:discover_packages(recursive) check parameters
[0.152s] Level 1:colcon.colcon_core.package_discovery:discover_packages(ignore) check parameters
[0.152s] Level 1:colcon.colcon_core.package_discovery:discover_packages(path) check parameters
[0.152s] Level 1:colcon.colcon_core.package_discovery:discover_packages(colcon_meta) discover
[0.152s] Level 1:colcon.colcon_core.package_discovery:discover_packages(recursive) discover
[0.152s] INFO:colcon.colcon_core.package_discovery:Crawling recursively for packages in '/home/wdr/ros_ws'
[0.152s] Level 1:colcon.colcon_core.package_identification:_identify(.) by extensions ['ignore', 'ignore_ament_install']
[0.152s] Level 1:colcon.colcon_core.package_identification:_identify(.) by extension 'ignore'
[0.152s] Level 1:colcon.colcon_core.package_identification:_identify(.) by extension 'ignore_ament_install'
[0.152s] Level 1:colcon.colcon_core.package_identification:_identify(.) by extensions ['colcon_pkg']
[0.152s] Level 1:colcon.colcon_core.package_identification:_identify(.) by extension 'colcon_pkg'
[0.152s] Level 1:colcon.colcon_core.package_identification:_identify(.) by extensions ['colcon_meta']
[0.152s] Level 1:colcon.colcon_core.package_identification:_identify(.) by extension 'colcon_meta'
[0.152s] Level 1:colcon.colcon_core.package_identification:_identify(.) by extensions ['ros']
[0.152s] Level 1:colcon.colcon_core.package_identification:_identify(.) by extension 'ros'
[0.159s] Level 1:colcon.colcon_core.package_identification:_identify(.) by extensions ['cmake', 'python']
[0.159s] Level 1:colcon.colcon_core.package_identification:_identify(.) by extension 'cmake'
[0.159s] Level 1:colcon.colcon_core.package_identification:_identify(.) by extension 'python'
[0.159s] Level 1:colcon.colcon_core.package_identification:_identify(.) by extensions ['python_setup_py']
[0.159s] Level 1:colcon.colcon_core.package_identification:_identify(.) by extension 'python_setup_py'
[0.159s] Level 1:colcon.colcon_core.package_identification:_identify(build) by extensions ['ignore', 'ignore_ament_install']
[0.159s] Level 1:colcon.colcon_core.package_identification:_identify(build) by extension 'ignore'
[0.159s] Level 1:colcon.colcon_core.package_identification:_identify(build) ignored
[0.160s] Level 1:colcon.colcon_core.package_identification:_identify(install) by extensions ['ignore', 'ignore_ament_install']
[0.160s] Level 1:colcon.colcon_core.package_identification:_identify(install) by extension 'ignore'
[0.160s] Level 1:colcon.colcon_core.package_identification:_identify(install) ignored
[0.160s] Level 1:colcon.colcon_core.package_identification:_identify(log) by extensions ['ignore', 'ignore_ament_install']
[0.160s] Level 1:colcon.colcon_core.package_identification:_identify(log) by extension 'ignore'
[0.160s] Level 1:colcon.colcon_core.package_identification:_identify(log) ignored
[0.160s] Level 1:colcon.colcon_core.package_identification:_identify(src) by extensions ['ignore', 'ignore_ament_install']
[0.160s] Level 1:colcon.colcon_core.package_identification:_identify(src) by extension 'ignore'
[0.160s] Level 1:colcon.colcon_core.package_identification:_identify(src) by extension 'ignore_ament_install'
[0.160s] Level 1:colcon.colcon_core.package_identification:_identify(src) by extensions ['colcon_pkg']
[0.160s] Level 1:colcon.colcon_core.package_identification:_identify(src) by extension 'colcon_pkg'
[0.160s] Level 1:colcon.colcon_core.package_identification:_identify(src) by extensions ['colcon_meta']
[0.160s] Level 1:colcon.colcon_core.package_identification:_identify(src) by extension 'colcon_meta'
[0.160s] Level 1:colcon.colcon_core.package_identification:_identify(src) by extensions ['ros']
[0.160s] Level 1:colcon.colcon_core.package_identification:_identify(src) by extension 'ros'
[0.160s] Level 1:colcon.colcon_core.package_identification:_identify(src) by extensions ['cmake', 'python']
[0.160s] Level 1:colcon.colcon_core.package_identification:_identify(src) by extension 'cmake'
[0.160s] Level 1:colcon.colcon_core.package_identification:_identify(src) by extension 'python'
[0.160s] Level 1:colcon.colcon_core.package_identification:_identify(src) by extensions ['python_setup_py']
[0.160s] Level 1:colcon.colcon_core.package_identification:_identify(src) by extension 'python_setup_py'
[0.160s] Level 1:colcon.colcon_core.package_identification:_identify(src/rm_auto_aim) by extensions ['ignore', 'ignore_ament_install']
[0.160s] Level 1:colcon.colcon_core.package_identification:_identify(src/rm_auto_aim) by extension 'ignore'
[0.160s] Level 1:colcon.colcon_core.package_identification:_identify(src/rm_auto_aim) by extension 'ignore_ament_install'
[0.160s] Level 1:colcon.colcon_core.package_identification:_identify(src/rm_auto_aim) by extensions ['colcon_pkg']
[0.160s] Level 1:colcon.colcon_core.package_identification:_identify(src/rm_auto_aim) by extension 'colcon_pkg'
[0.160s] Level 1:colcon.colcon_core.package_identification:_identify(src/rm_auto_aim) by extensions ['colcon_meta']
[0.160s] Level 1:colcon.colcon_core.package_identification:_identify(src/rm_auto_aim) by extension 'colcon_meta'
[0.160s] Level 1:colcon.colcon_core.package_identification:_identify(src/rm_auto_aim) by extensions ['ros']
[0.160s] Level 1:colcon.colcon_core.package_identification:_identify(src/rm_auto_aim) by extension 'ros'
[0.160s] Level 1:colcon.colcon_core.package_identification:_identify(src/rm_auto_aim) by extensions ['cmake', 'python']
[0.160s] Level 1:colcon.colcon_core.package_identification:_identify(src/rm_auto_aim) by extension 'cmake'
[0.160s] Level 1:colcon.colcon_core.package_identification:_identify(src/rm_auto_aim) by extension 'python'
[0.160s] Level 1:colcon.colcon_core.package_identification:_identify(src/rm_auto_aim) by extensions ['python_setup_py']
[0.160s] Level 1:colcon.colcon_core.package_identification:_identify(src/rm_auto_aim) by extension 'python_setup_py'
[0.161s] Level 1:colcon.colcon_core.package_identification:_identify(src/rm_auto_aim/armor_detector) by extensions ['ignore', 'ignore_ament_install']
[0.161s] Level 1:colcon.colcon_core.package_identification:_identify(src/rm_auto_aim/armor_detector) by extension 'ignore'
[0.161s] Level 1:colcon.colcon_core.package_identification:_identify(src/rm_auto_aim/armor_detector) by extension 'ignore_ament_install'
[0.161s] Level 1:colcon.colcon_core.package_identification:_identify(src/rm_auto_aim/armor_detector) by extensions ['colcon_pkg']
[0.161s] Level 1:colcon.colcon_core.package_identification:_identify(src/rm_auto_aim/armor_detector) by extension 'colcon_pkg'
[0.161s] Level 1:colcon.colcon_core.package_identification:_identify(src/rm_auto_aim/armor_detector) by extensions ['colcon_meta']
[0.161s] Level 1:colcon.colcon_core.package_identification:_identify(src/rm_auto_aim/armor_detector) by extension 'colcon_meta'
[0.161s] Level 1:colcon.colcon_core.package_identification:_identify(src/rm_auto_aim/armor_detector) by extensions ['ros']
[0.161s] Level 1:colcon.colcon_core.package_identification:_identify(src/rm_auto_aim/armor_detector) by extension 'ros'
[0.163s] DEBUG:colcon.colcon_core.package_identification:Package 'src/rm_auto_aim/armor_detector' with type 'ros.ament_cmake' and name 'armor_detector'
[0.163s] Level 1:colcon.colcon_core.package_identification:_identify(src/rm_auto_aim/armor_tracker) by extensions ['ignore', 'ignore_ament_install']
[0.163s] Level 1:colcon.colcon_core.package_identification:_identify(src/rm_auto_aim/armor_tracker) by extension 'ignore'
[0.163s] Level 1:colcon.colcon_core.package_identification:_identify(src/rm_auto_aim/armor_tracker) by extension 'ignore_ament_install'
[0.163s] Level 1:colcon.colcon_core.package_identification:_identify(src/rm_auto_aim/armor_tracker) by extensions ['colcon_pkg']
[0.163s] Level 1:colcon.colcon_core.package_identification:_identify(src/rm_auto_aim/armor_tracker) by extension 'colcon_pkg'
[0.163s] Level 1:colcon.colcon_core.package_identification:_identify(src/rm_auto_aim/armor_tracker) by extensions ['colcon_meta']
[0.163s] Level 1:colcon.colcon_core.package_identification:_identify(src/rm_auto_aim/armor_tracker) by extension 'colcon_meta'
[0.163s] Level 1:colcon.colcon_core.package_identification:_identify(src/rm_auto_aim/armor_tracker) by extensions ['ros']
[0.163s] Level 1:colcon.colcon_core.package_identification:_identify(src/rm_auto_aim/armor_tracker) by extension 'ros'
[0.164s] DEBUG:colcon.colcon_core.package_identification:Package 'src/rm_auto_aim/armor_tracker' with type 'ros.ament_cmake' and name 'armor_tracker'
[0.164s] Level 1:colcon.colcon_core.package_identification:_identify(src/rm_auto_aim/auto_aim_interfaces) by extensions ['ignore', 'ignore_ament_install']
[0.164s] Level 1:colcon.colcon_core.package_identification:_identify(src/rm_auto_aim/auto_aim_interfaces) by extension 'ignore'
[0.164s] Level 1:colcon.colcon_core.package_identification:_identify(src/rm_auto_aim/auto_aim_interfaces) by extension 'ignore_ament_install'
[0.164s] Level 1:colcon.colcon_core.package_identification:_identify(src/rm_auto_aim/auto_aim_interfaces) by extensions ['colcon_pkg']
[0.164s] Level 1:colcon.colcon_core.package_identification:_identify(src/rm_auto_aim/auto_aim_interfaces) by extension 'colcon_pkg'
[0.164s] Level 1:colcon.colcon_core.package_identification:_identify(src/rm_auto_aim/auto_aim_interfaces) by extensions ['colcon_meta']
[0.164s] Level 1:colcon.colcon_core.package_identification:_identify(src/rm_auto_aim/auto_aim_interfaces) by extension 'colcon_meta'
[0.164s] Level 1:colcon.colcon_core.package_identification:_identify(src/rm_auto_aim/auto_aim_interfaces) by extensions ['ros']
[0.164s] Level 1:colcon.colcon_core.package_identification:_identify(src/rm_auto_aim/auto_aim_interfaces) by extension 'ros'
[0.164s] DEBUG:colcon.colcon_core.package_identification:Package 'src/rm_auto_aim/auto_aim_interfaces' with type 'ros.ament_cmake' and name 'auto_aim_interfaces'
[0.164s] Level 1:colcon.colcon_core.package_identification:_identify(src/rm_auto_aim/docs) by extensions ['ignore', 'ignore_ament_install']
[0.165s] Level 1:colcon.colcon_core.package_identification:_identify(src/rm_auto_aim/docs) by extension 'ignore'
[0.165s] Level 1:colcon.colcon_core.package_identification:_identify(src/rm_auto_aim/docs) by extension 'ignore_ament_install'
[0.165s] Level 1:colcon.colcon_core.package_identification:_identify(src/rm_auto_aim/docs) by extensions ['colcon_pkg']
[0.165s] Level 1:colcon.colcon_core.package_identification:_identify(src/rm_auto_aim/docs) by extension 'colcon_pkg'
[0.165s] Level 1:colcon.colcon_core.package_identification:_identify(src/rm_auto_aim/docs) by extensions ['colcon_meta']
[0.165s] Level 1:colcon.colcon_core.package_identification:_identify(src/rm_auto_aim/docs) by extension 'colcon_meta'
[0.165s] Level 1:colcon.colcon_core.package_identification:_identify(src/rm_auto_aim/docs) by extensions ['ros']
[0.165s] Level 1:colcon.colcon_core.package_identification:_identify(src/rm_auto_aim/docs) by extension 'ros'
[0.165s] Level 1:colcon.colcon_core.package_identification:_identify(src/rm_auto_aim/docs) by extensions ['cmake', 'python']
[0.165s] Level 1:colcon.colcon_core.package_identification:_identify(src/rm_auto_aim/docs) by extension 'cmake'
[0.165s] Level 1:colcon.colcon_core.package_identification:_identify(src/rm_auto_aim/docs) by extension 'python'
[0.165s] Level 1:colcon.colcon_core.package_identification:_identify(src/rm_auto_aim/docs) by extensions ['python_setup_py']
[0.165s] Level 1:colcon.colcon_core.package_identification:_identify(src/rm_auto_aim/docs) by extension 'python_setup_py'
[0.165s] Level 1:colcon.colcon_core.package_identification:_identify(src/rm_gimbal_description) by extensions ['ignore', 'ignore_ament_install']
[0.165s] Level 1:colcon.colcon_core.package_identification:_identify(src/rm_gimbal_description) by extension 'ignore'
[0.165s] Level 1:colcon.colcon_core.package_identification:_identify(src/rm_gimbal_description) by extension 'ignore_ament_install'
[0.165s] Level 1:colcon.colcon_core.package_identification:_identify(src/rm_gimbal_description) by extensions ['colcon_pkg']
[0.165s] Level 1:colcon.colcon_core.package_identification:_identify(src/rm_gimbal_description) by extension 'colcon_pkg'
[0.165s] Level 1:colcon.colcon_core.package_identification:_identify(src/rm_gimbal_description) by extensions ['colcon_meta']
[0.165s] Level 1:colcon.colcon_core.package_identification:_identify(src/rm_gimbal_description) by extension 'colcon_meta'
[0.165s] Level 1:colcon.colcon_core.package_identification:_identify(src/rm_gimbal_description) by extensions ['ros']
[0.165s] Level 1:colcon.colcon_core.package_identification:_identify(src/rm_gimbal_description) by extension 'ros'
[0.165s] DEBUG:colcon.colcon_core.package_identification:Package 'src/rm_gimbal_description' with type 'ros.ament_cmake' and name 'rm_gimbal_description'
[0.165s] Level 1:colcon.colcon_core.package_identification:_identify(src/rm_serial_driver) by extensions ['ignore', 'ignore_ament_install']
[0.165s] Level 1:colcon.colcon_core.package_identification:_identify(src/rm_serial_driver) by extension 'ignore'
[0.166s] Level 1:colcon.colcon_core.package_identification:_identify(src/rm_serial_driver) by extension 'ignore_ament_install'
[0.166s] Level 1:colcon.colcon_core.package_identification:_identify(src/rm_serial_driver) by extensions ['colcon_pkg']
[0.166s] Level 1:colcon.colcon_core.package_identification:_identify(src/rm_serial_driver) by extension 'colcon_pkg'
[0.166s] Level 1:colcon.colcon_core.package_identification:_identify(src/rm_serial_driver) by extensions ['colcon_meta']
[0.166s] Level 1:colcon.colcon_core.package_identification:_identify(src/rm_serial_driver) by extension 'colcon_meta'
[0.166s] Level 1:colcon.colcon_core.package_identification:_identify(src/rm_serial_driver) by extensions ['ros']
[0.166s] Level 1:colcon.colcon_core.package_identification:_identify(src/rm_serial_driver) by extension 'ros'
[0.166s] DEBUG:colcon.colcon_core.package_identification:Package 'src/rm_serial_driver' with type 'ros.ament_cmake' and name 'rm_serial_driver'
[0.166s] Level 1:colcon.colcon_core.package_identification:_identify(src/rm_vision) by extensions ['ignore', 'ignore_ament_install']
[0.166s] Level 1:colcon.colcon_core.package_identification:_identify(src/rm_vision) by extension 'ignore'
[0.166s] Level 1:colcon.colcon_core.package_identification:_identify(src/rm_vision) by extension 'ignore_ament_install'
[0.167s] Level 1:colcon.colcon_core.package_identification:_identify(src/rm_vision) by extensions ['colcon_pkg']
[0.167s] Level 1:colcon.colcon_core.package_identification:_identify(src/rm_vision) by extension 'colcon_pkg'
[0.167s] Level 1:colcon.colcon_core.package_identification:_identify(src/rm_vision) by extensions ['colcon_meta']
[0.167s] Level 1:colcon.colcon_core.package_identification:_identify(src/rm_vision) by extension 'colcon_meta'
[0.167s] Level 1:colcon.colcon_core.package_identification:_identify(src/rm_vision) by extensions ['ros']
[0.167s] Level 1:colcon.colcon_core.package_identification:_identify(src/rm_vision) by extension 'ros'
[0.167s] Level 1:colcon.colcon_core.package_identification:_identify(src/rm_vision) by extensions ['cmake', 'python']
[0.167s] Level 1:colcon.colcon_core.package_identification:_identify(src/rm_vision) by extension 'cmake'
[0.167s] Level 1:colcon.colcon_core.package_identification:_identify(src/rm_vision) by extension 'python'
[0.167s] Level 1:colcon.colcon_core.package_identification:_identify(src/rm_vision) by extensions ['python_setup_py']
[0.167s] Level 1:colcon.colcon_core.package_identification:_identify(src/rm_vision) by extension 'python_setup_py'
[0.167s] Level 1:colcon.colcon_core.package_identification:_identify(src/rm_vision/docs) by extensions ['ignore', 'ignore_ament_install']
[0.167s] Level 1:colcon.colcon_core.package_identification:_identify(src/rm_vision/docs) by extension 'ignore'
[0.167s] Level 1:colcon.colcon_core.package_identification:_identify(src/rm_vision/docs) by extension 'ignore_ament_install'
[0.167s] Level 1:colcon.colcon_core.package_identification:_identify(src/rm_vision/docs) by extensions ['colcon_pkg']
[0.167s] Level 1:colcon.colcon_core.package_identification:_identify(src/rm_vision/docs) by extension 'colcon_pkg'
[0.167s] Level 1:colcon.colcon_core.package_identification:_identify(src/rm_vision/docs) by extensions ['colcon_meta']
[0.167s] Level 1:colcon.colcon_core.package_identification:_identify(src/rm_vision/docs) by extension 'colcon_meta'
[0.167s] Level 1:colcon.colcon_core.package_identification:_identify(src/rm_vision/docs) by extensions ['ros']
[0.167s] Level 1:colcon.colcon_core.package_identification:_identify(src/rm_vision/docs) by extension 'ros'
[0.167s] Level 1:colcon.colcon_core.package_identification:_identify(src/rm_vision/docs) by extensions ['cmake', 'python']
[0.167s] Level 1:colcon.colcon_core.package_identification:_identify(src/rm_vision/docs) by extension 'cmake'
[0.167s] Level 1:colcon.colcon_core.package_identification:_identify(src/rm_vision/docs) by extension 'python'
[0.167s] Level 1:colcon.colcon_core.package_identification:_identify(src/rm_vision/docs) by extensions ['python_setup_py']
[0.167s] Level 1:colcon.colcon_core.package_identification:_identify(src/rm_vision/docs) by extension 'python_setup_py'
[0.167s] Level 1:colcon.colcon_core.package_identification:_identify(src/rm_vision/rm_vision_bringup) by extensions ['ignore', 'ignore_ament_install']
[0.167s] Level 1:colcon.colcon_core.package_identification:_identify(src/rm_vision/rm_vision_bringup) by extension 'ignore'
[0.167s] Level 1:colcon.colcon_core.package_identification:_identify(src/rm_vision/rm_vision_bringup) by extension 'ignore_ament_install'
[0.167s] Level 1:colcon.colcon_core.package_identification:_identify(src/rm_vision/rm_vision_bringup) by extensions ['colcon_pkg']
[0.167s] Level 1:colcon.colcon_core.package_identification:_identify(src/rm_vision/rm_vision_bringup) by extension 'colcon_pkg'
[0.167s] Level 1:colcon.colcon_core.package_identification:_identify(src/rm_vision/rm_vision_bringup) by extensions ['colcon_meta']
[0.167s] Level 1:colcon.colcon_core.package_identification:_identify(src/rm_vision/rm_vision_bringup) by extension 'colcon_meta'
[0.167s] Level 1:colcon.colcon_core.package_identification:_identify(src/rm_vision/rm_vision_bringup) by extensions ['ros']
[0.167s] Level 1:colcon.colcon_core.package_identification:_identify(src/rm_vision/rm_vision_bringup) by extension 'ros'
[0.168s] DEBUG:colcon.colcon_core.package_identification:Package 'src/rm_vision/rm_vision_bringup' with type 'ros.ament_cmake' and name 'rm_vision_bringup'
[0.168s] Level 1:colcon.colcon_core.package_identification:_identify(src/ros2_hik_camera) by extensions ['ignore', 'ignore_ament_install']
[0.168s] Level 1:colcon.colcon_core.package_identification:_identify(src/ros2_hik_camera) by extension 'ignore'
[0.168s] Level 1:colcon.colcon_core.package_identification:_identify(src/ros2_hik_camera) by extension 'ignore_ament_install'
[0.168s] Level 1:colcon.colcon_core.package_identification:_identify(src/ros2_hik_camera) by extensions ['colcon_pkg']
[0.168s] Level 1:colcon.colcon_core.package_identification:_identify(src/ros2_hik_camera) by extension 'colcon_pkg'
[0.168s] Level 1:colcon.colcon_core.package_identification:_identify(src/ros2_hik_camera) by extensions ['colcon_meta']
[0.168s] Level 1:colcon.colcon_core.package_identification:_identify(src/ros2_hik_camera) by extension 'colcon_meta'
[0.168s] Level 1:colcon.colcon_core.package_identification:_identify(src/ros2_hik_camera) by extensions ['ros']
[0.168s] Level 1:colcon.colcon_core.package_identification:_identify(src/ros2_hik_camera) by extension 'ros'
[0.169s] DEBUG:colcon.colcon_core.package_identification:Package 'src/ros2_hik_camera' with type 'ros.ament_cmake' and name 'hik_camera'
[0.169s] Level 1:colcon.colcon_core.package_discovery:discover_packages(recursive) using defaults
[0.169s] Level 1:colcon.colcon_core.package_discovery:discover_packages(ignore) discover
[0.169s] Level 1:colcon.colcon_core.package_discovery:discover_packages(ignore) using defaults
[0.169s] Level 1:colcon.colcon_core.package_discovery:discover_packages(path) discover
[0.169s] Level 1:colcon.colcon_core.package_discovery:discover_packages(path) using defaults
[0.181s] Level 1:colcon.colcon_core.package_discovery:discover_packages(prefix_path) check parameters
[0.181s] Level 1:colcon.colcon_core.package_discovery:discover_packages(prefix_path) discover
[0.183s] DEBUG:colcon.colcon_installed_package_information.package_discovery:Found 288 installed packages in /opt/ros/humble
[0.190s] Level 1:colcon.colcon_core.package_discovery:discover_packages(prefix_path) using defaults
[0.212s] Level 5:colcon.colcon_core.verb:set package 'auto_aim_interfaces' build argument 'cmake_args' from command line to 'None'
[0.212s] Level 5:colcon.colcon_core.verb:set package 'auto_aim_interfaces' build argument 'cmake_target' from command line to 'None'
[0.212s] Level 5:colcon.colcon_core.verb:set package 'auto_aim_interfaces' build argument 'cmake_target_skip_unavailable' from command line to 'False'
[0.212s] Level 5:colcon.colcon_core.verb:set package 'auto_aim_interfaces' build argument 'cmake_clean_cache' from command line to 'False'
[0.212s] Level 5:colcon.colcon_core.verb:set package 'auto_aim_interfaces' build argument 'cmake_clean_first' from command line to 'False'
[0.212s] Level 5:colcon.colcon_core.verb:set package 'auto_aim_interfaces' build argument 'cmake_force_configure' from command line to 'False'
[0.212s] Level 5:colcon.colcon_core.verb:set package 'auto_aim_interfaces' build argument 'ament_cmake_args' from command line to 'None'
[0.212s] Level 5:colcon.colcon_core.verb:set package 'auto_aim_interfaces' build argument 'catkin_cmake_args' from command line to 'None'
[0.212s] Level 5:colcon.colcon_core.verb:set package 'auto_aim_interfaces' build argument 'catkin_skip_building_tests' from command line to 'False'
[0.212s] DEBUG:colcon.colcon_core.verb:Building package 'auto_aim_interfaces' with the following arguments: {'ament_cmake_args': None, 'build_base': '/home/wdr/ros_ws/build/auto_aim_interfaces', 'catkin_cmake_args': None, 'catkin_skip_building_tests': False, 'cmake_args': None, 'cmake_clean_cache': False, 'cmake_clean_first': False, 'cmake_force_configure': False, 'cmake_target': None, 'cmake_target_skip_unavailable': False, 'install_base': '/home/wdr/ros_ws/install/auto_aim_interfaces', 'merge_install': False, 'path': '/home/wdr/ros_ws/src/rm_auto_aim/auto_aim_interfaces', 'symlink_install': True, 'test_result_base': None}
[0.213s] Level 5:colcon.colcon_core.verb:set package 'hik_camera' build argument 'cmake_args' from command line to 'None'
[0.213s] Level 5:colcon.colcon_core.verb:set package 'hik_camera' build argument 'cmake_target' from command line to 'None'
[0.213s] Level 5:colcon.colcon_core.verb:set package 'hik_camera' build argument 'cmake_target_skip_unavailable' from command line to 'False'
[0.213s] Level 5:colcon.colcon_core.verb:set package 'hik_camera' build argument 'cmake_clean_cache' from command line to 'False'
[0.213s] Level 5:colcon.colcon_core.verb:set package 'hik_camera' build argument 'cmake_clean_first' from command line to 'False'
[0.213s] Level 5:colcon.colcon_core.verb:set package 'hik_camera' build argument 'cmake_force_configure' from command line to 'False'
[0.213s] Level 5:colcon.colcon_core.verb:set package 'hik_camera' build argument 'ament_cmake_args' from command line to 'None'
[0.213s] Level 5:colcon.colcon_core.verb:set package 'hik_camera' build argument 'catkin_cmake_args' from command line to 'None'
[0.213s] Level 5:colcon.colcon_core.verb:set package 'hik_camera' build argument 'catkin_skip_building_tests' from command line to 'False'
[0.213s] DEBUG:colcon.colcon_core.verb:Building package 'hik_camera' with the following arguments: {'ament_cmake_args': None, 'build_base': '/home/wdr/ros_ws/build/hik_camera', 'catkin_cmake_args': None, 'catkin_skip_building_tests': False, 'cmake_args': None, 'cmake_clean_cache': False, 'cmake_clean_first': False, 'cmake_force_configure': False, 'cmake_target': None, 'cmake_target_skip_unavailable': False, 'install_base': '/home/wdr/ros_ws/install/hik_camera', 'merge_install': False, 'path': '/home/wdr/ros_ws/src/ros2_hik_camera', 'symlink_install': True, 'test_result_base': None}
[0.213s] Level 5:colcon.colcon_core.verb:set package 'rm_gimbal_description' build argument 'cmake_args' from command line to 'None'
[0.213s] Level 5:colcon.colcon_core.verb:set package 'rm_gimbal_description' build argument 'cmake_target' from command line to 'None'
[0.213s] Level 5:colcon.colcon_core.verb:set package 'rm_gimbal_description' build argument 'cmake_target_skip_unavailable' from command line to 'False'
[0.213s] Level 5:colcon.colcon_core.verb:set package 'rm_gimbal_description' build argument 'cmake_clean_cache' from command line to 'False'
[0.213s] Level 5:colcon.colcon_core.verb:set package 'rm_gimbal_description' build argument 'cmake_clean_first' from command line to 'False'
[0.213s] Level 5:colcon.colcon_core.verb:set package 'rm_gimbal_description' build argument 'cmake_force_configure' from command line to 'False'
[0.213s] Level 5:colcon.colcon_core.verb:set package 'rm_gimbal_description' build argument 'ament_cmake_args' from command line to 'None'
[0.213s] Level 5:colcon.colcon_core.verb:set package 'rm_gimbal_description' build argument 'catkin_cmake_args' from command line to 'None'
[0.213s] Level 5:colcon.colcon_core.verb:set package 'rm_gimbal_description' build argument 'catkin_skip_building_tests' from command line to 'False'
[0.213s] DEBUG:colcon.colcon_core.verb:Building package 'rm_gimbal_description' with the following arguments: {'ament_cmake_args': None, 'build_base': '/home/wdr/ros_ws/build/rm_gimbal_description', 'catkin_cmake_args': None, 'catkin_skip_building_tests': False, 'cmake_args': None, 'cmake_clean_cache': False, 'cmake_clean_first': False, 'cmake_force_configure': False, 'cmake_target': None, 'cmake_target_skip_unavailable': False, 'install_base': '/home/wdr/ros_ws/install/rm_gimbal_description', 'merge_install': False, 'path': '/home/wdr/ros_ws/src/rm_gimbal_description', 'symlink_install': True, 'test_result_base': None}
[0.213s] Level 5:colcon.colcon_core.verb:set package 'armor_detector' build argument 'cmake_args' from command line to 'None'
[0.213s] Level 5:colcon.colcon_core.verb:set package 'armor_detector' build argument 'cmake_target' from command line to 'None'
[0.213s] Level 5:colcon.colcon_core.verb:set package 'armor_detector' build argument 'cmake_target_skip_unavailable' from command line to 'False'
[0.213s] Level 5:colcon.colcon_core.verb:set package 'armor_detector' build argument 'cmake_clean_cache' from command line to 'False'
[0.213s] Level 5:colcon.colcon_core.verb:set package 'armor_detector' build argument 'cmake_clean_first' from command line to 'False'
[0.213s] Level 5:colcon.colcon_core.verb:set package 'armor_detector' build argument 'cmake_force_configure' from command line to 'False'
[0.213s] Level 5:colcon.colcon_core.verb:set package 'armor_detector' build argument 'ament_cmake_args' from command line to 'None'
[0.213s] Level 5:colcon.colcon_core.verb:set package 'armor_detector' build argument 'catkin_cmake_args' from command line to 'None'
[0.214s] Level 5:colcon.colcon_core.verb:set package 'armor_detector' build argument 'catkin_skip_building_tests' from command line to 'False'
[0.214s] DEBUG:colcon.colcon_core.verb:Building package 'armor_detector' with the following arguments: {'ament_cmake_args': None, 'build_base': '/home/wdr/ros_ws/build/armor_detector', 'catkin_cmake_args': None, 'catkin_skip_building_tests': False, 'cmake_args': None, 'cmake_clean_cache': False, 'cmake_clean_first': False, 'cmake_force_configure': False, 'cmake_target': None, 'cmake_target_skip_unavailable': False, 'install_base': '/home/wdr/ros_ws/install/armor_detector', 'merge_install': False, 'path': '/home/wdr/ros_ws/src/rm_auto_aim/armor_detector', 'symlink_install': True, 'test_result_base': None}
[0.214s] Level 5:colcon.colcon_core.verb:set package 'armor_tracker' build argument 'cmake_args' from command line to 'None'
[0.214s] Level 5:colcon.colcon_core.verb:set package 'armor_tracker' build argument 'cmake_target' from command line to 'None'
[0.214s] Level 5:colcon.colcon_core.verb:set package 'armor_tracker' build argument 'cmake_target_skip_unavailable' from command line to 'False'
[0.214s] Level 5:colcon.colcon_core.verb:set package 'armor_tracker' build argument 'cmake_clean_cache' from command line to 'False'
[0.214s] Level 5:colcon.colcon_core.verb:set package 'armor_tracker' build argument 'cmake_clean_first' from command line to 'False'
[0.214s] Level 5:colcon.colcon_core.verb:set package 'armor_tracker' build argument 'cmake_force_configure' from command line to 'False'
[0.214s] Level 5:colcon.colcon_core.verb:set package 'armor_tracker' build argument 'ament_cmake_args' from command line to 'None'
[0.214s] Level 5:colcon.colcon_core.verb:set package 'armor_tracker' build argument 'catkin_cmake_args' from command line to 'None'
[0.214s] Level 5:colcon.colcon_core.verb:set package 'armor_tracker' build argument 'catkin_skip_building_tests' from command line to 'False'
[0.214s] DEBUG:colcon.colcon_core.verb:Building package 'armor_tracker' with the following arguments: {'ament_cmake_args': None, 'build_base': '/home/wdr/ros_ws/build/armor_tracker', 'catkin_cmake_args': None, 'catkin_skip_building_tests': False, 'cmake_args': None, 'cmake_clean_cache': False, 'cmake_clean_first': False, 'cmake_force_configure': False, 'cmake_target': None, 'cmake_target_skip_unavailable': False, 'install_base': '/home/wdr/ros_ws/install/armor_tracker', 'merge_install': False, 'path': '/home/wdr/ros_ws/src/rm_auto_aim/armor_tracker', 'symlink_install': True, 'test_result_base': None}
[0.214s] Level 5:colcon.colcon_core.verb:set package 'rm_serial_driver' build argument 'cmake_args' from command line to 'None'
[0.214s] Level 5:colcon.colcon_core.verb:set package 'rm_serial_driver' build argument 'cmake_target' from command line to 'None'
[0.214s] Level 5:colcon.colcon_core.verb:set package 'rm_serial_driver' build argument 'cmake_target_skip_unavailable' from command line to 'False'
[0.214s] Level 5:colcon.colcon_core.verb:set package 'rm_serial_driver' build argument 'cmake_clean_cache' from command line to 'False'
[0.214s] Level 5:colcon.colcon_core.verb:set package 'rm_serial_driver' build argument 'cmake_clean_first' from command line to 'False'
[0.214s] Level 5:colcon.colcon_core.verb:set package 'rm_serial_driver' build argument 'cmake_force_configure' from command line to 'False'
[0.214s] Level 5:colcon.colcon_core.verb:set package 'rm_serial_driver' build argument 'ament_cmake_args' from command line to 'None'
[0.214s] Level 5:colcon.colcon_core.verb:set package 'rm_serial_driver' build argument 'catkin_cmake_args' from command line to 'None'
[0.214s] Level 5:colcon.colcon_core.verb:set package 'rm_serial_driver' build argument 'catkin_skip_building_tests' from command line to 'False'
[0.214s] DEBUG:colcon.colcon_core.verb:Building package 'rm_serial_driver' with the following arguments: {'ament_cmake_args': None, 'build_base': '/home/wdr/ros_ws/build/rm_serial_driver', 'catkin_cmake_args': None, 'catkin_skip_building_tests': False, 'cmake_args': None, 'cmake_clean_cache': False, 'cmake_clean_first': False, 'cmake_force_configure': False, 'cmake_target': None, 'cmake_target_skip_unavailable': False, 'install_base': '/home/wdr/ros_ws/install/rm_serial_driver', 'merge_install': False, 'path': '/home/wdr/ros_ws/src/rm_serial_driver', 'symlink_install': True, 'test_result_base': None}
[0.214s] Level 5:colcon.colcon_core.verb:set package 'rm_vision_bringup' build argument 'cmake_args' from command line to 'None'
[0.214s] Level 5:colcon.colcon_core.verb:set package 'rm_vision_bringup' build argument 'cmake_target' from command line to 'None'
[0.214s] Level 5:colcon.colcon_core.verb:set package 'rm_vision_bringup' build argument 'cmake_target_skip_unavailable' from command line to 'False'
[0.214s] Level 5:colcon.colcon_core.verb:set package 'rm_vision_bringup' build argument 'cmake_clean_cache' from command line to 'False'
[0.214s] Level 5:colcon.colcon_core.verb:set package 'rm_vision_bringup' build argument 'cmake_clean_first' from command line to 'False'
[0.214s] Level 5:colcon.colcon_core.verb:set package 'rm_vision_bringup' build argument 'cmake_force_configure' from command line to 'False'
[0.214s] Level 5:colcon.colcon_core.verb:set package 'rm_vision_bringup' build argument 'ament_cmake_args' from command line to 'None'
[0.214s] Level 5:colcon.colcon_core.verb:set package 'rm_vision_bringup' build argument 'catkin_cmake_args' from command line to 'None'
[0.214s] Level 5:colcon.colcon_core.verb:set package 'rm_vision_bringup' build argument 'catkin_skip_building_tests' from command line to 'False'
[0.215s] DEBUG:colcon.colcon_core.verb:Building package 'rm_vision_bringup' with the following arguments: {'ament_cmake_args': None, 'build_base': '/home/wdr/ros_ws/build/rm_vision_bringup', 'catkin_cmake_args': None, 'catkin_skip_building_tests': False, 'cmake_args': None, 'cmake_clean_cache': False, 'cmake_clean_first': False, 'cmake_force_configure': False, 'cmake_target': None, 'cmake_target_skip_unavailable': False, 'install_base': '/home/wdr/ros_ws/install/rm_vision_bringup', 'merge_install': False, 'path': '/home/wdr/ros_ws/src/rm_vision/rm_vision_bringup', 'symlink_install': True, 'test_result_base': None}
[0.215s] INFO:colcon.colcon_core.executor:Executing jobs using 'parallel' executor
[0.215s] DEBUG:colcon.colcon_parallel_executor.executor.parallel:run_until_complete
[0.216s] INFO:colcon.colcon_ros.task.ament_cmake.build:Building ROS package in '/home/wdr/ros_ws/src/rm_auto_aim/auto_aim_interfaces' with build type 'ament_cmake'
[0.216s] INFO:colcon.colcon_cmake.task.cmake.build:Building CMake package in '/home/wdr/ros_ws/src/rm_auto_aim/auto_aim_interfaces'
[0.217s] INFO:colcon.colcon_core.plugin_system:Skipping extension 'colcon_core.shell.bat': Not used on non-Windows systems
[0.217s] INFO:colcon.colcon_core.shell:Skip shell extension 'powershell' for command environment: Not usable outside of PowerShell
[0.217s] DEBUG:colcon.colcon_core.shell:Skip shell extension 'dsv' for command environment
[0.219s] INFO:colcon.colcon_ros.task.ament_cmake.build:Building ROS package in '/home/wdr/ros_ws/src/ros2_hik_camera' with build type 'ament_cmake'
[0.219s] INFO:colcon.colcon_cmake.task.cmake.build:Building CMake package in '/home/wdr/ros_ws/src/ros2_hik_camera'
[0.219s] INFO:colcon.colcon_core.shell:Skip shell extension 'powershell' for command environment: Not usable outside of PowerShell
[0.219s] DEBUG:colcon.colcon_core.shell:Skip shell extension 'dsv' for command environment
[0.221s] INFO:colcon.colcon_ros.task.ament_cmake.build:Building ROS package in '/home/wdr/ros_ws/src/rm_gimbal_description' with build type 'ament_cmake'
[0.221s] INFO:colcon.colcon_cmake.task.cmake.build:Building CMake package in '/home/wdr/ros_ws/src/rm_gimbal_description'
[0.221s] INFO:colcon.colcon_core.shell:Skip shell extension 'powershell' for command environment: Not usable outside of PowerShell
[0.221s] DEBUG:colcon.colcon_core.shell:Skip shell extension 'dsv' for command environment
[0.227s] DEBUG:colcon.colcon_core.event_handler.log_command:Invoking command in '/home/wdr/ros_ws/build/auto_aim_interfaces': CMAKE_PREFIX_PATH=/opt/ros/humble /usr/bin/cmake --build /home/wdr/ros_ws/build/auto_aim_interfaces -- -j8 -l8
[0.230s] DEBUG:colcon.colcon_core.event_handler.log_command:Invoking command in '/home/wdr/ros_ws/build/hik_camera': CMAKE_PREFIX_PATH=/opt/ros/humble /usr/bin/cmake --build /home/wdr/ros_ws/build/hik_camera -- -j8 -l8
[0.233s] DEBUG:colcon.colcon_core.event_handler.log_command:Invoking command in '/home/wdr/ros_ws/build/rm_gimbal_description': CMAKE_PREFIX_PATH=/opt/ros/humble /usr/bin/cmake --build /home/wdr/ros_ws/build/rm_gimbal_description -- -j8 -l8
[0.242s] DEBUG:colcon.colcon_core.event_handler.log_command:Invoked command in '/home/wdr/ros_ws/build/rm_gimbal_description' returned '0': CMAKE_PREFIX_PATH=/opt/ros/humble /usr/bin/cmake --build /home/wdr/ros_ws/build/rm_gimbal_description -- -j8 -l8
[0.249s] DEBUG:colcon.colcon_core.event_handler.log_command:Invoking command in '/home/wdr/ros_ws/build/rm_gimbal_description': CMAKE_PREFIX_PATH=/opt/ros/humble /usr/bin/cmake --install /home/wdr/ros_ws/build/rm_gimbal_description
[0.257s] Level 1:colcon.colcon_core.environment:create_environment_scripts_only(rm_gimbal_description)
[0.257s] DEBUG:colcon.colcon_core.event_handler.log_command:Invoked command in '/home/wdr/ros_ws/build/rm_gimbal_description' returned '0': CMAKE_PREFIX_PATH=/opt/ros/humble /usr/bin/cmake --install /home/wdr/ros_ws/build/rm_gimbal_description
[0.259s] Level 1:colcon.colcon_core.environment:checking '/home/wdr/ros_ws/install/rm_gimbal_description' for CMake module files
[0.260s] Level 1:colcon.colcon_core.environment:checking '/home/wdr/ros_ws/install/rm_gimbal_description' for CMake config files
[0.260s] Level 1:colcon.colcon_core.shell:create_environment_hook('rm_gimbal_description', 'cmake_prefix_path')
[0.260s] INFO:colcon.colcon_core.shell:Creating environment hook '/home/wdr/ros_ws/install/rm_gimbal_description/share/rm_gimbal_description/hook/cmake_prefix_path.ps1'
[0.261s] INFO:colcon.colcon_core.shell:Creating environment descriptor '/home/wdr/ros_ws/install/rm_gimbal_description/share/rm_gimbal_description/hook/cmake_prefix_path.dsv'
[0.262s] INFO:colcon.colcon_core.shell:Creating environment hook '/home/wdr/ros_ws/install/rm_gimbal_description/share/rm_gimbal_description/hook/cmake_prefix_path.sh'
[0.263s] Level 1:colcon.colcon_core.environment:checking '/home/wdr/ros_ws/install/rm_gimbal_description/bin'
[0.263s] Level 1:colcon.colcon_core.environment:checking '/home/wdr/ros_ws/install/rm_gimbal_description/lib/pkgconfig/rm_gimbal_description.pc'
[0.263s] Level 1:colcon.colcon_core.environment:checking '/home/wdr/ros_ws/install/rm_gimbal_description/lib/python3.10/site-packages'
[0.263s] Level 1:colcon.colcon_core.environment:checking '/home/wdr/ros_ws/install/rm_gimbal_description/bin'
[0.263s] INFO:colcon.colcon_core.shell:Creating package script '/home/wdr/ros_ws/install/rm_gimbal_description/share/rm_gimbal_description/package.ps1'
[0.264s] INFO:colcon.colcon_core.shell:Creating package descriptor '/home/wdr/ros_ws/install/rm_gimbal_description/share/rm_gimbal_description/package.dsv'
[0.265s] INFO:colcon.colcon_core.shell:Creating package script '/home/wdr/ros_ws/install/rm_gimbal_description/share/rm_gimbal_description/package.sh'
[0.265s] INFO:colcon.colcon_core.shell:Creating package script '/home/wdr/ros_ws/install/rm_gimbal_description/share/rm_gimbal_description/package.bash'
[0.266s] INFO:colcon.colcon_core.shell:Creating package script '/home/wdr/ros_ws/install/rm_gimbal_description/share/rm_gimbal_description/package.zsh'
[0.266s] Level 1:colcon.colcon_core.environment:create_file_with_runtime_dependencies(/home/wdr/ros_ws/install/rm_gimbal_description/share/colcon-core/packages/rm_gimbal_description)
[0.267s] Level 1:colcon.colcon_core.environment:create_environment_scripts_only(rm_gimbal_description)
[0.267s] Level 1:colcon.colcon_core.environment:checking '/home/wdr/ros_ws/install/rm_gimbal_description' for CMake module files
[0.268s] Level 1:colcon.colcon_core.environment:checking '/home/wdr/ros_ws/install/rm_gimbal_description' for CMake config files
[0.268s] Level 1:colcon.colcon_core.shell:create_environment_hook('rm_gimbal_description', 'cmake_prefix_path')
[0.268s] INFO:colcon.colcon_core.shell:Creating environment hook '/home/wdr/ros_ws/install/rm_gimbal_description/share/rm_gimbal_description/hook/cmake_prefix_path.ps1'
[0.268s] INFO:colcon.colcon_core.shell:Creating environment descriptor '/home/wdr/ros_ws/install/rm_gimbal_description/share/rm_gimbal_description/hook/cmake_prefix_path.dsv'
[0.269s] INFO:colcon.colcon_core.shell:Creating environment hook '/home/wdr/ros_ws/install/rm_gimbal_description/share/rm_gimbal_description/hook/cmake_prefix_path.sh'
[0.269s] Level 1:colcon.colcon_core.environment:checking '/home/wdr/ros_ws/install/rm_gimbal_description/bin'
[0.269s] Level 1:colcon.colcon_core.environment:checking '/home/wdr/ros_ws/install/rm_gimbal_description/lib/pkgconfig/rm_gimbal_description.pc'
[0.269s] Level 1:colcon.colcon_core.environment:checking '/home/wdr/ros_ws/install/rm_gimbal_description/lib/python3.10/site-packages'
[0.269s] Level 1:colcon.colcon_core.environment:checking '/home/wdr/ros_ws/install/rm_gimbal_description/bin'
[0.269s] INFO:colcon.colcon_core.shell:Creating package script '/home/wdr/ros_ws/install/rm_gimbal_description/share/rm_gimbal_description/package.ps1'
[0.270s] INFO:colcon.colcon_core.shell:Creating package descriptor '/home/wdr/ros_ws/install/rm_gimbal_description/share/rm_gimbal_description/package.dsv'
[0.270s] INFO:colcon.colcon_core.shell:Creating package script '/home/wdr/ros_ws/install/rm_gimbal_description/share/rm_gimbal_description/package.sh'
[0.271s] INFO:colcon.colcon_core.shell:Creating package script '/home/wdr/ros_ws/install/rm_gimbal_description/share/rm_gimbal_description/package.bash'
[0.271s] INFO:colcon.colcon_core.shell:Creating package script '/home/wdr/ros_ws/install/rm_gimbal_description/share/rm_gimbal_description/package.zsh'
[0.271s] Level 1:colcon.colcon_core.environment:create_file_with_runtime_dependencies(/home/wdr/ros_ws/install/rm_gimbal_description/share/colcon-core/packages/rm_gimbal_description)
[0.272s] DEBUG:colcon.colcon_core.event_handler.log_command:Invoked command in '/home/wdr/ros_ws/build/hik_camera' returned '0': CMAKE_PREFIX_PATH=/opt/ros/humble /usr/bin/cmake --build /home/wdr/ros_ws/build/hik_camera -- -j8 -l8
[0.273s] DEBUG:colcon.colcon_core.event_handler.log_command:Invoking command in '/home/wdr/ros_ws/build/hik_camera': CMAKE_PREFIX_PATH=/opt/ros/humble /usr/bin/cmake --install /home/wdr/ros_ws/build/hik_camera
[0.282s] Level 1:colcon.colcon_core.environment:create_environment_scripts_only(hik_camera)
[0.283s] Level 1:colcon.colcon_core.environment:checking '/home/wdr/ros_ws/install/hik_camera' for CMake module files
[0.283s] DEBUG:colcon.colcon_core.event_handler.log_command:Invoked command in '/home/wdr/ros_ws/build/hik_camera' returned '0': CMAKE_PREFIX_PATH=/opt/ros/humble /usr/bin/cmake --install /home/wdr/ros_ws/build/hik_camera
[0.284s] Level 1:colcon.colcon_core.environment:checking '/home/wdr/ros_ws/install/hik_camera' for CMake config files
[0.284s] Level 1:colcon.colcon_core.shell:create_environment_hook('hik_camera', 'cmake_prefix_path')
[0.284s] INFO:colcon.colcon_core.shell:Creating environment hook '/home/wdr/ros_ws/install/hik_camera/share/hik_camera/hook/cmake_prefix_path.ps1'
[0.285s] INFO:colcon.colcon_core.shell:Creating environment descriptor '/home/wdr/ros_ws/install/hik_camera/share/hik_camera/hook/cmake_prefix_path.dsv'
[0.285s] INFO:colcon.colcon_core.shell:Creating environment hook '/home/wdr/ros_ws/install/hik_camera/share/hik_camera/hook/cmake_prefix_path.sh'
[0.286s] Level 1:colcon.colcon_core.environment:checking '/home/wdr/ros_ws/install/hik_camera/lib'
[0.286s] Level 1:colcon.colcon_core.shell:create_environment_hook('hik_camera', 'ld_library_path_lib')
[0.286s] INFO:colcon.colcon_core.shell:Creating environment hook '/home/wdr/ros_ws/install/hik_camera/share/hik_camera/hook/ld_library_path_lib.ps1'
[0.287s] INFO:colcon.colcon_core.shell:Creating environment descriptor '/home/wdr/ros_ws/install/hik_camera/share/hik_camera/hook/ld_library_path_lib.dsv'
[0.287s] INFO:colcon.colcon_core.shell:Creating environment hook '/home/wdr/ros_ws/install/hik_camera/share/hik_camera/hook/ld_library_path_lib.sh'
[0.288s] Level 1:colcon.colcon_core.environment:checking '/home/wdr/ros_ws/install/hik_camera/bin'
[0.288s] Level 1:colcon.colcon_core.environment:checking '/home/wdr/ros_ws/install/hik_camera/lib/pkgconfig/hik_camera.pc'
[0.288s] Level 1:colcon.colcon_core.environment:checking '/home/wdr/ros_ws/install/hik_camera/lib/python3.10/site-packages'
[0.288s] Level 1:colcon.colcon_core.environment:checking '/home/wdr/ros_ws/install/hik_camera/bin'
[0.289s] INFO:colcon.colcon_core.shell:Creating package script '/home/wdr/ros_ws/install/hik_camera/share/hik_camera/package.ps1'
[0.289s] INFO:colcon.colcon_core.shell:Creating package descriptor '/home/wdr/ros_ws/install/hik_camera/share/hik_camera/package.dsv'
[0.290s] INFO:colcon.colcon_core.shell:Creating package script '/home/wdr/ros_ws/install/hik_camera/share/hik_camera/package.sh'
[0.290s] INFO:colcon.colcon_core.shell:Creating package script '/home/wdr/ros_ws/install/hik_camera/share/hik_camera/package.bash'
[0.291s] INFO:colcon.colcon_core.shell:Creating package script '/home/wdr/ros_ws/install/hik_camera/share/hik_camera/package.zsh'
[0.291s] Level 1:colcon.colcon_core.environment:create_file_with_runtime_dependencies(/home/wdr/ros_ws/install/hik_camera/share/colcon-core/packages/hik_camera)
[0.292s] Level 1:colcon.colcon_core.environment:create_environment_scripts_only(hik_camera)
[0.292s] Level 1:colcon.colcon_core.environment:checking '/home/wdr/ros_ws/install/hik_camera' for CMake module files
[0.292s] Level 1:colcon.colcon_core.environment:checking '/home/wdr/ros_ws/install/hik_camera' for CMake config files
[0.293s] Level 1:colcon.colcon_core.shell:create_environment_hook('hik_camera', 'cmake_prefix_path')
[0.293s] INFO:colcon.colcon_core.shell:Creating environment hook '/home/wdr/ros_ws/install/hik_camera/share/hik_camera/hook/cmake_prefix_path.ps1'
[0.293s] INFO:colcon.colcon_core.shell:Creating environment descriptor '/home/wdr/ros_ws/install/hik_camera/share/hik_camera/hook/cmake_prefix_path.dsv'
[0.294s] INFO:colcon.colcon_core.shell:Creating environment hook '/home/wdr/ros_ws/install/hik_camera/share/hik_camera/hook/cmake_prefix_path.sh'
[0.295s] Level 1:colcon.colcon_core.environment:checking '/home/wdr/ros_ws/install/hik_camera/lib'
[0.295s] Level 1:colcon.colcon_core.shell:create_environment_hook('hik_camera', 'ld_library_path_lib')
[0.295s] INFO:colcon.colcon_core.shell:Creating environment hook '/home/wdr/ros_ws/install/hik_camera/share/hik_camera/hook/ld_library_path_lib.ps1'
[0.295s] INFO:colcon.colcon_core.shell:Creating environment descriptor '/home/wdr/ros_ws/install/hik_camera/share/hik_camera/hook/ld_library_path_lib.dsv'
[0.296s] INFO:colcon.colcon_core.shell:Creating environment hook '/home/wdr/ros_ws/install/hik_camera/share/hik_camera/hook/ld_library_path_lib.sh'
[0.296s] Level 1:colcon.colcon_core.environment:checking '/home/wdr/ros_ws/install/hik_camera/bin'
[0.296s] Level 1:colcon.colcon_core.environment:checking '/home/wdr/ros_ws/install/hik_camera/lib/pkgconfig/hik_camera.pc'
[0.296s] Level 1:colcon.colcon_core.environment:checking '/home/wdr/ros_ws/install/hik_camera/lib/python3.10/site-packages'
[0.296s] Level 1:colcon.colcon_core.environment:checking '/home/wdr/ros_ws/install/hik_camera/bin'
[0.297s] INFO:colcon.colcon_core.shell:Creating package script '/home/wdr/ros_ws/install/hik_camera/share/hik_camera/package.ps1'
[0.297s] INFO:colcon.colcon_core.shell:Creating package descriptor '/home/wdr/ros_ws/install/hik_camera/share/hik_camera/package.dsv'
[0.298s] INFO:colcon.colcon_core.shell:Creating package script '/home/wdr/ros_ws/install/hik_camera/share/hik_camera/package.sh'
[0.298s] INFO:colcon.colcon_core.shell:Creating package script '/home/wdr/ros_ws/install/hik_camera/share/hik_camera/package.bash'
[0.299s] INFO:colcon.colcon_core.shell:Creating package script '/home/wdr/ros_ws/install/hik_camera/share/hik_camera/package.zsh'
[0.299s] Level 1:colcon.colcon_core.environment:create_file_with_runtime_dependencies(/home/wdr/ros_ws/install/hik_camera/share/colcon-core/packages/hik_camera)
[0.426s] DEBUG:colcon.colcon_core.event_handler.log_command:Invoked command in '/home/wdr/ros_ws/build/auto_aim_interfaces' returned '0': CMAKE_PREFIX_PATH=/opt/ros/humble /usr/bin/cmake --build /home/wdr/ros_ws/build/auto_aim_interfaces -- -j8 -l8
[0.427s] DEBUG:colcon.colcon_core.event_handler.log_command:Invoking command in '/home/wdr/ros_ws/build/auto_aim_interfaces': CMAKE_PREFIX_PATH=/opt/ros/humble /usr/bin/cmake --install /home/wdr/ros_ws/build/auto_aim_interfaces
[0.477s] Level 1:colcon.colcon_core.environment:create_environment_scripts_only(auto_aim_interfaces)
[0.477s] Level 1:colcon.colcon_core.environment:checking '/home/wdr/ros_ws/install/auto_aim_interfaces' for CMake module files
[0.477s] DEBUG:colcon.colcon_core.event_handler.log_command:Invoked command in '/home/wdr/ros_ws/build/auto_aim_interfaces' returned '0': CMAKE_PREFIX_PATH=/opt/ros/humble /usr/bin/cmake --install /home/wdr/ros_ws/build/auto_aim_interfaces
[0.477s] Level 1:colcon.colcon_core.environment:checking '/home/wdr/ros_ws/install/auto_aim_interfaces' for CMake config files
[0.478s] Level 1:colcon.colcon_core.shell:create_environment_hook('auto_aim_interfaces', 'cmake_prefix_path')
[0.478s] INFO:colcon.colcon_core.shell:Creating environment hook '/home/wdr/ros_ws/install/auto_aim_interfaces/share/auto_aim_interfaces/hook/cmake_prefix_path.ps1'
[0.478s] INFO:colcon.colcon_core.shell:Creating environment descriptor '/home/wdr/ros_ws/install/auto_aim_interfaces/share/auto_aim_interfaces/hook/cmake_prefix_path.dsv'
[0.478s] INFO:colcon.colcon_core.shell:Creating environment hook '/home/wdr/ros_ws/install/auto_aim_interfaces/share/auto_aim_interfaces/hook/cmake_prefix_path.sh'
[0.479s] Level 1:colcon.colcon_core.environment:checking '/home/wdr/ros_ws/install/auto_aim_interfaces/lib'
[0.479s] Level 1:colcon.colcon_core.shell:create_environment_hook('auto_aim_interfaces', 'ld_library_path_lib')
[0.479s] INFO:colcon.colcon_core.shell:Creating environment hook '/home/wdr/ros_ws/install/auto_aim_interfaces/share/auto_aim_interfaces/hook/ld_library_path_lib.ps1'
[0.479s] INFO:colcon.colcon_core.shell:Creating environment descriptor '/home/wdr/ros_ws/install/auto_aim_interfaces/share/auto_aim_interfaces/hook/ld_library_path_lib.dsv'
[0.479s] INFO:colcon.colcon_core.shell:Creating environment hook '/home/wdr/ros_ws/install/auto_aim_interfaces/share/auto_aim_interfaces/hook/ld_library_path_lib.sh'
[0.480s] Level 1:colcon.colcon_core.environment:checking '/home/wdr/ros_ws/install/auto_aim_interfaces/bin'
[0.480s] Level 1:colcon.colcon_core.environment:checking '/home/wdr/ros_ws/install/auto_aim_interfaces/lib/pkgconfig/auto_aim_interfaces.pc'
[0.480s] Level 1:colcon.colcon_core.environment:checking '/home/wdr/ros_ws/install/auto_aim_interfaces/lib/python3.10/site-packages'
[0.480s] Level 1:colcon.colcon_core.environment:checking '/home/wdr/ros_ws/install/auto_aim_interfaces/bin'
[0.480s] INFO:colcon.colcon_core.shell:Creating package script '/home/wdr/ros_ws/install/auto_aim_interfaces/share/auto_aim_interfaces/package.ps1'
[0.481s] INFO:colcon.colcon_core.shell:Creating package descriptor '/home/wdr/ros_ws/install/auto_aim_interfaces/share/auto_aim_interfaces/package.dsv'
[0.481s] INFO:colcon.colcon_core.shell:Creating package script '/home/wdr/ros_ws/install/auto_aim_interfaces/share/auto_aim_interfaces/package.sh'
[0.481s] INFO:colcon.colcon_core.shell:Creating package script '/home/wdr/ros_ws/install/auto_aim_interfaces/share/auto_aim_interfaces/package.bash'
[0.482s] INFO:colcon.colcon_core.shell:Creating package script '/home/wdr/ros_ws/install/auto_aim_interfaces/share/auto_aim_interfaces/package.zsh'
[0.482s] Level 1:colcon.colcon_core.environment:create_file_with_runtime_dependencies(/home/wdr/ros_ws/install/auto_aim_interfaces/share/colcon-core/packages/auto_aim_interfaces)
[0.482s] Level 1:colcon.colcon_core.environment:create_environment_scripts_only(auto_aim_interfaces)
[0.482s] Level 1:colcon.colcon_core.environment:checking '/home/wdr/ros_ws/install/auto_aim_interfaces' for CMake module files
[0.483s] Level 1:colcon.colcon_core.environment:checking '/home/wdr/ros_ws/install/auto_aim_interfaces' for CMake config files
[0.483s] Level 1:colcon.colcon_core.shell:create_environment_hook('auto_aim_interfaces', 'cmake_prefix_path')
[0.483s] INFO:colcon.colcon_core.shell:Creating environment hook '/home/wdr/ros_ws/install/auto_aim_interfaces/share/auto_aim_interfaces/hook/cmake_prefix_path.ps1'
[0.483s] INFO:colcon.colcon_core.shell:Creating environment descriptor '/home/wdr/ros_ws/install/auto_aim_interfaces/share/auto_aim_interfaces/hook/cmake_prefix_path.dsv'
[0.484s] INFO:colcon.colcon_core.shell:Creating environment hook '/home/wdr/ros_ws/install/auto_aim_interfaces/share/auto_aim_interfaces/hook/cmake_prefix_path.sh'
[0.484s] Level 1:colcon.colcon_core.environment:checking '/home/wdr/ros_ws/install/auto_aim_interfaces/lib'
[0.484s] Level 1:colcon.colcon_core.shell:create_environment_hook('auto_aim_interfaces', 'ld_library_path_lib')
[0.484s] INFO:colcon.colcon_core.shell:Creating environment hook '/home/wdr/ros_ws/install/auto_aim_interfaces/share/auto_aim_interfaces/hook/ld_library_path_lib.ps1'
[0.485s] INFO:colcon.colcon_core.shell:Creating environment descriptor '/home/wdr/ros_ws/install/auto_aim_interfaces/share/auto_aim_interfaces/hook/ld_library_path_lib.dsv'
[0.485s] INFO:colcon.colcon_core.shell:Creating environment hook '/home/wdr/ros_ws/install/auto_aim_interfaces/share/auto_aim_interfaces/hook/ld_library_path_lib.sh'
[0.485s] Level 1:colcon.colcon_core.environment:checking '/home/wdr/ros_ws/install/auto_aim_interfaces/bin'
[0.485s] Level 1:colcon.colcon_core.environment:checking '/home/wdr/ros_ws/install/auto_aim_interfaces/lib/pkgconfig/auto_aim_interfaces.pc'
[0.485s] Level 1:colcon.colcon_core.environment:checking '/home/wdr/ros_ws/install/auto_aim_interfaces/lib/python3.10/site-packages'
[0.485s] Level 1:colcon.colcon_core.environment:checking '/home/wdr/ros_ws/install/auto_aim_interfaces/bin'
[0.486s] INFO:colcon.colcon_core.shell:Creating package script '/home/wdr/ros_ws/install/auto_aim_interfaces/share/auto_aim_interfaces/package.ps1'
[0.486s] INFO:colcon.colcon_core.shell:Creating package descriptor '/home/wdr/ros_ws/install/auto_aim_interfaces/share/auto_aim_interfaces/package.dsv'
[0.486s] INFO:colcon.colcon_core.shell:Creating package script '/home/wdr/ros_ws/install/auto_aim_interfaces/share/auto_aim_interfaces/package.sh'
[0.487s] INFO:colcon.colcon_core.shell:Creating package script '/home/wdr/ros_ws/install/auto_aim_interfaces/share/auto_aim_interfaces/package.bash'
[0.487s] INFO:colcon.colcon_core.shell:Creating package script '/home/wdr/ros_ws/install/auto_aim_interfaces/share/auto_aim_interfaces/package.zsh'
[0.487s] Level 1:colcon.colcon_core.environment:create_file_with_runtime_dependencies(/home/wdr/ros_ws/install/auto_aim_interfaces/share/colcon-core/packages/auto_aim_interfaces)
[0.487s] INFO:colcon.colcon_ros.task.ament_cmake.build:Building ROS package in '/home/wdr/ros_ws/src/rm_serial_driver' with build type 'ament_cmake'
[0.488s] INFO:colcon.colcon_cmake.task.cmake.build:Building CMake package in '/home/wdr/ros_ws/src/rm_serial_driver'
[0.488s] INFO:colcon.colcon_core.shell:Skip shell extension 'powershell' for command environment: Not usable outside of PowerShell
[0.488s] DEBUG:colcon.colcon_core.shell:Skip shell extension 'dsv' for command environment
[0.490s] INFO:colcon.colcon_ros.task.ament_cmake.build:Building ROS package in '/home/wdr/ros_ws/src/rm_auto_aim/armor_detector' with build type 'ament_cmake'
[0.490s] INFO:colcon.colcon_cmake.task.cmake.build:Building CMake package in '/home/wdr/ros_ws/src/rm_auto_aim/armor_detector'
[0.490s] INFO:colcon.colcon_core.shell:Skip shell extension 'powershell' for command environment: Not usable outside of PowerShell
[0.490s] DEBUG:colcon.colcon_core.shell:Skip shell extension 'dsv' for command environment
[0.492s] INFO:colcon.colcon_ros.task.ament_cmake.build:Building ROS package in '/home/wdr/ros_ws/src/rm_auto_aim/armor_tracker' with build type 'ament_cmake'
[0.493s] INFO:colcon.colcon_cmake.task.cmake.build:Building CMake package in '/home/wdr/ros_ws/src/rm_auto_aim/armor_tracker'
[0.493s] INFO:colcon.colcon_core.shell:Skip shell extension 'powershell' for command environment: Not usable outside of PowerShell
[0.493s] DEBUG:colcon.colcon_core.shell:Skip shell extension 'dsv' for command environment
[0.499s] DEBUG:colcon.colcon_core.event_handler.log_command:Invoking command in '/home/wdr/ros_ws/build/rm_serial_driver': AMENT_PREFIX_PATH=/home/wdr/ros_ws/install/auto_aim_interfaces:${AMENT_PREFIX_PATH} CMAKE_PREFIX_PATH=/home/wdr/ros_ws/install/auto_aim_interfaces:/opt/ros/humble LD_LIBRARY_PATH=/home/wdr/ros_ws/install/auto_aim_interfaces/lib:/opt/MVS/lib/64:/opt/MVS/lib/32:/opt/MVS/lib/64:/opt/MVS/lib/32:/opt/ros/humble/opt/rviz_ogre_vendor/lib:/opt/ros/humble/lib/x86_64-linux-gnu:/opt/ros/humble/lib:/opt/MVS/lib/64:/opt/MVS/lib/32:/opt/MVS/lib/64:/opt/MVS/lib/32:/opt/MVS/lib/64:/opt/MVS/lib/32:/opt/MVS/lib/64:/opt/MVS/lib/32 PYTHONPATH=/home/wdr/ros_ws/install/auto_aim_interfaces/local/lib/python3.10/dist-packages:${PYTHONPATH} /usr/bin/cmake --build /home/wdr/ros_ws/build/rm_serial_driver -- -j8 -l8
[0.501s] DEBUG:colcon.colcon_core.event_handler.log_command:Invoking command in '/home/wdr/ros_ws/build/armor_detector': AMENT_PREFIX_PATH=/home/wdr/ros_ws/install/auto_aim_interfaces:${AMENT_PREFIX_PATH} CMAKE_PREFIX_PATH=/home/wdr/ros_ws/install/auto_aim_interfaces:/opt/ros/humble LD_LIBRARY_PATH=/home/wdr/ros_ws/install/auto_aim_interfaces/lib:/opt/MVS/lib/64:/opt/MVS/lib/32:/opt/MVS/lib/64:/opt/MVS/lib/32:/opt/ros/humble/opt/rviz_ogre_vendor/lib:/opt/ros/humble/lib/x86_64-linux-gnu:/opt/ros/humble/lib:/opt/MVS/lib/64:/opt/MVS/lib/32:/opt/MVS/lib/64:/opt/MVS/lib/32:/opt/MVS/lib/64:/opt/MVS/lib/32:/opt/MVS/lib/64:/opt/MVS/lib/32 PYTHONPATH=/home/wdr/ros_ws/install/auto_aim_interfaces/local/lib/python3.10/dist-packages:${PYTHONPATH} /usr/bin/cmake --build /home/wdr/ros_ws/build/armor_detector -- -j8 -l8
[0.503s] DEBUG:colcon.colcon_core.event_handler.log_command:Invoking command in '/home/wdr/ros_ws/build/armor_tracker': AMENT_PREFIX_PATH=/home/wdr/ros_ws/install/auto_aim_interfaces:${AMENT_PREFIX_PATH} CMAKE_PREFIX_PATH=/home/wdr/ros_ws/install/auto_aim_interfaces:/opt/ros/humble LD_LIBRARY_PATH=/home/wdr/ros_ws/install/auto_aim_interfaces/lib:/opt/MVS/lib/64:/opt/MVS/lib/32:/opt/MVS/lib/64:/opt/MVS/lib/32:/opt/ros/humble/opt/rviz_ogre_vendor/lib:/opt/ros/humble/lib/x86_64-linux-gnu:/opt/ros/humble/lib:/opt/MVS/lib/64:/opt/MVS/lib/32:/opt/MVS/lib/64:/opt/MVS/lib/32:/opt/MVS/lib/64:/opt/MVS/lib/32:/opt/MVS/lib/64:/opt/MVS/lib/32 PYTHONPATH=/home/wdr/ros_ws/install/auto_aim_interfaces/local/lib/python3.10/dist-packages:${PYTHONPATH} /usr/bin/cmake --build /home/wdr/ros_ws/build/armor_tracker -- -j8 -l8
[0.528s] DEBUG:colcon.colcon_core.event_handler.log_command:Invoked command in '/home/wdr/ros_ws/build/rm_serial_driver' returned '0': AMENT_PREFIX_PATH=/home/wdr/ros_ws/install/auto_aim_interfaces:${AMENT_PREFIX_PATH} CMAKE_PREFIX_PATH=/home/wdr/ros_ws/install/auto_aim_interfaces:/opt/ros/humble LD_LIBRARY_PATH=/home/wdr/ros_ws/install/auto_aim_interfaces/lib:/opt/MVS/lib/64:/opt/MVS/lib/32:/opt/MVS/lib/64:/opt/MVS/lib/32:/opt/ros/humble/opt/rviz_ogre_vendor/lib:/opt/ros/humble/lib/x86_64-linux-gnu:/opt/ros/humble/lib:/opt/MVS/lib/64:/opt/MVS/lib/32:/opt/MVS/lib/64:/opt/MVS/lib/32:/opt/MVS/lib/64:/opt/MVS/lib/32:/opt/MVS/lib/64:/opt/MVS/lib/32 PYTHONPATH=/home/wdr/ros_ws/install/auto_aim_interfaces/local/lib/python3.10/dist-packages:${PYTHONPATH} /usr/bin/cmake --build /home/wdr/ros_ws/build/rm_serial_driver -- -j8 -l8
[0.529s] DEBUG:colcon.colcon_core.event_handler.log_command:Invoking command in '/home/wdr/ros_ws/build/rm_serial_driver': AMENT_PREFIX_PATH=/home/wdr/ros_ws/install/auto_aim_interfaces:${AMENT_PREFIX_PATH} CMAKE_PREFIX_PATH=/home/wdr/ros_ws/install/auto_aim_interfaces:/opt/ros/humble LD_LIBRARY_PATH=/home/wdr/ros_ws/install/auto_aim_interfaces/lib:/opt/MVS/lib/64:/opt/MVS/lib/32:/opt/MVS/lib/64:/opt/MVS/lib/32:/opt/ros/humble/opt/rviz_ogre_vendor/lib:/opt/ros/humble/lib/x86_64-linux-gnu:/opt/ros/humble/lib:/opt/MVS/lib/64:/opt/MVS/lib/32:/opt/MVS/lib/64:/opt/MVS/lib/32:/opt/MVS/lib/64:/opt/MVS/lib/32:/opt/MVS/lib/64:/opt/MVS/lib/32 PYTHONPATH=/home/wdr/ros_ws/install/auto_aim_interfaces/local/lib/python3.10/dist-packages:${PYTHONPATH} /usr/bin/cmake --install /home/wdr/ros_ws/build/rm_serial_driver
[0.538s] DEBUG:colcon.colcon_core.event_handler.log_command:Invoked command in '/home/wdr/ros_ws/build/armor_tracker' returned '0': AMENT_PREFIX_PATH=/home/wdr/ros_ws/install/auto_aim_interfaces:${AMENT_PREFIX_PATH} CMAKE_PREFIX_PATH=/home/wdr/ros_ws/install/auto_aim_interfaces:/opt/ros/humble LD_LIBRARY_PATH=/home/wdr/ros_ws/install/auto_aim_interfaces/lib:/opt/MVS/lib/64:/opt/MVS/lib/32:/opt/MVS/lib/64:/opt/MVS/lib/32:/opt/ros/humble/opt/rviz_ogre_vendor/lib:/opt/ros/humble/lib/x86_64-linux-gnu:/opt/ros/humble/lib:/opt/MVS/lib/64:/opt/MVS/lib/32:/opt/MVS/lib/64:/opt/MVS/lib/32:/opt/MVS/lib/64:/opt/MVS/lib/32:/opt/MVS/lib/64:/opt/MVS/lib/32 PYTHONPATH=/home/wdr/ros_ws/install/auto_aim_interfaces/local/lib/python3.10/dist-packages:${PYTHONPATH} /usr/bin/cmake --build /home/wdr/ros_ws/build/armor_tracker -- -j8 -l8
[0.539s] DEBUG:colcon.colcon_core.event_handler.log_command:Invoking command in '/home/wdr/ros_ws/build/armor_tracker': AMENT_PREFIX_PATH=/home/wdr/ros_ws/install/auto_aim_interfaces:${AMENT_PREFIX_PATH} CMAKE_PREFIX_PATH=/home/wdr/ros_ws/install/auto_aim_interfaces:/opt/ros/humble LD_LIBRARY_PATH=/home/wdr/ros_ws/install/auto_aim_interfaces/lib:/opt/MVS/lib/64:/opt/MVS/lib/32:/opt/MVS/lib/64:/opt/MVS/lib/32:/opt/ros/humble/opt/rviz_ogre_vendor/lib:/opt/ros/humble/lib/x86_64-linux-gnu:/opt/ros/humble/lib:/opt/MVS/lib/64:/opt/MVS/lib/32:/opt/MVS/lib/64:/opt/MVS/lib/32:/opt/MVS/lib/64:/opt/MVS/lib/32:/opt/MVS/lib/64:/opt/MVS/lib/32 PYTHONPATH=/home/wdr/ros_ws/install/auto_aim_interfaces/local/lib/python3.10/dist-packages:${PYTHONPATH} /usr/bin/cmake --install /home/wdr/ros_ws/build/armor_tracker
[0.540s] Level 1:colcon.colcon_core.environment:create_environment_scripts_only(rm_serial_driver)
[0.540s] Level 1:colcon.colcon_core.environment:checking '/home/wdr/ros_ws/install/rm_serial_driver' for CMake module files
[0.541s] DEBUG:colcon.colcon_core.event_handler.log_command:Invoked command in '/home/wdr/ros_ws/build/rm_serial_driver' returned '0': AMENT_PREFIX_PATH=/home/wdr/ros_ws/install/auto_aim_interfaces:${AMENT_PREFIX_PATH} CMAKE_PREFIX_PATH=/home/wdr/ros_ws/install/auto_aim_interfaces:/opt/ros/humble LD_LIBRARY_PATH=/home/wdr/ros_ws/install/auto_aim_interfaces/lib:/opt/MVS/lib/64:/opt/MVS/lib/32:/opt/MVS/lib/64:/opt/MVS/lib/32:/opt/ros/humble/opt/rviz_ogre_vendor/lib:/opt/ros/humble/lib/x86_64-linux-gnu:/opt/ros/humble/lib:/opt/MVS/lib/64:/opt/MVS/lib/32:/opt/MVS/lib/64:/opt/MVS/lib/32:/opt/MVS/lib/64:/opt/MVS/lib/32:/opt/MVS/lib/64:/opt/MVS/lib/32 PYTHONPATH=/home/wdr/ros_ws/install/auto_aim_interfaces/local/lib/python3.10/dist-packages:${PYTHONPATH} /usr/bin/cmake --install /home/wdr/ros_ws/build/rm_serial_driver
[0.543s] Level 1:colcon.colcon_core.environment:checking '/home/wdr/ros_ws/install/rm_serial_driver' for CMake config files
[0.543s] Level 1:colcon.colcon_core.shell:create_environment_hook('rm_serial_driver', 'cmake_prefix_path')
[0.544s] INFO:colcon.colcon_core.shell:Creating environment hook '/home/wdr/ros_ws/install/rm_serial_driver/share/rm_serial_driver/hook/cmake_prefix_path.ps1'
[0.545s] INFO:colcon.colcon_core.shell:Creating environment descriptor '/home/wdr/ros_ws/install/rm_serial_driver/share/rm_serial_driver/hook/cmake_prefix_path.dsv'
[0.546s] INFO:colcon.colcon_core.shell:Creating environment hook '/home/wdr/ros_ws/install/rm_serial_driver/share/rm_serial_driver/hook/cmake_prefix_path.sh'
[0.546s] Level 1:colcon.colcon_core.environment:checking '/home/wdr/ros_ws/install/rm_serial_driver/lib'
[0.546s] Level 1:colcon.colcon_core.shell:create_environment_hook('rm_serial_driver', 'ld_library_path_lib')
[0.546s] INFO:colcon.colcon_core.shell:Creating environment hook '/home/wdr/ros_ws/install/rm_serial_driver/share/rm_serial_driver/hook/ld_library_path_lib.ps1'
[0.547s] INFO:colcon.colcon_core.shell:Creating environment descriptor '/home/wdr/ros_ws/install/rm_serial_driver/share/rm_serial_driver/hook/ld_library_path_lib.dsv'
[0.547s] INFO:colcon.colcon_core.shell:Creating environment hook '/home/wdr/ros_ws/install/rm_serial_driver/share/rm_serial_driver/hook/ld_library_path_lib.sh'
[0.547s] Level 1:colcon.colcon_core.environment:checking '/home/wdr/ros_ws/install/rm_serial_driver/bin'
[0.547s] Level 1:colcon.colcon_core.environment:checking '/home/wdr/ros_ws/install/rm_serial_driver/lib/pkgconfig/rm_serial_driver.pc'
[0.547s] Level 1:colcon.colcon_core.environment:checking '/home/wdr/ros_ws/install/rm_serial_driver/lib/python3.10/site-packages'
[0.548s] Level 1:colcon.colcon_core.environment:checking '/home/wdr/ros_ws/install/rm_serial_driver/bin'
[0.548s] INFO:colcon.colcon_core.shell:Creating package script '/home/wdr/ros_ws/install/rm_serial_driver/share/rm_serial_driver/package.ps1'
[0.548s] INFO:colcon.colcon_core.shell:Creating package descriptor '/home/wdr/ros_ws/install/rm_serial_driver/share/rm_serial_driver/package.dsv'
[0.548s] INFO:colcon.colcon_core.shell:Creating package script '/home/wdr/ros_ws/install/rm_serial_driver/share/rm_serial_driver/package.sh'
[0.549s] INFO:colcon.colcon_core.shell:Creating package script '/home/wdr/ros_ws/install/rm_serial_driver/share/rm_serial_driver/package.bash'
[0.549s] INFO:colcon.colcon_core.shell:Creating package script '/home/wdr/ros_ws/install/rm_serial_driver/share/rm_serial_driver/package.zsh'
[0.549s] Level 1:colcon.colcon_core.environment:create_file_with_runtime_dependencies(/home/wdr/ros_ws/install/rm_serial_driver/share/colcon-core/packages/rm_serial_driver)
[0.550s] Level 1:colcon.colcon_core.environment:create_environment_scripts_only(rm_serial_driver)
[0.550s] Level 1:colcon.colcon_core.environment:checking '/home/wdr/ros_ws/install/rm_serial_driver' for CMake module files
[0.550s] Level 1:colcon.colcon_core.environment:checking '/home/wdr/ros_ws/install/rm_serial_driver' for CMake config files
[0.550s] Level 1:colcon.colcon_core.shell:create_environment_hook('rm_serial_driver', 'cmake_prefix_path')
[0.551s] INFO:colcon.colcon_core.shell:Creating environment hook '/home/wdr/ros_ws/install/rm_serial_driver/share/rm_serial_driver/hook/cmake_prefix_path.ps1'
[0.551s] INFO:colcon.colcon_core.shell:Creating environment descriptor '/home/wdr/ros_ws/install/rm_serial_driver/share/rm_serial_driver/hook/cmake_prefix_path.dsv'
[0.552s] INFO:colcon.colcon_core.shell:Creating environment hook '/home/wdr/ros_ws/install/rm_serial_driver/share/rm_serial_driver/hook/cmake_prefix_path.sh'
[0.552s] Level 1:colcon.colcon_core.environment:checking '/home/wdr/ros_ws/install/rm_serial_driver/lib'
[0.552s] Level 1:colcon.colcon_core.shell:create_environment_hook('rm_serial_driver', 'ld_library_path_lib')
[0.553s] INFO:colcon.colcon_core.shell:Creating environment hook '/home/wdr/ros_ws/install/rm_serial_driver/share/rm_serial_driver/hook/ld_library_path_lib.ps1'
[0.553s] INFO:colcon.colcon_core.shell:Creating environment descriptor '/home/wdr/ros_ws/install/rm_serial_driver/share/rm_serial_driver/hook/ld_library_path_lib.dsv'
[0.553s] INFO:colcon.colcon_core.shell:Creating environment hook '/home/wdr/ros_ws/install/rm_serial_driver/share/rm_serial_driver/hook/ld_library_path_lib.sh'
[0.553s] Level 1:colcon.colcon_core.environment:checking '/home/wdr/ros_ws/install/rm_serial_driver/bin'
[0.553s] Level 1:colcon.colcon_core.environment:checking '/home/wdr/ros_ws/install/rm_serial_driver/lib/pkgconfig/rm_serial_driver.pc'
[0.554s] Level 1:colcon.colcon_core.environment:checking '/home/wdr/ros_ws/install/rm_serial_driver/lib/python3.10/site-packages'
[0.554s] Level 1:colcon.colcon_core.environment:checking '/home/wdr/ros_ws/install/rm_serial_driver/bin'
[0.554s] INFO:colcon.colcon_core.shell:Creating package script '/home/wdr/ros_ws/install/rm_serial_driver/share/rm_serial_driver/package.ps1'
[0.554s] INFO:colcon.colcon_core.shell:Creating package descriptor '/home/wdr/ros_ws/install/rm_serial_driver/share/rm_serial_driver/package.dsv'
[0.555s] INFO:colcon.colcon_core.shell:Creating package script '/home/wdr/ros_ws/install/rm_serial_driver/share/rm_serial_driver/package.sh'
[0.555s] INFO:colcon.colcon_core.shell:Creating package script '/home/wdr/ros_ws/install/rm_serial_driver/share/rm_serial_driver/package.bash'
[0.555s] INFO:colcon.colcon_core.shell:Creating package script '/home/wdr/ros_ws/install/rm_serial_driver/share/rm_serial_driver/package.zsh'
[0.556s] Level 1:colcon.colcon_core.environment:create_file_with_runtime_dependencies(/home/wdr/ros_ws/install/rm_serial_driver/share/colcon-core/packages/rm_serial_driver)
[0.556s] INFO:colcon.colcon_ros.task.ament_cmake.build:Building ROS package in '/home/wdr/ros_ws/src/rm_vision/rm_vision_bringup' with build type 'ament_cmake'
[0.556s] INFO:colcon.colcon_cmake.task.cmake.build:Building CMake package in '/home/wdr/ros_ws/src/rm_vision/rm_vision_bringup'
[0.556s] INFO:colcon.colcon_core.shell:Skip shell extension 'powershell' for command environment: Not usable outside of PowerShell
[0.556s] DEBUG:colcon.colcon_core.shell:Skip shell extension 'dsv' for command environment
[0.558s] Level 1:colcon.colcon_core.environment:create_environment_scripts_only(armor_tracker)
[0.559s] Level 1:colcon.colcon_core.environment:checking '/home/wdr/ros_ws/install/armor_tracker' for CMake module files
[0.559s] DEBUG:colcon.colcon_core.event_handler.log_command:Invoked command in '/home/wdr/ros_ws/build/armor_tracker' returned '0': AMENT_PREFIX_PATH=/home/wdr/ros_ws/install/auto_aim_interfaces:${AMENT_PREFIX_PATH} CMAKE_PREFIX_PATH=/home/wdr/ros_ws/install/auto_aim_interfaces:/opt/ros/humble LD_LIBRARY_PATH=/home/wdr/ros_ws/install/auto_aim_interfaces/lib:/opt/MVS/lib/64:/opt/MVS/lib/32:/opt/MVS/lib/64:/opt/MVS/lib/32:/opt/ros/humble/opt/rviz_ogre_vendor/lib:/opt/ros/humble/lib/x86_64-linux-gnu:/opt/ros/humble/lib:/opt/MVS/lib/64:/opt/MVS/lib/32:/opt/MVS/lib/64:/opt/MVS/lib/32:/opt/MVS/lib/64:/opt/MVS/lib/32:/opt/MVS/lib/64:/opt/MVS/lib/32 PYTHONPATH=/home/wdr/ros_ws/install/auto_aim_interfaces/local/lib/python3.10/dist-packages:${PYTHONPATH} /usr/bin/cmake --install /home/wdr/ros_ws/build/armor_tracker
[0.559s] Level 1:colcon.colcon_core.environment:checking '/home/wdr/ros_ws/install/armor_tracker' for CMake config files
[0.559s] Level 1:colcon.colcon_core.shell:create_environment_hook('armor_tracker', 'cmake_prefix_path')
[0.560s] INFO:colcon.colcon_core.shell:Creating environment hook '/home/wdr/ros_ws/install/armor_tracker/share/armor_tracker/hook/cmake_prefix_path.ps1'
[0.560s] INFO:colcon.colcon_core.shell:Creating environment descriptor '/home/wdr/ros_ws/install/armor_tracker/share/armor_tracker/hook/cmake_prefix_path.dsv'
[0.560s] INFO:colcon.colcon_core.shell:Creating environment hook '/home/wdr/ros_ws/install/armor_tracker/share/armor_tracker/hook/cmake_prefix_path.sh'
[0.560s] Level 1:colcon.colcon_core.environment:checking '/home/wdr/ros_ws/install/armor_tracker/lib'
[0.560s] Level 1:colcon.colcon_core.shell:create_environment_hook('armor_tracker', 'ld_library_path_lib')
[0.560s] INFO:colcon.colcon_core.shell:Creating environment hook '/home/wdr/ros_ws/install/armor_tracker/share/armor_tracker/hook/ld_library_path_lib.ps1'
[0.561s] INFO:colcon.colcon_core.shell:Creating environment descriptor '/home/wdr/ros_ws/install/armor_tracker/share/armor_tracker/hook/ld_library_path_lib.dsv'
[0.561s] INFO:colcon.colcon_core.shell:Creating environment hook '/home/wdr/ros_ws/install/armor_tracker/share/armor_tracker/hook/ld_library_path_lib.sh'
[0.561s] Level 1:colcon.colcon_core.environment:checking '/home/wdr/ros_ws/install/armor_tracker/bin'
[0.561s] Level 1:colcon.colcon_core.environment:checking '/home/wdr/ros_ws/install/armor_tracker/lib/pkgconfig/armor_tracker.pc'
[0.561s] Level 1:colcon.colcon_core.environment:checking '/home/wdr/ros_ws/install/armor_tracker/lib/python3.10/site-packages'
[0.561s] Level 1:colcon.colcon_core.environment:checking '/home/wdr/ros_ws/install/armor_tracker/bin'
[0.562s] INFO:colcon.colcon_core.shell:Creating package script '/home/wdr/ros_ws/install/armor_tracker/share/armor_tracker/package.ps1'
[0.562s] INFO:colcon.colcon_core.shell:Creating package descriptor '/home/wdr/ros_ws/install/armor_tracker/share/armor_tracker/package.dsv'
[0.562s] INFO:colcon.colcon_core.shell:Creating package script '/home/wdr/ros_ws/install/armor_tracker/share/armor_tracker/package.sh'
[0.563s] INFO:colcon.colcon_core.shell:Creating package script '/home/wdr/ros_ws/install/armor_tracker/share/armor_tracker/package.bash'
[0.563s] INFO:colcon.colcon_core.shell:Creating package script '/home/wdr/ros_ws/install/armor_tracker/share/armor_tracker/package.zsh'
[0.563s] Level 1:colcon.colcon_core.environment:create_file_with_runtime_dependencies(/home/wdr/ros_ws/install/armor_tracker/share/colcon-core/packages/armor_tracker)
[0.563s] Level 1:colcon.colcon_core.environment:create_environment_scripts_only(armor_tracker)
[0.564s] Level 1:colcon.colcon_core.environment:checking '/home/wdr/ros_ws/install/armor_tracker' for CMake module files
[0.564s] Level 1:colcon.colcon_core.environment:checking '/home/wdr/ros_ws/install/armor_tracker' for CMake config files
[0.564s] Level 1:colcon.colcon_core.shell:create_environment_hook('armor_tracker', 'cmake_prefix_path')
[0.564s] INFO:colcon.colcon_core.shell:Creating environment hook '/home/wdr/ros_ws/install/armor_tracker/share/armor_tracker/hook/cmake_prefix_path.ps1'
[0.564s] INFO:colcon.colcon_core.shell:Creating environment descriptor '/home/wdr/ros_ws/install/armor_tracker/share/armor_tracker/hook/cmake_prefix_path.dsv'
[0.564s] INFO:colcon.colcon_core.shell:Creating environment hook '/home/wdr/ros_ws/install/armor_tracker/share/armor_tracker/hook/cmake_prefix_path.sh'
[0.565s] Level 1:colcon.colcon_core.environment:checking '/home/wdr/ros_ws/install/armor_tracker/lib'
[0.565s] Level 1:colcon.colcon_core.shell:create_environment_hook('armor_tracker', 'ld_library_path_lib')
[0.565s] INFO:colcon.colcon_core.shell:Creating environment hook '/home/wdr/ros_ws/install/armor_tracker/share/armor_tracker/hook/ld_library_path_lib.ps1'
[0.565s] INFO:colcon.colcon_core.shell:Creating environment descriptor '/home/wdr/ros_ws/install/armor_tracker/share/armor_tracker/hook/ld_library_path_lib.dsv'
[0.565s] INFO:colcon.colcon_core.shell:Creating environment hook '/home/wdr/ros_ws/install/armor_tracker/share/armor_tracker/hook/ld_library_path_lib.sh'
[0.566s] Level 1:colcon.colcon_core.environment:checking '/home/wdr/ros_ws/install/armor_tracker/bin'
[0.566s] Level 1:colcon.colcon_core.environment:checking '/home/wdr/ros_ws/install/armor_tracker/lib/pkgconfig/armor_tracker.pc'
[0.566s] Level 1:colcon.colcon_core.environment:checking '/home/wdr/ros_ws/install/armor_tracker/lib/python3.10/site-packages'
[0.566s] Level 1:colcon.colcon_core.environment:checking '/home/wdr/ros_ws/install/armor_tracker/bin'
[0.566s] INFO:colcon.colcon_core.shell:Creating package script '/home/wdr/ros_ws/install/armor_tracker/share/armor_tracker/package.ps1'
[0.567s] INFO:colcon.colcon_core.shell:Creating package descriptor '/home/wdr/ros_ws/install/armor_tracker/share/armor_tracker/package.dsv'
[0.567s] INFO:colcon.colcon_core.shell:Creating package script '/home/wdr/ros_ws/install/armor_tracker/share/armor_tracker/package.sh'
[0.567s] INFO:colcon.colcon_core.shell:Creating package script '/home/wdr/ros_ws/install/armor_tracker/share/armor_tracker/package.bash'
[0.568s] INFO:colcon.colcon_core.shell:Creating package script '/home/wdr/ros_ws/install/armor_tracker/share/armor_tracker/package.zsh'
[0.568s] Level 1:colcon.colcon_core.environment:create_file_with_runtime_dependencies(/home/wdr/ros_ws/install/armor_tracker/share/colcon-core/packages/armor_tracker)
[0.570s] DEBUG:colcon.colcon_core.event_handler.log_command:Invoked command in '/home/wdr/ros_ws/build/armor_detector' returned '0': AMENT_PREFIX_PATH=/home/wdr/ros_ws/install/auto_aim_interfaces:${AMENT_PREFIX_PATH} CMAKE_PREFIX_PATH=/home/wdr/ros_ws/install/auto_aim_interfaces:/opt/ros/humble LD_LIBRARY_PATH=/home/wdr/ros_ws/install/auto_aim_interfaces/lib:/opt/MVS/lib/64:/opt/MVS/lib/32:/opt/MVS/lib/64:/opt/MVS/lib/32:/opt/ros/humble/opt/rviz_ogre_vendor/lib:/opt/ros/humble/lib/x86_64-linux-gnu:/opt/ros/humble/lib:/opt/MVS/lib/64:/opt/MVS/lib/32:/opt/MVS/lib/64:/opt/MVS/lib/32:/opt/MVS/lib/64:/opt/MVS/lib/32:/opt/MVS/lib/64:/opt/MVS/lib/32 PYTHONPATH=/home/wdr/ros_ws/install/auto_aim_interfaces/local/lib/python3.10/dist-packages:${PYTHONPATH} /usr/bin/cmake --build /home/wdr/ros_ws/build/armor_detector -- -j8 -l8
[0.571s] DEBUG:colcon.colcon_core.event_handler.log_command:Invoking command in '/home/wdr/ros_ws/build/armor_detector': AMENT_PREFIX_PATH=/home/wdr/ros_ws/install/auto_aim_interfaces:${AMENT_PREFIX_PATH} CMAKE_PREFIX_PATH=/home/wdr/ros_ws/install/auto_aim_interfaces:/opt/ros/humble LD_LIBRARY_PATH=/home/wdr/ros_ws/install/auto_aim_interfaces/lib:/opt/MVS/lib/64:/opt/MVS/lib/32:/opt/MVS/lib/64:/opt/MVS/lib/32:/opt/ros/humble/opt/rviz_ogre_vendor/lib:/opt/ros/humble/lib/x86_64-linux-gnu:/opt/ros/humble/lib:/opt/MVS/lib/64:/opt/MVS/lib/32:/opt/MVS/lib/64:/opt/MVS/lib/32:/opt/MVS/lib/64:/opt/MVS/lib/32:/opt/MVS/lib/64:/opt/MVS/lib/32 PYTHONPATH=/home/wdr/ros_ws/install/auto_aim_interfaces/local/lib/python3.10/dist-packages:${PYTHONPATH} /usr/bin/cmake --install /home/wdr/ros_ws/build/armor_detector
[0.574s] DEBUG:colcon.colcon_core.event_handler.log_command:Invoking command in '/home/wdr/ros_ws/build/rm_vision_bringup': AMENT_PREFIX_PATH=/home/wdr/ros_ws/install/rm_serial_driver:/home/wdr/ros_ws/install/auto_aim_interfaces:${AMENT_PREFIX_PATH} CMAKE_PREFIX_PATH=/home/wdr/ros_ws/install/rm_serial_driver:/home/wdr/ros_ws/install/auto_aim_interfaces:/opt/ros/humble LD_LIBRARY_PATH=/home/wdr/ros_ws/install/rm_serial_driver/lib:/home/wdr/ros_ws/install/auto_aim_interfaces/lib:/opt/MVS/lib/64:/opt/MVS/lib/32:/opt/MVS/lib/64:/opt/MVS/lib/32:/opt/ros/humble/opt/rviz_ogre_vendor/lib:/opt/ros/humble/lib/x86_64-linux-gnu:/opt/ros/humble/lib:/opt/MVS/lib/64:/opt/MVS/lib/32:/opt/MVS/lib/64:/opt/MVS/lib/32:/opt/MVS/lib/64:/opt/MVS/lib/32:/opt/MVS/lib/64:/opt/MVS/lib/32 PYTHONPATH=/home/wdr/ros_ws/install/auto_aim_interfaces/local/lib/python3.10/dist-packages:${PYTHONPATH} /usr/bin/cmake --build /home/wdr/ros_ws/build/rm_vision_bringup -- -j8 -l8
[0.577s] Level 1:colcon.colcon_core.environment:create_environment_scripts_only(armor_detector)
[0.578s] Level 1:colcon.colcon_core.environment:checking '/home/wdr/ros_ws/install/armor_detector' for CMake module files
[0.578s] DEBUG:colcon.colcon_core.event_handler.log_command:Invoked command in '/home/wdr/ros_ws/build/armor_detector' returned '0': AMENT_PREFIX_PATH=/home/wdr/ros_ws/install/auto_aim_interfaces:${AMENT_PREFIX_PATH} CMAKE_PREFIX_PATH=/home/wdr/ros_ws/install/auto_aim_interfaces:/opt/ros/humble LD_LIBRARY_PATH=/home/wdr/ros_ws/install/auto_aim_interfaces/lib:/opt/MVS/lib/64:/opt/MVS/lib/32:/opt/MVS/lib/64:/opt/MVS/lib/32:/opt/ros/humble/opt/rviz_ogre_vendor/lib:/opt/ros/humble/lib/x86_64-linux-gnu:/opt/ros/humble/lib:/opt/MVS/lib/64:/opt/MVS/lib/32:/opt/MVS/lib/64:/opt/MVS/lib/32:/opt/MVS/lib/64:/opt/MVS/lib/32:/opt/MVS/lib/64:/opt/MVS/lib/32 PYTHONPATH=/home/wdr/ros_ws/install/auto_aim_interfaces/local/lib/python3.10/dist-packages:${PYTHONPATH} /usr/bin/cmake --install /home/wdr/ros_ws/build/armor_detector
[0.578s] Level 1:colcon.colcon_core.environment:checking '/home/wdr/ros_ws/install/armor_detector' for CMake config files
[0.578s] Level 1:colcon.colcon_core.shell:create_environment_hook('armor_detector', 'cmake_prefix_path')
[0.579s] INFO:colcon.colcon_core.shell:Creating environment hook '/home/wdr/ros_ws/install/armor_detector/share/armor_detector/hook/cmake_prefix_path.ps1'
[0.579s] INFO:colcon.colcon_core.shell:Creating environment descriptor '/home/wdr/ros_ws/install/armor_detector/share/armor_detector/hook/cmake_prefix_path.dsv'
[0.579s] INFO:colcon.colcon_core.shell:Creating environment hook '/home/wdr/ros_ws/install/armor_detector/share/armor_detector/hook/cmake_prefix_path.sh'
[0.580s] Level 1:colcon.colcon_core.environment:checking '/home/wdr/ros_ws/install/armor_detector/lib'
[0.580s] Level 1:colcon.colcon_core.shell:create_environment_hook('armor_detector', 'ld_library_path_lib')
[0.580s] INFO:colcon.colcon_core.shell:Creating environment hook '/home/wdr/ros_ws/install/armor_detector/share/armor_detector/hook/ld_library_path_lib.ps1'
[0.580s] INFO:colcon.colcon_core.shell:Creating environment descriptor '/home/wdr/ros_ws/install/armor_detector/share/armor_detector/hook/ld_library_path_lib.dsv'
[0.580s] INFO:colcon.colcon_core.shell:Creating environment hook '/home/wdr/ros_ws/install/armor_detector/share/armor_detector/hook/ld_library_path_lib.sh'
[0.581s] Level 1:colcon.colcon_core.environment:checking '/home/wdr/ros_ws/install/armor_detector/bin'
[0.581s] Level 1:colcon.colcon_core.environment:checking '/home/wdr/ros_ws/install/armor_detector/lib/pkgconfig/armor_detector.pc'
[0.581s] Level 1:colcon.colcon_core.environment:checking '/home/wdr/ros_ws/install/armor_detector/lib/python3.10/site-packages'
[0.581s] Level 1:colcon.colcon_core.environment:checking '/home/wdr/ros_ws/install/armor_detector/bin'
[0.581s] INFO:colcon.colcon_core.shell:Creating package script '/home/wdr/ros_ws/install/armor_detector/share/armor_detector/package.ps1'
[0.581s] INFO:colcon.colcon_core.shell:Creating package descriptor '/home/wdr/ros_ws/install/armor_detector/share/armor_detector/package.dsv'
[0.582s] INFO:colcon.colcon_core.shell:Creating package script '/home/wdr/ros_ws/install/armor_detector/share/armor_detector/package.sh'
[0.582s] INFO:colcon.colcon_core.shell:Creating package script '/home/wdr/ros_ws/install/armor_detector/share/armor_detector/package.bash'
[0.582s] INFO:colcon.colcon_core.shell:Creating package script '/home/wdr/ros_ws/install/armor_detector/share/armor_detector/package.zsh'
[0.582s] Level 1:colcon.colcon_core.environment:create_file_with_runtime_dependencies(/home/wdr/ros_ws/install/armor_detector/share/colcon-core/packages/armor_detector)
[0.583s] Level 1:colcon.colcon_core.environment:create_environment_scripts_only(armor_detector)
[0.583s] Level 1:colcon.colcon_core.environment:checking '/home/wdr/ros_ws/install/armor_detector' for CMake module files
[0.584s] Level 1:colcon.colcon_core.environment:checking '/home/wdr/ros_ws/install/armor_detector' for CMake config files
[0.584s] Level 1:colcon.colcon_core.shell:create_environment_hook('armor_detector', 'cmake_prefix_path')
[0.584s] INFO:colcon.colcon_core.shell:Creating environment hook '/home/wdr/ros_ws/install/armor_detector/share/armor_detector/hook/cmake_prefix_path.ps1'
[0.585s] INFO:colcon.colcon_core.shell:Creating environment descriptor '/home/wdr/ros_ws/install/armor_detector/share/armor_detector/hook/cmake_prefix_path.dsv'
[0.585s] INFO:colcon.colcon_core.shell:Creating environment hook '/home/wdr/ros_ws/install/armor_detector/share/armor_detector/hook/cmake_prefix_path.sh'
[0.585s] Level 1:colcon.colcon_core.environment:checking '/home/wdr/ros_ws/install/armor_detector/lib'
[0.586s] Level 1:colcon.colcon_core.shell:create_environment_hook('armor_detector', 'ld_library_path_lib')
[0.586s] INFO:colcon.colcon_core.shell:Creating environment hook '/home/wdr/ros_ws/install/armor_detector/share/armor_detector/hook/ld_library_path_lib.ps1'
[0.586s] INFO:colcon.colcon_core.shell:Creating environment descriptor '/home/wdr/ros_ws/install/armor_detector/share/armor_detector/hook/ld_library_path_lib.dsv'
[0.586s] INFO:colcon.colcon_core.shell:Creating environment hook '/home/wdr/ros_ws/install/armor_detector/share/armor_detector/hook/ld_library_path_lib.sh'
[0.586s] Level 1:colcon.colcon_core.environment:checking '/home/wdr/ros_ws/install/armor_detector/bin'
[0.586s] Level 1:colcon.colcon_core.environment:checking '/home/wdr/ros_ws/install/armor_detector/lib/pkgconfig/armor_detector.pc'
[0.587s] Level 1:colcon.colcon_core.environment:checking '/home/wdr/ros_ws/install/armor_detector/lib/python3.10/site-packages'
[0.587s] Level 1:colcon.colcon_core.environment:checking '/home/wdr/ros_ws/install/armor_detector/bin'
[0.587s] INFO:colcon.colcon_core.shell:Creating package script '/home/wdr/ros_ws/install/armor_detector/share/armor_detector/package.ps1'
[0.587s] INFO:colcon.colcon_core.shell:Creating package descriptor '/home/wdr/ros_ws/install/armor_detector/share/armor_detector/package.dsv'
[0.588s] INFO:colcon.colcon_core.shell:Creating package script '/home/wdr/ros_ws/install/armor_detector/share/armor_detector/package.sh'
[0.588s] INFO:colcon.colcon_core.shell:Creating package script '/home/wdr/ros_ws/install/armor_detector/share/armor_detector/package.bash'
[0.588s] INFO:colcon.colcon_core.shell:Creating package script '/home/wdr/ros_ws/install/armor_detector/share/armor_detector/package.zsh'
[0.589s] Level 1:colcon.colcon_core.environment:create_file_with_runtime_dependencies(/home/wdr/ros_ws/install/armor_detector/share/colcon-core/packages/armor_detector)
[0.590s] DEBUG:colcon.colcon_core.event_handler.log_command:Invoked command in '/home/wdr/ros_ws/build/rm_vision_bringup' returned '0': AMENT_PREFIX_PATH=/home/wdr/ros_ws/install/rm_serial_driver:/home/wdr/ros_ws/install/auto_aim_interfaces:${AMENT_PREFIX_PATH} CMAKE_PREFIX_PATH=/home/wdr/ros_ws/install/rm_serial_driver:/home/wdr/ros_ws/install/auto_aim_interfaces:/opt/ros/humble LD_LIBRARY_PATH=/home/wdr/ros_ws/install/rm_serial_driver/lib:/home/wdr/ros_ws/install/auto_aim_interfaces/lib:/opt/MVS/lib/64:/opt/MVS/lib/32:/opt/MVS/lib/64:/opt/MVS/lib/32:/opt/ros/humble/opt/rviz_ogre_vendor/lib:/opt/ros/humble/lib/x86_64-linux-gnu:/opt/ros/humble/lib:/opt/MVS/lib/64:/opt/MVS/lib/32:/opt/MVS/lib/64:/opt/MVS/lib/32:/opt/MVS/lib/64:/opt/MVS/lib/32:/opt/MVS/lib/64:/opt/MVS/lib/32 PYTHONPATH=/home/wdr/ros_ws/install/auto_aim_interfaces/local/lib/python3.10/dist-packages:${PYTHONPATH} /usr/bin/cmake --build /home/wdr/ros_ws/build/rm_vision_bringup -- -j8 -l8
[0.591s] DEBUG:colcon.colcon_core.event_handler.log_command:Invoking command in '/home/wdr/ros_ws/build/rm_vision_bringup': AMENT_PREFIX_PATH=/home/wdr/ros_ws/install/rm_serial_driver:/home/wdr/ros_ws/install/auto_aim_interfaces:${AMENT_PREFIX_PATH} CMAKE_PREFIX_PATH=/home/wdr/ros_ws/install/rm_serial_driver:/home/wdr/ros_ws/install/auto_aim_interfaces:/opt/ros/humble LD_LIBRARY_PATH=/home/wdr/ros_ws/install/rm_serial_driver/lib:/home/wdr/ros_ws/install/auto_aim_interfaces/lib:/opt/MVS/lib/64:/opt/MVS/lib/32:/opt/MVS/lib/64:/opt/MVS/lib/32:/opt/ros/humble/opt/rviz_ogre_vendor/lib:/opt/ros/humble/lib/x86_64-linux-gnu:/opt/ros/humble/lib:/opt/MVS/lib/64:/opt/MVS/lib/32:/opt/MVS/lib/64:/opt/MVS/lib/32:/opt/MVS/lib/64:/opt/MVS/lib/32:/opt/MVS/lib/64:/opt/MVS/lib/32 PYTHONPATH=/home/wdr/ros_ws/install/auto_aim_interfaces/local/lib/python3.10/dist-packages:${PYTHONPATH} /usr/bin/cmake --install /home/wdr/ros_ws/build/rm_vision_bringup
[0.596s] Level 1:colcon.colcon_core.environment:create_environment_scripts_only(rm_vision_bringup)
[0.597s] Level 1:colcon.colcon_core.environment:checking '/home/wdr/ros_ws/install/rm_vision_bringup' for CMake module files
[0.597s] DEBUG:colcon.colcon_core.event_handler.log_command:Invoked command in '/home/wdr/ros_ws/build/rm_vision_bringup' returned '0': AMENT_PREFIX_PATH=/home/wdr/ros_ws/install/rm_serial_driver:/home/wdr/ros_ws/install/auto_aim_interfaces:${AMENT_PREFIX_PATH} CMAKE_PREFIX_PATH=/home/wdr/ros_ws/install/rm_serial_driver:/home/wdr/ros_ws/install/auto_aim_interfaces:/opt/ros/humble LD_LIBRARY_PATH=/home/wdr/ros_ws/install/rm_serial_driver/lib:/home/wdr/ros_ws/install/auto_aim_interfaces/lib:/opt/MVS/lib/64:/opt/MVS/lib/32:/opt/MVS/lib/64:/opt/MVS/lib/32:/opt/ros/humble/opt/rviz_ogre_vendor/lib:/opt/ros/humble/lib/x86_64-linux-gnu:/opt/ros/humble/lib:/opt/MVS/lib/64:/opt/MVS/lib/32:/opt/MVS/lib/64:/opt/MVS/lib/32:/opt/MVS/lib/64:/opt/MVS/lib/32:/opt/MVS/lib/64:/opt/MVS/lib/32 PYTHONPATH=/home/wdr/ros_ws/install/auto_aim_interfaces/local/lib/python3.10/dist-packages:${PYTHONPATH} /usr/bin/cmake --install /home/wdr/ros_ws/build/rm_vision_bringup
[0.597s] Level 1:colcon.colcon_core.environment:checking '/home/wdr/ros_ws/install/rm_vision_bringup' for CMake config files
[0.597s] Level 1:colcon.colcon_core.shell:create_environment_hook('rm_vision_bringup', 'cmake_prefix_path')
[0.597s] INFO:colcon.colcon_core.shell:Creating environment hook '/home/wdr/ros_ws/install/rm_vision_bringup/share/rm_vision_bringup/hook/cmake_prefix_path.ps1'
[0.598s] INFO:colcon.colcon_core.shell:Creating environment descriptor '/home/wdr/ros_ws/install/rm_vision_bringup/share/rm_vision_bringup/hook/cmake_prefix_path.dsv'
[0.598s] INFO:colcon.colcon_core.shell:Creating environment hook '/home/wdr/ros_ws/install/rm_vision_bringup/share/rm_vision_bringup/hook/cmake_prefix_path.sh'
[0.598s] Level 1:colcon.colcon_core.environment:checking '/home/wdr/ros_ws/install/rm_vision_bringup/bin'
[0.598s] Level 1:colcon.colcon_core.environment:checking '/home/wdr/ros_ws/install/rm_vision_bringup/lib/pkgconfig/rm_vision_bringup.pc'
[0.599s] Level 1:colcon.colcon_core.environment:checking '/home/wdr/ros_ws/install/rm_vision_bringup/lib/python3.10/site-packages'
[0.599s] Level 1:colcon.colcon_core.environment:checking '/home/wdr/ros_ws/install/rm_vision_bringup/bin'
[0.599s] INFO:colcon.colcon_core.shell:Creating package script '/home/wdr/ros_ws/install/rm_vision_bringup/share/rm_vision_bringup/package.ps1'
[0.599s] INFO:colcon.colcon_core.shell:Creating package descriptor '/home/wdr/ros_ws/install/rm_vision_bringup/share/rm_vision_bringup/package.dsv'
[0.600s] INFO:colcon.colcon_core.shell:Creating package script '/home/wdr/ros_ws/install/rm_vision_bringup/share/rm_vision_bringup/package.sh'
[0.600s] INFO:colcon.colcon_core.shell:Creating package script '/home/wdr/ros_ws/install/rm_vision_bringup/share/rm_vision_bringup/package.bash'
[0.600s] INFO:colcon.colcon_core.shell:Creating package script '/home/wdr/ros_ws/install/rm_vision_bringup/share/rm_vision_bringup/package.zsh'
[0.601s] Level 1:colcon.colcon_core.environment:create_file_with_runtime_dependencies(/home/wdr/ros_ws/install/rm_vision_bringup/share/colcon-core/packages/rm_vision_bringup)
[0.601s] Level 1:colcon.colcon_core.environment:create_environment_scripts_only(rm_vision_bringup)
[0.601s] Level 1:colcon.colcon_core.environment:checking '/home/wdr/ros_ws/install/rm_vision_bringup' for CMake module files
[0.602s] Level 1:colcon.colcon_core.environment:checking '/home/wdr/ros_ws/install/rm_vision_bringup' for CMake config files
[0.602s] Level 1:colcon.colcon_core.shell:create_environment_hook('rm_vision_bringup', 'cmake_prefix_path')
[0.602s] INFO:colcon.colcon_core.shell:Creating environment hook '/home/wdr/ros_ws/install/rm_vision_bringup/share/rm_vision_bringup/hook/cmake_prefix_path.ps1'
[0.602s] INFO:colcon.colcon_core.shell:Creating environment descriptor '/home/wdr/ros_ws/install/rm_vision_bringup/share/rm_vision_bringup/hook/cmake_prefix_path.dsv'
[0.603s] INFO:colcon.colcon_core.shell:Creating environment hook '/home/wdr/ros_ws/install/rm_vision_bringup/share/rm_vision_bringup/hook/cmake_prefix_path.sh'
[0.603s] Level 1:colcon.colcon_core.environment:checking '/home/wdr/ros_ws/install/rm_vision_bringup/bin'
[0.603s] Level 1:colcon.colcon_core.environment:checking '/home/wdr/ros_ws/install/rm_vision_bringup/lib/pkgconfig/rm_vision_bringup.pc'
[0.603s] Level 1:colcon.colcon_core.environment:checking '/home/wdr/ros_ws/install/rm_vision_bringup/lib/python3.10/site-packages'
[0.603s] Level 1:colcon.colcon_core.environment:checking '/home/wdr/ros_ws/install/rm_vision_bringup/bin'
[0.604s] INFO:colcon.colcon_core.shell:Creating package script '/home/wdr/ros_ws/install/rm_vision_bringup/share/rm_vision_bringup/package.ps1'
[0.604s] INFO:colcon.colcon_core.shell:Creating package descriptor '/home/wdr/ros_ws/install/rm_vision_bringup/share/rm_vision_bringup/package.dsv'
[0.604s] INFO:colcon.colcon_core.shell:Creating package script '/home/wdr/ros_ws/install/rm_vision_bringup/share/rm_vision_bringup/package.sh'
[0.605s] INFO:colcon.colcon_core.shell:Creating package script '/home/wdr/ros_ws/install/rm_vision_bringup/share/rm_vision_bringup/package.bash'
[0.605s] INFO:colcon.colcon_core.shell:Creating package script '/home/wdr/ros_ws/install/rm_vision_bringup/share/rm_vision_bringup/package.zsh'
[0.605s] Level 1:colcon.colcon_core.environment:create_file_with_runtime_dependencies(/home/wdr/ros_ws/install/rm_vision_bringup/share/colcon-core/packages/rm_vision_bringup)
[0.605s] DEBUG:colcon.colcon_parallel_executor.executor.parallel:closing loop
[0.606s] DEBUG:colcon.colcon_parallel_executor.executor.parallel:loop closed
[0.606s] DEBUG:colcon.colcon_parallel_executor.executor.parallel:run_until_complete finished with '0'
[0.606s] DEBUG:colcon.colcon_core.event_reactor:joining thread
[0.609s] INFO:colcon.colcon_core.plugin_system:Skipping extension 'colcon_notification.desktop_notification.terminal_notifier': Not used on non-Darwin systems
[0.609s] INFO:colcon.colcon_core.plugin_system:Skipping extension 'colcon_notification.desktop_notification.win32': Not used on non-Windows systems
[0.609s] INFO:colcon.colcon_notification.desktop_notification:Sending desktop notification using 'notify2'
[0.617s] DEBUG:colcon.colcon_core.event_reactor:joined thread
[0.617s] INFO:colcon.colcon_core.shell:Creating prefix script '/home/wdr/ros_ws/install/local_setup.ps1'
[0.618s] INFO:colcon.colcon_core.shell:Creating prefix util module '/home/wdr/ros_ws/install/_local_setup_util_ps1.py'
[0.619s] INFO:colcon.colcon_core.shell:Creating prefix chain script '/home/wdr/ros_ws/install/setup.ps1'
[0.620s] INFO:colcon.colcon_core.shell:Creating prefix script '/home/wdr/ros_ws/install/local_setup.sh'
[0.620s] INFO:colcon.colcon_core.shell:Creating prefix util module '/home/wdr/ros_ws/install/_local_setup_util_sh.py'
[0.621s] INFO:colcon.colcon_core.shell:Creating prefix chain script '/home/wdr/ros_ws/install/setup.sh'
[0.622s] INFO:colcon.colcon_core.shell:Creating prefix script '/home/wdr/ros_ws/install/local_setup.bash'
[0.622s] INFO:colcon.colcon_core.shell:Creating prefix chain script '/home/wdr/ros_ws/install/setup.bash'
[0.623s] INFO:colcon.colcon_core.shell:Creating prefix script '/home/wdr/ros_ws/install/local_setup.zsh'
[0.624s] INFO:colcon.colcon_core.shell:Creating prefix chain script '/home/wdr/ros_ws/install/setup.zsh'
