[0.007s] Invoking command in '/home/wdr/ros_ws/build/armor_tracker': AMENT_PREFIX_PATH=/home/wdr/ros_ws/install/auto_aim_interfaces:${AMENT_PREFIX_PATH} CMAKE_PREFIX_PATH=/home/wdr/ros_ws/install/auto_aim_interfaces:/opt/ros/humble LD_LIBRARY_PATH=/home/wdr/ros_ws/install/auto_aim_interfaces/lib:/opt/MVS/lib/64:/opt/MVS/lib/32:/opt/MVS/lib/64:/opt/MVS/lib/32:/opt/ros/humble/opt/rviz_ogre_vendor/lib:/opt/ros/humble/lib/x86_64-linux-gnu:/opt/ros/humble/lib:/opt/MVS/lib/64:/opt/MVS/lib/32:/opt/MVS/lib/64:/opt/MVS/lib/32:/opt/MVS/lib/64:/opt/MVS/lib/32:/opt/MVS/lib/64:/opt/MVS/lib/32 PYTHONPATH=/home/wdr/ros_ws/install/auto_aim_interfaces/local/lib/python3.10/dist-packages:${PYTHONPATH} /usr/bin/cmake /home/wdr/ros_ws/src/rm_auto_aim/armor_tracker -DAMENT_CMAKE_SYMLINK_INSTALL=1 -DCMAKE_INSTALL_PREFIX=/home/wdr/ros_ws/install/armor_tracker
[0.058s] -- The C compiler identification is GNU 11.4.0
[0.114s] -- The CXX compiler identification is GNU 11.4.0
[0.123s] -- Detecting C compiler ABI info
[0.176s] -- Detecting C compiler ABI info - done
[0.186s] -- Check for working C compiler: /usr/bin/cc - skipped
[0.186s] -- Detecting C compile features
[0.187s] -- Detecting C compile features - done
[0.190s] -- Detecting CXX compiler ABI info
[0.244s] -- Detecting CXX compiler ABI info - done
[0.249s] -- Check for working CXX compiler: /usr/bin/c++ - skipped
[0.250s] -- Detecting CXX compile features
[0.250s] -- Detecting CXX compile features - done
[0.251s] -- Found ament_cmake_auto: 1.3.11 (/opt/ros/humble/share/ament_cmake_auto/cmake)
[0.364s] -- Found Python3: /usr/bin/python3 (found version "3.10.12") found components: Interpreter 
[0.413s] -- Override CMake install command with custom implementation using symlinks instead of copying resources
[0.504s] -- Found rosidl_generator_c: 3.1.6 (/opt/ros/humble/share/rosidl_generator_c/cmake)
[0.507s] -- Found rosidl_adapter: 3.1.6 (/opt/ros/humble/share/rosidl_adapter/cmake)
[0.512s] -- Found rosidl_generator_cpp: 3.1.6 (/opt/ros/humble/share/rosidl_generator_cpp/cmake)
[0.521s] -- Using all available rosidl_typesupport_c: rosidl_typesupport_fastrtps_c;rosidl_typesupport_introspection_c
[0.532s] -- Using all available rosidl_typesupport_cpp: rosidl_typesupport_fastrtps_cpp;rosidl_typesupport_introspection_cpp
[0.564s] -- Found rmw_implementation_cmake: 6.1.2 (/opt/ros/humble/share/rmw_implementation_cmake/cmake)
[0.566s] -- Found rmw_fastrtps_cpp: 6.2.7 (/opt/ros/humble/share/rmw_fastrtps_cpp/cmake)
[0.641s] -- Found OpenSSL: /usr/lib/x86_64-linux-gnu/libcrypto.so (found version "3.0.2")  
[0.664s] -- Found FastRTPS: /opt/ros/humble/include  
[0.704s] -- Using RMW implementation 'rmw_fastrtps_cpp' as default
[0.712s] -- Looking for pthread.h
[0.785s] -- Looking for pthread.h - found
[0.785s] -- Performing Test CMAKE_HAVE_LIBC_PTHREAD
[0.857s] -- Performing Test CMAKE_HAVE_LIBC_PTHREAD - Success
[0.859s] -- Found Threads: TRUE  
[1.023s] -- Found eigen3_cmake_module: 0.1.1 (/opt/ros/humble/share/eigen3_cmake_module/cmake)
[1.025s] -- Found Eigen3: TRUE (found version "3.4.0") 
[1.025s] -- Ensuring Eigen3 include directory is part of orocos-kdl CMake target
[1.114s] -- Found ament_lint_auto: 0.12.11 (/opt/ros/humble/share/ament_lint_auto/cmake)
[1.134s] -- Added test 'cppcheck' to perform static code analysis on C / C++ code
[1.134s] -- Configured cppcheck include dirs: /home/wdr/ros_ws/src/rm_auto_aim/armor_tracker/include
[1.134s] -- Configured cppcheck exclude dirs and/or files: 
[1.134s] -- Added test 'lint_cmake' to check CMake code style
[1.135s] -- Added test 'xmllint' to check XML markup files
[1.136s] -- Added test 'clang_format' to check C / C++ code style
[1.140s] -- Configuring done
[1.156s] -- Generating done
[1.161s] -- Build files have been written to: /home/wdr/ros_ws/build/armor_tracker
[1.175s] Invoked command in '/home/wdr/ros_ws/build/armor_tracker' returned '0': AMENT_PREFIX_PATH=/home/wdr/ros_ws/install/auto_aim_interfaces:${AMENT_PREFIX_PATH} CMAKE_PREFIX_PATH=/home/wdr/ros_ws/install/auto_aim_interfaces:/opt/ros/humble LD_LIBRARY_PATH=/home/wdr/ros_ws/install/auto_aim_interfaces/lib:/opt/MVS/lib/64:/opt/MVS/lib/32:/opt/MVS/lib/64:/opt/MVS/lib/32:/opt/ros/humble/opt/rviz_ogre_vendor/lib:/opt/ros/humble/lib/x86_64-linux-gnu:/opt/ros/humble/lib:/opt/MVS/lib/64:/opt/MVS/lib/32:/opt/MVS/lib/64:/opt/MVS/lib/32:/opt/MVS/lib/64:/opt/MVS/lib/32:/opt/MVS/lib/64:/opt/MVS/lib/32 PYTHONPATH=/home/wdr/ros_ws/install/auto_aim_interfaces/local/lib/python3.10/dist-packages:${PYTHONPATH} /usr/bin/cmake /home/wdr/ros_ws/src/rm_auto_aim/armor_tracker -DAMENT_CMAKE_SYMLINK_INSTALL=1 -DCMAKE_INSTALL_PREFIX=/home/wdr/ros_ws/install/armor_tracker
[1.178s] Invoking command in '/home/wdr/ros_ws/build/armor_tracker': AMENT_PREFIX_PATH=/home/wdr/ros_ws/install/auto_aim_interfaces:${AMENT_PREFIX_PATH} CMAKE_PREFIX_PATH=/home/wdr/ros_ws/install/auto_aim_interfaces:/opt/ros/humble LD_LIBRARY_PATH=/home/wdr/ros_ws/install/auto_aim_interfaces/lib:/opt/MVS/lib/64:/opt/MVS/lib/32:/opt/MVS/lib/64:/opt/MVS/lib/32:/opt/ros/humble/opt/rviz_ogre_vendor/lib:/opt/ros/humble/lib/x86_64-linux-gnu:/opt/ros/humble/lib:/opt/MVS/lib/64:/opt/MVS/lib/32:/opt/MVS/lib/64:/opt/MVS/lib/32:/opt/MVS/lib/64:/opt/MVS/lib/32:/opt/MVS/lib/64:/opt/MVS/lib/32 PYTHONPATH=/home/wdr/ros_ws/install/auto_aim_interfaces/local/lib/python3.10/dist-packages:${PYTHONPATH} /usr/bin/cmake --build /home/wdr/ros_ws/build/armor_tracker -- -j8 -l8
[1.234s] [ 16%] [32mBuilding CXX object CMakeFiles/armor_tracker_node.dir/rclcpp_components/node_main_armor_tracker_node.cpp.o[0m
[1.234s] [ 33%] [32mBuilding CXX object CMakeFiles/armor_tracker.dir/src/tracker_node.cpp.o[0m
[1.234s] [ 50%] [32mBuilding CXX object CMakeFiles/armor_tracker.dir/src/tracker.cpp.o[0m
[1.238s] [ 66%] [32mBuilding CXX object CMakeFiles/armor_tracker.dir/src/extended_kalman_filter.cpp.o[0m
[8.805s] [ 83%] [32m[1mLinking CXX executable armor_tracker_node[0m
[8.990s] [ 83%] Built target armor_tracker_node
[17.774s] [100%] [32m[1mLinking CXX shared library libarmor_tracker.so[0m
[18.829s] [100%] Built target armor_tracker
[18.839s] Invoked command in '/home/wdr/ros_ws/build/armor_tracker' returned '0': AMENT_PREFIX_PATH=/home/wdr/ros_ws/install/auto_aim_interfaces:${AMENT_PREFIX_PATH} CMAKE_PREFIX_PATH=/home/wdr/ros_ws/install/auto_aim_interfaces:/opt/ros/humble LD_LIBRARY_PATH=/home/wdr/ros_ws/install/auto_aim_interfaces/lib:/opt/MVS/lib/64:/opt/MVS/lib/32:/opt/MVS/lib/64:/opt/MVS/lib/32:/opt/ros/humble/opt/rviz_ogre_vendor/lib:/opt/ros/humble/lib/x86_64-linux-gnu:/opt/ros/humble/lib:/opt/MVS/lib/64:/opt/MVS/lib/32:/opt/MVS/lib/64:/opt/MVS/lib/32:/opt/MVS/lib/64:/opt/MVS/lib/32:/opt/MVS/lib/64:/opt/MVS/lib/32 PYTHONPATH=/home/wdr/ros_ws/install/auto_aim_interfaces/local/lib/python3.10/dist-packages:${PYTHONPATH} /usr/bin/cmake --build /home/wdr/ros_ws/build/armor_tracker -- -j8 -l8
[18.840s] Invoking command in '/home/wdr/ros_ws/build/armor_tracker': AMENT_PREFIX_PATH=/home/wdr/ros_ws/install/auto_aim_interfaces:${AMENT_PREFIX_PATH} CMAKE_PREFIX_PATH=/home/wdr/ros_ws/install/auto_aim_interfaces:/opt/ros/humble LD_LIBRARY_PATH=/home/wdr/ros_ws/install/auto_aim_interfaces/lib:/opt/MVS/lib/64:/opt/MVS/lib/32:/opt/MVS/lib/64:/opt/MVS/lib/32:/opt/ros/humble/opt/rviz_ogre_vendor/lib:/opt/ros/humble/lib/x86_64-linux-gnu:/opt/ros/humble/lib:/opt/MVS/lib/64:/opt/MVS/lib/32:/opt/MVS/lib/64:/opt/MVS/lib/32:/opt/MVS/lib/64:/opt/MVS/lib/32:/opt/MVS/lib/64:/opt/MVS/lib/32 PYTHONPATH=/home/wdr/ros_ws/install/auto_aim_interfaces/local/lib/python3.10/dist-packages:${PYTHONPATH} /usr/bin/cmake --install /home/wdr/ros_ws/build/armor_tracker
[18.849s] -- Install configuration: ""
[18.849s] -- Execute custom install script
[18.850s] -- Symlinking: /home/wdr/ros_ws/install/armor_tracker/lib/armor_tracker/armor_tracker_node
[18.858s] -- Symlinking: /home/wdr/ros_ws/install/armor_tracker/include/armor_tracker/extended_kalman_filter.hpp
[18.868s] -- Symlinking: /home/wdr/ros_ws/install/armor_tracker/include/armor_tracker/tracker.hpp
[18.876s] -- Symlinking: /home/wdr/ros_ws/install/armor_tracker/include/armor_tracker/tracker_node.hpp
[18.885s] -- Symlinking: /home/wdr/ros_ws/install/armor_tracker/share/armor_tracker/environment/library_path.sh
[18.892s] -- Symlinking: /home/wdr/ros_ws/install/armor_tracker/share/armor_tracker/environment/library_path.dsv
[18.900s] -- Symlinking: /home/wdr/ros_ws/install/armor_tracker/lib/libarmor_tracker.so
[18.909s] -- Symlinking: /home/wdr/ros_ws/install/armor_tracker/share/ament_index/resource_index/package_run_dependencies/armor_tracker
[18.916s] -- Symlinking: /home/wdr/ros_ws/install/armor_tracker/share/ament_index/resource_index/parent_prefix_path/armor_tracker
[18.924s] -- Symlinking: /home/wdr/ros_ws/install/armor_tracker/share/armor_tracker/environment/ament_prefix_path.sh
[18.932s] -- Symlinking: /home/wdr/ros_ws/install/armor_tracker/share/armor_tracker/environment/ament_prefix_path.dsv
[18.939s] -- Symlinking: /home/wdr/ros_ws/install/armor_tracker/share/armor_tracker/environment/path.sh
[18.950s] -- Symlinking: /home/wdr/ros_ws/install/armor_tracker/share/armor_tracker/environment/path.dsv
[18.959s] -- Symlinking: /home/wdr/ros_ws/install/armor_tracker/share/armor_tracker/local_setup.bash
[18.969s] -- Symlinking: /home/wdr/ros_ws/install/armor_tracker/share/armor_tracker/local_setup.sh
[18.979s] -- Symlinking: /home/wdr/ros_ws/install/armor_tracker/share/armor_tracker/local_setup.zsh
[18.987s] -- Symlinking: /home/wdr/ros_ws/install/armor_tracker/share/armor_tracker/local_setup.dsv
[18.997s] -- Symlinking: /home/wdr/ros_ws/install/armor_tracker/share/armor_tracker/package.dsv
[19.006s] -- Symlinking: /home/wdr/ros_ws/install/armor_tracker/share/ament_index/resource_index/packages/armor_tracker
[19.013s] -- Symlinking: /home/wdr/ros_ws/install/armor_tracker/share/ament_index/resource_index/rclcpp_components/armor_tracker
[19.021s] -- Symlinking: /home/wdr/ros_ws/install/armor_tracker/share/armor_tracker/cmake/ament_cmake_export_dependencies-extras.cmake
[19.031s] -- Symlinking: /home/wdr/ros_ws/install/armor_tracker/share/armor_tracker/cmake/ament_cmake_export_include_directories-extras.cmake
[19.041s] -- Symlinking: /home/wdr/ros_ws/install/armor_tracker/share/armor_tracker/cmake/ament_cmake_export_libraries-extras.cmake
[19.050s] -- Symlinking: /home/wdr/ros_ws/install/armor_tracker/share/armor_tracker/cmake/armor_trackerConfig.cmake
[19.061s] -- Symlinking: /home/wdr/ros_ws/install/armor_tracker/share/armor_tracker/cmake/armor_trackerConfig-version.cmake
[19.068s] -- Symlinking: /home/wdr/ros_ws/install/armor_tracker/share/armor_tracker/package.xml
[19.082s] Invoked command in '/home/wdr/ros_ws/build/armor_tracker' returned '0': AMENT_PREFIX_PATH=/home/wdr/ros_ws/install/auto_aim_interfaces:${AMENT_PREFIX_PATH} CMAKE_PREFIX_PATH=/home/wdr/ros_ws/install/auto_aim_interfaces:/opt/ros/humble LD_LIBRARY_PATH=/home/wdr/ros_ws/install/auto_aim_interfaces/lib:/opt/MVS/lib/64:/opt/MVS/lib/32:/opt/MVS/lib/64:/opt/MVS/lib/32:/opt/ros/humble/opt/rviz_ogre_vendor/lib:/opt/ros/humble/lib/x86_64-linux-gnu:/opt/ros/humble/lib:/opt/MVS/lib/64:/opt/MVS/lib/32:/opt/MVS/lib/64:/opt/MVS/lib/32:/opt/MVS/lib/64:/opt/MVS/lib/32:/opt/MVS/lib/64:/opt/MVS/lib/32 PYTHONPATH=/home/wdr/ros_ws/install/auto_aim_interfaces/local/lib/python3.10/dist-packages:${PYTHONPATH} /usr/bin/cmake --install /home/wdr/ros_ws/build/armor_tracker
