[0.057s] Invoking command in '/home/wdr/ros_ws/build/rm_gimbal_description': CMAKE_PREFIX_PATH=/opt/ros/humble /usr/bin/cmake --build /home/wdr/ros_ws/build/rm_gimbal_description -- -j8 -l8
[0.161s] Invoked command in '/home/wdr/ros_ws/build/rm_gimbal_description' returned '0': CMAKE_PREFIX_PATH=/opt/ros/humble /usr/bin/cmake --build /home/wdr/ros_ws/build/rm_gimbal_description -- -j8 -l8
[0.188s] Invoking command in '/home/wdr/ros_ws/build/rm_gimbal_description': CMAKE_PREFIX_PATH=/opt/ros/humble /usr/bin/cmake --install /home/wdr/ros_ws/build/rm_gimbal_description
[0.209s] -- Install configuration: ""
[0.213s] -- Execute custom install script
[0.216s] -- Up-to-date symlink: /home/wdr/ros_ws/install/rm_gimbal_description/share/rm_gimbal_description/urdf/rm_gimbal.urdf.xacro
[0.218s] -- Up-to-date symlink: /home/wdr/ros_ws/install/rm_gimbal_description/share/ament_index/resource_index/package_run_dependencies/rm_gimbal_description
[0.224s] -- Up-to-date symlink: /home/wdr/ros_ws/install/rm_gimbal_description/share/ament_index/resource_index/parent_prefix_path/rm_gimbal_description
[0.224s] -- Up-to-date symlink: /home/wdr/ros_ws/install/rm_gimbal_description/share/rm_gimbal_description/environment/ament_prefix_path.sh
[0.224s] -- Up-to-date symlink: /home/wdr/ros_ws/install/rm_gimbal_description/share/rm_gimbal_description/environment/ament_prefix_path.dsv
[0.224s] -- Up-to-date symlink: /home/wdr/ros_ws/install/rm_gimbal_description/share/rm_gimbal_description/environment/path.sh
[0.224s] -- Up-to-date symlink: /home/wdr/ros_ws/install/rm_gimbal_description/share/rm_gimbal_description/environment/path.dsv
[0.224s] -- Up-to-date symlink: /home/wdr/ros_ws/install/rm_gimbal_description/share/rm_gimbal_description/local_setup.bash
[0.228s] -- Up-to-date symlink: /home/wdr/ros_ws/install/rm_gimbal_description/share/rm_gimbal_description/local_setup.sh
[0.231s] -- Up-to-date symlink: /home/wdr/ros_ws/install/rm_gimbal_description/share/rm_gimbal_description/local_setup.zsh
[0.231s] -- Up-to-date symlink: /home/wdr/ros_ws/install/rm_gimbal_description/share/rm_gimbal_description/local_setup.dsv
[0.234s] -- Symlinking: /home/wdr/ros_ws/install/rm_gimbal_description/share/rm_gimbal_description/package.dsv
[0.273s] -- Up-to-date symlink: /home/wdr/ros_ws/install/rm_gimbal_description/share/ament_index/resource_index/packages/rm_gimbal_description
[0.273s] -- Up-to-date symlink: /home/wdr/ros_ws/install/rm_gimbal_description/share/rm_gimbal_description/cmake/rm_gimbal_descriptionConfig.cmake
[0.274s] -- Up-to-date symlink: /home/wdr/ros_ws/install/rm_gimbal_description/share/rm_gimbal_description/cmake/rm_gimbal_descriptionConfig-version.cmake
[0.275s] -- Up-to-date symlink: /home/wdr/ros_ws/install/rm_gimbal_description/share/rm_gimbal_description/package.xml
[0.302s] Invoked command in '/home/wdr/ros_ws/build/rm_gimbal_description' returned '0': CMAKE_PREFIX_PATH=/opt/ros/humble /usr/bin/cmake --install /home/wdr/ros_ws/build/rm_gimbal_description
