[0.056s] Invoking command in '/home/wdr/ros_ws/build/rm_serial_driver': AMENT_PREFIX_PATH=/home/wdr/ros_ws/install/auto_aim_interfaces:${AMENT_PREFIX_PATH} CMAKE_PREFIX_PATH=/home/wdr/ros_ws/install/auto_aim_interfaces:/opt/ros/humble LD_LIBRARY_PATH=/home/wdr/ros_ws/install/auto_aim_interfaces/lib:/opt/MVS/lib/64:/opt/MVS/lib/32:/opt/MVS/lib/64:/opt/MVS/lib/32:/opt/ros/humble/opt/rviz_ogre_vendor/lib:/opt/ros/humble/lib/x86_64-linux-gnu:/opt/ros/humble/lib:/opt/MVS/lib/64:/opt/MVS/lib/32:/opt/MVS/lib/64:/opt/MVS/lib/32:/opt/MVS/lib/64:/opt/MVS/lib/32:/opt/MVS/lib/64:/opt/MVS/lib/32:/opt/MVS/lib/64:/opt/MVS/lib/32:/opt/MVS/lib/64:/opt/MVS/lib/32 PYTHONPATH=/home/wdr/ros_ws/install/auto_aim_interfaces/local/lib/python3.10/dist-packages:${PYTHONPATH} /usr/bin/cmake --build /home/wdr/ros_ws/build/rm_serial_driver -- -j8 -l8
[0.228s] [ 60%] Built target rm_serial_driver
[0.278s] [100%] Built target rm_serial_driver_node
[0.307s] Invoked command in '/home/wdr/ros_ws/build/rm_serial_driver' returned '0': AMENT_PREFIX_PATH=/home/wdr/ros_ws/install/auto_aim_interfaces:${AMENT_PREFIX_PATH} CMAKE_PREFIX_PATH=/home/wdr/ros_ws/install/auto_aim_interfaces:/opt/ros/humble LD_LIBRARY_PATH=/home/wdr/ros_ws/install/auto_aim_interfaces/lib:/opt/MVS/lib/64:/opt/MVS/lib/32:/opt/MVS/lib/64:/opt/MVS/lib/32:/opt/ros/humble/opt/rviz_ogre_vendor/lib:/opt/ros/humble/lib/x86_64-linux-gnu:/opt/ros/humble/lib:/opt/MVS/lib/64:/opt/MVS/lib/32:/opt/MVS/lib/64:/opt/MVS/lib/32:/opt/MVS/lib/64:/opt/MVS/lib/32:/opt/MVS/lib/64:/opt/MVS/lib/32:/opt/MVS/lib/64:/opt/MVS/lib/32:/opt/MVS/lib/64:/opt/MVS/lib/32 PYTHONPATH=/home/wdr/ros_ws/install/auto_aim_interfaces/local/lib/python3.10/dist-packages:${PYTHONPATH} /usr/bin/cmake --build /home/wdr/ros_ws/build/rm_serial_driver -- -j8 -l8
[0.308s] Invoking command in '/home/wdr/ros_ws/build/rm_serial_driver': AMENT_PREFIX_PATH=/home/wdr/ros_ws/install/auto_aim_interfaces:${AMENT_PREFIX_PATH} CMAKE_PREFIX_PATH=/home/wdr/ros_ws/install/auto_aim_interfaces:/opt/ros/humble LD_LIBRARY_PATH=/home/wdr/ros_ws/install/auto_aim_interfaces/lib:/opt/MVS/lib/64:/opt/MVS/lib/32:/opt/MVS/lib/64:/opt/MVS/lib/32:/opt/ros/humble/opt/rviz_ogre_vendor/lib:/opt/ros/humble/lib/x86_64-linux-gnu:/opt/ros/humble/lib:/opt/MVS/lib/64:/opt/MVS/lib/32:/opt/MVS/lib/64:/opt/MVS/lib/32:/opt/MVS/lib/64:/opt/MVS/lib/32:/opt/MVS/lib/64:/opt/MVS/lib/32:/opt/MVS/lib/64:/opt/MVS/lib/32:/opt/MVS/lib/64:/opt/MVS/lib/32 PYTHONPATH=/home/wdr/ros_ws/install/auto_aim_interfaces/local/lib/python3.10/dist-packages:${PYTHONPATH} /usr/bin/cmake --install /home/wdr/ros_ws/build/rm_serial_driver
[0.326s] -- Install configuration: ""
[0.326s] -- Execute custom install script
[0.326s] -- Up-to-date symlink: /home/wdr/ros_ws/install/rm_serial_driver/lib/rm_serial_driver/rm_serial_driver_node
[0.331s] -- Up-to-date symlink: /home/wdr/ros_ws/install/rm_serial_driver/include/rm_serial_driver/crc.hpp
[0.331s] -- Up-to-date symlink: /home/wdr/ros_ws/install/rm_serial_driver/include/rm_serial_driver/packet.hpp
[0.335s] -- Up-to-date symlink: /home/wdr/ros_ws/install/rm_serial_driver/include/rm_serial_driver/rm_serial_driver.hpp
[0.335s] -- Up-to-date symlink: /home/wdr/ros_ws/install/rm_serial_driver/share/rm_serial_driver/environment/library_path.sh
[0.335s] -- Up-to-date symlink: /home/wdr/ros_ws/install/rm_serial_driver/share/rm_serial_driver/environment/library_path.dsv
[0.335s] -- Up-to-date symlink: /home/wdr/ros_ws/install/rm_serial_driver/lib/librm_serial_driver.so
[0.337s] -- Up-to-date symlink: /home/wdr/ros_ws/install/rm_serial_driver/share/rm_serial_driver/config/serial_driver.yaml
[0.338s] -- Up-to-date symlink: /home/wdr/ros_ws/install/rm_serial_driver/share/rm_serial_driver/launch/serial_driver.launch.py
[0.339s] -- Up-to-date symlink: /home/wdr/ros_ws/install/rm_serial_driver/share/ament_index/resource_index/package_run_dependencies/rm_serial_driver
[0.339s] -- Up-to-date symlink: /home/wdr/ros_ws/install/rm_serial_driver/share/ament_index/resource_index/parent_prefix_path/rm_serial_driver
[0.343s] -- Up-to-date symlink: /home/wdr/ros_ws/install/rm_serial_driver/share/rm_serial_driver/environment/ament_prefix_path.sh
[0.343s] -- Up-to-date symlink: /home/wdr/ros_ws/install/rm_serial_driver/share/rm_serial_driver/environment/ament_prefix_path.dsv
[0.344s] -- Up-to-date symlink: /home/wdr/ros_ws/install/rm_serial_driver/share/rm_serial_driver/environment/path.sh
[0.345s] -- Up-to-date symlink: /home/wdr/ros_ws/install/rm_serial_driver/share/rm_serial_driver/environment/path.dsv
[0.345s] -- Up-to-date symlink: /home/wdr/ros_ws/install/rm_serial_driver/share/rm_serial_driver/local_setup.bash
[0.345s] -- Up-to-date symlink: /home/wdr/ros_ws/install/rm_serial_driver/share/rm_serial_driver/local_setup.sh
[0.345s] -- Up-to-date symlink: /home/wdr/ros_ws/install/rm_serial_driver/share/rm_serial_driver/local_setup.zsh
[0.350s] -- Up-to-date symlink: /home/wdr/ros_ws/install/rm_serial_driver/share/rm_serial_driver/local_setup.dsv
[0.350s] -- Symlinking: /home/wdr/ros_ws/install/rm_serial_driver/share/rm_serial_driver/package.dsv
[0.366s] -- Up-to-date symlink: /home/wdr/ros_ws/install/rm_serial_driver/share/ament_index/resource_index/packages/rm_serial_driver
[0.367s] -- Up-to-date symlink: /home/wdr/ros_ws/install/rm_serial_driver/share/ament_index/resource_index/rclcpp_components/rm_serial_driver
[0.367s] -- Up-to-date symlink: /home/wdr/ros_ws/install/rm_serial_driver/share/rm_serial_driver/cmake/ament_cmake_export_dependencies-extras.cmake
[0.367s] -- Up-to-date symlink: /home/wdr/ros_ws/install/rm_serial_driver/share/rm_serial_driver/cmake/ament_cmake_export_include_directories-extras.cmake
[0.368s] -- Up-to-date symlink: /home/wdr/ros_ws/install/rm_serial_driver/share/rm_serial_driver/cmake/ament_cmake_export_libraries-extras.cmake
[0.369s] -- Up-to-date symlink: /home/wdr/ros_ws/install/rm_serial_driver/share/rm_serial_driver/cmake/rm_serial_driverConfig.cmake
[0.369s] -- Up-to-date symlink: /home/wdr/ros_ws/install/rm_serial_driver/share/rm_serial_driver/cmake/rm_serial_driverConfig-version.cmake
[0.369s] -- Up-to-date symlink: /home/wdr/ros_ws/install/rm_serial_driver/share/rm_serial_driver/package.xml
[0.419s] Invoked command in '/home/wdr/ros_ws/build/rm_serial_driver' returned '0': AMENT_PREFIX_PATH=/home/wdr/ros_ws/install/auto_aim_interfaces:${AMENT_PREFIX_PATH} CMAKE_PREFIX_PATH=/home/wdr/ros_ws/install/auto_aim_interfaces:/opt/ros/humble LD_LIBRARY_PATH=/home/wdr/ros_ws/install/auto_aim_interfaces/lib:/opt/MVS/lib/64:/opt/MVS/lib/32:/opt/MVS/lib/64:/opt/MVS/lib/32:/opt/ros/humble/opt/rviz_ogre_vendor/lib:/opt/ros/humble/lib/x86_64-linux-gnu:/opt/ros/humble/lib:/opt/MVS/lib/64:/opt/MVS/lib/32:/opt/MVS/lib/64:/opt/MVS/lib/32:/opt/MVS/lib/64:/opt/MVS/lib/32:/opt/MVS/lib/64:/opt/MVS/lib/32:/opt/MVS/lib/64:/opt/MVS/lib/32:/opt/MVS/lib/64:/opt/MVS/lib/32 PYTHONPATH=/home/wdr/ros_ws/install/auto_aim_interfaces/local/lib/python3.10/dist-packages:${PYTHONPATH} /usr/bin/cmake --install /home/wdr/ros_ws/build/rm_serial_driver
