[0.037s] Invoking command in '/home/wdr/ros_ws/build/armor_detector': AMENT_PREFIX_PATH=/home/wdr/ros_ws/install/auto_aim_interfaces:${AMENT_PREFIX_PATH} CMAKE_PREFIX_PATH=/home/wdr/ros_ws/install/auto_aim_interfaces:/opt/ros/humble LD_LIBRARY_PATH=/home/wdr/ros_ws/install/auto_aim_interfaces/lib:/opt/MVS/lib/64:/opt/MVS/lib/32:/opt/MVS/lib/64:/opt/MVS/lib/32:/opt/ros/humble/opt/rviz_ogre_vendor/lib:/opt/ros/humble/lib/x86_64-linux-gnu:/opt/ros/humble/lib:/opt/MVS/lib/64:/opt/MVS/lib/32:/opt/MVS/lib/64:/opt/MVS/lib/32:/opt/MVS/lib/64:/opt/MVS/lib/32:/opt/MVS/lib/64:/opt/MVS/lib/32:/opt/MVS/lib/64:/opt/MVS/lib/32:/opt/MVS/lib/64:/opt/MVS/lib/32 PYTHONPATH=/home/wdr/ros_ws/install/auto_aim_interfaces/local/lib/python3.10/dist-packages:${PYTHONPATH} /usr/bin/cmake --build /home/wdr/ros_ws/build/armor_detector -- -j8 -l8
[0.167s] [  6%] [32mBuilding CXX object CMakeFiles/armor_detector.dir/src/detector.cpp.o[0m
[4.227s] [ 13%] [32m[1mLinking CXX shared library libarmor_detector.so[0m
[6.859s] [ 33%] Built target armor_detector
[6.903s] [ 46%] Built target gtest
[6.957s] [ 60%] Built target gtest_main
[7.012s] [ 73%] Built target armor_detector_node
[7.061s] [ 80%] [32m[1mLinking CXX executable test_number_cls[0m
[8.450s] /usr/bin/ld: warning: libopencv_core.so.4.5d, needed by /opt/ros/humble/lib/libcv_bridge.so, may conflict with libopencv_core.so.406
[8.968s] [ 86%] Built target test_number_cls
[8.992s] [ 93%] [32m[1mLinking CXX executable test_node_startup[0m
[9.905s] [100%] Built target test_node_startup
[9.918s] Invoked command in '/home/wdr/ros_ws/build/armor_detector' returned '0': AMENT_PREFIX_PATH=/home/wdr/ros_ws/install/auto_aim_interfaces:${AMENT_PREFIX_PATH} CMAKE_PREFIX_PATH=/home/wdr/ros_ws/install/auto_aim_interfaces:/opt/ros/humble LD_LIBRARY_PATH=/home/wdr/ros_ws/install/auto_aim_interfaces/lib:/opt/MVS/lib/64:/opt/MVS/lib/32:/opt/MVS/lib/64:/opt/MVS/lib/32:/opt/ros/humble/opt/rviz_ogre_vendor/lib:/opt/ros/humble/lib/x86_64-linux-gnu:/opt/ros/humble/lib:/opt/MVS/lib/64:/opt/MVS/lib/32:/opt/MVS/lib/64:/opt/MVS/lib/32:/opt/MVS/lib/64:/opt/MVS/lib/32:/opt/MVS/lib/64:/opt/MVS/lib/32:/opt/MVS/lib/64:/opt/MVS/lib/32:/opt/MVS/lib/64:/opt/MVS/lib/32 PYTHONPATH=/home/wdr/ros_ws/install/auto_aim_interfaces/local/lib/python3.10/dist-packages:${PYTHONPATH} /usr/bin/cmake --build /home/wdr/ros_ws/build/armor_detector -- -j8 -l8
[9.921s] Invoking command in '/home/wdr/ros_ws/build/armor_detector': AMENT_PREFIX_PATH=/home/wdr/ros_ws/install/auto_aim_interfaces:${AMENT_PREFIX_PATH} CMAKE_PREFIX_PATH=/home/wdr/ros_ws/install/auto_aim_interfaces:/opt/ros/humble LD_LIBRARY_PATH=/home/wdr/ros_ws/install/auto_aim_interfaces/lib:/opt/MVS/lib/64:/opt/MVS/lib/32:/opt/MVS/lib/64:/opt/MVS/lib/32:/opt/ros/humble/opt/rviz_ogre_vendor/lib:/opt/ros/humble/lib/x86_64-linux-gnu:/opt/ros/humble/lib:/opt/MVS/lib/64:/opt/MVS/lib/32:/opt/MVS/lib/64:/opt/MVS/lib/32:/opt/MVS/lib/64:/opt/MVS/lib/32:/opt/MVS/lib/64:/opt/MVS/lib/32:/opt/MVS/lib/64:/opt/MVS/lib/32:/opt/MVS/lib/64:/opt/MVS/lib/32 PYTHONPATH=/home/wdr/ros_ws/install/auto_aim_interfaces/local/lib/python3.10/dist-packages:${PYTHONPATH} /usr/bin/cmake --install /home/wdr/ros_ws/build/armor_detector
[9.928s] -- Install configuration: ""
[9.929s] -- Execute custom install script
[9.929s] -- Up-to-date symlink: /home/wdr/ros_ws/install/armor_detector/lib/armor_detector/armor_detector_node
[9.929s] -- Up-to-date symlink: /home/wdr/ros_ws/install/armor_detector/include/armor_detector/armor.hpp
[9.929s] -- Up-to-date symlink: /home/wdr/ros_ws/install/armor_detector/include/armor_detector/detector.hpp
[9.929s] -- Up-to-date symlink: /home/wdr/ros_ws/install/armor_detector/include/armor_detector/detector_node.hpp
[9.930s] -- Up-to-date symlink: /home/wdr/ros_ws/install/armor_detector/include/armor_detector/number_classifier.hpp
[9.930s] -- Up-to-date symlink: /home/wdr/ros_ws/install/armor_detector/include/armor_detector/pnp_solver.hpp
[9.930s] -- Up-to-date symlink: /home/wdr/ros_ws/install/armor_detector/share/armor_detector/environment/library_path.sh
[9.930s] -- Up-to-date symlink: /home/wdr/ros_ws/install/armor_detector/share/armor_detector/environment/library_path.dsv
[9.931s] -- Up-to-date symlink: /home/wdr/ros_ws/install/armor_detector/lib/libarmor_detector.so
[9.931s] -- Up-to-date symlink: /home/wdr/ros_ws/install/armor_detector/share/armor_detector/model/label.txt
[9.931s] -- Up-to-date symlink: /home/wdr/ros_ws/install/armor_detector/share/armor_detector/model/mlp.onnx
[9.931s] -- Up-to-date symlink: /home/wdr/ros_ws/install/armor_detector/share/ament_index/resource_index/package_run_dependencies/armor_detector
[9.932s] -- Up-to-date symlink: /home/wdr/ros_ws/install/armor_detector/share/ament_index/resource_index/parent_prefix_path/armor_detector
[9.932s] -- Up-to-date symlink: /home/wdr/ros_ws/install/armor_detector/share/armor_detector/environment/ament_prefix_path.sh
[9.932s] -- Up-to-date symlink: /home/wdr/ros_ws/install/armor_detector/share/armor_detector/environment/ament_prefix_path.dsv
[9.932s] -- Up-to-date symlink: /home/wdr/ros_ws/install/armor_detector/share/armor_detector/environment/path.sh
[9.932s] -- Up-to-date symlink: /home/wdr/ros_ws/install/armor_detector/share/armor_detector/environment/path.dsv
[9.932s] -- Up-to-date symlink: /home/wdr/ros_ws/install/armor_detector/share/armor_detector/local_setup.bash
[9.932s] -- Up-to-date symlink: /home/wdr/ros_ws/install/armor_detector/share/armor_detector/local_setup.sh
[9.933s] -- Up-to-date symlink: /home/wdr/ros_ws/install/armor_detector/share/armor_detector/local_setup.zsh
[9.933s] -- Up-to-date symlink: /home/wdr/ros_ws/install/armor_detector/share/armor_detector/local_setup.dsv
[9.933s] -- Symlinking: /home/wdr/ros_ws/install/armor_detector/share/armor_detector/package.dsv
[9.942s] -- Up-to-date symlink: /home/wdr/ros_ws/install/armor_detector/share/ament_index/resource_index/packages/armor_detector
[9.942s] -- Up-to-date symlink: /home/wdr/ros_ws/install/armor_detector/share/ament_index/resource_index/rclcpp_components/armor_detector
[9.942s] -- Up-to-date symlink: /home/wdr/ros_ws/install/armor_detector/share/armor_detector/cmake/ament_cmake_export_dependencies-extras.cmake
[9.942s] -- Up-to-date symlink: /home/wdr/ros_ws/install/armor_detector/share/armor_detector/cmake/ament_cmake_export_include_directories-extras.cmake
[9.942s] -- Up-to-date symlink: /home/wdr/ros_ws/install/armor_detector/share/armor_detector/cmake/ament_cmake_export_libraries-extras.cmake
[9.943s] -- Up-to-date symlink: /home/wdr/ros_ws/install/armor_detector/share/armor_detector/cmake/armor_detectorConfig.cmake
[9.943s] -- Up-to-date symlink: /home/wdr/ros_ws/install/armor_detector/share/armor_detector/cmake/armor_detectorConfig-version.cmake
[9.943s] -- Up-to-date symlink: /home/wdr/ros_ws/install/armor_detector/share/armor_detector/package.xml
[9.945s] Invoked command in '/home/wdr/ros_ws/build/armor_detector' returned '0': AMENT_PREFIX_PATH=/home/wdr/ros_ws/install/auto_aim_interfaces:${AMENT_PREFIX_PATH} CMAKE_PREFIX_PATH=/home/wdr/ros_ws/install/auto_aim_interfaces:/opt/ros/humble LD_LIBRARY_PATH=/home/wdr/ros_ws/install/auto_aim_interfaces/lib:/opt/MVS/lib/64:/opt/MVS/lib/32:/opt/MVS/lib/64:/opt/MVS/lib/32:/opt/ros/humble/opt/rviz_ogre_vendor/lib:/opt/ros/humble/lib/x86_64-linux-gnu:/opt/ros/humble/lib:/opt/MVS/lib/64:/opt/MVS/lib/32:/opt/MVS/lib/64:/opt/MVS/lib/32:/opt/MVS/lib/64:/opt/MVS/lib/32:/opt/MVS/lib/64:/opt/MVS/lib/32:/opt/MVS/lib/64:/opt/MVS/lib/32:/opt/MVS/lib/64:/opt/MVS/lib/32 PYTHONPATH=/home/wdr/ros_ws/install/auto_aim_interfaces/local/lib/python3.10/dist-packages:${PYTHONPATH} /usr/bin/cmake --install /home/wdr/ros_ws/build/armor_detector
