[0.050s] Invoking command in '/home/wdr/ros_ws/build/hik_camera': CMAKE_PREFIX_PATH=/opt/ros/humble /usr/bin/cmake --build /home/wdr/ros_ws/build/hik_camera -- -j8 -l8
[0.272s] [ 50%] Built target hik_camera
[0.334s] [100%] Built target hik_camera_node
[0.380s] Invoked command in '/home/wdr/ros_ws/build/hik_camera' returned '0': CMAKE_PREFIX_PATH=/opt/ros/humble /usr/bin/cmake --build /home/wdr/ros_ws/build/hik_camera -- -j8 -l8
[0.384s] Invoking command in '/home/wdr/ros_ws/build/hik_camera': CMAKE_PREFIX_PATH=/opt/ros/humble /usr/bin/cmake --install /home/wdr/ros_ws/build/hik_camera
[0.412s] -- Install configuration: ""
[0.413s] -- Execute custom install script
[0.414s] -- Up-to-date symlink: /home/wdr/ros_ws/install/hik_camera/lib/libFormatConversion.so
[0.414s] -- Up-to-date symlink: /home/wdr/ros_ws/install/hik_camera/lib/libMVRender.so
[0.415s] -- Up-to-date symlink: /home/wdr/ros_ws/install/hik_camera/lib/libMediaProcess.so
[0.415s] -- Up-to-date symlink: /home/wdr/ros_ws/install/hik_camera/lib/libMvCameraControl.so
[0.415s] -- Up-to-date symlink: /home/wdr/ros_ws/install/hik_camera/lib/libMvUsb3vTL.so
[0.416s] -- Up-to-date symlink: /home/wdr/ros_ws/install/hik_camera/lib/hik_camera/hik_camera_node
[0.416s] -- Up-to-date symlink: /home/wdr/ros_ws/install/hik_camera/share/hik_camera/environment/library_path.sh
[0.416s] -- Up-to-date symlink: /home/wdr/ros_ws/install/hik_camera/share/hik_camera/environment/library_path.dsv
[0.417s] -- Up-to-date symlink: /home/wdr/ros_ws/install/hik_camera/lib/libhik_camera.so
[0.422s] -- Up-to-date symlink: /home/wdr/ros_ws/install/hik_camera/share/hik_camera/config/camera_info.yaml
[0.422s] -- Up-to-date symlink: /home/wdr/ros_ws/install/hik_camera/share/hik_camera/config/camera_params.yaml
[0.422s] -- Up-to-date symlink: /home/wdr/ros_ws/install/hik_camera/share/hik_camera/launch/hik_camera.launch.py
[0.422s] -- Up-to-date symlink: /home/wdr/ros_ws/install/hik_camera/share/ament_index/resource_index/package_run_dependencies/hik_camera
[0.422s] -- Up-to-date symlink: /home/wdr/ros_ws/install/hik_camera/share/ament_index/resource_index/parent_prefix_path/hik_camera
[0.423s] -- Up-to-date symlink: /home/wdr/ros_ws/install/hik_camera/share/hik_camera/environment/ament_prefix_path.sh
[0.423s] -- Up-to-date symlink: /home/wdr/ros_ws/install/hik_camera/share/hik_camera/environment/ament_prefix_path.dsv
[0.423s] -- Up-to-date symlink: /home/wdr/ros_ws/install/hik_camera/share/hik_camera/environment/path.sh
[0.423s] -- Up-to-date symlink: /home/wdr/ros_ws/install/hik_camera/share/hik_camera/environment/path.dsv
[0.423s] -- Up-to-date symlink: /home/wdr/ros_ws/install/hik_camera/share/hik_camera/local_setup.bash
[0.423s] -- Up-to-date symlink: /home/wdr/ros_ws/install/hik_camera/share/hik_camera/local_setup.sh
[0.423s] -- Up-to-date symlink: /home/wdr/ros_ws/install/hik_camera/share/hik_camera/local_setup.zsh
[0.423s] -- Up-to-date symlink: /home/wdr/ros_ws/install/hik_camera/share/hik_camera/local_setup.dsv
[0.423s] -- Symlinking: /home/wdr/ros_ws/install/hik_camera/share/hik_camera/package.dsv
[0.439s] -- Up-to-date symlink: /home/wdr/ros_ws/install/hik_camera/share/ament_index/resource_index/packages/hik_camera
[0.439s] -- Up-to-date symlink: /home/wdr/ros_ws/install/hik_camera/share/ament_index/resource_index/rclcpp_components/hik_camera
[0.439s] -- Up-to-date symlink: /home/wdr/ros_ws/install/hik_camera/share/hik_camera/cmake/ament_cmake_export_dependencies-extras.cmake
[0.440s] -- Up-to-date symlink: /home/wdr/ros_ws/install/hik_camera/share/hik_camera/cmake/ament_cmake_export_libraries-extras.cmake
[0.440s] -- Up-to-date symlink: /home/wdr/ros_ws/install/hik_camera/share/hik_camera/cmake/hik_cameraConfig.cmake
[0.440s] -- Up-to-date symlink: /home/wdr/ros_ws/install/hik_camera/share/hik_camera/cmake/hik_cameraConfig-version.cmake
[0.440s] -- Up-to-date symlink: /home/wdr/ros_ws/install/hik_camera/share/hik_camera/package.xml
[0.455s] Invoked command in '/home/wdr/ros_ws/build/hik_camera' returned '0': CMAKE_PREFIX_PATH=/opt/ros/humble /usr/bin/cmake --install /home/wdr/ros_ws/build/hik_camera
