[0.029s] Invoking command in '/home/wdr/ros_ws/build/rm_gimbal_description': CMAKE_PREFIX_PATH=/opt/ros/humble /usr/bin/cmake --build /home/wdr/ros_ws/build/rm_gimbal_description -- -j8 -l8
[0.090s] Invoked command in '/home/wdr/ros_ws/build/rm_gimbal_description' returned '0': CMAKE_PREFIX_PATH=/opt/ros/humble /usr/bin/cmake --build /home/wdr/ros_ws/build/rm_gimbal_description -- -j8 -l8
[0.107s] Invoking command in '/home/wdr/ros_ws/build/rm_gimbal_description': CMAKE_PREFIX_PATH=/opt/ros/humble /usr/bin/cmake --install /home/wdr/ros_ws/build/rm_gimbal_description
[0.125s] -- Install configuration: ""
[0.126s] -- Execute custom install script
[0.126s] -- Up-to-date symlink: /home/wdr/ros_ws/install/rm_gimbal_description/share/rm_gimbal_description/urdf/rm_gimbal.urdf.xacro
[0.126s] -- Up-to-date symlink: /home/wdr/ros_ws/install/rm_gimbal_description/share/ament_index/resource_index/package_run_dependencies/rm_gimbal_description
[0.126s] -- Up-to-date symlink: /home/wdr/ros_ws/install/rm_gimbal_description/share/ament_index/resource_index/parent_prefix_path/rm_gimbal_description
[0.129s] -- Up-to-date symlink: /home/wdr/ros_ws/install/rm_gimbal_description/share/rm_gimbal_description/environment/ament_prefix_path.sh
[0.130s] -- Up-to-date symlink: /home/wdr/ros_ws/install/rm_gimbal_description/share/rm_gimbal_description/environment/ament_prefix_path.dsv
[0.130s] -- Up-to-date symlink: /home/wdr/ros_ws/install/rm_gimbal_description/share/rm_gimbal_description/environment/path.sh
[0.132s] -- Up-to-date symlink: /home/wdr/ros_ws/install/rm_gimbal_description/share/rm_gimbal_description/environment/path.dsv
[0.132s] -- Up-to-date symlink: /home/wdr/ros_ws/install/rm_gimbal_description/share/rm_gimbal_description/local_setup.bash
[0.132s] -- Up-to-date symlink: /home/wdr/ros_ws/install/rm_gimbal_description/share/rm_gimbal_description/local_setup.sh
[0.132s] -- Up-to-date symlink: /home/wdr/ros_ws/install/rm_gimbal_description/share/rm_gimbal_description/local_setup.zsh
[0.132s] -- Up-to-date symlink: /home/wdr/ros_ws/install/rm_gimbal_description/share/rm_gimbal_description/local_setup.dsv
[0.132s] -- Symlinking: /home/wdr/ros_ws/install/rm_gimbal_description/share/rm_gimbal_description/package.dsv
[0.171s] -- Up-to-date symlink: /home/wdr/ros_ws/install/rm_gimbal_description/share/ament_index/resource_index/packages/rm_gimbal_description
[0.171s] -- Up-to-date symlink: /home/wdr/ros_ws/install/rm_gimbal_description/share/rm_gimbal_description/cmake/rm_gimbal_descriptionConfig.cmake
[0.178s] -- Up-to-date symlink: /home/wdr/ros_ws/install/rm_gimbal_description/share/rm_gimbal_description/cmake/rm_gimbal_descriptionConfig-version.cmake
[0.179s] -- Up-to-date symlink: /home/wdr/ros_ws/install/rm_gimbal_description/share/rm_gimbal_description/package.xml
[0.185s] Invoked command in '/home/wdr/ros_ws/build/rm_gimbal_description' returned '0': CMAKE_PREFIX_PATH=/opt/ros/humble /usr/bin/cmake --install /home/wdr/ros_ws/build/rm_gimbal_description
