[0.013s] Invoking command in '/home/wdr/ros_ws/build/rm_gimbal_description': CMAKE_PREFIX_PATH=/opt/ros/humble /usr/bin/cmake --build /home/wdr/ros_ws/build/rm_gimbal_description -- -j8 -l8
[0.050s] Invoked command in '/home/wdr/ros_ws/build/rm_gimbal_description' returned '0': CMAKE_PREFIX_PATH=/opt/ros/humble /usr/bin/cmake --build /home/wdr/ros_ws/build/rm_gimbal_description -- -j8 -l8
[0.060s] Invoking command in '/home/wdr/ros_ws/build/rm_gimbal_description': CMAKE_PREFIX_PATH=/opt/ros/humble /usr/bin/cmake --install /home/wdr/ros_ws/build/rm_gimbal_description
[0.074s] -- Install configuration: ""
[0.075s] -- Execute custom install script
[0.075s] -- Up-to-date symlink: /home/wdr/ros_ws/install/rm_gimbal_description/share/rm_gimbal_description/urdf/rm_gimbal.urdf.xacro
[0.075s] -- Up-to-date symlink: /home/wdr/ros_ws/install/rm_gimbal_description/share/ament_index/resource_index/package_run_dependencies/rm_gimbal_description
[0.076s] -- Up-to-date symlink: /home/wdr/ros_ws/install/rm_gimbal_description/share/ament_index/resource_index/parent_prefix_path/rm_gimbal_description
[0.076s] -- Up-to-date symlink: /home/wdr/ros_ws/install/rm_gimbal_description/share/rm_gimbal_description/environment/ament_prefix_path.sh
[0.076s] -- Up-to-date symlink: /home/wdr/ros_ws/install/rm_gimbal_description/share/rm_gimbal_description/environment/ament_prefix_path.dsv
[0.077s] -- Up-to-date symlink: /home/wdr/ros_ws/install/rm_gimbal_description/share/rm_gimbal_description/environment/path.sh
[0.077s] -- Up-to-date symlink: /home/wdr/ros_ws/install/rm_gimbal_description/share/rm_gimbal_description/environment/path.dsv
[0.077s] -- Up-to-date symlink: /home/wdr/ros_ws/install/rm_gimbal_description/share/rm_gimbal_description/local_setup.bash
[0.078s] -- Up-to-date symlink: /home/wdr/ros_ws/install/rm_gimbal_description/share/rm_gimbal_description/local_setup.sh
[0.078s] -- Up-to-date symlink: /home/wdr/ros_ws/install/rm_gimbal_description/share/rm_gimbal_description/local_setup.zsh
[0.079s] -- Up-to-date symlink: /home/wdr/ros_ws/install/rm_gimbal_description/share/rm_gimbal_description/local_setup.dsv
[0.079s] -- Symlinking: /home/wdr/ros_ws/install/rm_gimbal_description/share/rm_gimbal_description/package.dsv
[0.088s] -- Up-to-date symlink: /home/wdr/ros_ws/install/rm_gimbal_description/share/ament_index/resource_index/packages/rm_gimbal_description
[0.089s] -- Up-to-date symlink: /home/wdr/ros_ws/install/rm_gimbal_description/share/rm_gimbal_description/cmake/rm_gimbal_descriptionConfig.cmake
[0.089s] -- Up-to-date symlink: /home/wdr/ros_ws/install/rm_gimbal_description/share/rm_gimbal_description/cmake/rm_gimbal_descriptionConfig-version.cmake
[0.090s] -- Up-to-date symlink: /home/wdr/ros_ws/install/rm_gimbal_description/share/rm_gimbal_description/package.xml
[0.097s] Invoked command in '/home/wdr/ros_ws/build/rm_gimbal_description' returned '0': CMAKE_PREFIX_PATH=/opt/ros/humble /usr/bin/cmake --install /home/wdr/ros_ws/build/rm_gimbal_description
